[0.210s] Invoking command in '/home/spicygen/Desktop/ros_ws/build/multirobot_map_merge': CMAKE_PREFIX_PATH=${CMAKE_PREFIX_PATH}:/opt/ros/humble /usr/bin/cmake /home/spicygen/Desktop/ros_ws/src/m-explore-ros2/map_merge -DAMENT_CMAKE_SYMLINK_INSTALL=1 -DCMAKE_INSTALL_PREFIX=/home/spicygen/Desktop/ros_ws/install/multirobot_map_merge
[0.627s] -- Found ament_cmake: 1.3.12 (/opt/ros/humble/share/ament_cmake/cmake)
[1.194s] -- Override CMake install command with custom implementation using symlinks instead of copying resources
[1.265s] -- Found rclcpp: 16.0.15 (/opt/ros/humble/share/rclcpp/cmake)
[3.034s] -- Found rosidl_generator_c: 3.1.7 (/opt/ros/humble/share/rosidl_generator_c/cmake)
[3.044s] -- Found rosidl_adapter: 3.1.7 (/opt/ros/humble/share/rosidl_adapter/cmake)
[3.105s] -- Found rosidl_generator_cpp: 3.1.7 (/opt/ros/humble/share/rosidl_generator_cpp/cmake)
[3.259s] -- Using all available rosidl_typesupport_c: rosidl_typesupport_fastrtps_c;rosidl_typesupport_introspection_c
[3.382s] -- Using all available rosidl_typesupport_cpp: rosidl_typesupport_fastrtps_cpp;rosidl_typesupport_introspection_cpp
[3.597s] -- Found rmw_implementation_cmake: 6.1.2 (/opt/ros/humble/share/rmw_implementation_cmake/cmake)
[3.606s] -- Found rmw_fastrtps_cpp: 6.2.8 (/opt/ros/humble/share/rmw_fastrtps_cpp/cmake)
[4.331s] -- Using RMW implementation 'rmw_fastrtps_cpp' as default
[4.738s] -- Found geometry_msgs: 4.9.0 (/opt/ros/humble/share/geometry_msgs/cmake)
[4.811s] -- Found image_geometry: 3.2.1 (/opt/ros/humble/share/image_geometry/cmake)
[4.959s] -- Found map_msgs: 2.1.0 (/opt/ros/humble/share/map_msgs/cmake)
[5.403s] -- Found tf2_geometry_msgs: 0.25.16 (/opt/ros/humble/share/tf2_geometry_msgs/cmake)
[5.747s] -- Found eigen3_cmake_module: 0.1.1 (/opt/ros/humble/share/eigen3_cmake_module/cmake)
[5.752s] -- Ensuring Eigen3 include directory is part of orocos-kdl CMake target
[6.202s] -- Found ament_lint_auto: 0.12.14 (/opt/ros/humble/share/ament_lint_auto/cmake)
[6.744s] -- Found ament_cmake_gtest: 1.3.12 (/opt/ros/humble/share/ament_cmake_gtest/cmake)
[6.849s] Checking MD5 sum of /home/spicygen/Desktop/ros_ws/build/multirobot_map_merge/map00.pgm
[7.233s] /home/spicygen/Desktop/ros_ws/build/multirobot_map_merge/map00.pgm: OK
[7.239s] Checking MD5 sum of /home/spicygen/Desktop/ros_ws/build/multirobot_map_merge/map05.pgm
[7.524s] /home/spicygen/Desktop/ros_ws/build/multirobot_map_merge/map05.pgm: OK
[7.529s] Checking MD5 sum of /home/spicygen/Desktop/ros_ws/build/multirobot_map_merge/2011-08-09-12-22-52.pgm
[8.680s] /home/spicygen/Desktop/ros_ws/build/multirobot_map_merge/2011-08-09-12-22-52.pgm: OK
[8.686s] Checking MD5 sum of /home/spicygen/Desktop/ros_ws/build/multirobot_map_merge/2012-01-28-11-12-01.pgm
[9.987s] /home/spicygen/Desktop/ros_ws/build/multirobot_map_merge/2012-01-28-11-12-01.pgm: OK
[9.989s] -- Found gtest sources under '/opt/ros/humble/src/gtest_vendor': C++ tests using 'Google Test' will be built
[10.363s] -- Added test 'cppcheck' to perform static code analysis on C / C++ code
[10.364s] -- Configured cppcheck include dirs: /home/spicygen/Desktop/ros_ws/src/m-explore-ros2/map_merge/include;$<BUILD_INTERFACE:/home/spicygen/Desktop/ros_ws/src/m-explore-ros2/map_merge/include>
[10.364s] -- Configured cppcheck exclude dirs and/or files: 
[10.366s] -- Added test 'flake8' to check Python code syntax and style conventions
[10.368s] -- Added test 'lint_cmake' to check CMake code style
[10.370s] -- Added test 'pep257' to check Python code against some of the docstring style conventions in PEP 257
[10.376s] -- Added test 'uncrustify' to check C / C++ code style
[10.376s] -- Configured uncrustify additional arguments: 
[10.377s] -- Added test 'xmllint' to check XML markup files
[10.425s] -- Configuring done
[11.002s] -- Generating done
[11.047s] -- Build files have been written to: /home/spicygen/Desktop/ros_ws/build/multirobot_map_merge
[11.065s] Invoked command in '/home/spicygen/Desktop/ros_ws/build/multirobot_map_merge' returned '0': CMAKE_PREFIX_PATH=${CMAKE_PREFIX_PATH}:/opt/ros/humble /usr/bin/cmake /home/spicygen/Desktop/ros_ws/src/m-explore-ros2/map_merge -DAMENT_CMAKE_SYMLINK_INSTALL=1 -DCMAKE_INSTALL_PREFIX=/home/spicygen/Desktop/ros_ws/install/multirobot_map_merge
[11.070s] Invoking command in '/home/spicygen/Desktop/ros_ws/build/multirobot_map_merge': CMAKE_PREFIX_PATH=${CMAKE_PREFIX_PATH}:/opt/ros/humble /usr/bin/cmake --build /home/spicygen/Desktop/ros_ws/build/multirobot_map_merge -- -j8 -l8
[11.175s] [35m[1mConsolidate compiler generated dependencies of target gtest_main[0m
[11.204s] [ 16%] Built target gtest_main
[11.238s] [35m[1mConsolidate compiler generated dependencies of target gtest[0m
[11.272s] [ 33%] Built target gtest
[11.290s] [35m[1mConsolidate compiler generated dependencies of target combine_grids[0m
[11.332s] [ 66%] Built target combine_grids
[11.387s] [35m[1mConsolidate compiler generated dependencies of target map_merge[0m
[11.446s] [ 75%] [32m[1mLinking CXX executable map_merge[0m
[11.466s] [35m[1mConsolidate compiler generated dependencies of target test_merging_pipeline[0m
[11.508s] [ 91%] Built target test_merging_pipeline
[14.903s] [100%] Built target map_merge
[14.929s] Invoked command in '/home/spicygen/Desktop/ros_ws/build/multirobot_map_merge' returned '0': CMAKE_PREFIX_PATH=${CMAKE_PREFIX_PATH}:/opt/ros/humble /usr/bin/cmake --build /home/spicygen/Desktop/ros_ws/build/multirobot_map_merge -- -j8 -l8
[14.932s] Invoking command in '/home/spicygen/Desktop/ros_ws/build/multirobot_map_merge': CMAKE_PREFIX_PATH=${CMAKE_PREFIX_PATH}:/opt/ros/humble /usr/bin/cmake --install /home/spicygen/Desktop/ros_ws/build/multirobot_map_merge
[14.949s] -- Install configuration: ""
[14.950s] -- Execute custom install script
[14.951s] -- Symlinking: /home/spicygen/Desktop/ros_ws/install/multirobot_map_merge/include/map_merge//map_merge.h
[14.978s] -- Symlinking: /home/spicygen/Desktop/ros_ws/install/multirobot_map_merge/include/map_merge//ros1_names.hpp
[14.998s] -- Symlinking: /home/spicygen/Desktop/ros_ws/install/multirobot_map_merge/share/multirobot_map_merge/launch/from_map_server.launch.py
[15.021s] -- Symlinking: /home/spicygen/Desktop/ros_ws/install/multirobot_map_merge/share/multirobot_map_merge/launch/map_merge.launch.py
[15.040s] -- Symlinking: /home/spicygen/Desktop/ros_ws/install/multirobot_map_merge/share/multirobot_map_merge/launch/map_merge.rviz
[15.061s] -- Symlinking: /home/spicygen/Desktop/ros_ws/install/multirobot_map_merge/share/multirobot_map_merge/launch/tb3_simulation/bringup_launch.py
[15.081s] -- Symlinking: /home/spicygen/Desktop/ros_ws/install/multirobot_map_merge/share/multirobot_map_merge/launch/tb3_simulation/config/nav2_multirobot_params_1.yaml
[15.101s] -- Symlinking: /home/spicygen/Desktop/ros_ws/install/multirobot_map_merge/share/multirobot_map_merge/launch/tb3_simulation/config/nav2_multirobot_params_2.yaml
[15.120s] -- Symlinking: /home/spicygen/Desktop/ros_ws/install/multirobot_map_merge/share/multirobot_map_merge/launch/tb3_simulation/multi_tb3_simulation_launch.py
[15.139s] -- Symlinking: /home/spicygen/Desktop/ros_ws/install/multirobot_map_merge/share/multirobot_map_merge/launch/tb3_simulation/slam_toolbox.py
[15.158s] -- Symlinking: /home/spicygen/Desktop/ros_ws/install/multirobot_map_merge/share/multirobot_map_merge/launch/tb3_simulation/tb3_simulation_launch.py
[15.176s] -- Symlinking: /home/spicygen/Desktop/ros_ws/install/multirobot_map_merge/share/multirobot_map_merge/launch/tb3_simulation/worlds/world_only.model
[15.196s] -- Symlinking: /home/spicygen/Desktop/ros_ws/install/multirobot_map_merge/share/multirobot_map_merge/config/params.yaml
[15.215s] -- Symlinking: /home/spicygen/Desktop/ros_ws/install/multirobot_map_merge/lib/multirobot_map_merge/map_merge
[15.233s] -- Symlinking: /home/spicygen/Desktop/ros_ws/install/multirobot_map_merge/share/multirobot_map_merge/environment/library_path.sh
[15.252s] -- Symlinking: /home/spicygen/Desktop/ros_ws/install/multirobot_map_merge/share/multirobot_map_merge/environment/library_path.dsv
[15.272s] -- Symlinking: /home/spicygen/Desktop/ros_ws/install/multirobot_map_merge/share/ament_index/resource_index/package_run_dependencies/multirobot_map_merge
[15.300s] -- Symlinking: /home/spicygen/Desktop/ros_ws/install/multirobot_map_merge/share/ament_index/resource_index/parent_prefix_path/multirobot_map_merge
[15.319s] -- Symlinking: /home/spicygen/Desktop/ros_ws/install/multirobot_map_merge/share/multirobot_map_merge/environment/ament_prefix_path.sh
[15.337s] -- Symlinking: /home/spicygen/Desktop/ros_ws/install/multirobot_map_merge/share/multirobot_map_merge/environment/ament_prefix_path.dsv
[15.356s] -- Symlinking: /home/spicygen/Desktop/ros_ws/install/multirobot_map_merge/share/multirobot_map_merge/environment/path.sh
[15.375s] -- Symlinking: /home/spicygen/Desktop/ros_ws/install/multirobot_map_merge/share/multirobot_map_merge/environment/path.dsv
[15.393s] -- Symlinking: /home/spicygen/Desktop/ros_ws/install/multirobot_map_merge/share/multirobot_map_merge/local_setup.bash
[15.412s] -- Symlinking: /home/spicygen/Desktop/ros_ws/install/multirobot_map_merge/share/multirobot_map_merge/local_setup.sh
[15.430s] -- Symlinking: /home/spicygen/Desktop/ros_ws/install/multirobot_map_merge/share/multirobot_map_merge/local_setup.zsh
[15.450s] -- Symlinking: /home/spicygen/Desktop/ros_ws/install/multirobot_map_merge/share/multirobot_map_merge/local_setup.dsv
[15.469s] -- Symlinking: /home/spicygen/Desktop/ros_ws/install/multirobot_map_merge/share/multirobot_map_merge/package.dsv
[15.487s] -- Symlinking: /home/spicygen/Desktop/ros_ws/install/multirobot_map_merge/share/ament_index/resource_index/packages/multirobot_map_merge
[15.506s] -- Symlinking: /home/spicygen/Desktop/ros_ws/install/multirobot_map_merge/share/multirobot_map_merge/cmake/ament_cmake_export_include_directories-extras.cmake
[15.525s] -- Symlinking: /home/spicygen/Desktop/ros_ws/install/multirobot_map_merge/share/multirobot_map_merge/cmake/ament_cmake_export_libraries-extras.cmake
[15.544s] -- Symlinking: /home/spicygen/Desktop/ros_ws/install/multirobot_map_merge/share/multirobot_map_merge/cmake/multirobot_map_mergeConfig.cmake
[15.564s] -- Symlinking: /home/spicygen/Desktop/ros_ws/install/multirobot_map_merge/share/multirobot_map_merge/cmake/multirobot_map_mergeConfig-version.cmake
[15.585s] -- Symlinking: /home/spicygen/Desktop/ros_ws/install/multirobot_map_merge/share/multirobot_map_merge/package.xml
[15.604s] -- Up-to-date: /home/spicygen/Desktop/ros_ws/install/multirobot_map_merge/lib/libcombine_grids.a
[15.609s] Invoked command in '/home/spicygen/Desktop/ros_ws/build/multirobot_map_merge' returned '0': CMAKE_PREFIX_PATH=${CMAKE_PREFIX_PATH}:/opt/ros/humble /usr/bin/cmake --install /home/spicygen/Desktop/ros_ws/build/multirobot_map_merge
