[0.026s] Invoking command in '/home/spicygen/Desktop/ros_ws/build/slam_gmapping': CMAKE_PREFIX_PATH=/home/spicygen/Desktop/ros_ws/install/openslam_gmapping:/home/spicygen/Desktop/ros_ws/install/slam_gmapping:/home/spicygen/Desktop/ros_ws/install/multirobot_map_merge:/home/spicygen/Desktop/ros_ws/install/explore_lite:/home/spicygen/Desktop/ros_ws/install/bcr_bot:/opt/ros/humble /usr/bin/cmake /home/spicygen/Desktop/ros_ws/src/slam_gmapping/slam_gmapping -DAMENT_CMAKE_SYMLINK_INSTALL=1 -DCMAKE_INSTALL_PREFIX=/home/spicygen/Desktop/ros_ws/install/slam_gmapping
[0.178s] [0m -fuse-ld=lld -Wl,--disable-new-dtags[0m
[0.179s] -- Found ament_cmake: 1.3.12 (/opt/ros/humble/share/ament_cmake/cmake)
[0.504s] -- Override CMake install command with custom implementation using symlinks instead of copying resources
[0.594s] -- Found std_msgs: 4.9.0 (/opt/ros/humble/share/std_msgs/cmake)
[0.665s] -- Found rosidl_generator_c: 3.1.7 (/opt/ros/humble/share/rosidl_generator_c/cmake)
[0.671s] -- Found rosidl_adapter: 3.1.7 (/opt/ros/humble/share/rosidl_adapter/cmake)
[0.685s] -- Found rosidl_generator_cpp: 3.1.7 (/opt/ros/humble/share/rosidl_generator_cpp/cmake)
[0.744s] -- Using all available rosidl_typesupport_c: rosidl_typesupport_fastrtps_c;rosidl_typesupport_introspection_c
[0.774s] -- Using all available rosidl_typesupport_cpp: rosidl_typesupport_fastrtps_cpp;rosidl_typesupport_introspection_cpp
[0.830s] -- Found nav_msgs: 4.9.0 (/opt/ros/humble/share/nav_msgs/cmake)
[0.967s] -- Found tf2: 0.25.16 (/opt/ros/humble/share/tf2/cmake)
[1.101s] -- Found tf2_ros: 0.25.16 (/opt/ros/humble/share/tf2_ros/cmake)
[1.213s] -- Found rmw_implementation_cmake: 6.1.2 (/opt/ros/humble/share/rmw_implementation_cmake/cmake)
[1.217s] -- Found rmw_fastrtps_cpp: 6.2.8 (/opt/ros/humble/share/rmw_fastrtps_cpp/cmake)
[1.484s] -- Using RMW implementation 'rmw_fastrtps_cpp' as default
[1.713s] -- Found tf2_geometry_msgs: 0.25.16 (/opt/ros/humble/share/tf2_geometry_msgs/cmake)
[1.721s] -- Found eigen3_cmake_module: 0.1.1 (/opt/ros/humble/share/eigen3_cmake_module/cmake)
[1.724s] -- Ensuring Eigen3 include directory is part of orocos-kdl CMake target
[1.729s] -- Found sensor_msgs: 4.9.0 (/opt/ros/humble/share/sensor_msgs/cmake)
[1.768s] -- Found visualization_msgs: 4.9.0 (/opt/ros/humble/share/visualization_msgs/cmake)
[1.814s] -- Found openslam_gmapping: 0.1.2 (/home/spicygen/Desktop/ros_ws/install/openslam_gmapping/share/openslam_gmapping/cmake)
[1.818s] -- Found ament_lint_auto: 0.12.14 (/opt/ros/humble/share/ament_lint_auto/cmake)
[2.328s] -- Added test 'cppcheck' to perform static code analysis on C / C++ code
[2.329s] -- Configured cppcheck include dirs: /home/spicygen/Desktop/ros_ws/src/slam_gmapping/slam_gmapping/include
[2.329s] -- Configured cppcheck exclude dirs and/or files: 
[2.331s] -- Added test 'flake8' to check Python code syntax and style conventions
[2.333s] -- Added test 'lint_cmake' to check CMake code style
[2.335s] -- Added test 'pep257' to check Python code against some of the docstring style conventions in PEP 257
[2.337s] -- Added test 'uncrustify' to check C / C++ code style
[2.337s] -- Configured uncrustify additional arguments: 
[2.339s] -- Added test 'xmllint' to check XML markup files
[2.418s] -- Configuring done
[2.951s] -- Generating done
[2.989s] -- Build files have been written to: /home/spicygen/Desktop/ros_ws/build/slam_gmapping
[3.006s] Invoked command in '/home/spicygen/Desktop/ros_ws/build/slam_gmapping' returned '0': CMAKE_PREFIX_PATH=/home/spicygen/Desktop/ros_ws/install/openslam_gmapping:/home/spicygen/Desktop/ros_ws/install/slam_gmapping:/home/spicygen/Desktop/ros_ws/install/multirobot_map_merge:/home/spicygen/Desktop/ros_ws/install/explore_lite:/home/spicygen/Desktop/ros_ws/install/bcr_bot:/opt/ros/humble /usr/bin/cmake /home/spicygen/Desktop/ros_ws/src/slam_gmapping/slam_gmapping -DAMENT_CMAKE_SYMLINK_INSTALL=1 -DCMAKE_INSTALL_PREFIX=/home/spicygen/Desktop/ros_ws/install/slam_gmapping
[3.010s] Invoking command in '/home/spicygen/Desktop/ros_ws/build/slam_gmapping': CMAKE_PREFIX_PATH=/home/spicygen/Desktop/ros_ws/install/openslam_gmapping:/home/spicygen/Desktop/ros_ws/install/slam_gmapping:/home/spicygen/Desktop/ros_ws/install/multirobot_map_merge:/home/spicygen/Desktop/ros_ws/install/explore_lite:/home/spicygen/Desktop/ros_ws/install/bcr_bot:/opt/ros/humble /usr/bin/cmake --build /home/spicygen/Desktop/ros_ws/build/slam_gmapping -- -j8 -l8
[3.149s] [35m[1mConsolidate compiler generated dependencies of target slam_gmapping[0m
[3.190s] [ 50%] [32m[1mLinking CXX executable slam_gmapping[0m
[6.715s] [100%] Built target slam_gmapping
[6.739s] Invoked command in '/home/spicygen/Desktop/ros_ws/build/slam_gmapping' returned '0': CMAKE_PREFIX_PATH=/home/spicygen/Desktop/ros_ws/install/openslam_gmapping:/home/spicygen/Desktop/ros_ws/install/slam_gmapping:/home/spicygen/Desktop/ros_ws/install/multirobot_map_merge:/home/spicygen/Desktop/ros_ws/install/explore_lite:/home/spicygen/Desktop/ros_ws/install/bcr_bot:/opt/ros/humble /usr/bin/cmake --build /home/spicygen/Desktop/ros_ws/build/slam_gmapping -- -j8 -l8
[6.744s] Invoking command in '/home/spicygen/Desktop/ros_ws/build/slam_gmapping': CMAKE_PREFIX_PATH=/home/spicygen/Desktop/ros_ws/install/openslam_gmapping:/home/spicygen/Desktop/ros_ws/install/slam_gmapping:/home/spicygen/Desktop/ros_ws/install/multirobot_map_merge:/home/spicygen/Desktop/ros_ws/install/explore_lite:/home/spicygen/Desktop/ros_ws/install/bcr_bot:/opt/ros/humble /usr/bin/cmake --install /home/spicygen/Desktop/ros_ws/build/slam_gmapping
[6.759s] -- Install configuration: ""
[6.760s] -- Execute custom install script
[6.761s] -- Symlinking: /home/spicygen/Desktop/ros_ws/install/slam_gmapping/lib/slam_gmapping/slam_gmapping
[6.781s] -- Symlinking: /home/spicygen/Desktop/ros_ws/install/slam_gmapping/share/slam_gmapping/launch/slam_gmapping.launch.py
[6.833s] -- Symlinking: /home/spicygen/Desktop/ros_ws/install/slam_gmapping/share/ament_index/resource_index/package_run_dependencies/slam_gmapping
[6.931s] -- Symlinking: /home/spicygen/Desktop/ros_ws/install/slam_gmapping/share/ament_index/resource_index/parent_prefix_path/slam_gmapping
[7.074s] -- Symlinking: /home/spicygen/Desktop/ros_ws/install/slam_gmapping/share/slam_gmapping/environment/ament_prefix_path.sh
[7.174s] -- Symlinking: /home/spicygen/Desktop/ros_ws/install/slam_gmapping/share/slam_gmapping/environment/ament_prefix_path.dsv
[7.193s] -- Symlinking: /home/spicygen/Desktop/ros_ws/install/slam_gmapping/share/slam_gmapping/environment/path.sh
[7.212s] -- Symlinking: /home/spicygen/Desktop/ros_ws/install/slam_gmapping/share/slam_gmapping/environment/path.dsv
[7.231s] -- Symlinking: /home/spicygen/Desktop/ros_ws/install/slam_gmapping/share/slam_gmapping/local_setup.bash
[7.250s] -- Symlinking: /home/spicygen/Desktop/ros_ws/install/slam_gmapping/share/slam_gmapping/local_setup.sh
[7.269s] -- Symlinking: /home/spicygen/Desktop/ros_ws/install/slam_gmapping/share/slam_gmapping/local_setup.zsh
[7.287s] -- Symlinking: /home/spicygen/Desktop/ros_ws/install/slam_gmapping/share/slam_gmapping/local_setup.dsv
[7.306s] -- Symlinking: /home/spicygen/Desktop/ros_ws/install/slam_gmapping/share/slam_gmapping/package.dsv
[7.324s] -- Symlinking: /home/spicygen/Desktop/ros_ws/install/slam_gmapping/share/ament_index/resource_index/packages/slam_gmapping
[7.346s] -- Symlinking: /home/spicygen/Desktop/ros_ws/install/slam_gmapping/share/slam_gmapping/cmake/slam_gmappingConfig.cmake
[7.366s] -- Symlinking: /home/spicygen/Desktop/ros_ws/install/slam_gmapping/share/slam_gmapping/cmake/slam_gmappingConfig-version.cmake
[7.386s] -- Symlinking: /home/spicygen/Desktop/ros_ws/install/slam_gmapping/share/slam_gmapping/package.xml
[7.411s] Invoked command in '/home/spicygen/Desktop/ros_ws/build/slam_gmapping' returned '0': CMAKE_PREFIX_PATH=/home/spicygen/Desktop/ros_ws/install/openslam_gmapping:/home/spicygen/Desktop/ros_ws/install/slam_gmapping:/home/spicygen/Desktop/ros_ws/install/multirobot_map_merge:/home/spicygen/Desktop/ros_ws/install/explore_lite:/home/spicygen/Desktop/ros_ws/install/bcr_bot:/opt/ros/humble /usr/bin/cmake --install /home/spicygen/Desktop/ros_ws/build/slam_gmapping
