[0.119s] DEBUG:colcon:Command line arguments: ['/usr/bin/colcon', 'build']
[0.119s] DEBUG:colcon:Parsed command line arguments: Namespace(log_base=None, log_level=None, verb_name='build', build_base='build', install_base='install', merge_install=False, symlink_install=False, test_result_base=None, continue_on_error=False, executor='parallel', parallel_workers=8, event_handlers=None, ignore_user_meta=False, metas=['./colcon.meta'], base_paths=['.'], packages_ignore=None, packages_ignore_regex=None, paths=None, packages_up_to=None, packages_up_to_regex=None, packages_above=None, packages_above_and_dependencies=None, packages_above_depth=None, packages_select_by_dep=None, packages_skip_by_dep=None, packages_skip_up_to=None, packages_select_build_failed=False, packages_skip_build_finished=False, packages_select_test_failures=False, packages_skip_test_passed=False, packages_select=None, packages_skip=None, packages_select_regex=None, packages_skip_regex=None, packages_start=None, packages_end=None, allow_overriding=[], cmake_args=None, cmake_target=None, cmake_target_skip_unavailable=False, cmake_clean_cache=False, cmake_clean_first=False, cmake_force_configure=False, ament_cmake_args=None, catkin_cmake_args=None, catkin_skip_building_tests=False, mixin_files=None, mixin=None, verb_parser=<colcon_mixin.mixin.mixin_argument.MixinArgumentDecorator object at 0x7d6618b62320>, verb_extension=<colcon_core.verb.build.BuildVerb object at 0x7d6618b61e40>, main=<bound method BuildVerb.main of <colcon_core.verb.build.BuildVerb object at 0x7d6618b61e40>>, mixin_verb=('build',))
[0.310s] Level 1:colcon.colcon_core.package_discovery:discover_packages(colcon_meta) check parameters
[0.310s] Level 1:colcon.colcon_core.package_discovery:discover_packages(recursive) check parameters
[0.310s] Level 1:colcon.colcon_core.package_discovery:discover_packages(ignore) check parameters
[0.310s] Level 1:colcon.colcon_core.package_discovery:discover_packages(path) check parameters
[0.310s] Level 1:colcon.colcon_core.package_discovery:discover_packages(colcon_meta) discover
[0.310s] Level 1:colcon.colcon_core.package_discovery:discover_packages(recursive) discover
[0.310s] INFO:colcon.colcon_core.package_discovery:Crawling recursively for packages in '/home/spicygen/Desktop/ros_ws'
[0.310s] Level 1:colcon.colcon_core.package_identification:_identify(.) by extensions ['ignore', 'ignore_ament_install']
[0.310s] Level 1:colcon.colcon_core.package_identification:_identify(.) by extension 'ignore'
[0.310s] Level 1:colcon.colcon_core.package_identification:_identify(.) by extension 'ignore_ament_install'
[0.310s] Level 1:colcon.colcon_core.package_identification:_identify(.) by extensions ['colcon_pkg']
[0.310s] Level 1:colcon.colcon_core.package_identification:_identify(.) by extension 'colcon_pkg'
[0.310s] Level 1:colcon.colcon_core.package_identification:_identify(.) by extensions ['colcon_meta']
[0.311s] Level 1:colcon.colcon_core.package_identification:_identify(.) by extension 'colcon_meta'
[0.311s] Level 1:colcon.colcon_core.package_identification:_identify(.) by extensions ['ros']
[0.311s] Level 1:colcon.colcon_core.package_identification:_identify(.) by extension 'ros'
[0.322s] Level 1:colcon.colcon_core.package_identification:_identify(.) by extensions ['cmake', 'python']
[0.322s] Level 1:colcon.colcon_core.package_identification:_identify(.) by extension 'cmake'
[0.322s] Level 1:colcon.colcon_core.package_identification:_identify(.) by extension 'python'
[0.322s] Level 1:colcon.colcon_core.package_identification:_identify(.) by extensions ['python_setup_py']
[0.322s] Level 1:colcon.colcon_core.package_identification:_identify(.) by extension 'python_setup_py'
[0.322s] Level 1:colcon.colcon_core.package_identification:_identify(build) by extensions ['ignore', 'ignore_ament_install']
[0.322s] Level 1:colcon.colcon_core.package_identification:_identify(build) by extension 'ignore'
[0.322s] Level 1:colcon.colcon_core.package_identification:_identify(build) ignored
[0.322s] Level 1:colcon.colcon_core.package_identification:_identify(install) by extensions ['ignore', 'ignore_ament_install']
[0.323s] Level 1:colcon.colcon_core.package_identification:_identify(install) by extension 'ignore'
[0.323s] Level 1:colcon.colcon_core.package_identification:_identify(install) ignored
[0.323s] Level 1:colcon.colcon_core.package_identification:_identify(log) by extensions ['ignore', 'ignore_ament_install']
[0.323s] Level 1:colcon.colcon_core.package_identification:_identify(log) by extension 'ignore'
[0.323s] Level 1:colcon.colcon_core.package_identification:_identify(log) ignored
[0.323s] Level 1:colcon.colcon_core.package_identification:_identify(src) by extensions ['ignore', 'ignore_ament_install']
[0.323s] Level 1:colcon.colcon_core.package_identification:_identify(src) by extension 'ignore'
[0.323s] Level 1:colcon.colcon_core.package_identification:_identify(src) by extension 'ignore_ament_install'
[0.323s] Level 1:colcon.colcon_core.package_identification:_identify(src) by extensions ['colcon_pkg']
[0.323s] Level 1:colcon.colcon_core.package_identification:_identify(src) by extension 'colcon_pkg'
[0.323s] Level 1:colcon.colcon_core.package_identification:_identify(src) by extensions ['colcon_meta']
[0.323s] Level 1:colcon.colcon_core.package_identification:_identify(src) by extension 'colcon_meta'
[0.323s] Level 1:colcon.colcon_core.package_identification:_identify(src) by extensions ['ros']
[0.323s] Level 1:colcon.colcon_core.package_identification:_identify(src) by extension 'ros'
[0.323s] Level 1:colcon.colcon_core.package_identification:_identify(src) by extensions ['cmake', 'python']
[0.323s] Level 1:colcon.colcon_core.package_identification:_identify(src) by extension 'cmake'
[0.323s] Level 1:colcon.colcon_core.package_identification:_identify(src) by extension 'python'
[0.324s] Level 1:colcon.colcon_core.package_identification:_identify(src) by extensions ['python_setup_py']
[0.324s] Level 1:colcon.colcon_core.package_identification:_identify(src) by extension 'python_setup_py'
[0.324s] Level 1:colcon.colcon_core.package_identification:_identify(src/bcr-bot) by extensions ['ignore', 'ignore_ament_install']
[0.324s] Level 1:colcon.colcon_core.package_identification:_identify(src/bcr-bot) by extension 'ignore'
[0.324s] Level 1:colcon.colcon_core.package_identification:_identify(src/bcr-bot) by extension 'ignore_ament_install'
[0.324s] Level 1:colcon.colcon_core.package_identification:_identify(src/bcr-bot) by extensions ['colcon_pkg']
[0.324s] Level 1:colcon.colcon_core.package_identification:_identify(src/bcr-bot) by extension 'colcon_pkg'
[0.324s] Level 1:colcon.colcon_core.package_identification:_identify(src/bcr-bot) by extensions ['colcon_meta']
[0.324s] Level 1:colcon.colcon_core.package_identification:_identify(src/bcr-bot) by extension 'colcon_meta'
[0.324s] Level 1:colcon.colcon_core.package_identification:_identify(src/bcr-bot) by extensions ['ros']
[0.324s] Level 1:colcon.colcon_core.package_identification:_identify(src/bcr-bot) by extension 'ros'
[0.326s] DEBUG:colcon.colcon_core.package_identification:Package 'src/bcr-bot' with type 'ros.ament_cmake' and name 'bcr_bot'
[0.326s] Level 1:colcon.colcon_core.package_discovery:discover_packages(recursive) using defaults
[0.327s] Level 1:colcon.colcon_core.package_discovery:discover_packages(ignore) discover
[0.327s] Level 1:colcon.colcon_core.package_discovery:discover_packages(ignore) using defaults
[0.327s] Level 1:colcon.colcon_core.package_discovery:discover_packages(path) discover
[0.327s] Level 1:colcon.colcon_core.package_discovery:discover_packages(path) using defaults
[0.359s] Level 1:colcon.colcon_core.package_discovery:discover_packages(prefix_path) check parameters
[0.359s] Level 1:colcon.colcon_core.package_discovery:discover_packages(prefix_path) discover
[0.360s] WARNING:colcon.colcon_ros.prefix_path.ament:The path '/home/spicygen/Desktop/ros_ws/install/bcr_bot' in the environment variable AMENT_PREFIX_PATH doesn't exist
[0.360s] WARNING:colcon.colcon_ros.prefix_path.catkin:The path '/home/spicygen/Desktop/ros_ws/install/bcr_bot' in the environment variable CMAKE_PREFIX_PATH doesn't exist
[0.361s] DEBUG:colcon.colcon_installed_package_information.package_discovery:Found 0 installed packages in /home/spicygen/Desktop/ros_ws/install
[0.363s] DEBUG:colcon.colcon_installed_package_information.package_discovery:Found 434 installed packages in /opt/ros/humble
[0.365s] Level 1:colcon.colcon_core.package_discovery:discover_packages(prefix_path) using defaults
[1.739s] Level 5:colcon.colcon_core.verb:set package 'bcr_bot' build argument 'cmake_args' from command line to 'None'
[1.739s] Level 5:colcon.colcon_core.verb:set package 'bcr_bot' build argument 'cmake_target' from command line to 'None'
[1.739s] Level 5:colcon.colcon_core.verb:set package 'bcr_bot' build argument 'cmake_target_skip_unavailable' from command line to 'False'
[1.740s] Level 5:colcon.colcon_core.verb:set package 'bcr_bot' build argument 'cmake_clean_cache' from command line to 'False'
[1.740s] Level 5:colcon.colcon_core.verb:set package 'bcr_bot' build argument 'cmake_clean_first' from command line to 'False'
[1.740s] Level 5:colcon.colcon_core.verb:set package 'bcr_bot' build argument 'cmake_force_configure' from command line to 'False'
[1.740s] Level 5:colcon.colcon_core.verb:set package 'bcr_bot' build argument 'ament_cmake_args' from command line to 'None'
[1.740s] Level 5:colcon.colcon_core.verb:set package 'bcr_bot' build argument 'catkin_cmake_args' from command line to 'None'
[1.740s] Level 5:colcon.colcon_core.verb:set package 'bcr_bot' build argument 'catkin_skip_building_tests' from command line to 'False'
[1.740s] DEBUG:colcon.colcon_core.verb:Building package 'bcr_bot' with the following arguments: {'ament_cmake_args': None, 'build_base': '/home/spicygen/Desktop/ros_ws/build/bcr_bot', 'catkin_cmake_args': None, 'catkin_skip_building_tests': False, 'cmake_args': None, 'cmake_clean_cache': False, 'cmake_clean_first': False, 'cmake_force_configure': False, 'cmake_target': None, 'cmake_target_skip_unavailable': False, 'install_base': '/home/spicygen/Desktop/ros_ws/install/bcr_bot', 'merge_install': False, 'path': '/home/spicygen/Desktop/ros_ws/src/bcr-bot', 'symlink_install': False, 'test_result_base': None}
[1.740s] INFO:colcon.colcon_core.executor:Executing jobs using 'parallel' executor
[1.741s] DEBUG:colcon.colcon_parallel_executor.executor.parallel:run_until_complete
[1.741s] INFO:colcon.colcon_ros.task.ament_cmake.build:Building ROS package in '/home/spicygen/Desktop/ros_ws/src/bcr-bot' with build type 'ament_cmake'
[1.741s] INFO:colcon.colcon_cmake.task.cmake.build:Building CMake package in '/home/spicygen/Desktop/ros_ws/src/bcr-bot'
[1.840s] INFO:colcon.colcon_core.plugin_system:Skipping extension 'colcon_core.shell.bat': Not used on non-Windows systems
[1.841s] INFO:colcon.colcon_core.shell:Skip shell extension 'powershell' for command environment: Not usable outside of PowerShell
[1.842s] DEBUG:colcon.colcon_core.shell:Skip shell extension 'dsv' for command environment
[1.900s] DEBUG:colcon.colcon_core.event_handler.log_command:Invoking command in '/home/spicygen/Desktop/ros_ws/build/bcr_bot': CMAKE_PREFIX_PATH=${CMAKE_PREFIX_PATH}:/opt/ros/humble /usr/bin/cmake /home/spicygen/Desktop/ros_ws/src/bcr-bot -DCMAKE_INSTALL_PREFIX=/home/spicygen/Desktop/ros_ws/install/bcr_bot
[5.402s] DEBUG:colcon.colcon_core.event_handler.log_command:Invoked command in '/home/spicygen/Desktop/ros_ws/build/bcr_bot' returned '0': CMAKE_PREFIX_PATH=${CMAKE_PREFIX_PATH}:/opt/ros/humble /usr/bin/cmake /home/spicygen/Desktop/ros_ws/src/bcr-bot -DCMAKE_INSTALL_PREFIX=/home/spicygen/Desktop/ros_ws/install/bcr_bot
[5.403s] DEBUG:colcon.colcon_core.event_handler.log_command:Invoking command in '/home/spicygen/Desktop/ros_ws/build/bcr_bot': CMAKE_PREFIX_PATH=${CMAKE_PREFIX_PATH}:/opt/ros/humble /usr/bin/cmake --build /home/spicygen/Desktop/ros_ws/build/bcr_bot -- -j8 -l8
[5.442s] DEBUG:colcon.colcon_core.event_handler.log_command:Invoked command in '/home/spicygen/Desktop/ros_ws/build/bcr_bot' returned '0': CMAKE_PREFIX_PATH=${CMAKE_PREFIX_PATH}:/opt/ros/humble /usr/bin/cmake --build /home/spicygen/Desktop/ros_ws/build/bcr_bot -- -j8 -l8
[5.453s] DEBUG:colcon.colcon_core.event_handler.log_command:Invoking command in '/home/spicygen/Desktop/ros_ws/build/bcr_bot': CMAKE_PREFIX_PATH=${CMAKE_PREFIX_PATH}:/opt/ros/humble /usr/bin/cmake --install /home/spicygen/Desktop/ros_ws/build/bcr_bot
[5.605s] Level 1:colcon.colcon_core.environment:create_environment_scripts_only(bcr_bot)
[5.606s] DEBUG:colcon.colcon_core.event_handler.log_command:Invoked command in '/home/spicygen/Desktop/ros_ws/build/bcr_bot' returned '0': CMAKE_PREFIX_PATH=${CMAKE_PREFIX_PATH}:/opt/ros/humble /usr/bin/cmake --install /home/spicygen/Desktop/ros_ws/build/bcr_bot
[5.705s] Level 1:colcon.colcon_core.environment:checking '/home/spicygen/Desktop/ros_ws/install/bcr_bot' for CMake module files
[5.709s] Level 1:colcon.colcon_core.environment:checking '/home/spicygen/Desktop/ros_ws/install/bcr_bot' for CMake config files
[5.711s] Level 1:colcon.colcon_core.shell:create_environment_hook('bcr_bot', 'cmake_prefix_path')
[5.713s] INFO:colcon.colcon_core.shell:Creating environment hook '/home/spicygen/Desktop/ros_ws/install/bcr_bot/share/bcr_bot/hook/cmake_prefix_path.ps1'
[5.723s] INFO:colcon.colcon_core.shell:Creating environment descriptor '/home/spicygen/Desktop/ros_ws/install/bcr_bot/share/bcr_bot/hook/cmake_prefix_path.dsv'
[5.728s] INFO:colcon.colcon_core.shell:Creating environment hook '/home/spicygen/Desktop/ros_ws/install/bcr_bot/share/bcr_bot/hook/cmake_prefix_path.sh'
[5.733s] Level 1:colcon.colcon_core.environment:checking '/home/spicygen/Desktop/ros_ws/install/bcr_bot/lib'
[5.733s] Level 1:colcon.colcon_core.environment:checking '/home/spicygen/Desktop/ros_ws/install/bcr_bot/bin'
[5.734s] Level 1:colcon.colcon_core.environment:checking '/home/spicygen/Desktop/ros_ws/install/bcr_bot/lib/pkgconfig/bcr_bot.pc'
[5.735s] Level 1:colcon.colcon_core.environment:checking '/home/spicygen/Desktop/ros_ws/install/bcr_bot/lib/python3.10/site-packages'
[5.736s] Level 1:colcon.colcon_core.environment:checking '/home/spicygen/Desktop/ros_ws/install/bcr_bot/bin'
[5.737s] INFO:colcon.colcon_core.shell:Creating package script '/home/spicygen/Desktop/ros_ws/install/bcr_bot/share/bcr_bot/package.ps1'
[5.741s] INFO:colcon.colcon_core.shell:Creating package descriptor '/home/spicygen/Desktop/ros_ws/install/bcr_bot/share/bcr_bot/package.dsv'
[5.744s] INFO:colcon.colcon_core.shell:Creating package script '/home/spicygen/Desktop/ros_ws/install/bcr_bot/share/bcr_bot/package.sh'
[5.748s] INFO:colcon.colcon_core.shell:Creating package script '/home/spicygen/Desktop/ros_ws/install/bcr_bot/share/bcr_bot/package.bash'
[5.752s] INFO:colcon.colcon_core.shell:Creating package script '/home/spicygen/Desktop/ros_ws/install/bcr_bot/share/bcr_bot/package.zsh'
[5.760s] Level 1:colcon.colcon_core.environment:create_file_with_runtime_dependencies(/home/spicygen/Desktop/ros_ws/install/bcr_bot/share/colcon-core/packages/bcr_bot)
[5.762s] Level 1:colcon.colcon_core.environment:create_environment_scripts_only(bcr_bot)
[5.762s] Level 1:colcon.colcon_core.environment:checking '/home/spicygen/Desktop/ros_ws/install/bcr_bot' for CMake module files
[5.764s] Level 1:colcon.colcon_core.environment:checking '/home/spicygen/Desktop/ros_ws/install/bcr_bot' for CMake config files
[5.765s] Level 1:colcon.colcon_core.shell:create_environment_hook('bcr_bot', 'cmake_prefix_path')
[5.765s] INFO:colcon.colcon_core.shell:Creating environment hook '/home/spicygen/Desktop/ros_ws/install/bcr_bot/share/bcr_bot/hook/cmake_prefix_path.ps1'
[5.766s] INFO:colcon.colcon_core.shell:Creating environment descriptor '/home/spicygen/Desktop/ros_ws/install/bcr_bot/share/bcr_bot/hook/cmake_prefix_path.dsv'
[5.767s] INFO:colcon.colcon_core.shell:Creating environment hook '/home/spicygen/Desktop/ros_ws/install/bcr_bot/share/bcr_bot/hook/cmake_prefix_path.sh'
[5.768s] Level 1:colcon.colcon_core.environment:checking '/home/spicygen/Desktop/ros_ws/install/bcr_bot/lib'
[5.769s] Level 1:colcon.colcon_core.environment:checking '/home/spicygen/Desktop/ros_ws/install/bcr_bot/bin'
[5.769s] Level 1:colcon.colcon_core.environment:checking '/home/spicygen/Desktop/ros_ws/install/bcr_bot/lib/pkgconfig/bcr_bot.pc'
[5.769s] Level 1:colcon.colcon_core.environment:checking '/home/spicygen/Desktop/ros_ws/install/bcr_bot/lib/python3.10/site-packages'
[5.770s] Level 1:colcon.colcon_core.environment:checking '/home/spicygen/Desktop/ros_ws/install/bcr_bot/bin'
[5.770s] INFO:colcon.colcon_core.shell:Creating package script '/home/spicygen/Desktop/ros_ws/install/bcr_bot/share/bcr_bot/package.ps1'
[5.771s] INFO:colcon.colcon_core.shell:Creating package descriptor '/home/spicygen/Desktop/ros_ws/install/bcr_bot/share/bcr_bot/package.dsv'
[5.772s] INFO:colcon.colcon_core.shell:Creating package script '/home/spicygen/Desktop/ros_ws/install/bcr_bot/share/bcr_bot/package.sh'
[5.772s] INFO:colcon.colcon_core.shell:Creating package script '/home/spicygen/Desktop/ros_ws/install/bcr_bot/share/bcr_bot/package.bash'
[5.773s] INFO:colcon.colcon_core.shell:Creating package script '/home/spicygen/Desktop/ros_ws/install/bcr_bot/share/bcr_bot/package.zsh'
[5.774s] Level 1:colcon.colcon_core.environment:create_file_with_runtime_dependencies(/home/spicygen/Desktop/ros_ws/install/bcr_bot/share/colcon-core/packages/bcr_bot)
[5.774s] DEBUG:colcon.colcon_parallel_executor.executor.parallel:closing loop
[5.774s] DEBUG:colcon.colcon_parallel_executor.executor.parallel:loop closed
[5.775s] DEBUG:colcon.colcon_parallel_executor.executor.parallel:run_until_complete finished with '0'
[5.775s] DEBUG:colcon.colcon_core.event_reactor:joining thread
[5.875s] INFO:colcon.colcon_core.plugin_system:Skipping extension 'colcon_notification.desktop_notification.terminal_notifier': Not used on non-Darwin systems
[5.875s] INFO:colcon.colcon_core.plugin_system:Skipping extension 'colcon_notification.desktop_notification.win32': Not used on non-Windows systems
[5.875s] INFO:colcon.colcon_notification.desktop_notification:Sending desktop notification using 'notify2'
[5.924s] DEBUG:colcon.colcon_core.event_reactor:joined thread
[5.924s] INFO:colcon.colcon_core.shell:Creating prefix script '/home/spicygen/Desktop/ros_ws/install/local_setup.ps1'
[5.926s] INFO:colcon.colcon_core.shell:Creating prefix util module '/home/spicygen/Desktop/ros_ws/install/_local_setup_util_ps1.py'
[5.930s] INFO:colcon.colcon_core.shell:Creating prefix chain script '/home/spicygen/Desktop/ros_ws/install/setup.ps1'
[5.942s] INFO:colcon.colcon_core.shell:Creating prefix script '/home/spicygen/Desktop/ros_ws/install/local_setup.sh'
[5.943s] INFO:colcon.colcon_core.shell:Creating prefix util module '/home/spicygen/Desktop/ros_ws/install/_local_setup_util_sh.py'
[5.944s] INFO:colcon.colcon_core.shell:Creating prefix chain script '/home/spicygen/Desktop/ros_ws/install/setup.sh'
[5.946s] INFO:colcon.colcon_core.shell:Creating prefix script '/home/spicygen/Desktop/ros_ws/install/local_setup.bash'
[5.947s] INFO:colcon.colcon_core.shell:Creating prefix chain script '/home/spicygen/Desktop/ros_ws/install/setup.bash'
[5.949s] INFO:colcon.colcon_core.shell:Creating prefix script '/home/spicygen/Desktop/ros_ws/install/local_setup.zsh'
[5.950s] INFO:colcon.colcon_core.shell:Creating prefix chain script '/home/spicygen/Desktop/ros_ws/install/setup.zsh'
