[0.469s] DEBUG:colcon:Command line arguments: ['/usr/bin/colcon', 'build']
[0.469s] DEBUG:colcon:Parsed command line arguments: Namespace(log_base=None, log_level=None, verb_name='build', build_base='build', install_base='install', merge_install=False, symlink_install=False, test_result_base=None, continue_on_error=False, executor='parallel', parallel_workers=8, event_handlers=None, ignore_user_meta=False, metas=['./colcon.meta'], base_paths=['.'], packages_ignore=None, packages_ignore_regex=None, paths=None, packages_up_to=None, packages_up_to_regex=None, packages_above=None, packages_above_and_dependencies=None, packages_above_depth=None, packages_select_by_dep=None, packages_skip_by_dep=None, packages_skip_up_to=None, packages_select_build_failed=False, packages_skip_build_finished=False, packages_select_test_failures=False, packages_skip_test_passed=False, packages_select=None, packages_skip=None, packages_select_regex=None, packages_skip_regex=None, packages_start=None, packages_end=None, allow_overriding=[], cmake_args=None, cmake_target=None, cmake_target_skip_unavailable=False, cmake_clean_cache=False, cmake_clean_first=False, cmake_force_configure=False, ament_cmake_args=None, catkin_cmake_args=None, catkin_skip_building_tests=False, mixin_files=None, mixin=None, verb_parser=<colcon_mixin.mixin.mixin_argument.MixinArgumentDecorator object at 0x7e6f75362d40>, verb_extension=<colcon_core.verb.build.BuildVerb object at 0x7e6f75362860>, main=<bound method BuildVerb.main of <colcon_core.verb.build.BuildVerb object at 0x7e6f75362860>>, mixin_verb=('build',))
[4.847s] Level 1:colcon.colcon_core.package_discovery:discover_packages(colcon_meta) check parameters
[4.847s] Level 1:colcon.colcon_core.package_discovery:discover_packages(recursive) check parameters
[4.847s] Level 1:colcon.colcon_core.package_discovery:discover_packages(ignore) check parameters
[4.848s] Level 1:colcon.colcon_core.package_discovery:discover_packages(path) check parameters
[4.848s] Level 1:colcon.colcon_core.package_discovery:discover_packages(colcon_meta) discover
[4.848s] Level 1:colcon.colcon_core.package_discovery:discover_packages(recursive) discover
[4.848s] INFO:colcon.colcon_core.package_discovery:Crawling recursively for packages in '/home/spicygen/Desktop/ros_ws'
[4.849s] Level 1:colcon.colcon_core.package_identification:_identify(.) by extensions ['ignore', 'ignore_ament_install']
[4.849s] Level 1:colcon.colcon_core.package_identification:_identify(.) by extension 'ignore'
[4.849s] Level 1:colcon.colcon_core.package_identification:_identify(.) by extension 'ignore_ament_install'
[4.850s] Level 1:colcon.colcon_core.package_identification:_identify(.) by extensions ['colcon_pkg']
[4.850s] Level 1:colcon.colcon_core.package_identification:_identify(.) by extension 'colcon_pkg'
[4.850s] Level 1:colcon.colcon_core.package_identification:_identify(.) by extensions ['colcon_meta']
[4.850s] Level 1:colcon.colcon_core.package_identification:_identify(.) by extension 'colcon_meta'
[4.851s] Level 1:colcon.colcon_core.package_identification:_identify(.) by extensions ['ros']
[4.851s] Level 1:colcon.colcon_core.package_identification:_identify(.) by extension 'ros'
[4.883s] Level 1:colcon.colcon_core.package_identification:_identify(.) by extensions ['cmake', 'python']
[4.883s] Level 1:colcon.colcon_core.package_identification:_identify(.) by extension 'cmake'
[4.883s] Level 1:colcon.colcon_core.package_identification:_identify(.) by extension 'python'
[4.883s] Level 1:colcon.colcon_core.package_identification:_identify(.) by extensions ['python_setup_py']
[4.883s] Level 1:colcon.colcon_core.package_identification:_identify(.) by extension 'python_setup_py'
[4.884s] Level 1:colcon.colcon_core.package_identification:_identify(build) by extensions ['ignore', 'ignore_ament_install']
[4.884s] Level 1:colcon.colcon_core.package_identification:_identify(build) by extension 'ignore'
[4.884s] Level 1:colcon.colcon_core.package_identification:_identify(build) ignored
[4.884s] Level 1:colcon.colcon_core.package_identification:_identify(install) by extensions ['ignore', 'ignore_ament_install']
[4.884s] Level 1:colcon.colcon_core.package_identification:_identify(install) by extension 'ignore'
[4.884s] Level 1:colcon.colcon_core.package_identification:_identify(install) ignored
[4.884s] Level 1:colcon.colcon_core.package_identification:_identify(log) by extensions ['ignore', 'ignore_ament_install']
[4.884s] Level 1:colcon.colcon_core.package_identification:_identify(log) by extension 'ignore'
[4.884s] Level 1:colcon.colcon_core.package_identification:_identify(log) ignored
[4.885s] Level 1:colcon.colcon_core.package_identification:_identify(src) by extensions ['ignore', 'ignore_ament_install']
[4.885s] Level 1:colcon.colcon_core.package_identification:_identify(src) by extension 'ignore'
[4.885s] Level 1:colcon.colcon_core.package_identification:_identify(src) by extension 'ignore_ament_install'
[4.885s] Level 1:colcon.colcon_core.package_identification:_identify(src) by extensions ['colcon_pkg']
[4.885s] Level 1:colcon.colcon_core.package_identification:_identify(src) by extension 'colcon_pkg'
[4.885s] Level 1:colcon.colcon_core.package_identification:_identify(src) by extensions ['colcon_meta']
[4.885s] Level 1:colcon.colcon_core.package_identification:_identify(src) by extension 'colcon_meta'
[4.885s] Level 1:colcon.colcon_core.package_identification:_identify(src) by extensions ['ros']
[4.885s] Level 1:colcon.colcon_core.package_identification:_identify(src) by extension 'ros'
[4.885s] Level 1:colcon.colcon_core.package_identification:_identify(src) by extensions ['cmake', 'python']
[4.885s] Level 1:colcon.colcon_core.package_identification:_identify(src) by extension 'cmake'
[4.885s] Level 1:colcon.colcon_core.package_identification:_identify(src) by extension 'python'
[4.885s] Level 1:colcon.colcon_core.package_identification:_identify(src) by extensions ['python_setup_py']
[4.885s] Level 1:colcon.colcon_core.package_identification:_identify(src) by extension 'python_setup_py'
[4.908s] Level 1:colcon.colcon_core.package_identification:_identify(src/bcr-bot) by extensions ['ignore', 'ignore_ament_install']
[4.908s] Level 1:colcon.colcon_core.package_identification:_identify(src/bcr-bot) by extension 'ignore'
[4.909s] Level 1:colcon.colcon_core.package_identification:_identify(src/bcr-bot) by extension 'ignore_ament_install'
[4.909s] Level 1:colcon.colcon_core.package_identification:_identify(src/bcr-bot) by extensions ['colcon_pkg']
[4.909s] Level 1:colcon.colcon_core.package_identification:_identify(src/bcr-bot) by extension 'colcon_pkg'
[4.909s] Level 1:colcon.colcon_core.package_identification:_identify(src/bcr-bot) by extensions ['colcon_meta']
[4.909s] Level 1:colcon.colcon_core.package_identification:_identify(src/bcr-bot) by extension 'colcon_meta'
[4.909s] Level 1:colcon.colcon_core.package_identification:_identify(src/bcr-bot) by extensions ['ros']
[4.909s] Level 1:colcon.colcon_core.package_identification:_identify(src/bcr-bot) by extension 'ros'
[4.955s] DEBUG:colcon.colcon_core.package_identification:Package 'src/bcr-bot' with type 'ros.ament_cmake' and name 'bcr_bot'
[4.956s] Level 1:colcon.colcon_core.package_identification:_identify(src/m-explore-ros2) by extensions ['ignore', 'ignore_ament_install']
[4.956s] Level 1:colcon.colcon_core.package_identification:_identify(src/m-explore-ros2) by extension 'ignore'
[4.957s] Level 1:colcon.colcon_core.package_identification:_identify(src/m-explore-ros2) by extension 'ignore_ament_install'
[4.957s] Level 1:colcon.colcon_core.package_identification:_identify(src/m-explore-ros2) by extensions ['colcon_pkg']
[4.957s] Level 1:colcon.colcon_core.package_identification:_identify(src/m-explore-ros2) by extension 'colcon_pkg'
[4.958s] Level 1:colcon.colcon_core.package_identification:_identify(src/m-explore-ros2) by extensions ['colcon_meta']
[4.958s] Level 1:colcon.colcon_core.package_identification:_identify(src/m-explore-ros2) by extension 'colcon_meta'
[4.958s] Level 1:colcon.colcon_core.package_identification:_identify(src/m-explore-ros2) by extensions ['ros']
[4.958s] Level 1:colcon.colcon_core.package_identification:_identify(src/m-explore-ros2) by extension 'ros'
[4.959s] Level 1:colcon.colcon_core.package_identification:_identify(src/m-explore-ros2) by extensions ['cmake', 'python']
[4.959s] Level 1:colcon.colcon_core.package_identification:_identify(src/m-explore-ros2) by extension 'cmake'
[4.959s] Level 1:colcon.colcon_core.package_identification:_identify(src/m-explore-ros2) by extension 'python'
[4.959s] Level 1:colcon.colcon_core.package_identification:_identify(src/m-explore-ros2) by extensions ['python_setup_py']
[4.959s] Level 1:colcon.colcon_core.package_identification:_identify(src/m-explore-ros2) by extension 'python_setup_py'
[4.960s] Level 1:colcon.colcon_core.package_identification:_identify(src/m-explore-ros2/explore) by extensions ['ignore', 'ignore_ament_install']
[4.960s] Level 1:colcon.colcon_core.package_identification:_identify(src/m-explore-ros2/explore) by extension 'ignore'
[4.961s] Level 1:colcon.colcon_core.package_identification:_identify(src/m-explore-ros2/explore) by extension 'ignore_ament_install'
[4.961s] Level 1:colcon.colcon_core.package_identification:_identify(src/m-explore-ros2/explore) by extensions ['colcon_pkg']
[4.961s] Level 1:colcon.colcon_core.package_identification:_identify(src/m-explore-ros2/explore) by extension 'colcon_pkg'
[4.961s] Level 1:colcon.colcon_core.package_identification:_identify(src/m-explore-ros2/explore) by extensions ['colcon_meta']
[4.961s] Level 1:colcon.colcon_core.package_identification:_identify(src/m-explore-ros2/explore) by extension 'colcon_meta'
[4.962s] Level 1:colcon.colcon_core.package_identification:_identify(src/m-explore-ros2/explore) by extensions ['ros']
[4.962s] Level 1:colcon.colcon_core.package_identification:_identify(src/m-explore-ros2/explore) by extension 'ros'
[4.968s] DEBUG:colcon.colcon_core.package_identification:Package 'src/m-explore-ros2/explore' with type 'ros.ament_cmake' and name 'explore_lite'
[4.968s] Level 1:colcon.colcon_core.package_identification:_identify(src/m-explore-ros2/map_merge) by extensions ['ignore', 'ignore_ament_install']
[4.968s] Level 1:colcon.colcon_core.package_identification:_identify(src/m-explore-ros2/map_merge) by extension 'ignore'
[4.969s] Level 1:colcon.colcon_core.package_identification:_identify(src/m-explore-ros2/map_merge) by extension 'ignore_ament_install'
[4.969s] Level 1:colcon.colcon_core.package_identification:_identify(src/m-explore-ros2/map_merge) by extensions ['colcon_pkg']
[4.969s] Level 1:colcon.colcon_core.package_identification:_identify(src/m-explore-ros2/map_merge) by extension 'colcon_pkg'
[4.969s] Level 1:colcon.colcon_core.package_identification:_identify(src/m-explore-ros2/map_merge) by extensions ['colcon_meta']
[4.969s] Level 1:colcon.colcon_core.package_identification:_identify(src/m-explore-ros2/map_merge) by extension 'colcon_meta'
[4.969s] Level 1:colcon.colcon_core.package_identification:_identify(src/m-explore-ros2/map_merge) by extensions ['ros']
[4.970s] Level 1:colcon.colcon_core.package_identification:_identify(src/m-explore-ros2/map_merge) by extension 'ros'
[4.985s] DEBUG:colcon.colcon_core.package_identification:Package 'src/m-explore-ros2/map_merge' with type 'ros.ament_cmake' and name 'multirobot_map_merge'
[4.985s] Level 1:colcon.colcon_core.package_discovery:discover_packages(recursive) using defaults
[4.985s] Level 1:colcon.colcon_core.package_discovery:discover_packages(ignore) discover
[4.985s] Level 1:colcon.colcon_core.package_discovery:discover_packages(ignore) using defaults
[4.985s] Level 1:colcon.colcon_core.package_discovery:discover_packages(path) discover
[4.985s] Level 1:colcon.colcon_core.package_discovery:discover_packages(path) using defaults
[5.422s] Level 1:colcon.colcon_core.package_discovery:discover_packages(prefix_path) check parameters
[5.422s] Level 1:colcon.colcon_core.package_discovery:discover_packages(prefix_path) discover
[5.506s] DEBUG:colcon.colcon_installed_package_information.package_discovery:Found 502 installed packages in /opt/ros/humble
[5.518s] Level 1:colcon.colcon_core.package_discovery:discover_packages(prefix_path) using defaults
[5.615s] Level 5:colcon.colcon_core.verb:set package 'bcr_bot' build argument 'cmake_args' from command line to 'None'
[5.615s] Level 5:colcon.colcon_core.verb:set package 'bcr_bot' build argument 'cmake_target' from command line to 'None'
[5.615s] Level 5:colcon.colcon_core.verb:set package 'bcr_bot' build argument 'cmake_target_skip_unavailable' from command line to 'False'
[5.615s] Level 5:colcon.colcon_core.verb:set package 'bcr_bot' build argument 'cmake_clean_cache' from command line to 'False'
[5.615s] Level 5:colcon.colcon_core.verb:set package 'bcr_bot' build argument 'cmake_clean_first' from command line to 'False'
[5.615s] Level 5:colcon.colcon_core.verb:set package 'bcr_bot' build argument 'cmake_force_configure' from command line to 'False'
[5.615s] Level 5:colcon.colcon_core.verb:set package 'bcr_bot' build argument 'ament_cmake_args' from command line to 'None'
[5.615s] Level 5:colcon.colcon_core.verb:set package 'bcr_bot' build argument 'catkin_cmake_args' from command line to 'None'
[5.615s] Level 5:colcon.colcon_core.verb:set package 'bcr_bot' build argument 'catkin_skip_building_tests' from command line to 'False'
[5.615s] DEBUG:colcon.colcon_core.verb:Building package 'bcr_bot' with the following arguments: {'ament_cmake_args': None, 'build_base': '/home/spicygen/Desktop/ros_ws/build/bcr_bot', 'catkin_cmake_args': None, 'catkin_skip_building_tests': False, 'cmake_args': None, 'cmake_clean_cache': False, 'cmake_clean_first': False, 'cmake_force_configure': False, 'cmake_target': None, 'cmake_target_skip_unavailable': False, 'install_base': '/home/spicygen/Desktop/ros_ws/install/bcr_bot', 'merge_install': False, 'path': '/home/spicygen/Desktop/ros_ws/src/bcr-bot', 'symlink_install': False, 'test_result_base': None}
[5.616s] Level 5:colcon.colcon_core.verb:set package 'explore_lite' build argument 'cmake_args' from command line to 'None'
[5.616s] Level 5:colcon.colcon_core.verb:set package 'explore_lite' build argument 'cmake_target' from command line to 'None'
[5.616s] Level 5:colcon.colcon_core.verb:set package 'explore_lite' build argument 'cmake_target_skip_unavailable' from command line to 'False'
[5.616s] Level 5:colcon.colcon_core.verb:set package 'explore_lite' build argument 'cmake_clean_cache' from command line to 'False'
[5.616s] Level 5:colcon.colcon_core.verb:set package 'explore_lite' build argument 'cmake_clean_first' from command line to 'False'
[5.616s] Level 5:colcon.colcon_core.verb:set package 'explore_lite' build argument 'cmake_force_configure' from command line to 'False'
[5.616s] Level 5:colcon.colcon_core.verb:set package 'explore_lite' build argument 'ament_cmake_args' from command line to 'None'
[5.616s] Level 5:colcon.colcon_core.verb:set package 'explore_lite' build argument 'catkin_cmake_args' from command line to 'None'
[5.616s] Level 5:colcon.colcon_core.verb:set package 'explore_lite' build argument 'catkin_skip_building_tests' from command line to 'False'
[5.616s] DEBUG:colcon.colcon_core.verb:Building package 'explore_lite' with the following arguments: {'ament_cmake_args': None, 'build_base': '/home/spicygen/Desktop/ros_ws/build/explore_lite', 'catkin_cmake_args': None, 'catkin_skip_building_tests': False, 'cmake_args': None, 'cmake_clean_cache': False, 'cmake_clean_first': False, 'cmake_force_configure': False, 'cmake_target': None, 'cmake_target_skip_unavailable': False, 'install_base': '/home/spicygen/Desktop/ros_ws/install/explore_lite', 'merge_install': False, 'path': '/home/spicygen/Desktop/ros_ws/src/m-explore-ros2/explore', 'symlink_install': False, 'test_result_base': None}
[5.616s] Level 5:colcon.colcon_core.verb:set package 'multirobot_map_merge' build argument 'cmake_args' from command line to 'None'
[5.616s] Level 5:colcon.colcon_core.verb:set package 'multirobot_map_merge' build argument 'cmake_target' from command line to 'None'
[5.616s] Level 5:colcon.colcon_core.verb:set package 'multirobot_map_merge' build argument 'cmake_target_skip_unavailable' from command line to 'False'
[5.616s] Level 5:colcon.colcon_core.verb:set package 'multirobot_map_merge' build argument 'cmake_clean_cache' from command line to 'False'
[5.616s] Level 5:colcon.colcon_core.verb:set package 'multirobot_map_merge' build argument 'cmake_clean_first' from command line to 'False'
[5.616s] Level 5:colcon.colcon_core.verb:set package 'multirobot_map_merge' build argument 'cmake_force_configure' from command line to 'False'
[5.616s] Level 5:colcon.colcon_core.verb:set package 'multirobot_map_merge' build argument 'ament_cmake_args' from command line to 'None'
[5.616s] Level 5:colcon.colcon_core.verb:set package 'multirobot_map_merge' build argument 'catkin_cmake_args' from command line to 'None'
[5.616s] Level 5:colcon.colcon_core.verb:set package 'multirobot_map_merge' build argument 'catkin_skip_building_tests' from command line to 'False'
[5.616s] DEBUG:colcon.colcon_core.verb:Building package 'multirobot_map_merge' with the following arguments: {'ament_cmake_args': None, 'build_base': '/home/spicygen/Desktop/ros_ws/build/multirobot_map_merge', 'catkin_cmake_args': None, 'catkin_skip_building_tests': False, 'cmake_args': None, 'cmake_clean_cache': False, 'cmake_clean_first': False, 'cmake_force_configure': False, 'cmake_target': None, 'cmake_target_skip_unavailable': False, 'install_base': '/home/spicygen/Desktop/ros_ws/install/multirobot_map_merge', 'merge_install': False, 'path': '/home/spicygen/Desktop/ros_ws/src/m-explore-ros2/map_merge', 'symlink_install': False, 'test_result_base': None}
[5.617s] INFO:colcon.colcon_core.executor:Executing jobs using 'parallel' executor
[5.617s] DEBUG:colcon.colcon_parallel_executor.executor.parallel:run_until_complete
[5.618s] INFO:colcon.colcon_ros.task.ament_cmake.build:Building ROS package in '/home/spicygen/Desktop/ros_ws/src/bcr-bot' with build type 'ament_cmake'
[5.618s] INFO:colcon.colcon_cmake.task.cmake.build:Building CMake package in '/home/spicygen/Desktop/ros_ws/src/bcr-bot'
[5.625s] INFO:colcon.colcon_core.plugin_system:Skipping extension 'colcon_core.shell.bat': Not used on non-Windows systems
[5.625s] INFO:colcon.colcon_core.shell:Skip shell extension 'powershell' for command environment: Not usable outside of PowerShell
[5.625s] DEBUG:colcon.colcon_core.shell:Skip shell extension 'dsv' for command environment
[5.672s] INFO:colcon.colcon_ros.task.ament_cmake.build:Building ROS package in '/home/spicygen/Desktop/ros_ws/src/m-explore-ros2/explore' with build type 'ament_cmake'
[5.673s] INFO:colcon.colcon_cmake.task.cmake.build:Building CMake package in '/home/spicygen/Desktop/ros_ws/src/m-explore-ros2/explore'
[5.674s] INFO:colcon.colcon_core.shell:Skip shell extension 'powershell' for command environment: Not usable outside of PowerShell
[5.674s] DEBUG:colcon.colcon_core.shell:Skip shell extension 'dsv' for command environment
[5.686s] INFO:colcon.colcon_ros.task.ament_cmake.build:Building ROS package in '/home/spicygen/Desktop/ros_ws/src/m-explore-ros2/map_merge' with build type 'ament_cmake'
[5.686s] INFO:colcon.colcon_cmake.task.cmake.build:Building CMake package in '/home/spicygen/Desktop/ros_ws/src/m-explore-ros2/map_merge'
[5.686s] INFO:colcon.colcon_core.shell:Skip shell extension 'powershell' for command environment: Not usable outside of PowerShell
[5.686s] DEBUG:colcon.colcon_core.shell:Skip shell extension 'dsv' for command environment
[5.762s] DEBUG:colcon.colcon_core.event_handler.log_command:Invoking command in '/home/spicygen/Desktop/ros_ws/build/bcr_bot': CMAKE_PREFIX_PATH=/opt/ros/humble /usr/bin/cmake --build /home/spicygen/Desktop/ros_ws/build/bcr_bot -- -j8 -l8
[5.787s] DEBUG:colcon.colcon_core.event_handler.log_command:Invoking command in '/home/spicygen/Desktop/ros_ws/build/explore_lite': CMAKE_PREFIX_PATH=/opt/ros/humble /usr/bin/cmake /home/spicygen/Desktop/ros_ws/src/m-explore-ros2/explore -DCMAKE_INSTALL_PREFIX=/home/spicygen/Desktop/ros_ws/install/explore_lite
[5.793s] DEBUG:colcon.colcon_core.event_handler.log_command:Invoking command in '/home/spicygen/Desktop/ros_ws/build/multirobot_map_merge': CMAKE_PREFIX_PATH=/opt/ros/humble /usr/bin/cmake /home/spicygen/Desktop/ros_ws/src/m-explore-ros2/map_merge -DCMAKE_INSTALL_PREFIX=/home/spicygen/Desktop/ros_ws/install/multirobot_map_merge
[6.700s] DEBUG:colcon.colcon_core.event_handler.log_command:Invoked command in '/home/spicygen/Desktop/ros_ws/build/bcr_bot' returned '0': CMAKE_PREFIX_PATH=/opt/ros/humble /usr/bin/cmake --build /home/spicygen/Desktop/ros_ws/build/bcr_bot -- -j8 -l8
[6.839s] DEBUG:colcon.colcon_core.event_handler.log_command:Invoking command in '/home/spicygen/Desktop/ros_ws/build/bcr_bot': CMAKE_PREFIX_PATH=/opt/ros/humble /usr/bin/cmake --install /home/spicygen/Desktop/ros_ws/build/bcr_bot
[7.798s] Level 1:colcon.colcon_core.environment:create_environment_scripts_only(bcr_bot)
[7.800s] DEBUG:colcon.colcon_core.event_handler.log_command:Invoked command in '/home/spicygen/Desktop/ros_ws/build/bcr_bot' returned '0': CMAKE_PREFIX_PATH=/opt/ros/humble /usr/bin/cmake --install /home/spicygen/Desktop/ros_ws/build/bcr_bot
[7.886s] Level 1:colcon.colcon_core.environment:checking '/home/spicygen/Desktop/ros_ws/install/bcr_bot' for CMake module files
[7.889s] Level 1:colcon.colcon_core.environment:checking '/home/spicygen/Desktop/ros_ws/install/bcr_bot' for CMake config files
[7.890s] Level 1:colcon.colcon_core.shell:create_environment_hook('bcr_bot', 'cmake_prefix_path')
[7.892s] INFO:colcon.colcon_core.shell:Creating environment hook '/home/spicygen/Desktop/ros_ws/install/bcr_bot/share/bcr_bot/hook/cmake_prefix_path.ps1'
[7.921s] INFO:colcon.colcon_core.shell:Creating environment descriptor '/home/spicygen/Desktop/ros_ws/install/bcr_bot/share/bcr_bot/hook/cmake_prefix_path.dsv'
[7.924s] INFO:colcon.colcon_core.shell:Creating environment hook '/home/spicygen/Desktop/ros_ws/install/bcr_bot/share/bcr_bot/hook/cmake_prefix_path.sh'
[7.928s] Level 1:colcon.colcon_core.environment:checking '/home/spicygen/Desktop/ros_ws/install/bcr_bot/lib'
[7.929s] Level 1:colcon.colcon_core.environment:checking '/home/spicygen/Desktop/ros_ws/install/bcr_bot/bin'
[7.929s] Level 1:colcon.colcon_core.environment:checking '/home/spicygen/Desktop/ros_ws/install/bcr_bot/lib/pkgconfig/bcr_bot.pc'
[7.930s] Level 1:colcon.colcon_core.environment:checking '/home/spicygen/Desktop/ros_ws/install/bcr_bot/lib/python3.10/site-packages'
[7.931s] Level 1:colcon.colcon_core.environment:checking '/home/spicygen/Desktop/ros_ws/install/bcr_bot/bin'
[7.934s] INFO:colcon.colcon_core.shell:Creating package script '/home/spicygen/Desktop/ros_ws/install/bcr_bot/share/bcr_bot/package.ps1'
[7.939s] INFO:colcon.colcon_core.shell:Creating package descriptor '/home/spicygen/Desktop/ros_ws/install/bcr_bot/share/bcr_bot/package.dsv'
[7.944s] INFO:colcon.colcon_core.shell:Creating package script '/home/spicygen/Desktop/ros_ws/install/bcr_bot/share/bcr_bot/package.sh'
[7.948s] INFO:colcon.colcon_core.shell:Creating package script '/home/spicygen/Desktop/ros_ws/install/bcr_bot/share/bcr_bot/package.bash'
[7.954s] INFO:colcon.colcon_core.shell:Creating package script '/home/spicygen/Desktop/ros_ws/install/bcr_bot/share/bcr_bot/package.zsh'
[7.980s] Level 1:colcon.colcon_core.environment:create_file_with_runtime_dependencies(/home/spicygen/Desktop/ros_ws/install/bcr_bot/share/colcon-core/packages/bcr_bot)
[7.982s] Level 1:colcon.colcon_core.environment:create_environment_scripts_only(bcr_bot)
[7.984s] Level 1:colcon.colcon_core.environment:checking '/home/spicygen/Desktop/ros_ws/install/bcr_bot' for CMake module files
[7.986s] Level 1:colcon.colcon_core.environment:checking '/home/spicygen/Desktop/ros_ws/install/bcr_bot' for CMake config files
[7.988s] Level 1:colcon.colcon_core.shell:create_environment_hook('bcr_bot', 'cmake_prefix_path')
[7.989s] INFO:colcon.colcon_core.shell:Creating environment hook '/home/spicygen/Desktop/ros_ws/install/bcr_bot/share/bcr_bot/hook/cmake_prefix_path.ps1'
[7.991s] INFO:colcon.colcon_core.shell:Creating environment descriptor '/home/spicygen/Desktop/ros_ws/install/bcr_bot/share/bcr_bot/hook/cmake_prefix_path.dsv'
[7.992s] INFO:colcon.colcon_core.shell:Creating environment hook '/home/spicygen/Desktop/ros_ws/install/bcr_bot/share/bcr_bot/hook/cmake_prefix_path.sh'
[7.993s] Level 1:colcon.colcon_core.environment:checking '/home/spicygen/Desktop/ros_ws/install/bcr_bot/lib'
[7.994s] Level 1:colcon.colcon_core.environment:checking '/home/spicygen/Desktop/ros_ws/install/bcr_bot/bin'
[7.994s] Level 1:colcon.colcon_core.environment:checking '/home/spicygen/Desktop/ros_ws/install/bcr_bot/lib/pkgconfig/bcr_bot.pc'
[7.995s] Level 1:colcon.colcon_core.environment:checking '/home/spicygen/Desktop/ros_ws/install/bcr_bot/lib/python3.10/site-packages'
[7.995s] Level 1:colcon.colcon_core.environment:checking '/home/spicygen/Desktop/ros_ws/install/bcr_bot/bin'
[7.997s] INFO:colcon.colcon_core.shell:Creating package script '/home/spicygen/Desktop/ros_ws/install/bcr_bot/share/bcr_bot/package.ps1'
[7.998s] INFO:colcon.colcon_core.shell:Creating package descriptor '/home/spicygen/Desktop/ros_ws/install/bcr_bot/share/bcr_bot/package.dsv'
[7.999s] INFO:colcon.colcon_core.shell:Creating package script '/home/spicygen/Desktop/ros_ws/install/bcr_bot/share/bcr_bot/package.sh'
[8.001s] INFO:colcon.colcon_core.shell:Creating package script '/home/spicygen/Desktop/ros_ws/install/bcr_bot/share/bcr_bot/package.bash'
[8.002s] INFO:colcon.colcon_core.shell:Creating package script '/home/spicygen/Desktop/ros_ws/install/bcr_bot/share/bcr_bot/package.zsh'
[8.002s] Level 1:colcon.colcon_core.environment:create_file_with_runtime_dependencies(/home/spicygen/Desktop/ros_ws/install/bcr_bot/share/colcon-core/packages/bcr_bot)
[14.568s] DEBUG:colcon.colcon_core.event_handler.log_command:Invoked command in '/home/spicygen/Desktop/ros_ws/build/explore_lite' returned '0': CMAKE_PREFIX_PATH=/opt/ros/humble /usr/bin/cmake /home/spicygen/Desktop/ros_ws/src/m-explore-ros2/explore -DCMAKE_INSTALL_PREFIX=/home/spicygen/Desktop/ros_ws/install/explore_lite
[14.570s] DEBUG:colcon.colcon_core.event_handler.log_command:Invoking command in '/home/spicygen/Desktop/ros_ws/build/explore_lite': CMAKE_PREFIX_PATH=/opt/ros/humble /usr/bin/cmake --build /home/spicygen/Desktop/ros_ws/build/explore_lite -- -j8 -l8
[29.509s] DEBUG:colcon.colcon_core.event_handler.log_command:Invoked command in '/home/spicygen/Desktop/ros_ws/build/multirobot_map_merge' returned '0': CMAKE_PREFIX_PATH=/opt/ros/humble /usr/bin/cmake /home/spicygen/Desktop/ros_ws/src/m-explore-ros2/map_merge -DCMAKE_INSTALL_PREFIX=/home/spicygen/Desktop/ros_ws/install/multirobot_map_merge
[29.515s] DEBUG:colcon.colcon_core.event_handler.log_command:Invoking command in '/home/spicygen/Desktop/ros_ws/build/multirobot_map_merge': CMAKE_PREFIX_PATH=/opt/ros/humble /usr/bin/cmake --build /home/spicygen/Desktop/ros_ws/build/multirobot_map_merge -- -j8 -l8
[53.425s] DEBUG:colcon.colcon_core.event_handler.log_command:Invoked command in '/home/spicygen/Desktop/ros_ws/build/explore_lite' returned '0': CMAKE_PREFIX_PATH=/opt/ros/humble /usr/bin/cmake --build /home/spicygen/Desktop/ros_ws/build/explore_lite -- -j8 -l8
[53.429s] DEBUG:colcon.colcon_core.event_handler.log_command:Invoking command in '/home/spicygen/Desktop/ros_ws/build/explore_lite': CMAKE_PREFIX_PATH=/opt/ros/humble /usr/bin/cmake --install /home/spicygen/Desktop/ros_ws/build/explore_lite
[53.482s] Level 1:colcon.colcon_core.environment:create_environment_scripts_only(explore_lite)
[53.483s] Level 1:colcon.colcon_core.environment:checking '/home/spicygen/Desktop/ros_ws/install/explore_lite' for CMake module files
[53.484s] DEBUG:colcon.colcon_core.event_handler.log_command:Invoked command in '/home/spicygen/Desktop/ros_ws/build/explore_lite' returned '0': CMAKE_PREFIX_PATH=/opt/ros/humble /usr/bin/cmake --install /home/spicygen/Desktop/ros_ws/build/explore_lite
[53.485s] Level 1:colcon.colcon_core.environment:checking '/home/spicygen/Desktop/ros_ws/install/explore_lite' for CMake config files
[53.486s] Level 1:colcon.colcon_core.shell:create_environment_hook('explore_lite', 'cmake_prefix_path')
[53.487s] INFO:colcon.colcon_core.shell:Creating environment hook '/home/spicygen/Desktop/ros_ws/install/explore_lite/share/explore_lite/hook/cmake_prefix_path.ps1'
[53.488s] INFO:colcon.colcon_core.shell:Creating environment descriptor '/home/spicygen/Desktop/ros_ws/install/explore_lite/share/explore_lite/hook/cmake_prefix_path.dsv'
[53.489s] INFO:colcon.colcon_core.shell:Creating environment hook '/home/spicygen/Desktop/ros_ws/install/explore_lite/share/explore_lite/hook/cmake_prefix_path.sh'
[53.490s] Level 1:colcon.colcon_core.environment:checking '/home/spicygen/Desktop/ros_ws/install/explore_lite/lib'
[53.490s] Level 1:colcon.colcon_core.environment:checking '/home/spicygen/Desktop/ros_ws/install/explore_lite/bin'
[53.490s] Level 1:colcon.colcon_core.environment:checking '/home/spicygen/Desktop/ros_ws/install/explore_lite/lib/pkgconfig/explore_lite.pc'
[53.491s] Level 1:colcon.colcon_core.environment:checking '/home/spicygen/Desktop/ros_ws/install/explore_lite/lib/python3.10/site-packages'
[53.491s] Level 1:colcon.colcon_core.environment:checking '/home/spicygen/Desktop/ros_ws/install/explore_lite/bin'
[53.492s] INFO:colcon.colcon_core.shell:Creating package script '/home/spicygen/Desktop/ros_ws/install/explore_lite/share/explore_lite/package.ps1'
[53.493s] INFO:colcon.colcon_core.shell:Creating package descriptor '/home/spicygen/Desktop/ros_ws/install/explore_lite/share/explore_lite/package.dsv'
[53.493s] INFO:colcon.colcon_core.shell:Creating package script '/home/spicygen/Desktop/ros_ws/install/explore_lite/share/explore_lite/package.sh'
[53.494s] INFO:colcon.colcon_core.shell:Creating package script '/home/spicygen/Desktop/ros_ws/install/explore_lite/share/explore_lite/package.bash'
[53.495s] INFO:colcon.colcon_core.shell:Creating package script '/home/spicygen/Desktop/ros_ws/install/explore_lite/share/explore_lite/package.zsh'
[53.496s] Level 1:colcon.colcon_core.environment:create_file_with_runtime_dependencies(/home/spicygen/Desktop/ros_ws/install/explore_lite/share/colcon-core/packages/explore_lite)
[53.497s] Level 1:colcon.colcon_core.environment:create_environment_scripts_only(explore_lite)
[53.497s] Level 1:colcon.colcon_core.environment:checking '/home/spicygen/Desktop/ros_ws/install/explore_lite' for CMake module files
[53.498s] Level 1:colcon.colcon_core.environment:checking '/home/spicygen/Desktop/ros_ws/install/explore_lite' for CMake config files
[53.499s] Level 1:colcon.colcon_core.shell:create_environment_hook('explore_lite', 'cmake_prefix_path')
[53.500s] INFO:colcon.colcon_core.shell:Creating environment hook '/home/spicygen/Desktop/ros_ws/install/explore_lite/share/explore_lite/hook/cmake_prefix_path.ps1'
[53.500s] INFO:colcon.colcon_core.shell:Creating environment descriptor '/home/spicygen/Desktop/ros_ws/install/explore_lite/share/explore_lite/hook/cmake_prefix_path.dsv'
[53.501s] INFO:colcon.colcon_core.shell:Creating environment hook '/home/spicygen/Desktop/ros_ws/install/explore_lite/share/explore_lite/hook/cmake_prefix_path.sh'
[53.502s] Level 1:colcon.colcon_core.environment:checking '/home/spicygen/Desktop/ros_ws/install/explore_lite/lib'
[53.502s] Level 1:colcon.colcon_core.environment:checking '/home/spicygen/Desktop/ros_ws/install/explore_lite/bin'
[53.503s] Level 1:colcon.colcon_core.environment:checking '/home/spicygen/Desktop/ros_ws/install/explore_lite/lib/pkgconfig/explore_lite.pc'
[53.503s] Level 1:colcon.colcon_core.environment:checking '/home/spicygen/Desktop/ros_ws/install/explore_lite/lib/python3.10/site-packages'
[53.503s] Level 1:colcon.colcon_core.environment:checking '/home/spicygen/Desktop/ros_ws/install/explore_lite/bin'
[53.504s] INFO:colcon.colcon_core.shell:Creating package script '/home/spicygen/Desktop/ros_ws/install/explore_lite/share/explore_lite/package.ps1'
[53.505s] INFO:colcon.colcon_core.shell:Creating package descriptor '/home/spicygen/Desktop/ros_ws/install/explore_lite/share/explore_lite/package.dsv'
[53.506s] INFO:colcon.colcon_core.shell:Creating package script '/home/spicygen/Desktop/ros_ws/install/explore_lite/share/explore_lite/package.sh'
[53.507s] INFO:colcon.colcon_core.shell:Creating package script '/home/spicygen/Desktop/ros_ws/install/explore_lite/share/explore_lite/package.bash'
[53.508s] INFO:colcon.colcon_core.shell:Creating package script '/home/spicygen/Desktop/ros_ws/install/explore_lite/share/explore_lite/package.zsh'
[53.509s] Level 1:colcon.colcon_core.environment:create_file_with_runtime_dependencies(/home/spicygen/Desktop/ros_ws/install/explore_lite/share/colcon-core/packages/explore_lite)
[73.859s] DEBUG:colcon.colcon_core.event_handler.log_command:Invoked command in '/home/spicygen/Desktop/ros_ws/build/multirobot_map_merge' returned '0': CMAKE_PREFIX_PATH=/opt/ros/humble /usr/bin/cmake --build /home/spicygen/Desktop/ros_ws/build/multirobot_map_merge -- -j8 -l8
[73.863s] DEBUG:colcon.colcon_core.event_handler.log_command:Invoking command in '/home/spicygen/Desktop/ros_ws/build/multirobot_map_merge': CMAKE_PREFIX_PATH=/opt/ros/humble /usr/bin/cmake --install /home/spicygen/Desktop/ros_ws/build/multirobot_map_merge
[73.905s] Level 1:colcon.colcon_core.environment:create_environment_scripts_only(multirobot_map_merge)
[73.905s] DEBUG:colcon.colcon_core.event_handler.log_command:Invoked command in '/home/spicygen/Desktop/ros_ws/build/multirobot_map_merge' returned '0': CMAKE_PREFIX_PATH=/opt/ros/humble /usr/bin/cmake --install /home/spicygen/Desktop/ros_ws/build/multirobot_map_merge
[73.906s] Level 1:colcon.colcon_core.environment:checking '/home/spicygen/Desktop/ros_ws/install/multirobot_map_merge' for CMake module files
[73.907s] Level 1:colcon.colcon_core.environment:checking '/home/spicygen/Desktop/ros_ws/install/multirobot_map_merge' for CMake config files
[73.907s] Level 1:colcon.colcon_core.shell:create_environment_hook('multirobot_map_merge', 'cmake_prefix_path')
[73.908s] INFO:colcon.colcon_core.shell:Creating environment hook '/home/spicygen/Desktop/ros_ws/install/multirobot_map_merge/share/multirobot_map_merge/hook/cmake_prefix_path.ps1'
[73.909s] INFO:colcon.colcon_core.shell:Creating environment descriptor '/home/spicygen/Desktop/ros_ws/install/multirobot_map_merge/share/multirobot_map_merge/hook/cmake_prefix_path.dsv'
[73.909s] INFO:colcon.colcon_core.shell:Creating environment hook '/home/spicygen/Desktop/ros_ws/install/multirobot_map_merge/share/multirobot_map_merge/hook/cmake_prefix_path.sh'
[73.910s] Level 1:colcon.colcon_core.environment:checking '/home/spicygen/Desktop/ros_ws/install/multirobot_map_merge/lib'
[73.911s] Level 1:colcon.colcon_core.environment:checking '/home/spicygen/Desktop/ros_ws/install/multirobot_map_merge/bin'
[73.911s] Level 1:colcon.colcon_core.environment:checking '/home/spicygen/Desktop/ros_ws/install/multirobot_map_merge/lib/pkgconfig/multirobot_map_merge.pc'
[73.911s] Level 1:colcon.colcon_core.environment:checking '/home/spicygen/Desktop/ros_ws/install/multirobot_map_merge/lib/python3.10/site-packages'
[73.912s] Level 1:colcon.colcon_core.environment:checking '/home/spicygen/Desktop/ros_ws/install/multirobot_map_merge/bin'
[73.912s] INFO:colcon.colcon_core.shell:Creating package script '/home/spicygen/Desktop/ros_ws/install/multirobot_map_merge/share/multirobot_map_merge/package.ps1'
[73.913s] INFO:colcon.colcon_core.shell:Creating package descriptor '/home/spicygen/Desktop/ros_ws/install/multirobot_map_merge/share/multirobot_map_merge/package.dsv'
[73.914s] INFO:colcon.colcon_core.shell:Creating package script '/home/spicygen/Desktop/ros_ws/install/multirobot_map_merge/share/multirobot_map_merge/package.sh'
[73.915s] INFO:colcon.colcon_core.shell:Creating package script '/home/spicygen/Desktop/ros_ws/install/multirobot_map_merge/share/multirobot_map_merge/package.bash'
[73.915s] INFO:colcon.colcon_core.shell:Creating package script '/home/spicygen/Desktop/ros_ws/install/multirobot_map_merge/share/multirobot_map_merge/package.zsh'
[73.916s] Level 1:colcon.colcon_core.environment:create_file_with_runtime_dependencies(/home/spicygen/Desktop/ros_ws/install/multirobot_map_merge/share/colcon-core/packages/multirobot_map_merge)
[73.917s] Level 1:colcon.colcon_core.environment:create_environment_scripts_only(multirobot_map_merge)
[73.918s] Level 1:colcon.colcon_core.environment:checking '/home/spicygen/Desktop/ros_ws/install/multirobot_map_merge' for CMake module files
[73.919s] Level 1:colcon.colcon_core.environment:checking '/home/spicygen/Desktop/ros_ws/install/multirobot_map_merge' for CMake config files
[73.919s] Level 1:colcon.colcon_core.shell:create_environment_hook('multirobot_map_merge', 'cmake_prefix_path')
[73.920s] INFO:colcon.colcon_core.shell:Creating environment hook '/home/spicygen/Desktop/ros_ws/install/multirobot_map_merge/share/multirobot_map_merge/hook/cmake_prefix_path.ps1'
[73.921s] INFO:colcon.colcon_core.shell:Creating environment descriptor '/home/spicygen/Desktop/ros_ws/install/multirobot_map_merge/share/multirobot_map_merge/hook/cmake_prefix_path.dsv'
[73.921s] INFO:colcon.colcon_core.shell:Creating environment hook '/home/spicygen/Desktop/ros_ws/install/multirobot_map_merge/share/multirobot_map_merge/hook/cmake_prefix_path.sh'
[73.922s] Level 1:colcon.colcon_core.environment:checking '/home/spicygen/Desktop/ros_ws/install/multirobot_map_merge/lib'
[73.923s] Level 1:colcon.colcon_core.environment:checking '/home/spicygen/Desktop/ros_ws/install/multirobot_map_merge/bin'
[73.923s] Level 1:colcon.colcon_core.environment:checking '/home/spicygen/Desktop/ros_ws/install/multirobot_map_merge/lib/pkgconfig/multirobot_map_merge.pc'
[73.923s] Level 1:colcon.colcon_core.environment:checking '/home/spicygen/Desktop/ros_ws/install/multirobot_map_merge/lib/python3.10/site-packages'
[73.924s] Level 1:colcon.colcon_core.environment:checking '/home/spicygen/Desktop/ros_ws/install/multirobot_map_merge/bin'
[73.924s] INFO:colcon.colcon_core.shell:Creating package script '/home/spicygen/Desktop/ros_ws/install/multirobot_map_merge/share/multirobot_map_merge/package.ps1'
[73.925s] INFO:colcon.colcon_core.shell:Creating package descriptor '/home/spicygen/Desktop/ros_ws/install/multirobot_map_merge/share/multirobot_map_merge/package.dsv'
[73.926s] INFO:colcon.colcon_core.shell:Creating package script '/home/spicygen/Desktop/ros_ws/install/multirobot_map_merge/share/multirobot_map_merge/package.sh'
[73.927s] INFO:colcon.colcon_core.shell:Creating package script '/home/spicygen/Desktop/ros_ws/install/multirobot_map_merge/share/multirobot_map_merge/package.bash'
[73.928s] INFO:colcon.colcon_core.shell:Creating package script '/home/spicygen/Desktop/ros_ws/install/multirobot_map_merge/share/multirobot_map_merge/package.zsh'
[73.929s] Level 1:colcon.colcon_core.environment:create_file_with_runtime_dependencies(/home/spicygen/Desktop/ros_ws/install/multirobot_map_merge/share/colcon-core/packages/multirobot_map_merge)
[73.929s] DEBUG:colcon.colcon_parallel_executor.executor.parallel:closing loop
[73.931s] DEBUG:colcon.colcon_parallel_executor.executor.parallel:loop closed
[73.931s] DEBUG:colcon.colcon_parallel_executor.executor.parallel:run_until_complete finished with '0'
[73.931s] DEBUG:colcon.colcon_core.event_reactor:joining thread
[74.009s] INFO:colcon.colcon_core.plugin_system:Skipping extension 'colcon_notification.desktop_notification.terminal_notifier': Not used on non-Darwin systems
[74.010s] INFO:colcon.colcon_core.plugin_system:Skipping extension 'colcon_notification.desktop_notification.win32': Not used on non-Windows systems
[74.010s] INFO:colcon.colcon_notification.desktop_notification:Sending desktop notification using 'notify2'
[74.057s] DEBUG:colcon.colcon_core.event_reactor:joined thread
[74.058s] INFO:colcon.colcon_core.shell:Creating prefix script '/home/spicygen/Desktop/ros_ws/install/local_setup.ps1'
[74.092s] INFO:colcon.colcon_core.shell:Creating prefix util module '/home/spicygen/Desktop/ros_ws/install/_local_setup_util_ps1.py'
[74.121s] INFO:colcon.colcon_core.shell:Creating prefix chain script '/home/spicygen/Desktop/ros_ws/install/setup.ps1'
[74.140s] INFO:colcon.colcon_core.shell:Creating prefix script '/home/spicygen/Desktop/ros_ws/install/local_setup.sh'
[74.163s] INFO:colcon.colcon_core.shell:Creating prefix util module '/home/spicygen/Desktop/ros_ws/install/_local_setup_util_sh.py'
[74.164s] INFO:colcon.colcon_core.shell:Creating prefix chain script '/home/spicygen/Desktop/ros_ws/install/setup.sh'
[74.166s] INFO:colcon.colcon_core.shell:Creating prefix script '/home/spicygen/Desktop/ros_ws/install/local_setup.bash'
[74.168s] INFO:colcon.colcon_core.shell:Creating prefix chain script '/home/spicygen/Desktop/ros_ws/install/setup.bash'
[74.171s] INFO:colcon.colcon_core.shell:Creating prefix script '/home/spicygen/Desktop/ros_ws/install/local_setup.zsh'
[74.206s] INFO:colcon.colcon_core.shell:Creating prefix chain script '/home/spicygen/Desktop/ros_ws/install/setup.zsh'
