[0.255s] Invoking command in '/home/spicygen/Desktop/ros_ws/build/multirobot_map_merge': CMAKE_PREFIX_PATH=/opt/ros/humble /usr/bin/cmake --build /home/spicygen/Desktop/ros_ws/build/multirobot_map_merge -- -j8 -l8
[1.103s] [ 16%] Built target gtest_main
[1.129s] [ 50%] Built target combine_grids
[1.147s] [ 66%] Built target gtest
[1.360s] [ 83%] Built target test_merging_pipeline
[1.378s] [100%] Built target map_merge
[2.081s] Invoked command in '/home/spicygen/Desktop/ros_ws/build/multirobot_map_merge' returned '0': CMAKE_PREFIX_PATH=/opt/ros/humble /usr/bin/cmake --build /home/spicygen/Desktop/ros_ws/build/multirobot_map_merge -- -j8 -l8
[2.086s] Invoking command in '/home/spicygen/Desktop/ros_ws/build/multirobot_map_merge': CMAKE_PREFIX_PATH=/opt/ros/humble /usr/bin/cmake --install /home/spicygen/Desktop/ros_ws/build/multirobot_map_merge
[2.096s] -- Install configuration: ""
[2.096s] -- Up-to-date: /home/spicygen/Desktop/ros_ws/install/multirobot_map_merge/include/map_merge/
[2.097s] -- Up-to-date: /home/spicygen/Desktop/ros_ws/install/multirobot_map_merge/include/map_merge//map_merge.h
[2.097s] -- Up-to-date: /home/spicygen/Desktop/ros_ws/install/multirobot_map_merge/include/map_merge//ros1_names.hpp
[2.097s] -- Up-to-date: /home/spicygen/Desktop/ros_ws/install/multirobot_map_merge/share/multirobot_map_merge/launch
[2.097s] -- Up-to-date: /home/spicygen/Desktop/ros_ws/install/multirobot_map_merge/share/multirobot_map_merge/launch/map_merge.launch.py
[2.097s] -- Up-to-date: /home/spicygen/Desktop/ros_ws/install/multirobot_map_merge/share/multirobot_map_merge/launch/tb3_simulation
[2.097s] -- Up-to-date: /home/spicygen/Desktop/ros_ws/install/multirobot_map_merge/share/multirobot_map_merge/launch/tb3_simulation/multi_tb3_simulation_launch.py
[2.097s] -- Up-to-date: /home/spicygen/Desktop/ros_ws/install/multirobot_map_merge/share/multirobot_map_merge/launch/tb3_simulation/config
[2.097s] -- Up-to-date: /home/spicygen/Desktop/ros_ws/install/multirobot_map_merge/share/multirobot_map_merge/launch/tb3_simulation/config/nav2_multirobot_params_2.yaml
[2.097s] -- Up-to-date: /home/spicygen/Desktop/ros_ws/install/multirobot_map_merge/share/multirobot_map_merge/launch/tb3_simulation/config/nav2_multirobot_params_1.yaml
[2.097s] -- Up-to-date: /home/spicygen/Desktop/ros_ws/install/multirobot_map_merge/share/multirobot_map_merge/launch/tb3_simulation/tb3_simulation_launch.py
[2.097s] -- Up-to-date: /home/spicygen/Desktop/ros_ws/install/multirobot_map_merge/share/multirobot_map_merge/launch/tb3_simulation/bringup_launch.py
[2.097s] -- Up-to-date: /home/spicygen/Desktop/ros_ws/install/multirobot_map_merge/share/multirobot_map_merge/launch/tb3_simulation/worlds
[2.097s] -- Up-to-date: /home/spicygen/Desktop/ros_ws/install/multirobot_map_merge/share/multirobot_map_merge/launch/tb3_simulation/worlds/world_only.model
[2.097s] -- Up-to-date: /home/spicygen/Desktop/ros_ws/install/multirobot_map_merge/share/multirobot_map_merge/launch/tb3_simulation/slam_toolbox.py
[2.098s] -- Up-to-date: /home/spicygen/Desktop/ros_ws/install/multirobot_map_merge/share/multirobot_map_merge/launch/map_merge.rviz
[2.098s] -- Up-to-date: /home/spicygen/Desktop/ros_ws/install/multirobot_map_merge/share/multirobot_map_merge/launch/from_map_server.launch.py
[2.098s] -- Up-to-date: /home/spicygen/Desktop/ros_ws/install/multirobot_map_merge/share/multirobot_map_merge/config
[2.098s] -- Installing: /home/spicygen/Desktop/ros_ws/install/multirobot_map_merge/share/multirobot_map_merge/config/params.yaml
[2.118s] -- Up-to-date: /home/spicygen/Desktop/ros_ws/install/multirobot_map_merge/lib/libcombine_grids.a
[2.182s] -- Up-to-date: /home/spicygen/Desktop/ros_ws/install/multirobot_map_merge/lib/multirobot_map_merge/map_merge
[2.183s] -- Up-to-date: /home/spicygen/Desktop/ros_ws/install/multirobot_map_merge/share/multirobot_map_merge/environment/library_path.sh
[2.184s] -- Up-to-date: /home/spicygen/Desktop/ros_ws/install/multirobot_map_merge/share/multirobot_map_merge/environment/library_path.dsv
[2.184s] -- Up-to-date: /home/spicygen/Desktop/ros_ws/install/multirobot_map_merge/share/ament_index/resource_index/package_run_dependencies/multirobot_map_merge
[2.185s] -- Up-to-date: /home/spicygen/Desktop/ros_ws/install/multirobot_map_merge/share/ament_index/resource_index/parent_prefix_path/multirobot_map_merge
[2.185s] -- Up-to-date: /home/spicygen/Desktop/ros_ws/install/multirobot_map_merge/share/multirobot_map_merge/environment/ament_prefix_path.sh
[2.186s] -- Up-to-date: /home/spicygen/Desktop/ros_ws/install/multirobot_map_merge/share/multirobot_map_merge/environment/ament_prefix_path.dsv
[2.186s] -- Up-to-date: /home/spicygen/Desktop/ros_ws/install/multirobot_map_merge/share/multirobot_map_merge/environment/path.sh
[2.186s] -- Up-to-date: /home/spicygen/Desktop/ros_ws/install/multirobot_map_merge/share/multirobot_map_merge/environment/path.dsv
[2.187s] -- Up-to-date: /home/spicygen/Desktop/ros_ws/install/multirobot_map_merge/share/multirobot_map_merge/local_setup.bash
[2.187s] -- Up-to-date: /home/spicygen/Desktop/ros_ws/install/multirobot_map_merge/share/multirobot_map_merge/local_setup.sh
[2.187s] -- Up-to-date: /home/spicygen/Desktop/ros_ws/install/multirobot_map_merge/share/multirobot_map_merge/local_setup.zsh
[2.188s] -- Up-to-date: /home/spicygen/Desktop/ros_ws/install/multirobot_map_merge/share/multirobot_map_merge/local_setup.dsv
[2.188s] -- Installing: /home/spicygen/Desktop/ros_ws/install/multirobot_map_merge/share/multirobot_map_merge/package.dsv
[2.229s] -- Up-to-date: /home/spicygen/Desktop/ros_ws/install/multirobot_map_merge/share/ament_index/resource_index/packages/multirobot_map_merge
[2.229s] -- Up-to-date: /home/spicygen/Desktop/ros_ws/install/multirobot_map_merge/share/multirobot_map_merge/cmake/ament_cmake_export_include_directories-extras.cmake
[2.230s] -- Up-to-date: /home/spicygen/Desktop/ros_ws/install/multirobot_map_merge/share/multirobot_map_merge/cmake/ament_cmake_export_libraries-extras.cmake
[2.231s] -- Up-to-date: /home/spicygen/Desktop/ros_ws/install/multirobot_map_merge/share/multirobot_map_merge/cmake/multirobot_map_mergeConfig.cmake
[2.231s] -- Up-to-date: /home/spicygen/Desktop/ros_ws/install/multirobot_map_merge/share/multirobot_map_merge/cmake/multirobot_map_mergeConfig-version.cmake
[2.232s] -- Up-to-date: /home/spicygen/Desktop/ros_ws/install/multirobot_map_merge/share/multirobot_map_merge/package.xml
[2.257s] Invoked command in '/home/spicygen/Desktop/ros_ws/build/multirobot_map_merge' returned '0': CMAKE_PREFIX_PATH=/opt/ros/humble /usr/bin/cmake --install /home/spicygen/Desktop/ros_ws/build/multirobot_map_merge
