[0.392s] DEBUG:colcon:Command line arguments: ['/usr/bin/colcon', 'build', '--symlink-install']
[0.392s] DEBUG:colcon:Parsed command line arguments: Namespace(log_base=None, log_level=None, verb_name='build', build_base='build', install_base='install', merge_install=False, symlink_install=True, test_result_base=None, continue_on_error=False, executor='parallel', parallel_workers=8, event_handlers=None, ignore_user_meta=False, metas=['./colcon.meta'], base_paths=['.'], packages_ignore=None, packages_ignore_regex=None, paths=None, packages_up_to=None, packages_up_to_regex=None, packages_above=None, packages_above_and_dependencies=None, packages_above_depth=None, packages_select_by_dep=None, packages_skip_by_dep=None, packages_skip_up_to=None, packages_select_build_failed=False, packages_skip_build_finished=False, packages_select_test_failures=False, packages_skip_test_passed=False, packages_select=None, packages_skip=None, packages_select_regex=None, packages_skip_regex=None, packages_start=None, packages_end=None, allow_overriding=[], cmake_args=None, cmake_target=None, cmake_target_skip_unavailable=False, cmake_clean_cache=False, cmake_clean_first=False, cmake_force_configure=False, ament_cmake_args=None, catkin_cmake_args=None, catkin_skip_building_tests=False, mixin_files=None, mixin=None, verb_parser=<colcon_mixin.mixin.mixin_argument.MixinArgumentDecorator object at 0x7683a3066d10>, verb_extension=<colcon_core.verb.build.BuildVerb object at 0x7683a3066830>, main=<bound method BuildVerb.main of <colcon_core.verb.build.BuildVerb object at 0x7683a3066830>>, mixin_verb=('build',))
[0.871s] Level 1:colcon.colcon_core.package_discovery:discover_packages(colcon_meta) check parameters
[0.872s] Level 1:colcon.colcon_core.package_discovery:discover_packages(recursive) check parameters
[0.872s] Level 1:colcon.colcon_core.package_discovery:discover_packages(ignore) check parameters
[0.872s] Level 1:colcon.colcon_core.package_discovery:discover_packages(path) check parameters
[0.872s] Level 1:colcon.colcon_core.package_discovery:discover_packages(colcon_meta) discover
[0.872s] Level 1:colcon.colcon_core.package_discovery:discover_packages(recursive) discover
[0.872s] INFO:colcon.colcon_core.package_discovery:Crawling recursively for packages in '/home/spicygen/Desktop/ros_ws'
[0.873s] Level 1:colcon.colcon_core.package_identification:_identify(.) by extensions ['ignore', 'ignore_ament_install']
[0.873s] Level 1:colcon.colcon_core.package_identification:_identify(.) by extension 'ignore'
[0.873s] Level 1:colcon.colcon_core.package_identification:_identify(.) by extension 'ignore_ament_install'
[0.873s] Level 1:colcon.colcon_core.package_identification:_identify(.) by extensions ['colcon_pkg']
[0.873s] Level 1:colcon.colcon_core.package_identification:_identify(.) by extension 'colcon_pkg'
[0.874s] Level 1:colcon.colcon_core.package_identification:_identify(.) by extensions ['colcon_meta']
[0.874s] Level 1:colcon.colcon_core.package_identification:_identify(.) by extension 'colcon_meta'
[0.874s] Level 1:colcon.colcon_core.package_identification:_identify(.) by extensions ['ros']
[0.874s] Level 1:colcon.colcon_core.package_identification:_identify(.) by extension 'ros'
[0.912s] Level 1:colcon.colcon_core.package_identification:_identify(.) by extensions ['cmake', 'python']
[0.912s] Level 1:colcon.colcon_core.package_identification:_identify(.) by extension 'cmake'
[0.913s] Level 1:colcon.colcon_core.package_identification:_identify(.) by extension 'python'
[0.913s] Level 1:colcon.colcon_core.package_identification:_identify(.) by extensions ['python_setup_py']
[0.913s] Level 1:colcon.colcon_core.package_identification:_identify(.) by extension 'python_setup_py'
[0.936s] Level 1:colcon.colcon_core.package_identification:_identify(build) by extensions ['ignore', 'ignore_ament_install']
[0.936s] Level 1:colcon.colcon_core.package_identification:_identify(build) by extension 'ignore'
[0.936s] Level 1:colcon.colcon_core.package_identification:_identify(build) ignored
[0.947s] Level 1:colcon.colcon_core.package_identification:_identify(install) by extensions ['ignore', 'ignore_ament_install']
[0.947s] Level 1:colcon.colcon_core.package_identification:_identify(install) by extension 'ignore'
[0.947s] Level 1:colcon.colcon_core.package_identification:_identify(install) ignored
[0.948s] Level 1:colcon.colcon_core.package_identification:_identify(log) by extensions ['ignore', 'ignore_ament_install']
[0.948s] Level 1:colcon.colcon_core.package_identification:_identify(log) by extension 'ignore'
[0.948s] Level 1:colcon.colcon_core.package_identification:_identify(log) ignored
[0.948s] Level 1:colcon.colcon_core.package_identification:_identify(src) by extensions ['ignore', 'ignore_ament_install']
[0.949s] Level 1:colcon.colcon_core.package_identification:_identify(src) by extension 'ignore'
[0.949s] Level 1:colcon.colcon_core.package_identification:_identify(src) by extension 'ignore_ament_install'
[0.949s] Level 1:colcon.colcon_core.package_identification:_identify(src) by extensions ['colcon_pkg']
[0.949s] Level 1:colcon.colcon_core.package_identification:_identify(src) by extension 'colcon_pkg'
[0.949s] Level 1:colcon.colcon_core.package_identification:_identify(src) by extensions ['colcon_meta']
[0.949s] Level 1:colcon.colcon_core.package_identification:_identify(src) by extension 'colcon_meta'
[0.949s] Level 1:colcon.colcon_core.package_identification:_identify(src) by extensions ['ros']
[0.950s] Level 1:colcon.colcon_core.package_identification:_identify(src) by extension 'ros'
[0.950s] Level 1:colcon.colcon_core.package_identification:_identify(src) by extensions ['cmake', 'python']
[0.950s] Level 1:colcon.colcon_core.package_identification:_identify(src) by extension 'cmake'
[0.950s] Level 1:colcon.colcon_core.package_identification:_identify(src) by extension 'python'
[0.950s] Level 1:colcon.colcon_core.package_identification:_identify(src) by extensions ['python_setup_py']
[0.950s] Level 1:colcon.colcon_core.package_identification:_identify(src) by extension 'python_setup_py'
[0.951s] Level 1:colcon.colcon_core.package_identification:_identify(src/bcr-bot) by extensions ['ignore', 'ignore_ament_install']
[0.951s] Level 1:colcon.colcon_core.package_identification:_identify(src/bcr-bot) by extension 'ignore'
[0.951s] Level 1:colcon.colcon_core.package_identification:_identify(src/bcr-bot) by extension 'ignore_ament_install'
[0.951s] Level 1:colcon.colcon_core.package_identification:_identify(src/bcr-bot) by extensions ['colcon_pkg']
[0.951s] Level 1:colcon.colcon_core.package_identification:_identify(src/bcr-bot) by extension 'colcon_pkg'
[0.952s] Level 1:colcon.colcon_core.package_identification:_identify(src/bcr-bot) by extensions ['colcon_meta']
[0.952s] Level 1:colcon.colcon_core.package_identification:_identify(src/bcr-bot) by extension 'colcon_meta'
[0.952s] Level 1:colcon.colcon_core.package_identification:_identify(src/bcr-bot) by extensions ['ros']
[0.952s] Level 1:colcon.colcon_core.package_identification:_identify(src/bcr-bot) by extension 'ros'
[0.959s] DEBUG:colcon.colcon_core.package_identification:Package 'src/bcr-bot' with type 'ros.ament_cmake' and name 'bcr_bot'
[0.964s] Level 1:colcon.colcon_core.package_identification:_identify(src/m-explore-ros2) by extensions ['ignore', 'ignore_ament_install']
[0.964s] Level 1:colcon.colcon_core.package_identification:_identify(src/m-explore-ros2) by extension 'ignore'
[0.964s] Level 1:colcon.colcon_core.package_identification:_identify(src/m-explore-ros2) by extension 'ignore_ament_install'
[0.964s] Level 1:colcon.colcon_core.package_identification:_identify(src/m-explore-ros2) by extensions ['colcon_pkg']
[0.964s] Level 1:colcon.colcon_core.package_identification:_identify(src/m-explore-ros2) by extension 'colcon_pkg'
[0.964s] Level 1:colcon.colcon_core.package_identification:_identify(src/m-explore-ros2) by extensions ['colcon_meta']
[0.964s] Level 1:colcon.colcon_core.package_identification:_identify(src/m-explore-ros2) by extension 'colcon_meta'
[0.965s] Level 1:colcon.colcon_core.package_identification:_identify(src/m-explore-ros2) by extensions ['ros']
[0.965s] Level 1:colcon.colcon_core.package_identification:_identify(src/m-explore-ros2) by extension 'ros'
[0.965s] Level 1:colcon.colcon_core.package_identification:_identify(src/m-explore-ros2) by extensions ['cmake', 'python']
[0.965s] Level 1:colcon.colcon_core.package_identification:_identify(src/m-explore-ros2) by extension 'cmake'
[0.965s] Level 1:colcon.colcon_core.package_identification:_identify(src/m-explore-ros2) by extension 'python'
[0.965s] Level 1:colcon.colcon_core.package_identification:_identify(src/m-explore-ros2) by extensions ['python_setup_py']
[0.965s] Level 1:colcon.colcon_core.package_identification:_identify(src/m-explore-ros2) by extension 'python_setup_py'
[0.975s] Level 1:colcon.colcon_core.package_identification:_identify(src/m-explore-ros2/explore) by extensions ['ignore', 'ignore_ament_install']
[0.975s] Level 1:colcon.colcon_core.package_identification:_identify(src/m-explore-ros2/explore) by extension 'ignore'
[0.976s] Level 1:colcon.colcon_core.package_identification:_identify(src/m-explore-ros2/explore) by extension 'ignore_ament_install'
[0.976s] Level 1:colcon.colcon_core.package_identification:_identify(src/m-explore-ros2/explore) by extensions ['colcon_pkg']
[0.976s] Level 1:colcon.colcon_core.package_identification:_identify(src/m-explore-ros2/explore) by extension 'colcon_pkg'
[0.976s] Level 1:colcon.colcon_core.package_identification:_identify(src/m-explore-ros2/explore) by extensions ['colcon_meta']
[0.976s] Level 1:colcon.colcon_core.package_identification:_identify(src/m-explore-ros2/explore) by extension 'colcon_meta'
[0.976s] Level 1:colcon.colcon_core.package_identification:_identify(src/m-explore-ros2/explore) by extensions ['ros']
[0.976s] Level 1:colcon.colcon_core.package_identification:_identify(src/m-explore-ros2/explore) by extension 'ros'
[1.003s] DEBUG:colcon.colcon_core.package_identification:Package 'src/m-explore-ros2/explore' with type 'ros.ament_cmake' and name 'explore_lite'
[1.003s] Level 1:colcon.colcon_core.package_identification:_identify(src/m-explore-ros2/map_merge) by extensions ['ignore', 'ignore_ament_install']
[1.004s] Level 1:colcon.colcon_core.package_identification:_identify(src/m-explore-ros2/map_merge) by extension 'ignore'
[1.004s] Level 1:colcon.colcon_core.package_identification:_identify(src/m-explore-ros2/map_merge) by extension 'ignore_ament_install'
[1.004s] Level 1:colcon.colcon_core.package_identification:_identify(src/m-explore-ros2/map_merge) by extensions ['colcon_pkg']
[1.004s] Level 1:colcon.colcon_core.package_identification:_identify(src/m-explore-ros2/map_merge) by extension 'colcon_pkg'
[1.004s] Level 1:colcon.colcon_core.package_identification:_identify(src/m-explore-ros2/map_merge) by extensions ['colcon_meta']
[1.004s] Level 1:colcon.colcon_core.package_identification:_identify(src/m-explore-ros2/map_merge) by extension 'colcon_meta'
[1.004s] Level 1:colcon.colcon_core.package_identification:_identify(src/m-explore-ros2/map_merge) by extensions ['ros']
[1.004s] Level 1:colcon.colcon_core.package_identification:_identify(src/m-explore-ros2/map_merge) by extension 'ros'
[1.024s] DEBUG:colcon.colcon_core.package_identification:Package 'src/m-explore-ros2/map_merge' with type 'ros.ament_cmake' and name 'multirobot_map_merge'
[1.048s] Level 1:colcon.colcon_core.package_identification:_identify(src/slam_gmapping) by extensions ['ignore', 'ignore_ament_install']
[1.048s] Level 1:colcon.colcon_core.package_identification:_identify(src/slam_gmapping) by extension 'ignore'
[1.048s] Level 1:colcon.colcon_core.package_identification:_identify(src/slam_gmapping) by extension 'ignore_ament_install'
[1.048s] Level 1:colcon.colcon_core.package_identification:_identify(src/slam_gmapping) by extensions ['colcon_pkg']
[1.049s] Level 1:colcon.colcon_core.package_identification:_identify(src/slam_gmapping) by extension 'colcon_pkg'
[1.049s] Level 1:colcon.colcon_core.package_identification:_identify(src/slam_gmapping) by extensions ['colcon_meta']
[1.049s] Level 1:colcon.colcon_core.package_identification:_identify(src/slam_gmapping) by extension 'colcon_meta'
[1.049s] Level 1:colcon.colcon_core.package_identification:_identify(src/slam_gmapping) by extensions ['ros']
[1.049s] Level 1:colcon.colcon_core.package_identification:_identify(src/slam_gmapping) by extension 'ros'
[1.049s] Level 1:colcon.colcon_core.package_identification:_identify(src/slam_gmapping) by extensions ['cmake', 'python']
[1.049s] Level 1:colcon.colcon_core.package_identification:_identify(src/slam_gmapping) by extension 'cmake'
[1.049s] Level 1:colcon.colcon_core.package_identification:_identify(src/slam_gmapping) by extension 'python'
[1.050s] Level 1:colcon.colcon_core.package_identification:_identify(src/slam_gmapping) by extensions ['python_setup_py']
[1.050s] Level 1:colcon.colcon_core.package_identification:_identify(src/slam_gmapping) by extension 'python_setup_py'
[1.059s] Level 1:colcon.colcon_core.package_identification:_identify(src/slam_gmapping/openslam_gmapping) by extensions ['ignore', 'ignore_ament_install']
[1.060s] Level 1:colcon.colcon_core.package_identification:_identify(src/slam_gmapping/openslam_gmapping) by extension 'ignore'
[1.060s] Level 1:colcon.colcon_core.package_identification:_identify(src/slam_gmapping/openslam_gmapping) by extension 'ignore_ament_install'
[1.060s] Level 1:colcon.colcon_core.package_identification:_identify(src/slam_gmapping/openslam_gmapping) by extensions ['colcon_pkg']
[1.060s] Level 1:colcon.colcon_core.package_identification:_identify(src/slam_gmapping/openslam_gmapping) by extension 'colcon_pkg'
[1.060s] Level 1:colcon.colcon_core.package_identification:_identify(src/slam_gmapping/openslam_gmapping) by extensions ['colcon_meta']
[1.060s] Level 1:colcon.colcon_core.package_identification:_identify(src/slam_gmapping/openslam_gmapping) by extension 'colcon_meta'
[1.060s] Level 1:colcon.colcon_core.package_identification:_identify(src/slam_gmapping/openslam_gmapping) by extensions ['ros']
[1.060s] Level 1:colcon.colcon_core.package_identification:_identify(src/slam_gmapping/openslam_gmapping) by extension 'ros'
[1.089s] DEBUG:colcon.colcon_core.package_identification:Package 'src/slam_gmapping/openslam_gmapping' with type 'ros.ament_cmake' and name 'openslam_gmapping'
[1.090s] Level 1:colcon.colcon_core.package_identification:_identify(src/slam_gmapping/slam_gmapping) by extensions ['ignore', 'ignore_ament_install']
[1.091s] Level 1:colcon.colcon_core.package_identification:_identify(src/slam_gmapping/slam_gmapping) by extension 'ignore'
[1.091s] Level 1:colcon.colcon_core.package_identification:_identify(src/slam_gmapping/slam_gmapping) by extension 'ignore_ament_install'
[1.091s] Level 1:colcon.colcon_core.package_identification:_identify(src/slam_gmapping/slam_gmapping) by extensions ['colcon_pkg']
[1.091s] Level 1:colcon.colcon_core.package_identification:_identify(src/slam_gmapping/slam_gmapping) by extension 'colcon_pkg'
[1.091s] Level 1:colcon.colcon_core.package_identification:_identify(src/slam_gmapping/slam_gmapping) by extensions ['colcon_meta']
[1.091s] Level 1:colcon.colcon_core.package_identification:_identify(src/slam_gmapping/slam_gmapping) by extension 'colcon_meta'
[1.091s] Level 1:colcon.colcon_core.package_identification:_identify(src/slam_gmapping/slam_gmapping) by extensions ['ros']
[1.091s] Level 1:colcon.colcon_core.package_identification:_identify(src/slam_gmapping/slam_gmapping) by extension 'ros'
[1.094s] DEBUG:colcon.colcon_core.package_identification:Package 'src/slam_gmapping/slam_gmapping' with type 'ros.ament_cmake' and name 'slam_gmapping'
[1.095s] Level 1:colcon.colcon_core.package_discovery:discover_packages(recursive) using defaults
[1.095s] Level 1:colcon.colcon_core.package_discovery:discover_packages(ignore) discover
[1.095s] Level 1:colcon.colcon_core.package_discovery:discover_packages(ignore) using defaults
[1.095s] Level 1:colcon.colcon_core.package_discovery:discover_packages(path) discover
[1.095s] Level 1:colcon.colcon_core.package_discovery:discover_packages(path) using defaults
[1.141s] Level 1:colcon.colcon_core.package_discovery:discover_packages(prefix_path) check parameters
[1.141s] Level 1:colcon.colcon_core.package_discovery:discover_packages(prefix_path) discover
[1.177s] DEBUG:colcon.colcon_installed_package_information.package_discovery:Found 5 installed packages in /home/spicygen/Desktop/ros_ws/install
[1.182s] DEBUG:colcon.colcon_installed_package_information.package_discovery:Found 502 installed packages in /opt/ros/humble
[1.189s] Level 1:colcon.colcon_core.package_discovery:discover_packages(prefix_path) using defaults
[1.938s] Level 5:colcon.colcon_core.verb:set package 'bcr_bot' build argument 'cmake_args' from command line to 'None'
[1.939s] Level 5:colcon.colcon_core.verb:set package 'bcr_bot' build argument 'cmake_target' from command line to 'None'
[1.939s] Level 5:colcon.colcon_core.verb:set package 'bcr_bot' build argument 'cmake_target_skip_unavailable' from command line to 'False'
[1.939s] Level 5:colcon.colcon_core.verb:set package 'bcr_bot' build argument 'cmake_clean_cache' from command line to 'False'
[1.939s] Level 5:colcon.colcon_core.verb:set package 'bcr_bot' build argument 'cmake_clean_first' from command line to 'False'
[1.939s] Level 5:colcon.colcon_core.verb:set package 'bcr_bot' build argument 'cmake_force_configure' from command line to 'False'
[1.939s] Level 5:colcon.colcon_core.verb:set package 'bcr_bot' build argument 'ament_cmake_args' from command line to 'None'
[1.939s] Level 5:colcon.colcon_core.verb:set package 'bcr_bot' build argument 'catkin_cmake_args' from command line to 'None'
[1.939s] Level 5:colcon.colcon_core.verb:set package 'bcr_bot' build argument 'catkin_skip_building_tests' from command line to 'False'
[1.939s] DEBUG:colcon.colcon_core.verb:Building package 'bcr_bot' with the following arguments: {'ament_cmake_args': None, 'build_base': '/home/spicygen/Desktop/ros_ws/build/bcr_bot', 'catkin_cmake_args': None, 'catkin_skip_building_tests': False, 'cmake_args': None, 'cmake_clean_cache': False, 'cmake_clean_first': False, 'cmake_force_configure': False, 'cmake_target': None, 'cmake_target_skip_unavailable': False, 'install_base': '/home/spicygen/Desktop/ros_ws/install/bcr_bot', 'merge_install': False, 'path': '/home/spicygen/Desktop/ros_ws/src/bcr-bot', 'symlink_install': True, 'test_result_base': None}
[1.940s] Level 5:colcon.colcon_core.verb:set package 'explore_lite' build argument 'cmake_args' from command line to 'None'
[1.940s] Level 5:colcon.colcon_core.verb:set package 'explore_lite' build argument 'cmake_target' from command line to 'None'
[1.940s] Level 5:colcon.colcon_core.verb:set package 'explore_lite' build argument 'cmake_target_skip_unavailable' from command line to 'False'
[1.940s] Level 5:colcon.colcon_core.verb:set package 'explore_lite' build argument 'cmake_clean_cache' from command line to 'False'
[1.940s] Level 5:colcon.colcon_core.verb:set package 'explore_lite' build argument 'cmake_clean_first' from command line to 'False'
[1.940s] Level 5:colcon.colcon_core.verb:set package 'explore_lite' build argument 'cmake_force_configure' from command line to 'False'
[1.940s] Level 5:colcon.colcon_core.verb:set package 'explore_lite' build argument 'ament_cmake_args' from command line to 'None'
[1.940s] Level 5:colcon.colcon_core.verb:set package 'explore_lite' build argument 'catkin_cmake_args' from command line to 'None'
[1.940s] Level 5:colcon.colcon_core.verb:set package 'explore_lite' build argument 'catkin_skip_building_tests' from command line to 'False'
[1.940s] DEBUG:colcon.colcon_core.verb:Building package 'explore_lite' with the following arguments: {'ament_cmake_args': None, 'build_base': '/home/spicygen/Desktop/ros_ws/build/explore_lite', 'catkin_cmake_args': None, 'catkin_skip_building_tests': False, 'cmake_args': None, 'cmake_clean_cache': False, 'cmake_clean_first': False, 'cmake_force_configure': False, 'cmake_target': None, 'cmake_target_skip_unavailable': False, 'install_base': '/home/spicygen/Desktop/ros_ws/install/explore_lite', 'merge_install': False, 'path': '/home/spicygen/Desktop/ros_ws/src/m-explore-ros2/explore', 'symlink_install': True, 'test_result_base': None}
[1.941s] Level 5:colcon.colcon_core.verb:set package 'multirobot_map_merge' build argument 'cmake_args' from command line to 'None'
[1.941s] Level 5:colcon.colcon_core.verb:set package 'multirobot_map_merge' build argument 'cmake_target' from command line to 'None'
[1.941s] Level 5:colcon.colcon_core.verb:set package 'multirobot_map_merge' build argument 'cmake_target_skip_unavailable' from command line to 'False'
[1.941s] Level 5:colcon.colcon_core.verb:set package 'multirobot_map_merge' build argument 'cmake_clean_cache' from command line to 'False'
[1.942s] Level 5:colcon.colcon_core.verb:set package 'multirobot_map_merge' build argument 'cmake_clean_first' from command line to 'False'
[1.942s] Level 5:colcon.colcon_core.verb:set package 'multirobot_map_merge' build argument 'cmake_force_configure' from command line to 'False'
[1.942s] Level 5:colcon.colcon_core.verb:set package 'multirobot_map_merge' build argument 'ament_cmake_args' from command line to 'None'
[1.942s] Level 5:colcon.colcon_core.verb:set package 'multirobot_map_merge' build argument 'catkin_cmake_args' from command line to 'None'
[1.942s] Level 5:colcon.colcon_core.verb:set package 'multirobot_map_merge' build argument 'catkin_skip_building_tests' from command line to 'False'
[1.942s] DEBUG:colcon.colcon_core.verb:Building package 'multirobot_map_merge' with the following arguments: {'ament_cmake_args': None, 'build_base': '/home/spicygen/Desktop/ros_ws/build/multirobot_map_merge', 'catkin_cmake_args': None, 'catkin_skip_building_tests': False, 'cmake_args': None, 'cmake_clean_cache': False, 'cmake_clean_first': False, 'cmake_force_configure': False, 'cmake_target': None, 'cmake_target_skip_unavailable': False, 'install_base': '/home/spicygen/Desktop/ros_ws/install/multirobot_map_merge', 'merge_install': False, 'path': '/home/spicygen/Desktop/ros_ws/src/m-explore-ros2/map_merge', 'symlink_install': True, 'test_result_base': None}
[1.943s] Level 5:colcon.colcon_core.verb:set package 'openslam_gmapping' build argument 'cmake_args' from command line to 'None'
[1.943s] Level 5:colcon.colcon_core.verb:set package 'openslam_gmapping' build argument 'cmake_target' from command line to 'None'
[1.943s] Level 5:colcon.colcon_core.verb:set package 'openslam_gmapping' build argument 'cmake_target_skip_unavailable' from command line to 'False'
[1.943s] Level 5:colcon.colcon_core.verb:set package 'openslam_gmapping' build argument 'cmake_clean_cache' from command line to 'False'
[1.943s] Level 5:colcon.colcon_core.verb:set package 'openslam_gmapping' build argument 'cmake_clean_first' from command line to 'False'
[1.943s] Level 5:colcon.colcon_core.verb:set package 'openslam_gmapping' build argument 'cmake_force_configure' from command line to 'False'
[1.943s] Level 5:colcon.colcon_core.verb:set package 'openslam_gmapping' build argument 'ament_cmake_args' from command line to 'None'
[1.943s] Level 5:colcon.colcon_core.verb:set package 'openslam_gmapping' build argument 'catkin_cmake_args' from command line to 'None'
[1.943s] Level 5:colcon.colcon_core.verb:set package 'openslam_gmapping' build argument 'catkin_skip_building_tests' from command line to 'False'
[1.943s] DEBUG:colcon.colcon_core.verb:Building package 'openslam_gmapping' with the following arguments: {'ament_cmake_args': None, 'build_base': '/home/spicygen/Desktop/ros_ws/build/openslam_gmapping', 'catkin_cmake_args': None, 'catkin_skip_building_tests': False, 'cmake_args': None, 'cmake_clean_cache': False, 'cmake_clean_first': False, 'cmake_force_configure': False, 'cmake_target': None, 'cmake_target_skip_unavailable': False, 'install_base': '/home/spicygen/Desktop/ros_ws/install/openslam_gmapping', 'merge_install': False, 'path': '/home/spicygen/Desktop/ros_ws/src/slam_gmapping/openslam_gmapping', 'symlink_install': True, 'test_result_base': None}
[1.944s] Level 5:colcon.colcon_core.verb:set package 'slam_gmapping' build argument 'cmake_args' from command line to 'None'
[1.944s] Level 5:colcon.colcon_core.verb:set package 'slam_gmapping' build argument 'cmake_target' from command line to 'None'
[1.944s] Level 5:colcon.colcon_core.verb:set package 'slam_gmapping' build argument 'cmake_target_skip_unavailable' from command line to 'False'
[1.944s] Level 5:colcon.colcon_core.verb:set package 'slam_gmapping' build argument 'cmake_clean_cache' from command line to 'False'
[1.944s] Level 5:colcon.colcon_core.verb:set package 'slam_gmapping' build argument 'cmake_clean_first' from command line to 'False'
[1.944s] Level 5:colcon.colcon_core.verb:set package 'slam_gmapping' build argument 'cmake_force_configure' from command line to 'False'
[1.944s] Level 5:colcon.colcon_core.verb:set package 'slam_gmapping' build argument 'ament_cmake_args' from command line to 'None'
[1.944s] Level 5:colcon.colcon_core.verb:set package 'slam_gmapping' build argument 'catkin_cmake_args' from command line to 'None'
[1.944s] Level 5:colcon.colcon_core.verb:set package 'slam_gmapping' build argument 'catkin_skip_building_tests' from command line to 'False'
[1.944s] DEBUG:colcon.colcon_core.verb:Building package 'slam_gmapping' with the following arguments: {'ament_cmake_args': None, 'build_base': '/home/spicygen/Desktop/ros_ws/build/slam_gmapping', 'catkin_cmake_args': None, 'catkin_skip_building_tests': False, 'cmake_args': None, 'cmake_clean_cache': False, 'cmake_clean_first': False, 'cmake_force_configure': False, 'cmake_target': None, 'cmake_target_skip_unavailable': False, 'install_base': '/home/spicygen/Desktop/ros_ws/install/slam_gmapping', 'merge_install': False, 'path': '/home/spicygen/Desktop/ros_ws/src/slam_gmapping/slam_gmapping', 'symlink_install': True, 'test_result_base': None}
[1.945s] INFO:colcon.colcon_core.executor:Executing jobs using 'parallel' executor
[1.946s] DEBUG:colcon.colcon_parallel_executor.executor.parallel:run_until_complete
[1.947s] INFO:colcon.colcon_ros.task.ament_cmake.build:Building ROS package in '/home/spicygen/Desktop/ros_ws/src/slam_gmapping/openslam_gmapping' with build type 'ament_cmake'
[1.947s] INFO:colcon.colcon_cmake.task.cmake.build:Building CMake package in '/home/spicygen/Desktop/ros_ws/src/slam_gmapping/openslam_gmapping'
[1.952s] INFO:colcon.colcon_core.plugin_system:Skipping extension 'colcon_core.shell.bat': Not used on non-Windows systems
[1.952s] INFO:colcon.colcon_core.shell:Skip shell extension 'powershell' for command environment: Not usable outside of PowerShell
[1.953s] DEBUG:colcon.colcon_core.shell:Skip shell extension 'dsv' for command environment
[1.963s] INFO:colcon.colcon_ros.task.ament_cmake.build:Building ROS package in '/home/spicygen/Desktop/ros_ws/src/bcr-bot' with build type 'ament_cmake'
[1.963s] INFO:colcon.colcon_cmake.task.cmake.build:Building CMake package in '/home/spicygen/Desktop/ros_ws/src/bcr-bot'
[1.964s] INFO:colcon.colcon_core.shell:Skip shell extension 'powershell' for command environment: Not usable outside of PowerShell
[1.964s] DEBUG:colcon.colcon_core.shell:Skip shell extension 'dsv' for command environment
[1.973s] INFO:colcon.colcon_ros.task.ament_cmake.build:Building ROS package in '/home/spicygen/Desktop/ros_ws/src/m-explore-ros2/explore' with build type 'ament_cmake'
[1.974s] INFO:colcon.colcon_cmake.task.cmake.build:Building CMake package in '/home/spicygen/Desktop/ros_ws/src/m-explore-ros2/explore'
[1.974s] INFO:colcon.colcon_core.shell:Skip shell extension 'powershell' for command environment: Not usable outside of PowerShell
[1.974s] DEBUG:colcon.colcon_core.shell:Skip shell extension 'dsv' for command environment
[1.985s] INFO:colcon.colcon_ros.task.ament_cmake.build:Building ROS package in '/home/spicygen/Desktop/ros_ws/src/m-explore-ros2/map_merge' with build type 'ament_cmake'
[1.985s] INFO:colcon.colcon_cmake.task.cmake.build:Building CMake package in '/home/spicygen/Desktop/ros_ws/src/m-explore-ros2/map_merge'
[1.986s] INFO:colcon.colcon_core.shell:Skip shell extension 'powershell' for command environment: Not usable outside of PowerShell
[1.986s] DEBUG:colcon.colcon_core.shell:Skip shell extension 'dsv' for command environment
[2.009s] DEBUG:colcon.colcon_core.event_handler.log_command:Invoking command in '/home/spicygen/Desktop/ros_ws/build/openslam_gmapping': CMAKE_PREFIX_PATH=${CMAKE_PREFIX_PATH}:/opt/ros/humble /usr/bin/cmake --build /home/spicygen/Desktop/ros_ws/build/openslam_gmapping -- -j8 -l8
[2.018s] DEBUG:colcon.colcon_core.event_handler.log_command:Invoking command in '/home/spicygen/Desktop/ros_ws/build/bcr_bot': CMAKE_PREFIX_PATH=${CMAKE_PREFIX_PATH}:/opt/ros/humble /usr/bin/cmake --build /home/spicygen/Desktop/ros_ws/build/bcr_bot -- -j8 -l8
[2.026s] DEBUG:colcon.colcon_core.event_handler.log_command:Invoking command in '/home/spicygen/Desktop/ros_ws/build/explore_lite': CMAKE_PREFIX_PATH=${CMAKE_PREFIX_PATH}:/opt/ros/humble /usr/bin/cmake --build /home/spicygen/Desktop/ros_ws/build/explore_lite -- -j8 -l8
[2.039s] DEBUG:colcon.colcon_core.event_handler.log_command:Invoking command in '/home/spicygen/Desktop/ros_ws/build/multirobot_map_merge': CMAKE_PREFIX_PATH=${CMAKE_PREFIX_PATH}:/opt/ros/humble /usr/bin/cmake --build /home/spicygen/Desktop/ros_ws/build/multirobot_map_merge -- -j8 -l8
[2.146s] DEBUG:colcon.colcon_core.event_handler.log_command:Invoked command in '/home/spicygen/Desktop/ros_ws/build/bcr_bot' returned '0': CMAKE_PREFIX_PATH=${CMAKE_PREFIX_PATH}:/opt/ros/humble /usr/bin/cmake --build /home/spicygen/Desktop/ros_ws/build/bcr_bot -- -j8 -l8
[2.183s] DEBUG:colcon.colcon_core.event_handler.log_command:Invoking command in '/home/spicygen/Desktop/ros_ws/build/bcr_bot': CMAKE_PREFIX_PATH=${CMAKE_PREFIX_PATH}:/opt/ros/humble /usr/bin/cmake --install /home/spicygen/Desktop/ros_ws/build/bcr_bot
[2.322s] DEBUG:colcon.colcon_core.event_handler.log_command:Invoked command in '/home/spicygen/Desktop/ros_ws/build/explore_lite' returned '0': CMAKE_PREFIX_PATH=${CMAKE_PREFIX_PATH}:/opt/ros/humble /usr/bin/cmake --build /home/spicygen/Desktop/ros_ws/build/explore_lite -- -j8 -l8
[2.325s] DEBUG:colcon.colcon_core.event_handler.log_command:Invoking command in '/home/spicygen/Desktop/ros_ws/build/explore_lite': CMAKE_PREFIX_PATH=${CMAKE_PREFIX_PATH}:/opt/ros/humble /usr/bin/cmake --install /home/spicygen/Desktop/ros_ws/build/explore_lite
[2.364s] DEBUG:colcon.colcon_core.event_handler.log_command:Invoked command in '/home/spicygen/Desktop/ros_ws/build/multirobot_map_merge' returned '0': CMAKE_PREFIX_PATH=${CMAKE_PREFIX_PATH}:/opt/ros/humble /usr/bin/cmake --build /home/spicygen/Desktop/ros_ws/build/multirobot_map_merge -- -j8 -l8
[2.369s] DEBUG:colcon.colcon_core.event_handler.log_command:Invoking command in '/home/spicygen/Desktop/ros_ws/build/multirobot_map_merge': CMAKE_PREFIX_PATH=${CMAKE_PREFIX_PATH}:/opt/ros/humble /usr/bin/cmake --install /home/spicygen/Desktop/ros_ws/build/multirobot_map_merge
[2.389s] Level 1:colcon.colcon_core.environment:create_environment_scripts_only(explore_lite)
[2.394s] DEBUG:colcon.colcon_core.event_handler.log_command:Invoked command in '/home/spicygen/Desktop/ros_ws/build/explore_lite' returned '0': CMAKE_PREFIX_PATH=${CMAKE_PREFIX_PATH}:/opt/ros/humble /usr/bin/cmake --install /home/spicygen/Desktop/ros_ws/build/explore_lite
[2.432s] Level 1:colcon.colcon_core.environment:checking '/home/spicygen/Desktop/ros_ws/install/explore_lite' for CMake module files
[2.445s] Level 1:colcon.colcon_core.environment:checking '/home/spicygen/Desktop/ros_ws/install/explore_lite' for CMake config files
[2.462s] Level 1:colcon.colcon_core.shell:create_environment_hook('explore_lite', 'cmake_prefix_path')
[2.463s] INFO:colcon.colcon_core.shell:Creating environment hook '/home/spicygen/Desktop/ros_ws/install/explore_lite/share/explore_lite/hook/cmake_prefix_path.ps1'
[2.465s] INFO:colcon.colcon_core.shell:Creating environment descriptor '/home/spicygen/Desktop/ros_ws/install/explore_lite/share/explore_lite/hook/cmake_prefix_path.dsv'
[2.467s] INFO:colcon.colcon_core.shell:Creating environment hook '/home/spicygen/Desktop/ros_ws/install/explore_lite/share/explore_lite/hook/cmake_prefix_path.sh'
[2.470s] Level 1:colcon.colcon_core.environment:checking '/home/spicygen/Desktop/ros_ws/install/explore_lite/lib'
[2.471s] Level 1:colcon.colcon_core.environment:checking '/home/spicygen/Desktop/ros_ws/install/explore_lite/bin'
[2.471s] Level 1:colcon.colcon_core.environment:checking '/home/spicygen/Desktop/ros_ws/install/explore_lite/lib/pkgconfig/explore_lite.pc'
[2.472s] Level 1:colcon.colcon_core.environment:checking '/home/spicygen/Desktop/ros_ws/install/explore_lite/lib/python3.10/site-packages'
[2.473s] Level 1:colcon.colcon_core.environment:checking '/home/spicygen/Desktop/ros_ws/install/explore_lite/bin'
[2.474s] INFO:colcon.colcon_core.shell:Creating package script '/home/spicygen/Desktop/ros_ws/install/explore_lite/share/explore_lite/package.ps1'
[2.478s] INFO:colcon.colcon_core.shell:Creating package descriptor '/home/spicygen/Desktop/ros_ws/install/explore_lite/share/explore_lite/package.dsv'
[2.480s] INFO:colcon.colcon_core.shell:Creating package script '/home/spicygen/Desktop/ros_ws/install/explore_lite/share/explore_lite/package.sh'
[2.483s] INFO:colcon.colcon_core.shell:Creating package script '/home/spicygen/Desktop/ros_ws/install/explore_lite/share/explore_lite/package.bash'
[2.488s] INFO:colcon.colcon_core.shell:Creating package script '/home/spicygen/Desktop/ros_ws/install/explore_lite/share/explore_lite/package.zsh'
[2.490s] Level 1:colcon.colcon_core.environment:create_file_with_runtime_dependencies(/home/spicygen/Desktop/ros_ws/install/explore_lite/share/colcon-core/packages/explore_lite)
[2.491s] Level 1:colcon.colcon_core.environment:create_environment_scripts_only(explore_lite)
[2.492s] Level 1:colcon.colcon_core.environment:checking '/home/spicygen/Desktop/ros_ws/install/explore_lite' for CMake module files
[2.493s] Level 1:colcon.colcon_core.environment:checking '/home/spicygen/Desktop/ros_ws/install/explore_lite' for CMake config files
[2.493s] Level 1:colcon.colcon_core.shell:create_environment_hook('explore_lite', 'cmake_prefix_path')
[2.494s] INFO:colcon.colcon_core.shell:Creating environment hook '/home/spicygen/Desktop/ros_ws/install/explore_lite/share/explore_lite/hook/cmake_prefix_path.ps1'
[2.495s] INFO:colcon.colcon_core.shell:Creating environment descriptor '/home/spicygen/Desktop/ros_ws/install/explore_lite/share/explore_lite/hook/cmake_prefix_path.dsv'
[2.496s] INFO:colcon.colcon_core.shell:Creating environment hook '/home/spicygen/Desktop/ros_ws/install/explore_lite/share/explore_lite/hook/cmake_prefix_path.sh'
[2.497s] Level 1:colcon.colcon_core.environment:checking '/home/spicygen/Desktop/ros_ws/install/explore_lite/lib'
[2.497s] Level 1:colcon.colcon_core.environment:checking '/home/spicygen/Desktop/ros_ws/install/explore_lite/bin'
[2.498s] Level 1:colcon.colcon_core.environment:checking '/home/spicygen/Desktop/ros_ws/install/explore_lite/lib/pkgconfig/explore_lite.pc'
[2.498s] Level 1:colcon.colcon_core.environment:checking '/home/spicygen/Desktop/ros_ws/install/explore_lite/lib/python3.10/site-packages'
[2.499s] Level 1:colcon.colcon_core.environment:checking '/home/spicygen/Desktop/ros_ws/install/explore_lite/bin'
[2.499s] INFO:colcon.colcon_core.shell:Creating package script '/home/spicygen/Desktop/ros_ws/install/explore_lite/share/explore_lite/package.ps1'
[2.501s] INFO:colcon.colcon_core.shell:Creating package descriptor '/home/spicygen/Desktop/ros_ws/install/explore_lite/share/explore_lite/package.dsv'
[2.502s] INFO:colcon.colcon_core.shell:Creating package script '/home/spicygen/Desktop/ros_ws/install/explore_lite/share/explore_lite/package.sh'
[2.503s] INFO:colcon.colcon_core.shell:Creating package script '/home/spicygen/Desktop/ros_ws/install/explore_lite/share/explore_lite/package.bash'
[2.504s] INFO:colcon.colcon_core.shell:Creating package script '/home/spicygen/Desktop/ros_ws/install/explore_lite/share/explore_lite/package.zsh'
[2.505s] Level 1:colcon.colcon_core.environment:create_file_with_runtime_dependencies(/home/spicygen/Desktop/ros_ws/install/explore_lite/share/colcon-core/packages/explore_lite)
[2.509s] Level 1:colcon.colcon_core.environment:create_environment_scripts_only(bcr_bot)
[2.510s] Level 1:colcon.colcon_core.environment:checking '/home/spicygen/Desktop/ros_ws/install/bcr_bot' for CMake module files
[2.511s] DEBUG:colcon.colcon_core.event_handler.log_command:Invoked command in '/home/spicygen/Desktop/ros_ws/build/bcr_bot' returned '0': CMAKE_PREFIX_PATH=${CMAKE_PREFIX_PATH}:/opt/ros/humble /usr/bin/cmake --install /home/spicygen/Desktop/ros_ws/build/bcr_bot
[2.512s] Level 1:colcon.colcon_core.environment:checking '/home/spicygen/Desktop/ros_ws/install/bcr_bot' for CMake config files
[2.513s] Level 1:colcon.colcon_core.shell:create_environment_hook('bcr_bot', 'cmake_prefix_path')
[2.513s] INFO:colcon.colcon_core.shell:Creating environment hook '/home/spicygen/Desktop/ros_ws/install/bcr_bot/share/bcr_bot/hook/cmake_prefix_path.ps1'
[2.515s] INFO:colcon.colcon_core.shell:Creating environment descriptor '/home/spicygen/Desktop/ros_ws/install/bcr_bot/share/bcr_bot/hook/cmake_prefix_path.dsv'
[2.515s] INFO:colcon.colcon_core.shell:Creating environment hook '/home/spicygen/Desktop/ros_ws/install/bcr_bot/share/bcr_bot/hook/cmake_prefix_path.sh'
[2.516s] Level 1:colcon.colcon_core.environment:checking '/home/spicygen/Desktop/ros_ws/install/bcr_bot/lib'
[2.517s] Level 1:colcon.colcon_core.environment:checking '/home/spicygen/Desktop/ros_ws/install/bcr_bot/bin'
[2.517s] Level 1:colcon.colcon_core.environment:checking '/home/spicygen/Desktop/ros_ws/install/bcr_bot/lib/pkgconfig/bcr_bot.pc'
[2.518s] Level 1:colcon.colcon_core.environment:checking '/home/spicygen/Desktop/ros_ws/install/bcr_bot/lib/python3.10/site-packages'
[2.518s] Level 1:colcon.colcon_core.environment:checking '/home/spicygen/Desktop/ros_ws/install/bcr_bot/bin'
[2.519s] INFO:colcon.colcon_core.shell:Creating package script '/home/spicygen/Desktop/ros_ws/install/bcr_bot/share/bcr_bot/package.ps1'
[2.521s] INFO:colcon.colcon_core.shell:Creating package descriptor '/home/spicygen/Desktop/ros_ws/install/bcr_bot/share/bcr_bot/package.dsv'
[2.521s] INFO:colcon.colcon_core.shell:Creating package script '/home/spicygen/Desktop/ros_ws/install/bcr_bot/share/bcr_bot/package.sh'
[2.522s] INFO:colcon.colcon_core.shell:Creating package script '/home/spicygen/Desktop/ros_ws/install/bcr_bot/share/bcr_bot/package.bash'
[2.523s] INFO:colcon.colcon_core.shell:Creating package script '/home/spicygen/Desktop/ros_ws/install/bcr_bot/share/bcr_bot/package.zsh'
[2.524s] Level 1:colcon.colcon_core.environment:create_file_with_runtime_dependencies(/home/spicygen/Desktop/ros_ws/install/bcr_bot/share/colcon-core/packages/bcr_bot)
[2.525s] Level 1:colcon.colcon_core.environment:create_environment_scripts_only(bcr_bot)
[2.525s] Level 1:colcon.colcon_core.environment:checking '/home/spicygen/Desktop/ros_ws/install/bcr_bot' for CMake module files
[2.527s] Level 1:colcon.colcon_core.environment:checking '/home/spicygen/Desktop/ros_ws/install/bcr_bot' for CMake config files
[2.527s] Level 1:colcon.colcon_core.shell:create_environment_hook('bcr_bot', 'cmake_prefix_path')
[2.528s] INFO:colcon.colcon_core.shell:Creating environment hook '/home/spicygen/Desktop/ros_ws/install/bcr_bot/share/bcr_bot/hook/cmake_prefix_path.ps1'
[2.529s] INFO:colcon.colcon_core.shell:Creating environment descriptor '/home/spicygen/Desktop/ros_ws/install/bcr_bot/share/bcr_bot/hook/cmake_prefix_path.dsv'
[2.530s] INFO:colcon.colcon_core.shell:Creating environment hook '/home/spicygen/Desktop/ros_ws/install/bcr_bot/share/bcr_bot/hook/cmake_prefix_path.sh'
[2.531s] Level 1:colcon.colcon_core.environment:checking '/home/spicygen/Desktop/ros_ws/install/bcr_bot/lib'
[2.532s] Level 1:colcon.colcon_core.environment:checking '/home/spicygen/Desktop/ros_ws/install/bcr_bot/bin'
[2.532s] Level 1:colcon.colcon_core.environment:checking '/home/spicygen/Desktop/ros_ws/install/bcr_bot/lib/pkgconfig/bcr_bot.pc'
[2.532s] Level 1:colcon.colcon_core.environment:checking '/home/spicygen/Desktop/ros_ws/install/bcr_bot/lib/python3.10/site-packages'
[2.533s] Level 1:colcon.colcon_core.environment:checking '/home/spicygen/Desktop/ros_ws/install/bcr_bot/bin'
[2.535s] INFO:colcon.colcon_core.shell:Creating package script '/home/spicygen/Desktop/ros_ws/install/bcr_bot/share/bcr_bot/package.ps1'
[2.537s] INFO:colcon.colcon_core.shell:Creating package descriptor '/home/spicygen/Desktop/ros_ws/install/bcr_bot/share/bcr_bot/package.dsv'
[2.538s] INFO:colcon.colcon_core.shell:Creating package script '/home/spicygen/Desktop/ros_ws/install/bcr_bot/share/bcr_bot/package.sh'
[2.539s] INFO:colcon.colcon_core.shell:Creating package script '/home/spicygen/Desktop/ros_ws/install/bcr_bot/share/bcr_bot/package.bash'
[2.540s] INFO:colcon.colcon_core.shell:Creating package script '/home/spicygen/Desktop/ros_ws/install/bcr_bot/share/bcr_bot/package.zsh'
[2.541s] Level 1:colcon.colcon_core.environment:create_file_with_runtime_dependencies(/home/spicygen/Desktop/ros_ws/install/bcr_bot/share/colcon-core/packages/bcr_bot)
[2.544s] DEBUG:colcon.colcon_core.event_handler.log_command:Invoked command in '/home/spicygen/Desktop/ros_ws/build/openslam_gmapping' returned '0': CMAKE_PREFIX_PATH=${CMAKE_PREFIX_PATH}:/opt/ros/humble /usr/bin/cmake --build /home/spicygen/Desktop/ros_ws/build/openslam_gmapping -- -j8 -l8
[2.548s] Level 1:colcon.colcon_core.environment:create_environment_scripts_only(multirobot_map_merge)
[2.548s] Level 1:colcon.colcon_core.environment:checking '/home/spicygen/Desktop/ros_ws/install/multirobot_map_merge' for CMake module files
[2.550s] DEBUG:colcon.colcon_core.event_handler.log_command:Invoking command in '/home/spicygen/Desktop/ros_ws/build/openslam_gmapping': CMAKE_PREFIX_PATH=${CMAKE_PREFIX_PATH}:/opt/ros/humble /usr/bin/cmake --install /home/spicygen/Desktop/ros_ws/build/openslam_gmapping
[2.551s] DEBUG:colcon.colcon_core.event_handler.log_command:Invoked command in '/home/spicygen/Desktop/ros_ws/build/multirobot_map_merge' returned '0': CMAKE_PREFIX_PATH=${CMAKE_PREFIX_PATH}:/opt/ros/humble /usr/bin/cmake --install /home/spicygen/Desktop/ros_ws/build/multirobot_map_merge
[2.552s] Level 1:colcon.colcon_core.environment:checking '/home/spicygen/Desktop/ros_ws/install/multirobot_map_merge' for CMake config files
[2.552s] Level 1:colcon.colcon_core.shell:create_environment_hook('multirobot_map_merge', 'cmake_prefix_path')
[2.553s] INFO:colcon.colcon_core.shell:Creating environment hook '/home/spicygen/Desktop/ros_ws/install/multirobot_map_merge/share/multirobot_map_merge/hook/cmake_prefix_path.ps1'
[2.554s] INFO:colcon.colcon_core.shell:Creating environment descriptor '/home/spicygen/Desktop/ros_ws/install/multirobot_map_merge/share/multirobot_map_merge/hook/cmake_prefix_path.dsv'
[2.555s] INFO:colcon.colcon_core.shell:Creating environment hook '/home/spicygen/Desktop/ros_ws/install/multirobot_map_merge/share/multirobot_map_merge/hook/cmake_prefix_path.sh'
[2.557s] Level 1:colcon.colcon_core.environment:checking '/home/spicygen/Desktop/ros_ws/install/multirobot_map_merge/lib'
[2.557s] Level 1:colcon.colcon_core.environment:checking '/home/spicygen/Desktop/ros_ws/install/multirobot_map_merge/bin'
[2.557s] Level 1:colcon.colcon_core.environment:checking '/home/spicygen/Desktop/ros_ws/install/multirobot_map_merge/lib/pkgconfig/multirobot_map_merge.pc'
[2.557s] Level 1:colcon.colcon_core.environment:checking '/home/spicygen/Desktop/ros_ws/install/multirobot_map_merge/lib/python3.10/site-packages'
[2.558s] Level 1:colcon.colcon_core.environment:checking '/home/spicygen/Desktop/ros_ws/install/multirobot_map_merge/bin'
[2.559s] INFO:colcon.colcon_core.shell:Creating package script '/home/spicygen/Desktop/ros_ws/install/multirobot_map_merge/share/multirobot_map_merge/package.ps1'
[2.560s] INFO:colcon.colcon_core.shell:Creating package descriptor '/home/spicygen/Desktop/ros_ws/install/multirobot_map_merge/share/multirobot_map_merge/package.dsv'
[2.560s] INFO:colcon.colcon_core.shell:Creating package script '/home/spicygen/Desktop/ros_ws/install/multirobot_map_merge/share/multirobot_map_merge/package.sh'
[2.561s] INFO:colcon.colcon_core.shell:Creating package script '/home/spicygen/Desktop/ros_ws/install/multirobot_map_merge/share/multirobot_map_merge/package.bash'
[2.562s] INFO:colcon.colcon_core.shell:Creating package script '/home/spicygen/Desktop/ros_ws/install/multirobot_map_merge/share/multirobot_map_merge/package.zsh'
[2.563s] Level 1:colcon.colcon_core.environment:create_file_with_runtime_dependencies(/home/spicygen/Desktop/ros_ws/install/multirobot_map_merge/share/colcon-core/packages/multirobot_map_merge)
[2.564s] Level 1:colcon.colcon_core.environment:create_environment_scripts_only(multirobot_map_merge)
[2.565s] Level 1:colcon.colcon_core.environment:checking '/home/spicygen/Desktop/ros_ws/install/multirobot_map_merge' for CMake module files
[2.574s] Level 1:colcon.colcon_core.environment:checking '/home/spicygen/Desktop/ros_ws/install/multirobot_map_merge' for CMake config files
[2.575s] Level 1:colcon.colcon_core.shell:create_environment_hook('multirobot_map_merge', 'cmake_prefix_path')
[2.575s] INFO:colcon.colcon_core.shell:Creating environment hook '/home/spicygen/Desktop/ros_ws/install/multirobot_map_merge/share/multirobot_map_merge/hook/cmake_prefix_path.ps1'
[2.576s] INFO:colcon.colcon_core.shell:Creating environment descriptor '/home/spicygen/Desktop/ros_ws/install/multirobot_map_merge/share/multirobot_map_merge/hook/cmake_prefix_path.dsv'
[2.577s] INFO:colcon.colcon_core.shell:Creating environment hook '/home/spicygen/Desktop/ros_ws/install/multirobot_map_merge/share/multirobot_map_merge/hook/cmake_prefix_path.sh'
[2.579s] Level 1:colcon.colcon_core.environment:checking '/home/spicygen/Desktop/ros_ws/install/multirobot_map_merge/lib'
[2.579s] Level 1:colcon.colcon_core.environment:checking '/home/spicygen/Desktop/ros_ws/install/multirobot_map_merge/bin'
[2.579s] Level 1:colcon.colcon_core.environment:checking '/home/spicygen/Desktop/ros_ws/install/multirobot_map_merge/lib/pkgconfig/multirobot_map_merge.pc'
[2.580s] Level 1:colcon.colcon_core.environment:checking '/home/spicygen/Desktop/ros_ws/install/multirobot_map_merge/lib/python3.10/site-packages'
[2.581s] Level 1:colcon.colcon_core.environment:checking '/home/spicygen/Desktop/ros_ws/install/multirobot_map_merge/bin'
[2.582s] INFO:colcon.colcon_core.shell:Creating package script '/home/spicygen/Desktop/ros_ws/install/multirobot_map_merge/share/multirobot_map_merge/package.ps1'
[2.584s] INFO:colcon.colcon_core.shell:Creating package descriptor '/home/spicygen/Desktop/ros_ws/install/multirobot_map_merge/share/multirobot_map_merge/package.dsv'
[2.589s] INFO:colcon.colcon_core.shell:Creating package script '/home/spicygen/Desktop/ros_ws/install/multirobot_map_merge/share/multirobot_map_merge/package.sh'
[2.593s] INFO:colcon.colcon_core.shell:Creating package script '/home/spicygen/Desktop/ros_ws/install/multirobot_map_merge/share/multirobot_map_merge/package.bash'
[2.596s] INFO:colcon.colcon_core.shell:Creating package script '/home/spicygen/Desktop/ros_ws/install/multirobot_map_merge/share/multirobot_map_merge/package.zsh'
[2.602s] Level 1:colcon.colcon_core.environment:create_file_with_runtime_dependencies(/home/spicygen/Desktop/ros_ws/install/multirobot_map_merge/share/colcon-core/packages/multirobot_map_merge)
[2.623s] Level 1:colcon.colcon_core.environment:create_environment_scripts_only(openslam_gmapping)
[2.624s] Level 1:colcon.colcon_core.environment:checking '/home/spicygen/Desktop/ros_ws/install/openslam_gmapping' for CMake module files
[2.625s] DEBUG:colcon.colcon_core.event_handler.log_command:Invoked command in '/home/spicygen/Desktop/ros_ws/build/openslam_gmapping' returned '0': CMAKE_PREFIX_PATH=${CMAKE_PREFIX_PATH}:/opt/ros/humble /usr/bin/cmake --install /home/spicygen/Desktop/ros_ws/build/openslam_gmapping
[2.626s] Level 1:colcon.colcon_core.environment:checking '/home/spicygen/Desktop/ros_ws/install/openslam_gmapping' for CMake config files
[2.627s] Level 1:colcon.colcon_core.shell:create_environment_hook('openslam_gmapping', 'cmake_prefix_path')
[2.627s] INFO:colcon.colcon_core.shell:Creating environment hook '/home/spicygen/Desktop/ros_ws/install/openslam_gmapping/share/openslam_gmapping/hook/cmake_prefix_path.ps1'
[2.628s] INFO:colcon.colcon_core.shell:Creating environment descriptor '/home/spicygen/Desktop/ros_ws/install/openslam_gmapping/share/openslam_gmapping/hook/cmake_prefix_path.dsv'
[2.630s] INFO:colcon.colcon_core.shell:Creating environment hook '/home/spicygen/Desktop/ros_ws/install/openslam_gmapping/share/openslam_gmapping/hook/cmake_prefix_path.sh'
[2.633s] Level 1:colcon.colcon_core.environment:checking '/home/spicygen/Desktop/ros_ws/install/openslam_gmapping/lib'
[2.633s] Level 1:colcon.colcon_core.environment:checking '/home/spicygen/Desktop/ros_ws/install/openslam_gmapping/bin'
[2.633s] Level 1:colcon.colcon_core.environment:checking '/home/spicygen/Desktop/ros_ws/install/openslam_gmapping/lib/pkgconfig/openslam_gmapping.pc'
[2.634s] Level 1:colcon.colcon_core.environment:checking '/home/spicygen/Desktop/ros_ws/install/openslam_gmapping/lib/python3.10/site-packages'
[2.634s] Level 1:colcon.colcon_core.environment:checking '/home/spicygen/Desktop/ros_ws/install/openslam_gmapping/bin'
[2.635s] INFO:colcon.colcon_core.shell:Creating package script '/home/spicygen/Desktop/ros_ws/install/openslam_gmapping/share/openslam_gmapping/package.ps1'
[2.636s] INFO:colcon.colcon_core.shell:Creating package descriptor '/home/spicygen/Desktop/ros_ws/install/openslam_gmapping/share/openslam_gmapping/package.dsv'
[2.637s] INFO:colcon.colcon_core.shell:Creating package script '/home/spicygen/Desktop/ros_ws/install/openslam_gmapping/share/openslam_gmapping/package.sh'
[2.638s] INFO:colcon.colcon_core.shell:Creating package script '/home/spicygen/Desktop/ros_ws/install/openslam_gmapping/share/openslam_gmapping/package.bash'
[2.639s] INFO:colcon.colcon_core.shell:Creating package script '/home/spicygen/Desktop/ros_ws/install/openslam_gmapping/share/openslam_gmapping/package.zsh'
[2.640s] Level 1:colcon.colcon_core.environment:create_file_with_runtime_dependencies(/home/spicygen/Desktop/ros_ws/install/openslam_gmapping/share/colcon-core/packages/openslam_gmapping)
[2.642s] Level 1:colcon.colcon_core.environment:create_environment_scripts_only(openslam_gmapping)
[2.642s] Level 1:colcon.colcon_core.environment:checking '/home/spicygen/Desktop/ros_ws/install/openslam_gmapping' for CMake module files
[2.643s] Level 1:colcon.colcon_core.environment:checking '/home/spicygen/Desktop/ros_ws/install/openslam_gmapping' for CMake config files
[2.644s] Level 1:colcon.colcon_core.shell:create_environment_hook('openslam_gmapping', 'cmake_prefix_path')
[2.645s] INFO:colcon.colcon_core.shell:Creating environment hook '/home/spicygen/Desktop/ros_ws/install/openslam_gmapping/share/openslam_gmapping/hook/cmake_prefix_path.ps1'
[2.646s] INFO:colcon.colcon_core.shell:Creating environment descriptor '/home/spicygen/Desktop/ros_ws/install/openslam_gmapping/share/openslam_gmapping/hook/cmake_prefix_path.dsv'
[2.647s] INFO:colcon.colcon_core.shell:Creating environment hook '/home/spicygen/Desktop/ros_ws/install/openslam_gmapping/share/openslam_gmapping/hook/cmake_prefix_path.sh'
[2.648s] Level 1:colcon.colcon_core.environment:checking '/home/spicygen/Desktop/ros_ws/install/openslam_gmapping/lib'
[2.648s] Level 1:colcon.colcon_core.environment:checking '/home/spicygen/Desktop/ros_ws/install/openslam_gmapping/bin'
[2.649s] Level 1:colcon.colcon_core.environment:checking '/home/spicygen/Desktop/ros_ws/install/openslam_gmapping/lib/pkgconfig/openslam_gmapping.pc'
[2.649s] Level 1:colcon.colcon_core.environment:checking '/home/spicygen/Desktop/ros_ws/install/openslam_gmapping/lib/python3.10/site-packages'
[2.650s] Level 1:colcon.colcon_core.environment:checking '/home/spicygen/Desktop/ros_ws/install/openslam_gmapping/bin'
[2.650s] INFO:colcon.colcon_core.shell:Creating package script '/home/spicygen/Desktop/ros_ws/install/openslam_gmapping/share/openslam_gmapping/package.ps1'
[2.653s] INFO:colcon.colcon_core.shell:Creating package descriptor '/home/spicygen/Desktop/ros_ws/install/openslam_gmapping/share/openslam_gmapping/package.dsv'
[2.654s] INFO:colcon.colcon_core.shell:Creating package script '/home/spicygen/Desktop/ros_ws/install/openslam_gmapping/share/openslam_gmapping/package.sh'
[2.655s] INFO:colcon.colcon_core.shell:Creating package script '/home/spicygen/Desktop/ros_ws/install/openslam_gmapping/share/openslam_gmapping/package.bash'
[2.656s] INFO:colcon.colcon_core.shell:Creating package script '/home/spicygen/Desktop/ros_ws/install/openslam_gmapping/share/openslam_gmapping/package.zsh'
[2.658s] Level 1:colcon.colcon_core.environment:create_file_with_runtime_dependencies(/home/spicygen/Desktop/ros_ws/install/openslam_gmapping/share/colcon-core/packages/openslam_gmapping)
[2.658s] INFO:colcon.colcon_ros.task.ament_cmake.build:Building ROS package in '/home/spicygen/Desktop/ros_ws/src/slam_gmapping/slam_gmapping' with build type 'ament_cmake'
[2.659s] INFO:colcon.colcon_cmake.task.cmake.build:Building CMake package in '/home/spicygen/Desktop/ros_ws/src/slam_gmapping/slam_gmapping'
[2.659s] INFO:colcon.colcon_core.shell:Skip shell extension 'powershell' for command environment: Not usable outside of PowerShell
[2.659s] DEBUG:colcon.colcon_core.shell:Skip shell extension 'dsv' for command environment
[2.705s] DEBUG:colcon.colcon_core.event_handler.log_command:Invoking command in '/home/spicygen/Desktop/ros_ws/build/slam_gmapping': CMAKE_PREFIX_PATH=/home/spicygen/Desktop/ros_ws/install/openslam_gmapping:/home/spicygen/Desktop/ros_ws/install/slam_gmapping:/home/spicygen/Desktop/ros_ws/install/multirobot_map_merge:/home/spicygen/Desktop/ros_ws/install/explore_lite:/home/spicygen/Desktop/ros_ws/install/bcr_bot:/opt/ros/humble /usr/bin/cmake --build /home/spicygen/Desktop/ros_ws/build/slam_gmapping -- -j8 -l8
[2.863s] DEBUG:colcon.colcon_core.event_handler.log_command:Invoked command in '/home/spicygen/Desktop/ros_ws/build/slam_gmapping' returned '0': CMAKE_PREFIX_PATH=/home/spicygen/Desktop/ros_ws/install/openslam_gmapping:/home/spicygen/Desktop/ros_ws/install/slam_gmapping:/home/spicygen/Desktop/ros_ws/install/multirobot_map_merge:/home/spicygen/Desktop/ros_ws/install/explore_lite:/home/spicygen/Desktop/ros_ws/install/bcr_bot:/opt/ros/humble /usr/bin/cmake --build /home/spicygen/Desktop/ros_ws/build/slam_gmapping -- -j8 -l8
[2.867s] DEBUG:colcon.colcon_core.event_handler.log_command:Invoking command in '/home/spicygen/Desktop/ros_ws/build/slam_gmapping': CMAKE_PREFIX_PATH=/home/spicygen/Desktop/ros_ws/install/openslam_gmapping:/home/spicygen/Desktop/ros_ws/install/slam_gmapping:/home/spicygen/Desktop/ros_ws/install/multirobot_map_merge:/home/spicygen/Desktop/ros_ws/install/explore_lite:/home/spicygen/Desktop/ros_ws/install/bcr_bot:/opt/ros/humble /usr/bin/cmake --install /home/spicygen/Desktop/ros_ws/build/slam_gmapping
[2.920s] Level 1:colcon.colcon_core.environment:create_environment_scripts_only(slam_gmapping)
[2.920s] Level 1:colcon.colcon_core.environment:checking '/home/spicygen/Desktop/ros_ws/install/slam_gmapping' for CMake module files
[2.921s] DEBUG:colcon.colcon_core.event_handler.log_command:Invoked command in '/home/spicygen/Desktop/ros_ws/build/slam_gmapping' returned '0': CMAKE_PREFIX_PATH=/home/spicygen/Desktop/ros_ws/install/openslam_gmapping:/home/spicygen/Desktop/ros_ws/install/slam_gmapping:/home/spicygen/Desktop/ros_ws/install/multirobot_map_merge:/home/spicygen/Desktop/ros_ws/install/explore_lite:/home/spicygen/Desktop/ros_ws/install/bcr_bot:/opt/ros/humble /usr/bin/cmake --install /home/spicygen/Desktop/ros_ws/build/slam_gmapping
[2.922s] Level 1:colcon.colcon_core.environment:checking '/home/spicygen/Desktop/ros_ws/install/slam_gmapping' for CMake config files
[2.923s] Level 1:colcon.colcon_core.shell:create_environment_hook('slam_gmapping', 'cmake_prefix_path')
[2.923s] INFO:colcon.colcon_core.shell:Creating environment hook '/home/spicygen/Desktop/ros_ws/install/slam_gmapping/share/slam_gmapping/hook/cmake_prefix_path.ps1'
[2.924s] INFO:colcon.colcon_core.shell:Creating environment descriptor '/home/spicygen/Desktop/ros_ws/install/slam_gmapping/share/slam_gmapping/hook/cmake_prefix_path.dsv'
[2.925s] INFO:colcon.colcon_core.shell:Creating environment hook '/home/spicygen/Desktop/ros_ws/install/slam_gmapping/share/slam_gmapping/hook/cmake_prefix_path.sh'
[2.926s] Level 1:colcon.colcon_core.environment:checking '/home/spicygen/Desktop/ros_ws/install/slam_gmapping/lib'
[2.926s] Level 1:colcon.colcon_core.environment:checking '/home/spicygen/Desktop/ros_ws/install/slam_gmapping/bin'
[2.927s] Level 1:colcon.colcon_core.environment:checking '/home/spicygen/Desktop/ros_ws/install/slam_gmapping/lib/pkgconfig/slam_gmapping.pc'
[2.927s] Level 1:colcon.colcon_core.environment:checking '/home/spicygen/Desktop/ros_ws/install/slam_gmapping/lib/python3.10/site-packages'
[2.928s] Level 1:colcon.colcon_core.environment:checking '/home/spicygen/Desktop/ros_ws/install/slam_gmapping/bin'
[2.928s] INFO:colcon.colcon_core.shell:Creating package script '/home/spicygen/Desktop/ros_ws/install/slam_gmapping/share/slam_gmapping/package.ps1'
[2.929s] INFO:colcon.colcon_core.shell:Creating package descriptor '/home/spicygen/Desktop/ros_ws/install/slam_gmapping/share/slam_gmapping/package.dsv'
[2.930s] INFO:colcon.colcon_core.shell:Creating package script '/home/spicygen/Desktop/ros_ws/install/slam_gmapping/share/slam_gmapping/package.sh'
[2.931s] INFO:colcon.colcon_core.shell:Creating package script '/home/spicygen/Desktop/ros_ws/install/slam_gmapping/share/slam_gmapping/package.bash'
[2.932s] INFO:colcon.colcon_core.shell:Creating package script '/home/spicygen/Desktop/ros_ws/install/slam_gmapping/share/slam_gmapping/package.zsh'
[2.933s] Level 1:colcon.colcon_core.environment:create_file_with_runtime_dependencies(/home/spicygen/Desktop/ros_ws/install/slam_gmapping/share/colcon-core/packages/slam_gmapping)
[2.935s] Level 1:colcon.colcon_core.environment:create_environment_scripts_only(slam_gmapping)
[2.935s] Level 1:colcon.colcon_core.environment:checking '/home/spicygen/Desktop/ros_ws/install/slam_gmapping' for CMake module files
[2.936s] Level 1:colcon.colcon_core.environment:checking '/home/spicygen/Desktop/ros_ws/install/slam_gmapping' for CMake config files
[2.937s] Level 1:colcon.colcon_core.shell:create_environment_hook('slam_gmapping', 'cmake_prefix_path')
[2.937s] INFO:colcon.colcon_core.shell:Creating environment hook '/home/spicygen/Desktop/ros_ws/install/slam_gmapping/share/slam_gmapping/hook/cmake_prefix_path.ps1'
[2.938s] INFO:colcon.colcon_core.shell:Creating environment descriptor '/home/spicygen/Desktop/ros_ws/install/slam_gmapping/share/slam_gmapping/hook/cmake_prefix_path.dsv'
[2.939s] INFO:colcon.colcon_core.shell:Creating environment hook '/home/spicygen/Desktop/ros_ws/install/slam_gmapping/share/slam_gmapping/hook/cmake_prefix_path.sh'
[2.940s] Level 1:colcon.colcon_core.environment:checking '/home/spicygen/Desktop/ros_ws/install/slam_gmapping/lib'
[2.940s] Level 1:colcon.colcon_core.environment:checking '/home/spicygen/Desktop/ros_ws/install/slam_gmapping/bin'
[2.940s] Level 1:colcon.colcon_core.environment:checking '/home/spicygen/Desktop/ros_ws/install/slam_gmapping/lib/pkgconfig/slam_gmapping.pc'
[2.941s] Level 1:colcon.colcon_core.environment:checking '/home/spicygen/Desktop/ros_ws/install/slam_gmapping/lib/python3.10/site-packages'
[2.941s] Level 1:colcon.colcon_core.environment:checking '/home/spicygen/Desktop/ros_ws/install/slam_gmapping/bin'
[2.942s] INFO:colcon.colcon_core.shell:Creating package script '/home/spicygen/Desktop/ros_ws/install/slam_gmapping/share/slam_gmapping/package.ps1'
[2.943s] INFO:colcon.colcon_core.shell:Creating package descriptor '/home/spicygen/Desktop/ros_ws/install/slam_gmapping/share/slam_gmapping/package.dsv'
[2.944s] INFO:colcon.colcon_core.shell:Creating package script '/home/spicygen/Desktop/ros_ws/install/slam_gmapping/share/slam_gmapping/package.sh'
[2.945s] INFO:colcon.colcon_core.shell:Creating package script '/home/spicygen/Desktop/ros_ws/install/slam_gmapping/share/slam_gmapping/package.bash'
[2.946s] INFO:colcon.colcon_core.shell:Creating package script '/home/spicygen/Desktop/ros_ws/install/slam_gmapping/share/slam_gmapping/package.zsh'
[2.947s] Level 1:colcon.colcon_core.environment:create_file_with_runtime_dependencies(/home/spicygen/Desktop/ros_ws/install/slam_gmapping/share/colcon-core/packages/slam_gmapping)
[2.947s] DEBUG:colcon.colcon_parallel_executor.executor.parallel:closing loop
[2.948s] DEBUG:colcon.colcon_parallel_executor.executor.parallel:loop closed
[2.948s] DEBUG:colcon.colcon_parallel_executor.executor.parallel:run_until_complete finished with '0'
[2.948s] DEBUG:colcon.colcon_core.event_reactor:joining thread
[2.983s] INFO:colcon.colcon_core.plugin_system:Skipping extension 'colcon_notification.desktop_notification.terminal_notifier': Not used on non-Darwin systems
[2.983s] INFO:colcon.colcon_core.plugin_system:Skipping extension 'colcon_notification.desktop_notification.win32': Not used on non-Windows systems
[2.983s] INFO:colcon.colcon_notification.desktop_notification:Sending desktop notification using 'notify2'
[3.011s] DEBUG:colcon.colcon_core.event_reactor:joined thread
[3.012s] INFO:colcon.colcon_core.shell:Creating prefix script '/home/spicygen/Desktop/ros_ws/install/local_setup.ps1'
[3.014s] INFO:colcon.colcon_core.shell:Creating prefix util module '/home/spicygen/Desktop/ros_ws/install/_local_setup_util_ps1.py'
[3.018s] INFO:colcon.colcon_core.shell:Creating prefix chain script '/home/spicygen/Desktop/ros_ws/install/setup.ps1'
[3.021s] INFO:colcon.colcon_core.shell:Creating prefix script '/home/spicygen/Desktop/ros_ws/install/local_setup.sh'
[3.023s] INFO:colcon.colcon_core.shell:Creating prefix util module '/home/spicygen/Desktop/ros_ws/install/_local_setup_util_sh.py'
[3.025s] INFO:colcon.colcon_core.shell:Creating prefix chain script '/home/spicygen/Desktop/ros_ws/install/setup.sh'
[3.029s] INFO:colcon.colcon_core.shell:Creating prefix script '/home/spicygen/Desktop/ros_ws/install/local_setup.bash'
[3.030s] INFO:colcon.colcon_core.shell:Creating prefix chain script '/home/spicygen/Desktop/ros_ws/install/setup.bash'
[3.036s] INFO:colcon.colcon_core.shell:Creating prefix script '/home/spicygen/Desktop/ros_ws/install/local_setup.zsh'
[3.038s] INFO:colcon.colcon_core.shell:Creating prefix chain script '/home/spicygen/Desktop/ros_ws/install/setup.zsh'
