-- The C compiler identification is GNU 11.4.0
-- The CXX compiler identification is GNU 11.4.0
-- Detecting C compiler ABI info
-- Detecting C compiler ABI info - done
-- Check for working C compiler: /usr/bin/cc - skipped
-- Detecting C compile features
-- Detecting C compile features - done
-- Detecting CXX compiler ABI info
-- Detecting CXX compiler ABI info - done
-- Check for working CXX compiler: /usr/bin/c++ - skipped
-- Detecting CXX compile features
-- Detecting CXX compile features - done
-- Found ament_cmake: 1.3.12 (/opt/ros/humble/share/ament_cmake/cmake)
-- Found Python3: /usr/bin/python3 (found version "3.10.12") found components: Interpreter 
-- Found rclcpp: 16.0.15 (/opt/ros/humble/share/rclcpp/cmake)
-- Found rosidl_generator_c: 3.1.7 (/opt/ros/humble/share/rosidl_generator_c/cmake)
-- Found rosidl_adapter: 3.1.7 (/opt/ros/humble/share/rosidl_adapter/cmake)
-- Found rosidl_generator_cpp: 3.1.7 (/opt/ros/humble/share/rosidl_generator_cpp/cmake)
-- Using all available rosidl_typesupport_c: rosidl_typesupport_fastrtps_c;rosidl_typesupport_introspection_c
-- Using all available rosidl_typesupport_cpp: rosidl_typesupport_fastrtps_cpp;rosidl_typesupport_introspection_cpp
-- Found rmw_implementation_cmake: 6.1.2 (/opt/ros/humble/share/rmw_implementation_cmake/cmake)
-- Found rmw_fastrtps_cpp: 6.2.8 (/opt/ros/humble/share/rmw_fastrtps_cpp/cmake)
-- Found OpenSSL: /usr/lib/x86_64-linux-gnu/libcrypto.so (found version "3.0.2")  
-- Found FastRTPS: /opt/ros/humble/include  
-- Using RMW implementation 'rmw_fastrtps_cpp' as default
-- Looking for pthread.h
-- Looking for pthread.h - found
-- Performing Test CMAKE_HAVE_LIBC_PTHREAD
-- Performing Test CMAKE_HAVE_LIBC_PTHREAD - Success
-- Found Threads: TRUE  
-- Found geometry_msgs: 4.9.0 (/opt/ros/humble/share/geometry_msgs/cmake)
-- Found image_geometry: 3.2.1 (/opt/ros/humble/share/image_geometry/cmake)
-- Found map_msgs: 2.1.0 (/opt/ros/humble/share/map_msgs/cmake)
-- Found tf2_geometry_msgs: 0.25.16 (/opt/ros/humble/share/tf2_geometry_msgs/cmake)
-- Found eigen3_cmake_module: 0.1.1 (/opt/ros/humble/share/eigen3_cmake_module/cmake)
-- Found Eigen3: TRUE (found version "3.4.0") 
-- Ensuring Eigen3 include directory is part of orocos-kdl CMake target
-- Found Boost: /usr/lib/x86_64-linux-gnu/cmake/Boost-1.74.0/BoostConfig.cmake (found version "1.74.0") found components: thread 
-- Found OpenCV: /usr (found version "4.5.4") 
-- Found ament_lint_auto: 0.12.14 (/opt/ros/humble/share/ament_lint_auto/cmake)
-- Found ament_cmake_gtest: 1.3.12 (/opt/ros/humble/share/ament_cmake_gtest/cmake)
--2025-10-01 16:03:17--  https://raw.githubusercontent.com/hrnr/m-explore-extra/master/map_merge/hector_maps/map00.pgm
Resolving raw.githubusercontent.com (raw.githubusercontent.com)... 2606:50c0:8001::154, 2606:50c0:8003::154, 2606:50c0:8002::154, ...
Connecting to raw.githubusercontent.com (raw.githubusercontent.com)|2606:50c0:8001::154|:443... connected.
HTTP request sent, awaiting response... 200 OK
Length: 4194362 (4.0M) [application/octet-stream]
Saving to: ‘/home/spicygen/Desktop/ros_ws/build/multirobot_map_merge/map00.pgm’

     0K .......... .......... .......... .......... ..........  1% 1.48M 3s
    50K .......... .......... .......... .......... ..........  2% 2.42M 2s
   100K .......... .......... .......... .......... ..........  3% 4.91M 2s
   150K .......... .......... .......... .......... ..........  4% 5.44M 1s
   200K .......... .......... .......... .......... ..........  6% 9.17M 1s
   250K .......... .......... .......... .......... ..........  7% 5.67M 1s
   300K .......... .......... .......... .......... ..........  8% 9.89M 1s
   350K .......... .......... .......... .......... ..........  9% 3.47M 1s
   400K .......... .......... .......... .......... .......... 10% 4.79M 1s
   450K .......... .......... .......... .......... .......... 12% 5.52M 1s
   500K .......... .......... .......... .......... .......... 13% 7.44M 1s
   550K .......... .......... .......... .......... .......... 14% 6.41M 1s
   600K .......... .......... .......... .......... .......... 15% 7.13M 1s
   650K .......... .......... .......... .......... .......... 17% 6.49M 1s
   700K .......... .......... .......... .......... .......... 18% 5.73M 1s
   750K .......... .......... .......... .......... .......... 19% 5.47M 1s
   800K .......... .......... .......... .......... .......... 20% 4.89M 1s
   850K .......... .......... .......... .......... .......... 21% 8.12M 1s
   900K .......... .......... .......... .......... .......... 23% 5.26M 1s
   950K .......... .......... .......... .......... .......... 24% 4.60M 1s
  1000K .......... .......... .......... .......... .......... 25% 2.83M 1s
  1050K .......... .......... .......... .......... .......... 26% 5.77M 1s
  1100K .......... .......... .......... .......... .......... 28% 10.4M 1s
  1150K .......... .......... .......... .......... .......... 29% 5.06M 1s
  1200K .......... .......... .......... .......... .......... 30% 2.20M 1s
  1250K .......... .......... .......... .......... .......... 31% 11.5M 1s
  1300K .......... .......... .......... .......... .......... 32% 5.14M 1s
  1350K .......... .......... .......... .......... .......... 34% 3.74M 1s
  1400K .......... .......... .......... .......... .......... 35% 3.85M 1s
  1450K .......... .......... .......... .......... .......... 36% 3.74M 1s
  1500K .......... .......... .......... .......... .......... 37% 3.55M 1s
  1550K .......... .......... .......... .......... .......... 39% 4.06M 1s
  1600K .......... .......... .......... .......... .......... 40% 2.68M 1s
  1650K .......... .......... .......... .......... .......... 41% 4.63M 1s
  1700K .......... .......... .......... .......... .......... 42% 3.89M 1s
  1750K .......... .......... .......... .......... .......... 43% 3.88M 1s
  1800K .......... .......... .......... .......... .......... 45% 3.51M 1s
  1850K .......... .......... .......... .......... .......... 46% 3.84M 0s
  1900K .......... .......... .......... .......... .......... 47% 4.10M 0s
  1950K .......... .......... .......... .......... .......... 48%  494K 1s
  2000K .......... .......... .......... .......... .......... 50%  102M 1s
  2050K .......... .......... .......... .......... .......... 51% 1.91M 1s
  2100K .......... .......... .......... .......... .......... 52% 9.54M 1s
  2150K .......... .......... .......... .......... .......... 53% 5.43M 1s
  2200K .......... .......... .......... .......... .......... 54% 37.3M 0s
  2250K .......... .......... .......... .......... .......... 56% 3.80M 0s
  2300K .......... .......... .......... .......... .......... 57% 4.36M 0s
  2350K .......... .......... .......... .......... .......... 58% 40.4M 0s
  2400K .......... .......... .......... .......... .......... 59% 36.0M 0s
  2450K .......... .......... .......... .......... .......... 61% 39.8M 0s
  2500K .......... .......... .......... .......... .......... 62% 39.8M 0s
  2550K .......... .......... .......... .......... .......... 63% 20.0M 0s
  2600K .......... .......... .......... .......... .......... 64% 3.70M 0s
  2650K .......... .......... .......... .......... .......... 65% 3.60M 0s
  2700K .......... .......... .......... .......... .......... 67% 3.48M 0s
  2750K .......... .......... .......... .......... .......... 68% 3.52M 0s
  2800K .......... .......... .......... .......... .......... 69% 3.58M 0s
  2850K .......... .......... .......... .......... .......... 70% 3.69M 0s
  2900K .......... .......... .......... .......... .......... 72% 3.93M 0s
  2950K .......... .......... .......... .......... .......... 73% 3.51M 0s
  3000K .......... .......... .......... .......... .......... 74% 3.92M 0s
  3050K .......... .......... .......... .......... .......... 75% 4.14M 0s
  3100K .......... .......... .......... .......... .......... 76% 3.85M 0s
  3150K .......... .......... .......... .......... .......... 78% 3.64M 0s
  3200K .......... .......... .......... .......... .......... 79% 2.91M 0s
  3250K .......... .......... .......... .......... .......... 80% 3.74M 0s
  3300K .......... .......... .......... .......... .......... 81% 4.26M 0s
  3350K .......... .......... .......... .......... .......... 83% 3.50M 0s
  3400K .......... .......... .......... .......... .......... 84% 3.96M 0s
  3450K .......... .......... .......... .......... .......... 85% 3.85M 0s
  3500K .......... .......... .......... .......... .......... 86% 3.93M 0s
  3550K .......... .......... .......... .......... .......... 87% 3.26M 0s
  3600K .......... .......... .......... .......... .......... 89% 3.19M 0s
  3650K .......... .......... .......... .......... .......... 90% 4.00M 0s
  3700K .......... .......... .......... .......... .......... 91% 3.38M 0s
  3750K .......... .......... .......... .......... .......... 92% 3.96M 0s
  3800K .......... .......... .......... .......... .......... 93% 4.12M 0s
  3850K .......... .......... .......... .......... .......... 95% 3.78M 0s
  3900K .......... .......... .......... .......... .......... 96% 3.05M 0s
  3950K .......... .......... .......... .......... .......... 97% 4.49M 0s
  4000K .......... .......... .......... .......... .......... 98% 3.19M 0s
  4050K .......... .......... .......... .......... ......    100% 5.40M=1.0s

2025-10-01 16:03:18 (3.97 MB/s) - ‘/home/spicygen/Desktop/ros_ws/build/multirobot_map_merge/map00.pgm’ saved [4194362/4194362]

Checking MD5 sum of /home/spicygen/Desktop/ros_ws/build/multirobot_map_merge/map00.pgm
/home/spicygen/Desktop/ros_ws/build/multirobot_map_merge/map00.pgm: OK
--2025-10-01 16:03:18--  https://raw.githubusercontent.com/hrnr/m-explore-extra/master/map_merge/hector_maps/map05.pgm
Resolving raw.githubusercontent.com (raw.githubusercontent.com)... 2606:50c0:8000::154, 2606:50c0:8002::154, 2606:50c0:8001::154, ...
Connecting to raw.githubusercontent.com (raw.githubusercontent.com)|2606:50c0:8000::154|:443... connected.
HTTP request sent, awaiting response... 200 OK
Length: 4194362 (4.0M) [application/octet-stream]
Saving to: ‘/home/spicygen/Desktop/ros_ws/build/multirobot_map_merge/map05.pgm’

     0K .......... .......... .......... .......... ..........  1% 1.98M 2s
    50K .......... .......... .......... .......... ..........  2% 2.37M 2s
   100K .......... .......... .......... .......... ..........  3% 7.12M 1s
   150K .......... .......... .......... .......... ..........  4% 3.76M 1s
   200K .......... .......... .......... .......... ..........  6% 1.24M 2s
   250K .......... .......... .......... .......... ..........  7% 5.42M 1s
   300K .......... .......... .......... .......... ..........  8% 5.81M 1s
   350K .......... .......... .......... .......... ..........  9% 4.65M 1s
   400K .......... .......... .......... .......... .......... 10% 3.25M 1s
   450K .......... .......... .......... .......... .......... 12% 5.15M 1s
   500K .......... .......... .......... .......... .......... 13% 8.30M 1s
   550K .......... .......... .......... .......... .......... 14% 4.65M 1s
   600K .......... .......... .......... .......... .......... 15% 6.79M 1s
   650K .......... .......... .......... .......... .......... 17% 4.09M 1s
   700K .......... .......... .......... .......... .......... 18% 7.07M 1s
   750K .......... .......... .......... .......... .......... 19% 6.13M 1s
   800K .......... .......... .......... .......... .......... 20% 5.29M 1s
   850K .......... .......... .......... .......... .......... 21% 5.56M 1s
   900K .......... .......... .......... .......... .......... 23% 2.10M 1s
   950K .......... .......... .......... .......... .......... 24% 4.28M 1s
  1000K .......... .......... .......... .......... .......... 25% 5.66M 1s
  1050K .......... .......... .......... .......... .......... 26% 1.69M 1s
  1100K .......... .......... .......... .......... .......... 28% 3.71M 1s
  1150K .......... .......... .......... .......... .......... 29% 5.76M 1s
  1200K .......... .......... .......... .......... .......... 30% 1.57M 1s
  1250K .......... .......... .......... .......... .......... 31% 4.87M 1s
  1300K .......... .......... .......... .......... .......... 32% 5.77M 1s
  1350K .......... .......... .......... .......... .......... 34% 4.81M 1s
  1400K .......... .......... .......... .......... .......... 35% 6.35M 1s
  1450K .......... .......... .......... .......... .......... 36% 4.13M 1s
  1500K .......... .......... .......... .......... .......... 37% 7.41M 1s
  1550K .......... .......... .......... .......... .......... 39% 4.20M 1s
  1600K .......... .......... .......... .......... .......... 40% 5.14M 1s
  1650K .......... .......... .......... .......... .......... 41% 4.09M 1s
  1700K .......... .......... .......... .......... .......... 42% 5.14M 1s
  1750K .......... .......... .......... .......... .......... 43% 3.69M 1s
  1800K .......... .......... .......... .......... .......... 45% 11.4M 1s
  1850K .......... .......... .......... .......... .......... 46% 7.04M 1s
  1900K .......... .......... .......... .......... .......... 47% 2.13M 1s
  1950K .......... .......... .......... .......... .......... 48% 4.64M 1s
  2000K .......... .......... .......... .......... .......... 50% 5.92M 1s
  2050K .......... .......... .......... .......... .......... 51% 3.30M 1s
  2100K .......... .......... .......... .......... .......... 52% 5.25M 0s
  2150K .......... .......... .......... .......... .......... 53% 4.07M 0s
  2200K .......... .......... .......... .......... .......... 54% 8.07M 0s
  2250K .......... .......... .......... .......... .......... 56% 3.72M 0s
  2300K .......... .......... .......... .......... .......... 57% 32.6M 0s
  2350K .......... .......... .......... .......... .......... 58% 1.82M 0s
  2400K .......... .......... .......... .......... .......... 59% 4.37M 0s
  2450K .......... .......... .......... .......... .......... 61% 10.8M 0s
  2500K .......... .......... .......... .......... .......... 62% 10.7M 0s
  2550K .......... .......... .......... .......... .......... 63% 5.64M 0s
  2600K .......... .......... .......... .......... .......... 64% 5.13M 0s
  2650K .......... .......... .......... .......... .......... 65% 6.36M 0s
  2700K .......... .......... .......... .......... .......... 67% 4.89M 0s
  2750K .......... .......... .......... .......... .......... 68% 3.05M 0s
  2800K .......... .......... .......... .......... .......... 69% 3.92M 0s
  2850K .......... .......... .......... .......... .......... 70% 3.25M 0s
  2900K .......... .......... .......... .......... .......... 72% 4.54M 0s
  2950K .......... .......... .......... .......... .......... 73% 3.95M 0s
  3000K .......... .......... .......... .......... .......... 74% 3.73M 0s
  3050K .......... .......... .......... .......... .......... 75% 3.87M 0s
  3100K .......... .......... .......... .......... .......... 76% 3.80M 0s
  3150K .......... .......... .......... .......... .......... 78% 2.80M 0s
  3200K .......... .......... .......... .......... .......... 79%  276K 0s
  3250K .......... .......... .......... .......... .......... 80% 72.4M 0s
  3300K .......... .......... .......... .......... .......... 81% 69.8M 0s
  3350K .......... .......... .......... .......... .......... 83% 70.5M 0s
  3400K .......... .......... .......... .......... .......... 84% 82.8M 0s
  3450K .......... .......... .......... .......... .......... 85% 85.0M 0s
  3500K .......... .......... .......... .......... .......... 86% 86.3M 0s
  3550K .......... .......... .......... .......... .......... 87% 70.2M 0s
  3600K .......... .......... .......... .......... .......... 89% 85.6M 0s
  3650K .......... .......... .......... .......... .......... 90% 67.5M 0s
  3700K .......... .......... .......... .......... .......... 91% 79.7M 0s
  3750K .......... .......... .......... .......... .......... 92% 74.9M 0s
  3800K .......... .......... .......... .......... .......... 93% 80.2M 0s
  3850K .......... .......... .......... .......... .......... 95% 84.2M 0s
  3900K .......... .......... .......... .......... .......... 96% 8.38M 0s
  3950K .......... .......... .......... .......... .......... 97% 2.89M 0s
  4000K .......... .......... .......... .......... .......... 98% 3.11M 0s
  4050K .......... .......... .......... .......... ......    100% 5.81M=1.0s

2025-10-01 16:03:20 (3.96 MB/s) - ‘/home/spicygen/Desktop/ros_ws/build/multirobot_map_merge/map05.pgm’ saved [4194362/4194362]

Checking MD5 sum of /home/spicygen/Desktop/ros_ws/build/multirobot_map_merge/map05.pgm
/home/spicygen/Desktop/ros_ws/build/multirobot_map_merge/map05.pgm: OK
--2025-10-01 16:03:20--  https://raw.githubusercontent.com/hrnr/m-explore-extra/master/map_merge/gmapping_maps/2011-08-09-12-22-52.pgm
Resolving raw.githubusercontent.com (raw.githubusercontent.com)... 2606:50c0:8001::154, 2606:50c0:8002::154, 2606:50c0:8000::154, ...
Connecting to raw.githubusercontent.com (raw.githubusercontent.com)|2606:50c0:8001::154|:443... connected.
HTTP request sent, awaiting response... 200 OK
Length: 16000058 (15M) [application/octet-stream]
Saving to: ‘/home/spicygen/Desktop/ros_ws/build/multirobot_map_merge/2011-08-09-12-22-52.pgm’

     0K .......... .......... .......... .......... ..........  0% 1.77M 9s
    50K .......... .......... .......... .......... ..........  0% 4.29M 6s
   100K .......... .......... .......... .......... ..........  0% 2.88M 6s
   150K .......... .......... .......... .......... ..........  1% 3.89M 5s
   200K .......... .......... .......... .......... ..........  1% 5.90M 5s
   250K .......... .......... .......... .......... ..........  1% 10.4M 4s
   300K .......... .......... .......... .......... ..........  2% 6.72M 4s
   350K .......... .......... .......... .......... ..........  2% 4.12M 4s
   400K .......... .......... .......... .......... ..........  2% 5.41M 4s
   450K .......... .......... .......... .......... ..........  3% 4.58M 4s
   500K .......... .......... .......... .......... ..........  3% 5.85M 4s
   550K .......... .......... .......... .......... ..........  3% 5.52M 3s
   600K .......... .......... .......... .......... ..........  4% 4.46M 3s
   650K .......... .......... .......... .......... ..........  4% 4.26M 3s
   700K .......... .......... .......... .......... ..........  4% 4.92M 3s
   750K .......... .......... .......... .......... ..........  5% 5.67M 3s
   800K .......... .......... .......... .......... ..........  5% 9.23M 3s
   850K .......... .......... .......... .......... ..........  5% 7.92M 3s
   900K .......... .......... .......... .......... ..........  6% 3.69M 3s
   950K .......... .......... .......... .......... ..........  6% 2.49M 3s
  1000K .......... .......... .......... .......... ..........  6% 10.5M 3s
  1050K .......... .......... .......... .......... ..........  7% 3.62M 3s
  1100K .......... .......... .......... .......... ..........  7% 6.44M 3s
  1150K .......... .......... .......... .......... ..........  7% 5.48M 3s
  1200K .......... .......... .......... .......... ..........  7% 2.84M 3s
  1250K .......... .......... .......... .......... ..........  8% 5.42M 3s
  1300K .......... .......... .......... .......... ..........  8% 8.28M 3s
  1350K .......... .......... .......... .......... ..........  8% 2.92M 3s
  1400K .......... .......... .......... .......... ..........  9% 12.1M 3s
  1450K .......... .......... .......... .......... ..........  9% 4.55M 3s
  1500K .......... .......... .......... .......... ..........  9% 4.05M 3s
  1550K .......... .......... .......... .......... .......... 10% 3.88M 3s
  1600K .......... .......... .......... .......... .......... 10% 3.98M 3s
  1650K .......... .......... .......... .......... .......... 10% 3.93M 3s
  1700K .......... .......... .......... .......... .......... 11% 3.77M 3s
  1750K .......... .......... .......... .......... .......... 11% 2.68M 3s
  1800K .......... .......... .......... .......... .......... 11% 4.26M 3s
  1850K .......... .......... .......... .......... .......... 12% 3.87M 3s
  1900K .......... .......... .......... .......... .......... 12%  439K 4s
  1950K .......... .......... .......... .......... .......... 12% 8.15M 4s
  2000K .......... .......... .......... .......... .......... 13% 5.35M 4s
  2050K .......... .......... .......... .......... .......... 13% 7.66M 4s
  2100K .......... .......... .......... .......... .......... 13% 6.35M 4s
  2150K .......... .......... .......... .......... .......... 14% 7.07M 4s
  2200K .......... .......... .......... .......... .......... 14% 21.6M 3s
  2250K .......... .......... .......... .......... .......... 14% 70.9M 3s
  2300K .......... .......... .......... .......... .......... 15% 1.62M 3s
  2350K .......... .......... .......... .......... .......... 15% 4.37M 3s
  2400K .......... .......... .......... .......... .......... 15% 67.3M 3s
  2450K .......... .......... .......... .......... .......... 15% 74.6M 3s
  2500K .......... .......... .......... .......... .......... 16% 71.8M 3s
  2550K .......... .......... .......... .......... .......... 16% 61.7M 3s
  2600K .......... .......... .......... .......... .......... 16% 16.6M 3s
  2650K .......... .......... .......... .......... .......... 17% 3.78M 3s
  2700K .......... .......... .......... .......... .......... 17% 3.60M 3s
  2750K .......... .......... .......... .......... .......... 17% 4.07M 3s
  2800K .......... .......... .......... .......... .......... 18% 3.57M 3s
  2850K .......... .......... .......... .......... .......... 18% 4.17M 3s
  2900K .......... .......... .......... .......... .......... 18% 2.85M 3s
  2950K .......... .......... .......... .......... .......... 19% 3.95M 3s
  3000K .......... .......... .......... .......... .......... 19% 3.14M 3s
  3050K .......... .......... .......... .......... .......... 19% 4.55M 3s
  3100K .......... .......... .......... .......... .......... 20% 3.87M 3s
  3150K .......... .......... .......... .......... .......... 20% 3.94M 3s
  3200K .......... .......... .......... .......... .......... 20% 3.89M 3s
  3250K .......... .......... .......... .......... .......... 21% 3.65M 3s
  3300K .......... .......... .......... .......... .......... 21% 3.73M 3s
  3350K .......... .......... .......... .......... .......... 21% 3.04M 3s
  3400K .......... .......... .......... .......... .......... 22% 3.92M 3s
  3450K .......... .......... .......... .......... .......... 22% 3.58M 3s
  3500K .......... .......... .......... .......... .......... 22% 4.22M 3s
  3550K .......... .......... .......... .......... .......... 23% 3.49M 3s
  3600K .......... .......... .......... .......... .......... 23% 3.80M 3s
  3650K .......... .......... .......... .......... .......... 23% 3.52M 3s
  3700K .......... .......... .......... .......... .......... 23% 3.08M 3s
  3750K .......... .......... .......... .......... .......... 24% 3.99M 3s
  3800K .......... .......... .......... .......... .......... 24% 3.73M 3s
  3850K .......... .......... .......... .......... .......... 24% 4.03M 3s
  3900K .......... .......... .......... .......... .......... 25% 3.87M 3s
  3950K .......... .......... .......... .......... .......... 25% 3.61M 3s
  4000K .......... .......... .......... .......... .......... 25% 4.04M 3s
  4050K .......... .......... .......... .......... .......... 26% 3.28M 3s
  4100K .......... .......... .......... .......... .......... 26% 4.04M 3s
  4150K .......... .......... .......... .......... .......... 26% 3.00M 3s
  4200K .......... .......... .......... .......... .......... 27% 3.95M 3s
  4250K .......... .......... .......... .......... .......... 27% 3.93M 3s
  4300K .......... .......... .......... .......... .......... 27% 3.69M 3s
  4350K .......... .......... .......... .......... .......... 28% 3.70M 3s
  4400K .......... .......... .......... .......... .......... 28% 4.03M 3s
  4450K .......... .......... .......... .......... .......... 28% 3.44M 3s
  4500K .......... .......... .......... .......... .......... 29% 4.40M 3s
  4550K .......... .......... .......... .......... .......... 29% 2.85M 3s
  4600K .......... .......... .......... .......... .......... 29% 3.70M 3s
  4650K .......... .......... .......... .......... .......... 30% 3.93M 3s
  4700K .......... .......... .......... .......... .......... 30% 3.73M 3s
  4750K .......... .......... .......... .......... .......... 30% 4.04M 3s
  4800K .......... .......... .......... .......... .......... 31% 3.65M 3s
  4850K .......... .......... .......... .......... .......... 31% 2.85M 3s
  4900K .......... .......... .......... .......... .......... 31% 6.00M 3s
  4950K .......... .......... .......... .......... .......... 31% 2.84M 3s
  5000K .......... .......... .......... .......... .......... 32% 3.99M 3s
  5050K .......... .......... .......... .......... .......... 32% 3.76M 3s
  5100K .......... .......... .......... .......... .......... 32% 3.76M 3s
  5150K .......... .......... .......... .......... .......... 33% 3.88M 3s
  5200K .......... .......... .......... .......... .......... 33% 3.67M 3s
  5250K .......... .......... .......... .......... .......... 33% 3.86M 3s
  5300K .......... .......... .......... .......... .......... 34% 3.89M 3s
  5350K .......... .......... .......... .......... .......... 34% 2.92M 3s
  5400K .......... .......... .......... .......... .......... 34% 3.82M 3s
  5450K .......... .......... .......... .......... .......... 35% 3.89M 3s
  5500K .......... .......... .......... .......... .......... 35% 3.82M 3s
  5550K .......... .......... .......... .......... .......... 35% 3.73M 3s
  5600K .......... .......... .......... .......... .......... 36% 3.33M 3s
  5650K .......... .......... .......... .......... .......... 36% 4.21M 2s
  5700K .......... .......... .......... .......... .......... 36% 4.01M 2s
  5750K .......... .......... .......... .......... .......... 37% 2.91M 2s
  5800K .......... .......... .......... .......... .......... 37% 3.70M 2s
  5850K .......... .......... .......... .......... .......... 37% 4.11M 2s
  5900K .......... .......... .......... .......... .......... 38% 3.61M 2s
  5950K .......... .......... .......... .......... .......... 38% 1.61M 2s
  6000K .......... .......... .......... .......... .......... 38% 9.58M 2s
  6050K .......... .......... .......... .......... .......... 39% 4.82M 2s
  6100K .......... .......... .......... .......... .......... 39% 5.60M 2s
  6150K .......... .......... .......... .......... .......... 39% 3.59M 2s
  6200K .......... .......... .......... .......... .......... 39% 3.94M 2s
  6250K .......... .......... .......... .......... .......... 40% 3.65M 2s
  6300K .......... .......... .......... .......... .......... 40% 3.97M 2s
  6350K .......... .......... .......... .......... .......... 40% 3.64M 2s
  6400K .......... .......... .......... .......... .......... 41% 3.49M 2s
  6450K .......... .......... .......... .......... .......... 41% 4.57M 2s
  6500K .......... .......... .......... .......... .......... 41% 3.62M 2s
  6550K .......... .......... .......... .......... .......... 42% 2.93M 2s
  6600K .......... .......... .......... .......... .......... 42% 3.82M 2s
  6650K .......... .......... .......... .......... .......... 42% 4.01M 2s
  6700K .......... .......... .......... .......... .......... 43% 3.76M 2s
  6750K .......... .......... .......... .......... .......... 43% 3.00M 2s
  6800K .......... .......... .......... .......... .......... 43% 4.72M 2s
  6850K .......... .......... .......... .......... .......... 44%  499K 2s
  6900K .......... .......... .......... .......... .......... 44% 74.6M 2s
  6950K .......... .......... .......... .......... .......... 44% 2.64M 2s
  7000K .......... .......... .......... .......... .......... 45% 68.2M 2s
  7050K .......... .......... .......... .......... .......... 45% 82.3M 2s
  7100K .......... .......... .......... .......... .......... 45% 83.2M 2s
  7150K .......... .......... .......... .......... .......... 46% 70.3M 2s
  7200K .......... .......... .......... .......... .......... 46% 86.2M 2s
  7250K .......... .......... .......... .......... .......... 46% 78.9M 2s
  7300K .......... .......... .......... .......... .......... 47% 6.54M 2s
  7350K .......... .......... .......... .......... .......... 47% 2.86M 2s
  7400K .......... .......... .......... .......... .......... 47% 3.50M 2s
  7450K .......... .......... .......... .......... .......... 47% 4.13M 2s
  7500K .......... .......... .......... .......... .......... 48% 4.02M 2s
  7550K .......... .......... .......... .......... .......... 48% 2.87M 2s
  7600K .......... .......... .......... .......... .......... 48% 5.67M 2s
  7650K .......... .......... .......... .......... .......... 49% 3.79M 2s
  7700K .......... .......... .......... .......... .......... 49% 3.87M 2s
  7750K .......... .......... .......... .......... .......... 49% 2.91M 2s
  7800K .......... .......... .......... .......... .......... 50% 3.71M 2s
  7850K .......... .......... .......... .......... .......... 50% 3.77M 2s
  7900K .......... .......... .......... .......... .......... 50% 2.82M 2s
  7950K .......... .......... .......... .......... .......... 51% 6.35M 2s
  8000K .......... .......... .......... .......... .......... 51% 3.81M 2s
  8050K .......... .......... .......... .......... .......... 51% 3.89M 2s
  8100K .......... .......... .......... .......... .......... 52% 3.81M 2s
  8150K .......... .......... .......... .......... .......... 52% 2.86M 2s
  8200K .......... .......... .......... .......... .......... 52% 3.69M 2s
  8250K .......... .......... .......... .......... .......... 53% 3.97M 2s
  8300K .......... .......... .......... .......... .......... 53% 3.35M 2s
  8350K .......... .......... .......... .......... .......... 53% 3.96M 2s
  8400K .......... .......... .......... .......... .......... 54% 4.11M 2s
  8450K .......... .......... .......... .......... .......... 54% 3.76M 2s
  8500K .......... .......... .......... .......... .......... 54% 4.02M 2s
  8550K .......... .......... .......... .......... .......... 55% 2.89M 2s
  8600K .......... .......... .......... .......... .......... 55% 3.84M 2s
  8650K .......... .......... .......... .......... .......... 55% 3.80M 2s
  8700K .......... .......... .......... .......... .......... 55% 3.37M 2s
  8750K .......... .......... .......... .......... .......... 56% 4.48M 2s
  8800K .......... .......... .......... .......... .......... 56% 3.76M 2s
  8850K .......... .......... .......... .......... .......... 56% 3.98M 2s
  8900K .......... .......... .......... .......... .......... 57% 3.73M 2s
  8950K .......... .......... .......... .......... .......... 57% 2.88M 2s
  9000K .......... .......... .......... .......... .......... 57% 3.94M 2s
  9050K .......... .......... .......... .......... .......... 58% 3.79M 2s
  9100K .......... .......... .......... .......... .......... 58% 2.96M 2s
  9150K .......... .......... .......... .......... .......... 58% 5.28M 2s
  9200K .......... .......... .......... .......... .......... 59% 3.89M 2s
  9250K .......... .......... .......... .......... .......... 59% 3.70M 2s
  9300K .......... .......... .......... .......... .......... 59% 3.50M 2s
  9350K .......... .......... .......... .......... .......... 60% 3.16M 2s
  9400K .......... .......... .......... .......... .......... 60% 3.84M 2s
  9450K .......... .......... .......... .......... .......... 60% 3.22M 2s
  9500K .......... .......... .......... .......... .......... 61% 4.48M 2s
  9550K .......... .......... .......... .......... .......... 61% 3.95M 2s
  9600K .......... .......... .......... .......... .......... 61% 3.90M 2s
  9650K .......... .......... .......... .......... .......... 62% 3.81M 2s
  9700K .......... .......... .......... .......... .......... 62% 3.85M 2s
  9750K .......... .......... .......... .......... .......... 62% 2.83M 2s
  9800K .......... .......... .......... .......... .......... 63% 3.89M 1s
  9850K .......... .......... .......... .......... .......... 63% 3.67M 1s
  9900K .......... .......... .......... .......... .......... 63% 3.66M 1s
  9950K .......... .......... .......... .......... .......... 63% 3.95M 1s
 10000K .......... .......... .......... .......... .......... 64% 3.93M 1s
 10050K .......... .......... .......... .......... .......... 64% 3.92M 1s
 10100K .......... .......... .......... .......... .......... 64% 3.78M 1s
 10150K .......... .......... .......... .......... .......... 65% 2.90M 1s
 10200K .......... .......... .......... .......... .......... 65% 3.66M 1s
 10250K .......... .......... .......... .......... .......... 65% 2.90M 1s
 10300K .......... .......... .......... .......... .......... 66% 5.96M 1s
 10350K .......... .......... .......... .......... .......... 66% 3.94M 1s
 10400K .......... .......... .......... .......... .......... 66% 3.73M 1s
 10450K .......... .......... .......... .......... .......... 67% 3.81M 1s
 10500K .......... .......... .......... .......... .......... 67% 3.88M 1s
 10550K .......... .......... .......... .......... .......... 67% 2.83M 1s
 10600K .......... .......... .......... .......... .......... 68% 3.13M 1s
 10650K .......... .......... .......... .......... .......... 68% 5.14M 1s
 10700K .......... .......... .......... .......... .......... 68% 3.71M 1s
 10750K .......... .......... .......... .......... .......... 69% 3.73M 1s
 10800K .......... .......... .......... .......... .......... 69% 4.05M 1s
 10850K .......... .......... .......... .......... .......... 69% 3.77M 1s
 10900K .......... .......... .......... .......... .......... 70% 3.90M 1s
 10950K .......... .......... .......... .......... .......... 70% 2.80M 1s
 11000K .......... .......... .......... .......... .......... 70% 3.48M 1s
 11050K .......... .......... .......... .......... .......... 71% 4.35M 1s
 11100K .......... .......... .......... .......... .......... 71% 4.00M 1s
 11150K .......... .......... .......... .......... .......... 71% 3.66M 1s
 11200K .......... .......... .......... .......... .......... 71% 3.95M 1s
 11250K .......... .......... .......... .......... .......... 72% 2.92M 1s
 11300K .......... .......... .......... .......... .......... 72% 5.45M 1s
 11350K .......... .......... .......... .......... .......... 72% 2.86M 1s
 11400K .......... .......... .......... .......... .......... 73% 3.31M 1s
 11450K .......... .......... .......... .......... .......... 73% 4.62M 1s
 11500K .......... .......... .......... .......... .......... 73% 3.60M 1s
 11550K .......... .......... .......... .......... .......... 74% 4.06M 1s
 11600K .......... .......... .......... .......... .......... 74% 3.74M 1s
 11650K .......... .......... .......... .......... .......... 74% 3.89M 1s
 11700K .......... .......... .......... .......... .......... 75% 3.90M 1s
 11750K .......... .......... .......... .......... .......... 75% 2.89M 1s
 11800K .......... .......... .......... .......... .......... 75% 3.64M 1s
 11850K .......... .......... .......... .......... .......... 76% 3.92M 1s
 11900K .......... .......... .......... .......... .......... 76% 3.71M 1s
 11950K .......... .......... .......... .......... .......... 76% 3.90M 1s
 12000K .......... .......... .......... .......... .......... 77% 3.43M 1s
 12050K .......... .......... .......... .......... .......... 77% 4.42M 1s
 12100K .......... .......... .......... .......... .......... 77% 3.64M 1s
 12150K .......... .......... .......... .......... .......... 78% 2.70M 1s
 12200K .......... .......... .......... .......... .......... 78% 4.20M 1s
 12250K .......... .......... .......... .......... .......... 78% 3.99M 1s
 12300K .......... .......... .......... .......... .......... 79% 3.89M 1s
 12350K .......... .......... .......... .......... .......... 79% 3.68M 1s
 12400K .......... .......... .......... .......... .......... 79% 3.84M 1s
 12450K .......... .......... .......... .......... .......... 79% 3.63M 1s
 12500K .......... .......... .......... .......... .......... 80% 4.05M 1s
 12550K .......... .......... .......... .......... .......... 80% 2.55M 1s
 12600K .......... .......... .......... .......... .......... 80% 4.69M 1s
 12650K .......... .......... .......... .......... .......... 81% 3.88M 1s
 12700K .......... .......... .......... .......... .......... 81% 3.88M 1s
 12750K .......... .......... .......... .......... .......... 81% 3.56M 1s
 12800K .......... .......... .......... .......... .......... 82% 4.00M 1s
 12850K .......... .......... .......... .......... .......... 82% 3.83M 1s
 12900K .......... .......... .......... .......... .......... 82% 3.79M 1s
 12950K .......... .......... .......... .......... .......... 83% 2.64M 1s
 13000K .......... .......... .......... .......... .......... 83% 4.44M 1s
 13050K .......... .......... .......... .......... .......... 83% 3.44M 1s
 13100K .......... .......... .......... .......... .......... 84% 4.26M 1s
 13150K .......... .......... .......... .......... .......... 84% 3.88M 1s
 13200K .......... .......... .......... .......... .......... 84% 3.82M 1s
 13250K .......... .......... .......... .......... .......... 85% 3.58M 1s
 13300K .......... .......... .......... .......... .......... 85% 4.14M 1s
 13350K .......... .......... .......... .......... .......... 85% 2.83M 1s
 13400K .......... .......... .......... .......... .......... 86% 3.87M 1s
 13450K .......... .......... .......... .......... .......... 86% 3.89M 1s
 13500K .......... .......... .......... .......... .......... 86% 3.72M 1s
 13550K .......... .......... .......... .......... .......... 87% 3.79M 1s
 13600K .......... .......... .......... .......... .......... 87% 3.87M 1s
 13650K .......... .......... .......... .......... .......... 87% 3.92M 1s
 13700K .......... .......... .......... .......... .......... 87% 3.24M 0s
 13750K .......... .......... .......... .......... .......... 88% 3.23M 0s
 13800K .......... .......... .......... .......... .......... 88% 3.87M 0s
 13850K .......... .......... .......... .......... .......... 88% 3.99M 0s
 13900K .......... .......... .......... .......... .......... 89% 3.56M 0s
 13950K .......... .......... .......... .......... .......... 89% 4.10M 0s
 14000K .......... .......... .......... .......... .......... 89% 3.15M 0s
 14050K .......... .......... .......... .......... .......... 90% 4.58M 0s
 14100K .......... .......... .......... .......... .......... 90% 3.92M 0s
 14150K .......... .......... .......... .......... .......... 90% 2.57M 0s
 14200K .......... .......... .......... .......... .......... 91% 4.62M 0s
 14250K .......... .......... .......... .......... .......... 91% 3.75M 0s
 14300K .......... .......... .......... .......... .......... 91% 3.82M 0s
 14350K .......... .......... .......... .......... .......... 92% 3.68M 0s
 14400K .......... .......... .......... .......... .......... 92% 4.05M 0s
 14450K .......... .......... .......... .......... .......... 92% 3.58M 0s
 14500K .......... .......... .......... .......... .......... 93% 3.83M 0s
 14550K .......... .......... .......... .......... .......... 93% 3.02M 0s
 14600K .......... .......... .......... .......... .......... 93% 3.92M 0s
 14650K .......... .......... .......... .......... .......... 94% 3.78M 0s
 14700K .......... .......... .......... .......... .......... 94% 3.82M 0s
 14750K .......... .......... .......... .......... .......... 94% 3.79M 0s
 14800K .......... .......... .......... .......... .......... 95% 3.90M 0s
 14850K .......... .......... .......... .......... .......... 95% 2.79M 0s
 14900K .......... .......... .......... .......... .......... 95% 5.57M 0s
 14950K .......... .......... .......... .......... .......... 95% 2.24M 0s
 15000K .......... .......... .......... .......... .......... 96% 5.22M 0s
 15050K .......... .......... .......... .......... .......... 96% 4.63M 0s
 15100K .......... .......... .......... .......... .......... 96% 2.99M 0s
 15150K .......... .......... .......... .......... .......... 97% 5.20M 0s
 15200K .......... .......... .......... .......... .......... 97% 3.54M 0s
 15250K .......... .......... .......... .......... .......... 97% 2.78M 0s
 15300K .......... .......... .......... .......... .......... 98% 4.74M 0s
 15350K .......... .......... .......... .......... .......... 98% 3.64M 0s
 15400K .......... .......... .......... .......... .......... 98% 3.80M 0s
 15450K .......... .......... .......... .......... .......... 99% 3.67M 0s
 15500K .......... .......... .......... .......... .......... 99% 3.67M 0s
 15550K .......... .......... .......... .......... .......... 99% 4.20M 0s
 15600K .......... .......... .....                           100% 5.20M=4.1s

2025-10-01 16:03:26 (3.75 MB/s) - ‘/home/spicygen/Desktop/ros_ws/build/multirobot_map_merge/2011-08-09-12-22-52.pgm’ saved [16000058/16000058]

Checking MD5 sum of /home/spicygen/Desktop/ros_ws/build/multirobot_map_merge/2011-08-09-12-22-52.pgm
/home/spicygen/Desktop/ros_ws/build/multirobot_map_merge/2011-08-09-12-22-52.pgm: OK
--2025-10-01 16:03:26--  https://raw.githubusercontent.com/hrnr/m-explore-extra/master/map_merge/gmapping_maps/2012-01-28-11-12-01.pgm
Resolving raw.githubusercontent.com (raw.githubusercontent.com)... 2606:50c0:8003::154, 2606:50c0:8001::154, 2606:50c0:8002::154, ...
Connecting to raw.githubusercontent.com (raw.githubusercontent.com)|2606:50c0:8003::154|:443... connected.
HTTP request sent, awaiting response... 200 OK
Length: 16000058 (15M) [application/octet-stream]
Saving to: ‘/home/spicygen/Desktop/ros_ws/build/multirobot_map_merge/2012-01-28-11-12-01.pgm’

     0K .......... .......... .......... .......... ..........  0% 2.42M 6s
    50K .......... .......... .......... .......... ..........  0% 5.05M 5s
   100K .......... .......... .......... .......... ..........  0% 2.60M 5s
   150K .......... .......... .......... .......... ..........  1% 5.50M 4s
   200K .......... .......... .......... .......... ..........  1% 2.49M 5s
   250K .......... .......... .......... .......... ..........  1% 1004K 6s
   300K .......... .......... .......... .......... ..........  2% 5.71M 6s
   350K .......... .......... .......... .......... ..........  2% 1.22M 7s
   400K .......... .......... .......... .......... ..........  2% 2.77M 7s
   450K .......... .......... .......... .......... ..........  3% 3.23M 6s
   500K .......... .......... .......... .......... ..........  3% 4.64M 6s
   550K .......... .......... .......... .......... ..........  3% 5.60M 6s
   600K .......... .......... .......... .......... ..........  4% 8.60M 5s
   650K .......... .......... .......... .......... ..........  4% 3.15M 5s
   700K .......... .......... .......... .......... ..........  4% 3.66M 5s
   750K .......... .......... .......... .......... ..........  5% 4.32M 5s
   800K .......... .......... .......... .......... ..........  5% 2.86M 5s
   850K .......... .......... .......... .......... ..........  5% 1.93M 5s
   900K .......... .......... .......... .......... ..........  6% 8.72M 5s
   950K .......... .......... .......... .......... ..........  6% 4.19M 5s
  1000K .......... .......... .......... .......... ..........  6% 2.44M 5s
  1050K .......... .......... .......... .......... ..........  7% 1.01M 5s
  1100K .......... .......... .......... .......... ..........  7% 3.74M 5s
  1150K .......... .......... .......... .......... ..........  7% 5.18M 5s
  1200K .......... .......... .......... .......... ..........  7% 5.53M 5s
  1250K .......... .......... .......... .......... ..........  8% 8.50M 5s
  1300K .......... .......... .......... .......... ..........  8% 4.12M 5s
  1350K .......... .......... .......... .......... ..........  8% 1.69M 5s
  1400K .......... .......... .......... .......... ..........  9% 2.57M 5s
  1450K .......... .......... .......... .......... ..........  9% 3.51M 5s
  1500K .......... .......... .......... .......... ..........  9% 4.73M 5s
  1550K .......... .......... .......... .......... .......... 10% 6.82M 5s
  1600K .......... .......... .......... .......... .......... 10% 4.99M 5s
  1650K .......... .......... .......... .......... .......... 10% 3.29M 5s
  1700K .......... .......... .......... .......... .......... 11% 3.52M 5s
  1750K .......... .......... .......... .......... .......... 11% 3.18M 4s
  1800K .......... .......... .......... .......... .......... 11% 2.38M 4s
  1850K .......... .......... .......... .......... .......... 12% 5.78M 4s
  1900K .......... .......... .......... .......... .......... 12% 3.13M 4s
  1950K .......... .......... .......... .......... .......... 12% 8.11M 4s
  2000K .......... .......... .......... .......... .......... 13% 6.26M 4s
  2050K .......... .......... .......... .......... .......... 13% 4.16M 4s
  2100K .......... .......... .......... .......... .......... 13% 2.04M 4s
  2150K .......... .......... .......... .......... .......... 14% 1.86M 4s
  2200K .......... .......... .......... .......... .......... 14% 3.52M 4s
  2250K .......... .......... .......... .......... .......... 14% 5.43M 4s
  2300K .......... .......... .......... .......... .......... 15% 8.38M 4s
  2350K .......... .......... .......... .......... .......... 15% 2.32M 4s
  2400K .......... .......... .......... .......... .......... 15% 1.18M 4s
  2450K .......... .......... .......... .......... .......... 15% 2.74M 4s
  2500K .......... .......... .......... .......... .......... 16% 3.22M 4s
  2550K .......... .......... .......... .......... .......... 16% 4.10M 4s
  2600K .......... .......... .......... .......... .......... 16% 5.29M 4s
  2650K .......... .......... .......... .......... .......... 17% 5.17M 4s
  2700K .......... .......... .......... .......... .......... 17% 3.20M 4s
  2750K .......... .......... .......... .......... .......... 17% 8.21M 4s
  2800K .......... .......... .......... .......... .......... 18% 2.16M 4s
  2850K .......... .......... .......... .......... .......... 18% 2.15M 4s
  2900K .......... .......... .......... .......... .......... 18% 4.74M 4s
  2950K .......... .......... .......... .......... .......... 19% 4.83M 4s
  3000K .......... .......... .......... .......... .......... 19% 3.27M 4s
  3050K .......... .......... .......... .......... .......... 19% 4.23M 4s
  3100K .......... .......... .......... .......... .......... 20% 2.50M 4s
  3150K .......... .......... .......... .......... .......... 20% 2.75M 4s
  3200K .......... .......... .......... .......... .......... 20% 9.22M 4s
  3250K .......... .......... .......... .......... .......... 21% 2.44M 4s
  3300K .......... .......... .......... .......... .......... 21% 1.82M 4s
  3350K .......... .......... .......... .......... .......... 21% 1.91M 4s
  3400K .......... .......... .......... .......... .......... 22% 4.02M 4s
  3450K .......... .......... .......... .......... .......... 22% 2.53M 4s
  3500K .......... .......... .......... .......... .......... 22% 3.26M 4s
  3550K .......... .......... .......... .......... .......... 23% 9.30M 4s
  3600K .......... .......... .......... .......... .......... 23% 4.94M 4s
  3650K .......... .......... .......... .......... .......... 23% 2.18M 4s
  3700K .......... .......... .......... .......... .......... 23% 7.78M 4s
  3750K .......... .......... .......... .......... .......... 24% 3.72M 4s
  3800K .......... .......... .......... .......... .......... 24% 2.99M 4s
  3850K .......... .......... .......... .......... .......... 24% 2.02M 4s
  3900K .......... .......... .......... .......... .......... 25% 9.21M 4s
  3950K .......... .......... .......... .......... .......... 25% 4.71M 4s
  4000K .......... .......... .......... .......... .......... 25% 4.18M 4s
  4050K .......... .......... .......... .......... .......... 26% 7.86M 4s
  4100K .......... .......... .......... .......... .......... 26% 2.99M 4s
  4150K .......... .......... .......... .......... .......... 26% 3.03M 4s
  4200K .......... .......... .......... .......... .......... 27% 1.78M 4s
  4250K .......... .......... .......... .......... .......... 27% 2.99M 4s
  4300K .......... .......... .......... .......... .......... 27% 4.68M 4s
  4350K .......... .......... .......... .......... .......... 28% 7.21M 3s
  4400K .......... .......... .......... .......... .......... 28% 3.71M 3s
  4450K .......... .......... .......... .......... .......... 28% 4.34M 3s
  4500K .......... .......... .......... .......... .......... 29% 3.25M 3s
  4550K .......... .......... .......... .......... .......... 29% 1.16M 3s
  4600K .......... .......... .......... .......... .......... 29% 5.13M 3s
  4650K .......... .......... .......... .......... .......... 30% 4.34M 3s
  4700K .......... .......... .......... .......... .......... 30% 2.63M 3s
  4750K .......... .......... .......... .......... .......... 30% 5.00M 3s
  4800K .......... .......... .......... .......... .......... 31% 2.97M 3s
  4850K .......... .......... .......... .......... .......... 31% 2.42M 3s
  4900K .......... .......... .......... .......... .......... 31% 3.83M 3s
  4950K .......... .......... .......... .......... .......... 31% 4.44M 3s
  5000K .......... .......... .......... .......... .......... 32% 5.15M 3s
  5050K .......... .......... .......... .......... .......... 32% 1.42M 3s
  5100K .......... .......... .......... .......... .......... 32% 1.08M 3s
  5150K .......... .......... .......... .......... .......... 33% 6.70M 3s
  5200K .......... .......... .......... .......... .......... 33% 5.29M 3s
  5250K .......... .......... .......... .......... .......... 33% 8.58M 3s
  5300K .......... .......... .......... .......... .......... 34% 4.86M 3s
  5350K .......... .......... .......... .......... .......... 34% 2.32M 3s
  5400K .......... .......... .......... .......... .......... 34% 4.35M 3s
  5450K .......... .......... .......... .......... .......... 35% 2.81M 3s
  5500K .......... .......... .......... .......... .......... 35% 3.21M 3s
  5550K .......... .......... .......... .......... .......... 35% 3.66M 3s
  5600K .......... .......... .......... .......... .......... 36% 4.60M 3s
  5650K .......... .......... .......... .......... .......... 36% 4.15M 3s
  5700K .......... .......... .......... .......... .......... 36% 3.81M 3s
  5750K .......... .......... .......... .......... .......... 37% 3.19M 3s
  5800K .......... .......... .......... .......... .......... 37% 3.48M 3s
  5850K .......... .......... .......... .......... .......... 37% 3.45M 3s
  5900K .......... .......... .......... .......... .......... 38% 1.73M 3s
  5950K .......... .......... .......... .......... .......... 38% 6.06M 3s
  6000K .......... .......... .......... .......... .......... 38% 2.35M 3s
  6050K .......... .......... .......... .......... .......... 39% 4.56M 3s
  6100K .......... .......... .......... .......... .......... 39% 4.12M 3s
  6150K .......... .......... .......... .......... .......... 39% 4.42M 3s
  6200K .......... .......... .......... .......... .......... 39% 2.53M 3s
  6250K .......... .......... .......... .......... .......... 40% 4.48M 3s
  6300K .......... .......... .......... .......... .......... 40% 4.52M 3s
  6350K .......... .......... .......... .......... .......... 40% 4.58M 3s
  6400K .......... .......... .......... .......... .......... 41% 8.29M 3s
  6450K .......... .......... .......... .......... .......... 41% 2.90M 3s
  6500K .......... .......... .......... .......... .......... 41% 4.36M 3s
  6550K .......... .......... .......... .......... .......... 42% 4.49M 3s
  6600K .......... .......... .......... .......... .......... 42% 4.53M 3s
  6650K .......... .......... .......... .......... .......... 42% 2.17M 3s
  6700K .......... .......... .......... .......... .......... 43% 6.99M 3s
  6750K .......... .......... .......... .......... .......... 43% 5.34M 3s
  6800K .......... .......... .......... .......... .......... 43% 6.97M 3s
  6850K .......... .......... .......... .......... .......... 44% 5.25M 3s
  6900K .......... .......... .......... .......... .......... 44% 4.22M 3s
  6950K .......... .......... .......... .......... .......... 44% 3.06M 3s
  7000K .......... .......... .......... .......... .......... 45% 2.99M 3s
  7050K .......... .......... .......... .......... .......... 45% 3.09M 3s
  7100K .......... .......... .......... .......... .......... 45% 2.84M 3s
  7150K .......... .......... .......... .......... .......... 46% 4.61M 3s
  7200K .......... .......... .......... .......... .......... 46% 6.71M 3s
  7250K .......... .......... .......... .......... .......... 46% 4.48M 2s
  7300K .......... .......... .......... .......... .......... 47% 2.57M 2s
  7350K .......... .......... .......... .......... .......... 47% 3.25M 2s
  7400K .......... .......... .......... .......... .......... 47% 1.07M 2s
  7450K .......... .......... .......... .......... .......... 47% 4.86M 2s
  7500K .......... .......... .......... .......... .......... 48% 6.29M 2s
  7550K .......... .......... .......... .......... .......... 48% 1.78M 2s
  7600K .......... .......... .......... .......... .......... 48% 8.52M 2s
  7650K .......... .......... .......... .......... .......... 49% 4.02M 2s
  7700K .......... .......... .......... .......... .......... 49% 1.25M 2s
  7750K .......... .......... .......... .......... .......... 49% 3.22M 2s
  7800K .......... .......... .......... .......... .......... 50% 4.40M 2s
  7850K .......... .......... .......... .......... .......... 50% 7.96M 2s
  7900K .......... .......... .......... .......... .......... 50% 1.74M 2s
  7950K .......... .......... .......... .......... .......... 51% 8.16M 2s
  8000K .......... .......... .......... .......... .......... 51% 3.61M 2s
  8050K .......... .......... .......... .......... .......... 51% 6.35M 2s
  8100K .......... .......... .......... .......... .......... 52% 4.35M 2s
  8150K .......... .......... .......... .......... .......... 52% 4.41M 2s
  8200K .......... .......... .......... .......... .......... 52% 4.97M 2s
  8250K .......... .......... .......... .......... .......... 53% 4.35M 2s
  8300K .......... .......... .......... .......... .......... 53% 6.90M 2s
  8350K .......... .......... .......... .......... .......... 53% 2.16M 2s
  8400K .......... .......... .......... .......... .......... 54% 4.60M 2s
  8450K .......... .......... .......... .......... .......... 54% 2.73M 2s
  8500K .......... .......... .......... .......... .......... 54% 3.29M 2s
  8550K .......... .......... .......... .......... .......... 55% 3.91M 2s
  8600K .......... .......... .......... .......... .......... 55% 6.89M 2s
  8650K .......... .......... .......... .......... .......... 55% 4.71M 2s
  8700K .......... .......... .......... .......... .......... 55% 4.23M 2s
  8750K .......... .......... .......... .......... .......... 56% 4.25M 2s
  8800K .......... .......... .......... .......... .......... 56% 6.99M 2s
  8850K .......... .......... .......... .......... .......... 56% 5.03M 2s
  8900K .......... .......... .......... .......... .......... 57% 1.22M 2s
  8950K .......... .......... .......... .......... .......... 57% 4.27M 2s
  9000K .......... .......... .......... .......... .......... 57% 1.67M 2s
  9050K .......... .......... .......... .......... .......... 58% 6.81M 2s
  9100K .......... .......... .......... .......... .......... 58% 5.13M 2s
  9150K .......... .......... .......... .......... .......... 58% 3.22M 2s
  9200K .......... .......... .......... .......... .......... 59% 4.07M 2s
  9250K .......... .......... .......... .......... .......... 59% 6.81M 2s
  9300K .......... .......... .......... .......... .......... 59% 2.15M 2s
  9350K .......... .......... .......... .......... .......... 60% 1.51M 2s
  9400K .......... .......... .......... .......... .......... 60% 4.06M 2s
  9450K .......... .......... .......... .......... .......... 60% 8.37M 2s
  9500K .......... .......... .......... .......... .......... 61% 1.80M 2s
  9550K .......... .......... .......... .......... .......... 61% 4.22M 2s
  9600K .......... .......... .......... .......... .......... 61% 7.55M 2s
  9650K .......... .......... .......... .......... .......... 62% 4.39M 2s
  9700K .......... .......... .......... .......... .......... 62% 4.36M 2s
  9750K .......... .......... .......... .......... .......... 62% 1.97M 2s
  9800K .......... .......... .......... .......... .......... 63% 3.51M 2s
  9850K .......... .......... .......... .......... .......... 63% 3.63M 2s
  9900K .......... .......... .......... .......... .......... 63% 2.11M 2s
  9950K .......... .......... .......... .......... .......... 63% 4.96M 2s
 10000K .......... .......... .......... .......... .......... 64% 2.74M 2s
 10050K .......... .......... .......... .......... .......... 64% 6.74M 2s
 10100K .......... .......... .......... .......... .......... 64% 5.04M 2s
 10150K .......... .......... .......... .......... .......... 65% 4.35M 2s
 10200K .......... .......... .......... .......... .......... 65% 8.23M 2s
 10250K .......... .......... .......... .......... .......... 65% 1.92M 2s
 10300K .......... .......... .......... .......... .......... 66% 8.83M 2s
 10350K .......... .......... .......... .......... .......... 66% 6.48M 2s
 10400K .......... .......... .......... .......... .......... 66% 4.92M 2s
 10450K .......... .......... .......... .......... .......... 67% 3.89M 2s
 10500K .......... .......... .......... .......... .......... 67% 4.48M 2s
 10550K .......... .......... .......... .......... .......... 67% 7.90M 1s
 10600K .......... .......... .......... .......... .......... 68% 4.56M 1s
 10650K .......... .......... .......... .......... .......... 68% 3.97M 1s
 10700K .......... .......... .......... .......... .......... 68% 1.58M 1s
 10750K .......... .......... .......... .......... .......... 69% 4.31M 1s
 10800K .......... .......... .......... .......... .......... 69% 6.03M 1s
 10850K .......... .......... .......... .......... .......... 69% 4.47M 1s
 10900K .......... .......... .......... .......... .......... 70% 4.31M 1s
 10950K .......... .......... .......... .......... .......... 70% 6.86M 1s
 11000K .......... .......... .......... .......... .......... 70% 4.36M 1s
 11050K .......... .......... .......... .......... .......... 71% 2.46M 1s
 11100K .......... .......... .......... .......... .......... 71% 1.06M 1s
 11150K .......... .......... .......... .......... .......... 71% 4.32M 1s
 11200K .......... .......... .......... .......... .......... 71% 4.87M 1s
 11250K .......... .......... .......... .......... .......... 72% 3.96M 1s
 11300K .......... .......... .......... .......... .......... 72% 1.84M 1s
 11350K .......... .......... .......... .......... .......... 72% 4.12M 1s
 11400K .......... .......... .......... .......... .......... 73% 4.08M 1s
 11450K .......... .......... .......... .......... .......... 73% 4.34M 1s
 11500K .......... .......... .......... .......... .......... 73% 4.45M 1s
 11550K .......... .......... .......... .......... .......... 74% 8.36M 1s
 11600K .......... .......... .......... .......... .......... 74% 4.50M 1s
 11650K .......... .......... .......... .......... .......... 74% 3.52M 1s
 11700K .......... .......... .......... .......... .......... 75% 6.74M 1s
 11750K .......... .......... .......... .......... .......... 75% 4.02M 1s
 11800K .......... .......... .......... .......... .......... 75% 1.60M 1s
 11850K .......... .......... .......... .......... .......... 76% 6.81M 1s
 11900K .......... .......... .......... .......... .......... 76%  268K 1s
 11950K .......... .......... .......... .......... .......... 76% 69.2M 1s
 12000K .......... .......... .......... .......... .......... 77% 78.4M 1s
 12050K .......... .......... .......... .......... .......... 77% 72.5M 1s
 12100K .......... .......... .......... .......... .......... 77% 77.2M 1s
 12150K .......... .......... .......... .......... .......... 78% 76.8M 1s
 12200K .......... .......... .......... .......... .......... 78% 80.8M 1s
 12250K .......... .......... .......... .......... .......... 78% 65.2M 1s
 12300K .......... .......... .......... .......... .......... 79% 79.5M 1s
 12350K .......... .......... .......... .......... .......... 79% 79.8M 1s
 12400K .......... .......... .......... .......... .......... 79% 77.9M 1s
 12450K .......... .......... .......... .......... .......... 79% 71.6M 1s
 12500K .......... .......... .......... .......... .......... 80% 74.9M 1s
 12550K .......... .......... .......... .......... .......... 80% 81.8M 1s
 12600K .......... .......... .......... .......... .......... 80% 84.6M 1s
 12650K .......... .......... .......... .......... .......... 81% 70.4M 1s
 12700K .......... .......... .......... .......... .......... 81% 1.19M 1s
 12750K .......... .......... .......... .......... .......... 81% 4.04M 1s
 12800K .......... .......... .......... .......... .......... 82% 4.46M 1s
 12850K .......... .......... .......... .......... .......... 82% 7.82M 1s
 12900K .......... .......... .......... .......... .......... 82% 3.20M 1s
 12950K .......... .......... .......... .......... .......... 83% 2.74M 1s
 13000K .......... .......... .......... .......... .......... 83% 4.18M 1s
 13050K .......... .......... .......... .......... .......... 83% 4.42M 1s
 13100K .......... .......... .......... .......... .......... 84% 4.19M 1s
 13150K .......... .......... .......... .......... .......... 84% 4.43M 1s
 13200K .......... .......... .......... .......... .......... 84% 4.30M 1s
 13250K .......... .......... .......... .......... .......... 85% 7.16M 1s
 13300K .......... .......... .......... .......... .......... 85% 3.20M 1s
 13350K .......... .......... .......... .......... .......... 85% 3.72M 1s
 13400K .......... .......... .......... .......... .......... 86% 6.94M 1s
 13450K .......... .......... .......... .......... .......... 86% 3.07M 1s
 13500K .......... .......... .......... .......... .......... 86% 8.04M 1s
 13550K .......... .......... .......... .......... .......... 87% 4.43M 1s
 13600K .......... .......... .......... .......... .......... 87% 2.04M 1s
 13650K .......... .......... .......... .......... .......... 87% 4.31M 1s
 13700K .......... .......... .......... .......... .......... 87% 1.83M 1s
 13750K .......... .......... .......... .......... .......... 88% 1.99M 1s
 13800K .......... .......... .......... .......... .......... 88% 4.15M 1s
 13850K .......... .......... .......... .......... .......... 88% 4.10M 1s
 13900K .......... .......... .......... .......... .......... 89% 3.33M 0s
 13950K .......... .......... .......... .......... .......... 89% 4.88M 0s
 14000K .......... .......... .......... .......... .......... 89% 1.64M 0s
 14050K .......... .......... .......... .......... .......... 90% 11.5M 0s
 14100K .......... .......... .......... .......... .......... 90% 2.84M 0s
 14150K .......... .......... .......... .......... .......... 90% 8.70M 0s
 14200K .......... .......... .......... .......... .......... 91% 6.81M 0s
 14250K .......... .......... .......... .......... .......... 91% 1.71M 0s
 14300K .......... .......... .......... .......... .......... 91% 4.40M 0s
 14350K .......... .......... .......... .......... .......... 92% 4.99M 0s
 14400K .......... .......... .......... .......... .......... 92% 1.69M 0s
 14450K .......... .......... .......... .......... .......... 92% 3.85M 0s
 14500K .......... .......... .......... .......... .......... 93% 9.18M 0s
 14550K .......... .......... .......... .......... .......... 93% 4.19M 0s
 14600K .......... .......... .......... .......... .......... 93% 8.00M 0s
 14650K .......... .......... .......... .......... .......... 94% 3.63M 0s
 14700K .......... .......... .......... .......... .......... 94% 4.35M 0s
 14750K .......... .......... .......... .......... .......... 94% 3.49M 0s
 14800K .......... .......... .......... .......... .......... 95% 3.83M 0s
 14850K .......... .......... .......... .......... .......... 95% 7.08M 0s
 14900K .......... .......... .......... .......... .......... 95% 4.25M 0s
 14950K .......... .......... .......... .......... .......... 95% 4.32M 0s
 15000K .......... .......... .......... .......... .......... 96% 6.99M 0s
 15050K .......... .......... .......... .......... .......... 96% 3.01M 0s
 15100K .......... .......... .......... .......... .......... 96% 3.78M 0s
 15150K .......... .......... .......... .......... .......... 97% 4.47M 0s
 15200K .......... .......... .......... .......... .......... 97% 2.66M 0s
 15250K .......... .......... .......... .......... .......... 97% 4.23M 0s
 15300K .......... .......... .......... .......... .......... 98% 6.78M 0s
 15350K .......... .......... .......... .......... .......... 98% 5.08M 0s
 15400K .......... .......... .......... .......... .......... 98% 3.84M 0s
 15450K .......... .......... .......... .......... .......... 99% 4.01M 0s
 15500K .......... .......... .......... .......... .......... 99% 4.06M 0s
 15550K .......... .......... .......... .......... .......... 99% 3.70M 0s
 15600K .......... .......... .....                           100% 68.9M=4.5s

2025-10-01 16:03:32 (3.41 MB/s) - ‘/home/spicygen/Desktop/ros_ws/build/multirobot_map_merge/2012-01-28-11-12-01.pgm’ saved [16000058/16000058]

Checking MD5 sum of /home/spicygen/Desktop/ros_ws/build/multirobot_map_merge/2012-01-28-11-12-01.pgm
/home/spicygen/Desktop/ros_ws/build/multirobot_map_merge/2012-01-28-11-12-01.pgm: OK
-- Found gtest sources under '/opt/ros/humble/src/gtest_vendor': C++ tests using 'Google Test' will be built
-- Added test 'cppcheck' to perform static code analysis on C / C++ code
-- Configured cppcheck include dirs: /home/spicygen/Desktop/ros_ws/src/m-explore-ros2/map_merge/include;$<BUILD_INTERFACE:/home/spicygen/Desktop/ros_ws/src/m-explore-ros2/map_merge/include>
-- Configured cppcheck exclude dirs and/or files: 
-- Added test 'flake8' to check Python code syntax and style conventions
-- Added test 'lint_cmake' to check CMake code style
-- Added test 'pep257' to check Python code against some of the docstring style conventions in PEP 257
-- Added test 'uncrustify' to check C / C++ code style
-- Configured uncrustify additional arguments: 
-- Added test 'xmllint' to check XML markup files
-- Configuring done
-- Generating done
-- Build files have been written to: /home/spicygen/Desktop/ros_ws/build/multirobot_map_merge
[  8%] [32mBuilding CXX object gtest/CMakeFiles/gtest_main.dir/src/gtest_main.cc.o[0m
[ 16%] [32mBuilding CXX object gtest/CMakeFiles/gtest.dir/src/gtest-all.cc.o[0m
[ 25%] [32mBuilding CXX object CMakeFiles/combine_grids.dir/src/combine_grids/merging_pipeline.cpp.o[0m
[ 33%] [32mBuilding CXX object CMakeFiles/combine_grids.dir/src/combine_grids/grid_compositor.cpp.o[0m
[ 41%] [32mBuilding CXX object CMakeFiles/combine_grids.dir/src/combine_grids/grid_warper.cpp.o[0m
[ 50%] [32m[1mLinking CXX static library libgtest_main.a[0m
[ 50%] Built target gtest_main
[ 58%] [32m[1mLinking CXX static library libgtest.a[0m
[ 58%] Built target gtest
[ 66%] [32m[1mLinking CXX static library libcombine_grids.a[0m
[ 66%] Built target combine_grids
[ 83%] [32mBuilding CXX object CMakeFiles/map_merge.dir/src/map_merge.cpp.o[0m
[ 83%] [32mBuilding CXX object CMakeFiles/test_merging_pipeline.dir/test/test_merging_pipeline.cpp.o[0m
[ 91%] [32m[1mLinking CXX executable test_merging_pipeline[0m
[ 91%] Built target test_merging_pipeline
[100%] [32m[1mLinking CXX executable map_merge[0m
[100%] Built target map_merge
-- Install configuration: ""
-- Installing: /home/spicygen/Desktop/ros_ws/install/multirobot_map_merge/include/map_merge/
-- Installing: /home/spicygen/Desktop/ros_ws/install/multirobot_map_merge/include/map_merge//map_merge.h
-- Installing: /home/spicygen/Desktop/ros_ws/install/multirobot_map_merge/include/map_merge//ros1_names.hpp
-- Installing: /home/spicygen/Desktop/ros_ws/install/multirobot_map_merge/share/multirobot_map_merge/launch
-- Installing: /home/spicygen/Desktop/ros_ws/install/multirobot_map_merge/share/multirobot_map_merge/launch/map_merge.launch.py
-- Installing: /home/spicygen/Desktop/ros_ws/install/multirobot_map_merge/share/multirobot_map_merge/launch/tb3_simulation
-- Installing: /home/spicygen/Desktop/ros_ws/install/multirobot_map_merge/share/multirobot_map_merge/launch/tb3_simulation/multi_tb3_simulation_launch.py
-- Installing: /home/spicygen/Desktop/ros_ws/install/multirobot_map_merge/share/multirobot_map_merge/launch/tb3_simulation/config
-- Installing: /home/spicygen/Desktop/ros_ws/install/multirobot_map_merge/share/multirobot_map_merge/launch/tb3_simulation/config/nav2_multirobot_params_2.yaml
-- Installing: /home/spicygen/Desktop/ros_ws/install/multirobot_map_merge/share/multirobot_map_merge/launch/tb3_simulation/config/nav2_multirobot_params_1.yaml
-- Installing: /home/spicygen/Desktop/ros_ws/install/multirobot_map_merge/share/multirobot_map_merge/launch/tb3_simulation/tb3_simulation_launch.py
-- Installing: /home/spicygen/Desktop/ros_ws/install/multirobot_map_merge/share/multirobot_map_merge/launch/tb3_simulation/bringup_launch.py
-- Installing: /home/spicygen/Desktop/ros_ws/install/multirobot_map_merge/share/multirobot_map_merge/launch/tb3_simulation/worlds
-- Installing: /home/spicygen/Desktop/ros_ws/install/multirobot_map_merge/share/multirobot_map_merge/launch/tb3_simulation/worlds/world_only.model
-- Installing: /home/spicygen/Desktop/ros_ws/install/multirobot_map_merge/share/multirobot_map_merge/launch/tb3_simulation/slam_toolbox.py
-- Installing: /home/spicygen/Desktop/ros_ws/install/multirobot_map_merge/share/multirobot_map_merge/launch/map_merge.rviz
-- Installing: /home/spicygen/Desktop/ros_ws/install/multirobot_map_merge/share/multirobot_map_merge/launch/from_map_server.launch.py
-- Installing: /home/spicygen/Desktop/ros_ws/install/multirobot_map_merge/share/multirobot_map_merge/config
-- Installing: /home/spicygen/Desktop/ros_ws/install/multirobot_map_merge/share/multirobot_map_merge/config/params.yaml
-- Installing: /home/spicygen/Desktop/ros_ws/install/multirobot_map_merge/lib/libcombine_grids.a
-- Installing: /home/spicygen/Desktop/ros_ws/install/multirobot_map_merge/lib/multirobot_map_merge/map_merge
-- Set runtime path of "/home/spicygen/Desktop/ros_ws/install/multirobot_map_merge/lib/multirobot_map_merge/map_merge" to ""
-- Installing: /home/spicygen/Desktop/ros_ws/install/multirobot_map_merge/share/multirobot_map_merge/environment/library_path.sh
-- Installing: /home/spicygen/Desktop/ros_ws/install/multirobot_map_merge/share/multirobot_map_merge/environment/library_path.dsv
-- Installing: /home/spicygen/Desktop/ros_ws/install/multirobot_map_merge/share/ament_index/resource_index/package_run_dependencies/multirobot_map_merge
-- Installing: /home/spicygen/Desktop/ros_ws/install/multirobot_map_merge/share/ament_index/resource_index/parent_prefix_path/multirobot_map_merge
-- Installing: /home/spicygen/Desktop/ros_ws/install/multirobot_map_merge/share/multirobot_map_merge/environment/ament_prefix_path.sh
-- Installing: /home/spicygen/Desktop/ros_ws/install/multirobot_map_merge/share/multirobot_map_merge/environment/ament_prefix_path.dsv
-- Installing: /home/spicygen/Desktop/ros_ws/install/multirobot_map_merge/share/multirobot_map_merge/environment/path.sh
-- Installing: /home/spicygen/Desktop/ros_ws/install/multirobot_map_merge/share/multirobot_map_merge/environment/path.dsv
-- Installing: /home/spicygen/Desktop/ros_ws/install/multirobot_map_merge/share/multirobot_map_merge/local_setup.bash
-- Installing: /home/spicygen/Desktop/ros_ws/install/multirobot_map_merge/share/multirobot_map_merge/local_setup.sh
-- Installing: /home/spicygen/Desktop/ros_ws/install/multirobot_map_merge/share/multirobot_map_merge/local_setup.zsh
-- Installing: /home/spicygen/Desktop/ros_ws/install/multirobot_map_merge/share/multirobot_map_merge/local_setup.dsv
-- Installing: /home/spicygen/Desktop/ros_ws/install/multirobot_map_merge/share/multirobot_map_merge/package.dsv
-- Installing: /home/spicygen/Desktop/ros_ws/install/multirobot_map_merge/share/ament_index/resource_index/packages/multirobot_map_merge
-- Installing: /home/spicygen/Desktop/ros_ws/install/multirobot_map_merge/share/multirobot_map_merge/cmake/ament_cmake_export_include_directories-extras.cmake
-- Installing: /home/spicygen/Desktop/ros_ws/install/multirobot_map_merge/share/multirobot_map_merge/cmake/ament_cmake_export_libraries-extras.cmake
-- Installing: /home/spicygen/Desktop/ros_ws/install/multirobot_map_merge/share/multirobot_map_merge/cmake/multirobot_map_mergeConfig.cmake
-- Installing: /home/spicygen/Desktop/ros_ws/install/multirobot_map_merge/share/multirobot_map_merge/cmake/multirobot_map_mergeConfig-version.cmake
-- Installing: /home/spicygen/Desktop/ros_ws/install/multirobot_map_merge/share/multirobot_map_merge/package.xml
