[0.107s] Invoking command in '/home/spicygen/Desktop/ros_ws/build/multirobot_map_merge': CMAKE_PREFIX_PATH=/opt/ros/humble /usr/bin/cmake /home/spicygen/Desktop/ros_ws/src/m-explore-ros2/map_merge -DCMAKE_INSTALL_PREFIX=/home/spicygen/Desktop/ros_ws/install/multirobot_map_merge
[1.702s] -- The C compiler identification is GNU 11.4.0
[2.546s] -- The CXX compiler identification is GNU 11.4.0
[2.576s] -- Detecting C compiler ABI info
[2.840s] -- Detecting C compiler ABI info - done
[2.848s] -- Check for working C compiler: /usr/bin/cc - skipped
[2.849s] -- Detecting C compile features
[2.870s] -- Detecting C compile features - done
[2.879s] -- Detecting CXX compiler ABI info
[3.012s] -- Detecting CXX compiler ABI info - done
[3.020s] -- Check for working CXX compiler: /usr/bin/c++ - skipped
[3.020s] -- Detecting CXX compile features
[3.020s] -- Detecting CXX compile features - done
[3.074s] -- Found ament_cmake: 1.3.12 (/opt/ros/humble/share/ament_cmake/cmake)
[3.405s] -- Found Python3: /usr/bin/python3 (found version "3.10.12") found components: Interpreter 
[3.737s] -- Found rclcpp: 16.0.15 (/opt/ros/humble/share/rclcpp/cmake)
[4.153s] -- Found rosidl_generator_c: 3.1.7 (/opt/ros/humble/share/rosidl_generator_c/cmake)
[4.192s] -- Found rosidl_adapter: 3.1.7 (/opt/ros/humble/share/rosidl_adapter/cmake)
[4.267s] -- Found rosidl_generator_cpp: 3.1.7 (/opt/ros/humble/share/rosidl_generator_cpp/cmake)
[4.374s] -- Using all available rosidl_typesupport_c: rosidl_typesupport_fastrtps_c;rosidl_typesupport_introspection_c
[4.481s] -- Using all available rosidl_typesupport_cpp: rosidl_typesupport_fastrtps_cpp;rosidl_typesupport_introspection_cpp
[4.706s] -- Found rmw_implementation_cmake: 6.1.2 (/opt/ros/humble/share/rmw_implementation_cmake/cmake)
[4.719s] -- Found rmw_fastrtps_cpp: 6.2.8 (/opt/ros/humble/share/rmw_fastrtps_cpp/cmake)
[5.134s] -- Found OpenSSL: /usr/lib/x86_64-linux-gnu/libcrypto.so (found version "3.0.2")  
[5.200s] -- Found FastRTPS: /opt/ros/humble/include  
[5.252s] -- Using RMW implementation 'rmw_fastrtps_cpp' as default
[5.409s] -- Looking for pthread.h
[5.718s] -- Looking for pthread.h - found
[5.719s] -- Performing Test CMAKE_HAVE_LIBC_PTHREAD
[5.824s] -- Performing Test CMAKE_HAVE_LIBC_PTHREAD - Success
[5.825s] -- Found Threads: TRUE  
[6.065s] -- Found geometry_msgs: 4.9.0 (/opt/ros/humble/share/geometry_msgs/cmake)
[6.149s] -- Found image_geometry: 3.2.1 (/opt/ros/humble/share/image_geometry/cmake)
[6.385s] -- Found map_msgs: 2.1.0 (/opt/ros/humble/share/map_msgs/cmake)
[6.576s] -- Found tf2_geometry_msgs: 0.25.16 (/opt/ros/humble/share/tf2_geometry_msgs/cmake)
[6.817s] -- Found eigen3_cmake_module: 0.1.1 (/opt/ros/humble/share/eigen3_cmake_module/cmake)
[6.822s] -- Found Eigen3: TRUE (found version "3.4.0") 
[6.822s] -- Ensuring Eigen3 include directory is part of orocos-kdl CMake target
[7.270s] -- Found Boost: /usr/lib/x86_64-linux-gnu/cmake/Boost-1.74.0/BoostConfig.cmake (found version "1.74.0") found components: thread 
[7.351s] -- Found OpenCV: /usr (found version "4.5.4") 
[7.375s] -- Found ament_lint_auto: 0.12.14 (/opt/ros/humble/share/ament_lint_auto/cmake)
[7.645s] -- Found ament_cmake_gtest: 1.3.12 (/opt/ros/humble/share/ament_cmake_gtest/cmake)
[7.701s] --2025-10-01 16:03:17--  https://raw.githubusercontent.com/hrnr/m-explore-extra/master/map_merge/hector_maps/map00.pgm
[7.705s] Resolving raw.githubusercontent.com (raw.githubusercontent.com)... 2606:50c0:8001::154, 2606:50c0:8003::154, 2606:50c0:8002::154, ...
[7.721s] Connecting to raw.githubusercontent.com (raw.githubusercontent.com)|2606:50c0:8001::154|:443... connected.
[8.476s] HTTP request sent, awaiting response... 200 OK
[8.476s] Length: 4194362 (4.0M) [application/octet-stream]
[8.477s] Saving to: ‘/home/spicygen/Desktop/ros_ws/build/multirobot_map_merge/map00.pgm’
[8.477s] 
[8.509s]      0K .......... .......... .......... .......... ..........  1% 1.48M 3s
[8.529s]     50K .......... .......... .......... .......... ..........  2% 2.42M 2s
[8.539s]    100K .......... .......... .......... .......... ..........  3% 4.91M 2s
[8.548s]    150K .......... .......... .......... .......... ..........  4% 5.44M 1s
[8.553s]    200K .......... .......... .......... .......... ..........  6% 9.17M 1s
[8.562s]    250K .......... .......... .......... .......... ..........  7% 5.67M 1s
[8.567s]    300K .......... .......... .......... .......... ..........  8% 9.89M 1s
[8.582s]    350K .......... .......... .......... .......... ..........  9% 3.47M 1s
[8.591s]    400K .......... .......... .......... .......... .......... 10% 4.79M 1s
[8.600s]    450K .......... .......... .......... .......... .......... 12% 5.52M 1s
[8.607s]    500K .......... .......... .......... .......... .......... 13% 7.44M 1s
[8.614s]    550K .......... .......... .......... .......... .......... 14% 6.41M 1s
[8.621s]    600K .......... .......... .......... .......... .......... 15% 7.13M 1s
[8.629s]    650K .......... .......... .......... .......... .......... 17% 6.49M 1s
[8.637s]    700K .......... .......... .......... .......... .......... 18% 5.73M 1s
[8.647s]    750K .......... .......... .......... .......... .......... 19% 5.47M 1s
[8.656s]    800K .......... .......... .......... .......... .......... 20% 4.89M 1s
[8.662s]    850K .......... .......... .......... .......... .......... 21% 8.12M 1s
[8.672s]    900K .......... .......... .......... .......... .......... 23% 5.26M 1s
[8.682s]    950K .......... .......... .......... .......... .......... 24% 4.60M 1s
[8.699s]   1000K .......... .......... .......... .......... .......... 25% 2.83M 1s
[8.708s]   1050K .......... .......... .......... .......... .......... 26% 5.77M 1s
[8.712s]   1100K .......... .......... .......... .......... .......... 28% 10.4M 1s
[8.723s]   1150K .......... .......... .......... .......... .......... 29% 5.06M 1s
[8.745s]   1200K .......... .......... .......... .......... .......... 30% 2.20M 1s
[8.749s]   1250K .......... .......... .......... .......... .......... 31% 11.5M 1s
[8.758s]   1300K .......... .......... .......... .......... .......... 32% 5.14M 1s
[8.771s]   1350K .......... .......... .......... .......... .......... 34% 3.74M 1s
[8.784s]   1400K .......... .......... .......... .......... .......... 35% 3.85M 1s
[8.797s]   1450K .......... .......... .......... .......... .......... 36% 3.74M 1s
[8.810s]   1500K .......... .......... .......... .......... .......... 37% 3.55M 1s
[8.825s]   1550K .......... .......... .......... .......... .......... 39% 4.06M 1s
[8.840s]   1600K .......... .......... .......... .......... .......... 40% 2.68M 1s
[8.851s]   1650K .......... .......... .......... .......... .......... 41% 4.63M 1s
[8.863s]   1700K .......... .......... .......... .......... .......... 42% 3.89M 1s
[8.876s]   1750K .......... .......... .......... .......... .......... 43% 3.88M 1s
[8.890s]   1800K .......... .......... .......... .......... .......... 45% 3.51M 1s
[8.902s]   1850K .......... .......... .......... .......... .......... 46% 3.84M 0s
[8.914s]   1900K .......... .......... .......... .......... .......... 47% 4.10M 0s
[9.016s]   1950K .......... .......... .......... .......... .......... 48%  494K 1s
[9.016s]   2000K .......... .......... .......... .......... .......... 50%  102M 1s
[9.042s]   2050K .......... .......... .......... .......... .......... 51% 1.91M 1s
[9.047s]   2100K .......... .......... .......... .......... .......... 52% 9.54M 1s
[9.057s]   2150K .......... .......... .......... .......... .......... 53% 5.43M 1s
[9.058s]   2200K .......... .......... .......... .......... .......... 54% 37.3M 0s
[9.071s]   2250K .......... .......... .......... .......... .......... 56% 3.80M 0s
[9.082s]   2300K .......... .......... .......... .......... .......... 57% 4.36M 0s
[9.083s]   2350K .......... .......... .......... .......... .......... 58% 40.4M 0s
[9.085s]   2400K .......... .......... .......... .......... .......... 59% 36.0M 0s
[9.086s]   2450K .......... .......... .......... .......... .......... 61% 39.8M 0s
[9.087s]   2500K .......... .......... .......... .......... .......... 62% 39.8M 0s
[9.089s]   2550K .......... .......... .......... .......... .......... 63% 20.0M 0s
[9.102s]   2600K .......... .......... .......... .......... .......... 64% 3.70M 0s
[9.116s]   2650K .......... .......... .......... .......... .......... 65% 3.60M 0s
[9.130s]   2700K .......... .......... .......... .......... .......... 67% 3.48M 0s
[9.146s]   2750K .......... .......... .......... .......... .......... 68% 3.52M 0s
[9.158s]   2800K .......... .......... .......... .......... .......... 69% 3.58M 0s
[9.171s]   2850K .......... .......... .......... .......... .......... 70% 3.69M 0s
[9.184s]   2900K .......... .......... .......... .......... .......... 72% 3.93M 0s
[9.198s]   2950K .......... .......... .......... .......... .......... 73% 3.51M 0s
[9.210s]   3000K .......... .......... .......... .......... .......... 74% 3.92M 0s
[9.221s]   3050K .......... .......... .......... .......... .......... 75% 4.14M 0s
[9.235s]   3100K .......... .......... .......... .......... .......... 76% 3.85M 0s
[9.254s]   3150K .......... .......... .......... .......... .......... 78% 3.64M 0s
[9.264s]   3200K .......... .......... .......... .......... .......... 79% 2.91M 0s
[9.278s]   3250K .......... .......... .......... .......... .......... 80% 3.74M 0s
[9.289s]   3300K .......... .......... .......... .......... .......... 81% 4.26M 0s
[9.302s]   3350K .......... .......... .......... .......... .......... 83% 3.50M 0s
[9.314s]   3400K .......... .......... .......... .......... .......... 84% 3.96M 0s
[9.327s]   3450K .......... .......... .......... .......... .......... 85% 3.85M 0s
[9.339s]   3500K .......... .......... .......... .......... .......... 86% 3.93M 0s
[9.357s]   3550K .......... .......... .......... .......... .......... 87% 3.26M 0s
[9.370s]   3600K .......... .......... .......... .......... .......... 89% 3.19M 0s
[9.383s]   3650K .......... .......... .......... .......... .......... 90% 4.00M 0s
[9.397s]   3700K .......... .......... .......... .......... .......... 91% 3.38M 0s
[9.409s]   3750K .......... .......... .......... .......... .......... 92% 3.96M 0s
[9.421s]   3800K .......... .......... .......... .......... .......... 93% 4.12M 0s
[9.434s]   3850K .......... .......... .......... .......... .......... 95% 3.78M 0s
[9.450s]   3900K .......... .......... .......... .......... .......... 96% 3.05M 0s
[9.463s]   3950K .......... .......... .......... .......... .......... 97% 4.49M 0s
[9.476s]   4000K .......... .......... .......... .......... .......... 98% 3.19M 0s
[9.484s]   4050K .......... .......... .......... .......... ......    100% 5.40M=1.0s
[9.484s] 
[9.484s] 2025-10-01 16:03:18 (3.97 MB/s) - ‘/home/spicygen/Desktop/ros_ws/build/multirobot_map_merge/map00.pgm’ saved [4194362/4194362]
[9.484s] 
[9.485s] Checking MD5 sum of /home/spicygen/Desktop/ros_ws/build/multirobot_map_merge/map00.pgm
[9.523s] /home/spicygen/Desktop/ros_ws/build/multirobot_map_merge/map00.pgm: OK
[9.530s] --2025-10-01 16:03:18--  https://raw.githubusercontent.com/hrnr/m-explore-extra/master/map_merge/hector_maps/map05.pgm
[9.534s] Resolving raw.githubusercontent.com (raw.githubusercontent.com)... 2606:50c0:8000::154, 2606:50c0:8002::154, 2606:50c0:8001::154, ...
[9.550s] Connecting to raw.githubusercontent.com (raw.githubusercontent.com)|2606:50c0:8000::154|:443... connected.
[10.289s] HTTP request sent, awaiting response... 200 OK
[10.289s] Length: 4194362 (4.0M) [application/octet-stream]
[10.290s] Saving to: ‘/home/spicygen/Desktop/ros_ws/build/multirobot_map_merge/map05.pgm’
[10.295s] 
[10.314s]      0K .......... .......... .......... .......... ..........  1% 1.98M 2s
[10.335s]     50K .......... .......... .......... .......... ..........  2% 2.37M 2s
[10.341s]    100K .......... .......... .......... .......... ..........  3% 7.12M 1s
[10.354s]    150K .......... .......... .......... .......... ..........  4% 3.76M 1s
[10.394s]    200K .......... .......... .......... .......... ..........  6% 1.24M 2s
[10.403s]    250K .......... .......... .......... .......... ..........  7% 5.42M 1s
[10.411s]    300K .......... .......... .......... .......... ..........  8% 5.81M 1s
[10.426s]    350K .......... .......... .......... .......... ..........  9% 4.65M 1s
[10.437s]    400K .......... .......... .......... .......... .......... 10% 3.25M 1s
[10.446s]    450K .......... .......... .......... .......... .......... 12% 5.15M 1s
[10.452s]    500K .......... .......... .......... .......... .......... 13% 8.30M 1s
[10.463s]    550K .......... .......... .......... .......... .......... 14% 4.65M 1s
[10.470s]    600K .......... .......... .......... .......... .......... 15% 6.79M 1s
[10.482s]    650K .......... .......... .......... .......... .......... 17% 4.09M 1s
[10.492s]    700K .......... .......... .......... .......... .......... 18% 7.07M 1s
[10.497s]    750K .......... .......... .......... .......... .......... 19% 6.13M 1s
[10.506s]    800K .......... .......... .......... .......... .......... 20% 5.29M 1s
[10.515s]    850K .......... .......... .......... .......... .......... 21% 5.56M 1s
[10.538s]    900K .......... .......... .......... .......... .......... 23% 2.10M 1s
[10.550s]    950K .......... .......... .......... .......... .......... 24% 4.28M 1s
[10.558s]   1000K .......... .......... .......... .......... .......... 25% 5.66M 1s
[10.587s]   1050K .......... .......... .......... .......... .......... 26% 1.69M 1s
[10.601s]   1100K .......... .......... .......... .......... .......... 28% 3.71M 1s
[10.609s]   1150K .......... .......... .......... .......... .......... 29% 5.76M 1s
[10.640s]   1200K .......... .......... .......... .......... .......... 30% 1.57M 1s
[10.650s]   1250K .......... .......... .......... .......... .......... 31% 4.87M 1s
[10.658s]   1300K .......... .......... .......... .......... .......... 32% 5.77M 1s
[10.668s]   1350K .......... .......... .......... .......... .......... 34% 4.81M 1s
[10.676s]   1400K .......... .......... .......... .......... .......... 35% 6.35M 1s
[10.688s]   1450K .......... .......... .......... .......... .......... 36% 4.13M 1s
[10.699s]   1500K .......... .......... .......... .......... .......... 37% 7.41M 1s
[10.706s]   1550K .......... .......... .......... .......... .......... 39% 4.20M 1s
[10.716s]   1600K .......... .......... .......... .......... .......... 40% 5.14M 1s
[10.727s]   1650K .......... .......... .......... .......... .......... 41% 4.09M 1s
[10.737s]   1700K .......... .......... .......... .......... .......... 42% 5.14M 1s
[10.750s]   1750K .......... .......... .......... .......... .......... 43% 3.69M 1s
[10.754s]   1800K .......... .......... .......... .......... .......... 45% 11.4M 1s
[10.761s]   1850K .......... .......... .......... .......... .......... 46% 7.04M 1s
[10.790s]   1900K .......... .......... .......... .......... .......... 47% 2.13M 1s
[10.795s]   1950K .......... .......... .......... .......... .......... 48% 4.64M 1s
[10.803s]   2000K .......... .......... .......... .......... .......... 50% 5.92M 1s
[10.818s]   2050K .......... .......... .......... .......... .......... 51% 3.30M 1s
[10.827s]   2100K .......... .......... .......... .......... .......... 52% 5.25M 0s
[10.839s]   2150K .......... .......... .......... .......... .......... 53% 4.07M 0s
[10.845s]   2200K .......... .......... .......... .......... .......... 54% 8.07M 0s
[10.859s]   2250K .......... .......... .......... .......... .......... 56% 3.72M 0s
[10.869s]   2300K .......... .......... .......... .......... .......... 57% 32.6M 0s
[10.887s]   2350K .......... .......... .......... .......... .......... 58% 1.82M 0s
[10.898s]   2400K .......... .......... .......... .......... .......... 59% 4.37M 0s
[10.903s]   2450K .......... .......... .......... .......... .......... 61% 10.8M 0s
[10.907s]   2500K .......... .......... .......... .......... .......... 62% 10.7M 0s
[10.916s]   2550K .......... .......... .......... .......... .......... 63% 5.64M 0s
[10.925s]   2600K .......... .......... .......... .......... .......... 64% 5.13M 0s
[10.933s]   2650K .......... .......... .......... .......... .......... 65% 6.36M 0s
[10.946s]   2700K .......... .......... .......... .......... .......... 67% 4.89M 0s
[10.959s]   2750K .......... .......... .......... .......... .......... 68% 3.05M 0s
[10.971s]   2800K .......... .......... .......... .......... .......... 69% 3.92M 0s
[10.986s]   2850K .......... .......... .......... .......... .......... 70% 3.25M 0s
[10.997s]   2900K .......... .......... .......... .......... .......... 72% 4.54M 0s
[11.009s]   2950K .......... .......... .......... .......... .......... 73% 3.95M 0s
[11.022s]   3000K .......... .......... .......... .......... .......... 74% 3.73M 0s
[11.035s]   3050K .......... .......... .......... .......... .......... 75% 3.87M 0s
[11.052s]   3100K .......... .......... .......... .......... .......... 76% 3.80M 0s
[11.066s]   3150K .......... .......... .......... .......... .......... 78% 2.80M 0s
[11.246s]   3200K .......... .......... .......... .......... .......... 79%  276K 0s
[11.247s]   3250K .......... .......... .......... .......... .......... 80% 72.4M 0s
[11.248s]   3300K .......... .......... .......... .......... .......... 81% 69.8M 0s
[11.248s]   3350K .......... .......... .......... .......... .......... 83% 70.5M 0s
[11.249s]   3400K .......... .......... .......... .......... .......... 84% 82.8M 0s
[11.249s]   3450K .......... .......... .......... .......... .......... 85% 85.0M 0s
[11.250s]   3500K .......... .......... .......... .......... .......... 86% 86.3M 0s
[11.251s]   3550K .......... .......... .......... .......... .......... 87% 70.2M 0s
[11.251s]   3600K .......... .......... .......... .......... .......... 89% 85.6M 0s
[11.252s]   3650K .......... .......... .......... .......... .......... 90% 67.5M 0s
[11.253s]   3700K .......... .......... .......... .......... .......... 91% 79.7M 0s
[11.253s]   3750K .......... .......... .......... .......... .......... 92% 74.9M 0s
[11.254s]   3800K .......... .......... .......... .......... .......... 93% 80.2M 0s
[11.254s]   3850K .......... .......... .......... .......... .......... 95% 84.2M 0s
[11.265s]   3900K .......... .......... .......... .......... .......... 96% 8.38M 0s
[11.277s]   3950K .......... .......... .......... .......... .......... 97% 2.89M 0s
[11.293s]   4000K .......... .......... .......... .......... .......... 98% 3.11M 0s
[11.301s]   4050K .......... .......... .......... .......... ......    100% 5.81M=1.0s
[11.301s] 
[11.301s] 2025-10-01 16:03:20 (3.96 MB/s) - ‘/home/spicygen/Desktop/ros_ws/build/multirobot_map_merge/map05.pgm’ saved [4194362/4194362]
[11.302s] 
[11.304s] Checking MD5 sum of /home/spicygen/Desktop/ros_ws/build/multirobot_map_merge/map05.pgm
[11.322s] /home/spicygen/Desktop/ros_ws/build/multirobot_map_merge/map05.pgm: OK
[11.333s] --2025-10-01 16:03:20--  https://raw.githubusercontent.com/hrnr/m-explore-extra/master/map_merge/gmapping_maps/2011-08-09-12-22-52.pgm
[11.340s] Resolving raw.githubusercontent.com (raw.githubusercontent.com)... 2606:50c0:8001::154, 2606:50c0:8002::154, 2606:50c0:8000::154, ...
[11.359s] Connecting to raw.githubusercontent.com (raw.githubusercontent.com)|2606:50c0:8001::154|:443... connected.
[12.942s] HTTP request sent, awaiting response... 200 OK
[12.943s] Length: 16000058 (15M) [application/octet-stream]
[12.943s] Saving to: ‘/home/spicygen/Desktop/ros_ws/build/multirobot_map_merge/2011-08-09-12-22-52.pgm’
[12.944s] 
[12.970s]      0K .......... .......... .......... .......... ..........  0% 1.77M 9s
[12.981s]     50K .......... .......... .......... .......... ..........  0% 4.29M 6s
[12.998s]    100K .......... .......... .......... .......... ..........  0% 2.88M 6s
[13.011s]    150K .......... .......... .......... .......... ..........  1% 3.89M 5s
[13.019s]    200K .......... .......... .......... .......... ..........  1% 5.90M 5s
[13.024s]    250K .......... .......... .......... .......... ..........  1% 10.4M 4s
[13.031s]    300K .......... .......... .......... .......... ..........  2% 6.72M 4s
[13.043s]    350K .......... .......... .......... .......... ..........  2% 4.12M 4s
[13.052s]    400K .......... .......... .......... .......... ..........  2% 5.41M 4s
[13.063s]    450K .......... .......... .......... .......... ..........  3% 4.58M 4s
[13.071s]    500K .......... .......... .......... .......... ..........  3% 5.85M 4s
[13.080s]    550K .......... .......... .......... .......... ..........  3% 5.52M 3s
[13.091s]    600K .......... .......... .......... .......... ..........  4% 4.46M 3s
[13.102s]    650K .......... .......... .......... .......... ..........  4% 4.26M 3s
[13.112s]    700K .......... .......... .......... .......... ..........  4% 4.92M 3s
[13.121s]    750K .......... .......... .......... .......... ..........  5% 5.67M 3s
[13.126s]    800K .......... .......... .......... .......... ..........  5% 9.23M 3s
[13.132s]    850K .......... .......... .......... .......... ..........  5% 7.92M 3s
[13.145s]    900K .......... .......... .......... .......... ..........  6% 3.69M 3s
[13.165s]    950K .......... .......... .......... .......... ..........  6% 2.49M 3s
[13.170s]   1000K .......... .......... .......... .......... ..........  6% 10.5M 3s
[13.183s]   1050K .......... .......... .......... .......... ..........  7% 3.62M 3s
[13.191s]   1100K .......... .......... .......... .......... ..........  7% 6.44M 3s
[13.200s]   1150K .......... .......... .......... .......... ..........  7% 5.48M 3s
[13.217s]   1200K .......... .......... .......... .......... ..........  7% 2.84M 3s
[13.226s]   1250K .......... .......... .......... .......... ..........  8% 5.42M 3s
[13.232s]   1300K .......... .......... .......... .......... ..........  8% 8.28M 3s
[13.249s]   1350K .......... .......... .......... .......... ..........  8% 2.92M 3s
[13.253s]   1400K .......... .......... .......... .......... ..........  9% 12.1M 3s
[13.263s]   1450K .......... .......... .......... .......... ..........  9% 4.55M 3s
[13.275s]   1500K .......... .......... .......... .......... ..........  9% 4.05M 3s
[13.288s]   1550K .......... .......... .......... .......... .......... 10% 3.88M 3s
[13.300s]   1600K .......... .......... .......... .......... .......... 10% 3.98M 3s
[13.313s]   1650K .......... .......... .......... .......... .......... 10% 3.93M 3s
[13.325s]   1700K .......... .......... .......... .......... .......... 11% 3.77M 3s
[13.344s]   1750K .......... .......... .......... .......... .......... 11% 2.68M 3s
[13.355s]   1800K .......... .......... .......... .......... .......... 11% 4.26M 3s
[13.368s]   1850K .......... .......... .......... .......... .......... 12% 3.87M 3s
[13.482s]   1900K .......... .......... .......... .......... .......... 12%  439K 4s
[13.488s]   1950K .......... .......... .......... .......... .......... 12% 8.15M 4s
[13.497s]   2000K .......... .......... .......... .......... .......... 13% 5.35M 4s
[13.503s]   2050K .......... .......... .......... .......... .......... 13% 7.66M 4s
[13.511s]   2100K .......... .......... .......... .......... .......... 13% 6.35M 4s
[13.518s]   2150K .......... .......... .......... .......... .......... 14% 7.07M 4s
[13.520s]   2200K .......... .......... .......... .......... .......... 14% 21.6M 3s
[13.521s]   2250K .......... .......... .......... .......... .......... 14% 70.9M 3s
[13.551s]   2300K .......... .......... .......... .......... .......... 15% 1.62M 3s
[13.562s]   2350K .......... .......... .......... .......... .......... 15% 4.37M 3s
[13.563s]   2400K .......... .......... .......... .......... .......... 15% 67.3M 3s
[13.563s]   2450K .......... .......... .......... .......... .......... 15% 74.6M 3s
[13.564s]   2500K .......... .......... .......... .......... .......... 16% 71.8M 3s
[13.565s]   2550K .......... .......... .......... .......... .......... 16% 61.7M 3s
[13.568s]   2600K .......... .......... .......... .......... .......... 16% 16.6M 3s
[13.581s]   2650K .......... .......... .......... .......... .......... 17% 3.78M 3s
[13.594s]   2700K .......... .......... .......... .......... .......... 17% 3.60M 3s
[13.606s]   2750K .......... .......... .......... .......... .......... 17% 4.07M 3s
[13.620s]   2800K .......... .......... .......... .......... .......... 18% 3.57M 3s
[13.632s]   2850K .......... .......... .......... .......... .......... 18% 4.17M 3s
[13.649s]   2900K .......... .......... .......... .......... .......... 18% 2.85M 3s
[13.661s]   2950K .......... .......... .......... .......... .......... 19% 3.95M 3s
[13.677s]   3000K .......... .......... .......... .......... .......... 19% 3.14M 3s
[13.688s]   3050K .......... .......... .......... .......... .......... 19% 4.55M 3s
[13.700s]   3100K .......... .......... .......... .......... .......... 20% 3.87M 3s
[13.712s]   3150K .......... .......... .......... .......... .......... 20% 3.94M 3s
[13.725s]   3200K .......... .......... .......... .......... .......... 20% 3.89M 3s
[13.738s]   3250K .......... .......... .......... .......... .......... 21% 3.65M 3s
[13.751s]   3300K .......... .......... .......... .......... .......... 21% 3.73M 3s
[13.768s]   3350K .......... .......... .......... .......... .......... 21% 3.04M 3s
[13.780s]   3400K .......... .......... .......... .......... .......... 22% 3.92M 3s
[13.794s]   3450K .......... .......... .......... .......... .......... 22% 3.58M 3s
[13.805s]   3500K .......... .......... .......... .......... .......... 22% 4.22M 3s
[13.819s]   3550K .......... .......... .......... .......... .......... 23% 3.49M 3s
[13.832s]   3600K .......... .......... .......... .......... .......... 23% 3.80M 3s
[13.846s]   3650K .......... .......... .......... .......... .......... 23% 3.52M 3s
[13.862s]   3700K .......... .......... .......... .......... .......... 23% 3.08M 3s
[13.874s]   3750K .......... .......... .......... .......... .......... 24% 3.99M 3s
[13.887s]   3800K .......... .......... .......... .......... .......... 24% 3.73M 3s
[13.899s]   3850K .......... .......... .......... .......... .......... 24% 4.03M 3s
[13.912s]   3900K .......... .......... .......... .......... .......... 25% 3.87M 3s
[13.925s]   3950K .......... .......... .......... .......... .......... 25% 3.61M 3s
[13.937s]   4000K .......... .......... .......... .......... .......... 25% 4.04M 3s
[13.952s]   4050K .......... .......... .......... .......... .......... 26% 3.28M 3s
[13.964s]   4100K .......... .......... .......... .......... .......... 26% 4.04M 3s
[13.981s]   4150K .......... .......... .......... .......... .......... 26% 3.00M 3s
[13.993s]   4200K .......... .......... .......... .......... .......... 27% 3.95M 3s
[14.006s]   4250K .......... .......... .......... .......... .......... 27% 3.93M 3s
[14.021s]   4300K .......... .......... .......... .......... .......... 27% 3.69M 3s
[14.032s]   4350K .......... .......... .......... .......... .......... 28% 3.70M 3s
[14.044s]   4400K .......... .......... .......... .......... .......... 28% 4.03M 3s
[14.058s]   4450K .......... .......... .......... .......... .......... 28% 3.44M 3s
[14.069s]   4500K .......... .......... .......... .......... .......... 29% 4.40M 3s
[14.087s]   4550K .......... .......... .......... .......... .......... 29% 2.85M 3s
[14.100s]   4600K .......... .......... .......... .......... .......... 29% 3.70M 3s
[14.112s]   4650K .......... .......... .......... .......... .......... 30% 3.93M 3s
[14.125s]   4700K .......... .......... .......... .......... .......... 30% 3.73M 3s
[14.137s]   4750K .......... .......... .......... .......... .......... 30% 4.04M 3s
[14.151s]   4800K .......... .......... .......... .......... .......... 31% 3.65M 3s
[14.168s]   4850K .......... .......... .......... .......... .......... 31% 2.85M 3s
[14.176s]   4900K .......... .......... .......... .......... .......... 31% 6.00M 3s
[14.193s]   4950K .......... .......... .......... .......... .......... 31% 2.84M 3s
[14.205s]   5000K .......... .......... .......... .......... .......... 32% 3.99M 3s
[14.218s]   5050K .......... .......... .......... .......... .......... 32% 3.76M 3s
[14.232s]   5100K .......... .......... .......... .......... .......... 32% 3.76M 3s
[14.244s]   5150K .......... .......... .......... .......... .......... 33% 3.88M 3s
[14.257s]   5200K .......... .......... .......... .......... .......... 33% 3.67M 3s
[14.270s]   5250K .......... .......... .......... .......... .......... 33% 3.86M 3s
[14.283s]   5300K .......... .......... .......... .......... .......... 34% 3.89M 3s
[14.299s]   5350K .......... .......... .......... .......... .......... 34% 2.92M 3s
[14.312s]   5400K .......... .......... .......... .......... .......... 34% 3.82M 3s
[14.325s]   5450K .......... .......... .......... .......... .......... 35% 3.89M 3s
[14.337s]   5500K .......... .......... .......... .......... .......... 35% 3.82M 3s
[14.350s]   5550K .......... .......... .......... .......... .......... 35% 3.73M 3s
[14.365s]   5600K .......... .......... .......... .......... .......... 36% 3.33M 3s
[14.377s]   5650K .......... .......... .......... .......... .......... 36% 4.21M 2s
[14.389s]   5700K .......... .......... .......... .......... .......... 36% 4.01M 2s
[14.406s]   5750K .......... .......... .......... .......... .......... 37% 2.91M 2s
[14.419s]   5800K .......... .......... .......... .......... .......... 37% 3.70M 2s
[14.431s]   5850K .......... .......... .......... .......... .......... 37% 4.11M 2s
[14.444s]   5900K .......... .......... .......... .......... .......... 38% 3.61M 2s
[14.474s]   5950K .......... .......... .......... .......... .......... 38% 1.61M 2s
[14.480s]   6000K .......... .......... .......... .......... .......... 38% 9.58M 2s
[14.490s]   6050K .......... .......... .......... .......... .......... 39% 4.82M 2s
[14.498s]   6100K .......... .......... .......... .......... .......... 39% 5.60M 2s
[14.512s]   6150K .......... .......... .......... .......... .......... 39% 3.59M 2s
[14.524s]   6200K .......... .......... .......... .......... .......... 39% 3.94M 2s
[14.538s]   6250K .......... .......... .......... .......... .......... 40% 3.65M 2s
[14.550s]   6300K .......... .......... .......... .......... .......... 40% 3.97M 2s
[14.563s]   6350K .......... .......... .......... .......... .......... 40% 3.64M 2s
[14.577s]   6400K .......... .......... .......... .......... .......... 41% 3.49M 2s
[14.588s]   6450K .......... .......... .......... .......... .......... 41% 4.57M 2s
[14.602s]   6500K .......... .......... .......... .......... .......... 41% 3.62M 2s
[14.618s]   6550K .......... .......... .......... .......... .......... 42% 2.93M 2s
[14.631s]   6600K .......... .......... .......... .......... .......... 42% 3.82M 2s
[14.643s]   6650K .......... .......... .......... .......... .......... 42% 4.01M 2s
[14.656s]   6700K .......... .......... .......... .......... .......... 43% 3.76M 2s
[14.673s]   6750K .......... .......... .......... .......... .......... 43% 3.00M 2s
[14.683s]   6800K .......... .......... .......... .......... .......... 43% 4.72M 2s
[14.783s]   6850K .......... .......... .......... .......... .......... 44%  499K 2s
[14.784s]   6900K .......... .......... .......... .......... .......... 44% 74.6M 2s
[14.802s]   6950K .......... .......... .......... .......... .......... 44% 2.64M 2s
[14.803s]   7000K .......... .......... .......... .......... .......... 45% 68.2M 2s
[14.803s]   7050K .......... .......... .......... .......... .......... 45% 82.3M 2s
[14.804s]   7100K .......... .......... .......... .......... .......... 45% 83.2M 2s
[14.805s]   7150K .......... .......... .......... .......... .......... 46% 70.3M 2s
[14.805s]   7200K .......... .......... .......... .......... .......... 46% 86.2M 2s
[14.806s]   7250K .......... .......... .......... .......... .......... 46% 78.9M 2s
[14.813s]   7300K .......... .......... .......... .......... .......... 47% 6.54M 2s
[14.831s]   7350K .......... .......... .......... .......... .......... 47% 2.86M 2s
[14.845s]   7400K .......... .......... .......... .......... .......... 47% 3.50M 2s
[14.856s]   7450K .......... .......... .......... .......... .......... 47% 4.13M 2s
[14.869s]   7500K .......... .......... .......... .......... .......... 48% 4.02M 2s
[14.885s]   7550K .......... .......... .......... .......... .......... 48% 2.87M 2s
[14.894s]   7600K .......... .......... .......... .......... .......... 48% 5.67M 2s
[14.907s]   7650K .......... .......... .......... .......... .......... 49% 3.79M 2s
[14.920s]   7700K .......... .......... .......... .......... .......... 49% 3.87M 2s
[14.937s]   7750K .......... .......... .......... .......... .......... 49% 2.91M 2s
[14.950s]   7800K .......... .......... .......... .......... .......... 50% 3.71M 2s
[14.963s]   7850K .......... .......... .......... .......... .......... 50% 3.77M 2s
[14.980s]   7900K .......... .......... .......... .......... .......... 50% 2.82M 2s
[14.987s]   7950K .......... .......... .......... .......... .......... 51% 6.35M 2s
[15.000s]   8000K .......... .......... .......... .......... .......... 51% 3.81M 2s
[15.013s]   8050K .......... .......... .......... .......... .......... 51% 3.89M 2s
[15.026s]   8100K .......... .......... .......... .......... .......... 52% 3.81M 2s
[15.043s]   8150K .......... .......... .......... .......... .......... 52% 2.86M 2s
[15.056s]   8200K .......... .......... .......... .......... .......... 52% 3.69M 2s
[15.068s]   8250K .......... .......... .......... .......... .......... 53% 3.97M 2s
[15.083s]   8300K .......... .......... .......... .......... .......... 53% 3.35M 2s
[15.095s]   8350K .......... .......... .......... .......... .......... 53% 3.96M 2s
[15.107s]   8400K .......... .......... .......... .......... .......... 54% 4.11M 2s
[15.120s]   8450K .......... .......... .......... .......... .......... 54% 3.76M 2s
[15.132s]   8500K .......... .......... .......... .......... .......... 54% 4.02M 2s
[15.149s]   8550K .......... .......... .......... .......... .......... 55% 2.89M 2s
[15.162s]   8600K .......... .......... .......... .......... .......... 55% 3.84M 2s
[15.175s]   8650K .......... .......... .......... .......... .......... 55% 3.80M 2s
[15.189s]   8700K .......... .......... .......... .......... .......... 55% 3.37M 2s
[15.200s]   8750K .......... .......... .......... .......... .......... 56% 4.48M 2s
[15.213s]   8800K .......... .......... .......... .......... .......... 56% 3.76M 2s
[15.225s]   8850K .......... .......... .......... .......... .......... 56% 3.98M 2s
[15.238s]   8900K .......... .......... .......... .......... .......... 57% 3.73M 2s
[15.256s]   8950K .......... .......... .......... .......... .......... 57% 2.88M 2s
[15.268s]   9000K .......... .......... .......... .......... .......... 57% 3.94M 2s
[15.281s]   9050K .......... .......... .......... .......... .......... 58% 3.79M 2s
[15.297s]   9100K .......... .......... .......... .......... .......... 58% 2.96M 2s
[15.307s]   9150K .......... .......... .......... .......... .......... 58% 5.28M 2s
[15.319s]   9200K .......... .......... .......... .......... .......... 59% 3.89M 2s
[15.332s]   9250K .......... .......... .......... .......... .......... 59% 3.70M 2s
[15.346s]   9300K .......... .......... .......... .......... .......... 59% 3.50M 2s
[15.362s]   9350K .......... .......... .......... .......... .......... 60% 3.16M 2s
[15.375s]   9400K .......... .......... .......... .......... .......... 60% 3.84M 2s
[15.390s]   9450K .......... .......... .......... .......... .......... 60% 3.22M 2s
[15.401s]   9500K .......... .......... .......... .......... .......... 61% 4.48M 2s
[15.413s]   9550K .......... .......... .......... .......... .......... 61% 3.95M 2s
[15.425s]   9600K .......... .......... .......... .......... .......... 61% 3.90M 2s
[15.438s]   9650K .......... .......... .......... .......... .......... 62% 3.81M 2s
[15.451s]   9700K .......... .......... .......... .......... .......... 62% 3.85M 2s
[15.468s]   9750K .......... .......... .......... .......... .......... 62% 2.83M 2s
[15.481s]   9800K .......... .......... .......... .......... .......... 63% 3.89M 1s
[15.494s]   9850K .......... .......... .......... .......... .......... 63% 3.67M 1s
[15.507s]   9900K .......... .......... .......... .......... .......... 63% 3.66M 1s
[15.520s]   9950K .......... .......... .......... .......... .......... 63% 3.95M 1s
[15.532s]  10000K .......... .......... .......... .......... .......... 64% 3.93M 1s
[15.544s]  10050K .......... .......... .......... .......... .......... 64% 3.92M 1s
[15.557s]  10100K .......... .......... .......... .......... .......... 64% 3.78M 1s
[15.574s]  10150K .......... .......... .......... .......... .......... 65% 2.90M 1s
[15.588s]  10200K .......... .......... .......... .......... .......... 65% 3.66M 1s
[15.604s]  10250K .......... .......... .......... .......... .......... 65% 2.90M 1s
[15.613s]  10300K .......... .......... .......... .......... .......... 66% 5.96M 1s
[15.625s]  10350K .......... .......... .......... .......... .......... 66% 3.94M 1s
[15.638s]  10400K .......... .......... .......... .......... .......... 66% 3.73M 1s
[15.651s]  10450K .......... .......... .......... .......... .......... 67% 3.81M 1s
[15.663s]  10500K .......... .......... .......... .......... .......... 67% 3.88M 1s
[15.681s]  10550K .......... .......... .......... .......... .......... 67% 2.83M 1s
[15.697s]  10600K .......... .......... .......... .......... .......... 68% 3.13M 1s
[15.706s]  10650K .......... .......... .......... .......... .......... 68% 5.14M 1s
[15.719s]  10700K .......... .......... .......... .......... .......... 68% 3.71M 1s
[15.732s]  10750K .......... .......... .......... .......... .......... 69% 3.73M 1s
[15.744s]  10800K .......... .......... .......... .......... .......... 69% 4.05M 1s
[15.757s]  10850K .......... .......... .......... .......... .......... 69% 3.77M 1s
[15.770s]  10900K .......... .......... .......... .......... .......... 70% 3.90M 1s
[15.787s]  10950K .......... .......... .......... .......... .......... 70% 2.80M 1s
[15.801s]  11000K .......... .......... .......... .......... .......... 70% 3.48M 1s
[15.812s]  11050K .......... .......... .......... .......... .......... 71% 4.35M 1s
[15.825s]  11100K .......... .......... .......... .......... .......... 71% 4.00M 1s
[15.838s]  11150K .......... .......... .......... .......... .......... 71% 3.66M 1s
[15.850s]  11200K .......... .......... .......... .......... .......... 71% 3.95M 1s
[15.867s]  11250K .......... .......... .......... .......... .......... 72% 2.92M 1s
[15.876s]  11300K .......... .......... .......... .......... .......... 72% 5.45M 1s
[15.893s]  11350K .......... .......... .......... .......... .......... 72% 2.86M 1s
[15.910s]  11400K .......... .......... .......... .......... .......... 73% 3.31M 1s
[15.918s]  11450K .......... .......... .......... .......... .......... 73% 4.62M 1s
[15.932s]  11500K .......... .......... .......... .......... .......... 73% 3.60M 1s
[15.944s]  11550K .......... .......... .......... .......... .......... 74% 4.06M 1s
[15.957s]  11600K .......... .......... .......... .......... .......... 74% 3.74M 1s
[15.970s]  11650K .......... .......... .......... .......... .......... 74% 3.89M 1s
[15.982s]  11700K .......... .......... .......... .......... .......... 75% 3.90M 1s
[15.999s]  11750K .......... .......... .......... .......... .......... 75% 2.89M 1s
[16.012s]  11800K .......... .......... .......... .......... .......... 75% 3.64M 1s
[16.025s]  11850K .......... .......... .......... .......... .......... 76% 3.92M 1s
[16.038s]  11900K .......... .......... .......... .......... .......... 76% 3.71M 1s
[16.051s]  11950K .......... .......... .......... .......... .......... 76% 3.90M 1s
[16.065s]  12000K .......... .......... .......... .......... .......... 77% 3.43M 1s
[16.076s]  12050K .......... .......... .......... .......... .......... 77% 4.42M 1s
[16.089s]  12100K .......... .......... .......... .......... .......... 77% 3.64M 1s
[16.107s]  12150K .......... .......... .......... .......... .......... 78% 2.70M 1s
[16.119s]  12200K .......... .......... .......... .......... .......... 78% 4.20M 1s
[16.131s]  12250K .......... .......... .......... .......... .......... 78% 3.99M 1s
[16.144s]  12300K .......... .......... .......... .......... .......... 79% 3.89M 1s
[16.157s]  12350K .......... .......... .......... .......... .......... 79% 3.68M 1s
[16.170s]  12400K .......... .......... .......... .......... .......... 79% 3.84M 1s
[16.183s]  12450K .......... .......... .......... .......... .......... 79% 3.63M 1s
[16.195s]  12500K .......... .......... .......... .......... .......... 80% 4.05M 1s
[16.214s]  12550K .......... .......... .......... .......... .......... 80% 2.55M 1s
[16.225s]  12600K .......... .......... .......... .......... .......... 80% 4.69M 1s
[16.237s]  12650K .......... .......... .......... .......... .......... 81% 3.88M 1s
[16.250s]  12700K .......... .......... .......... .......... .......... 81% 3.88M 1s
[16.263s]  12750K .......... .......... .......... .......... .......... 81% 3.56M 1s
[16.276s]  12800K .......... .......... .......... .......... .......... 82% 4.00M 1s
[16.289s]  12850K .......... .......... .......... .......... .......... 82% 3.83M 1s
[16.301s]  12900K .......... .......... .......... .......... .......... 82% 3.79M 1s
[16.320s]  12950K .......... .......... .......... .......... .......... 83% 2.64M 1s
[16.331s]  13000K .......... .......... .......... .......... .......... 83% 4.44M 1s
[16.345s]  13050K .......... .......... .......... .......... .......... 83% 3.44M 1s
[16.357s]  13100K .......... .......... .......... .......... .......... 84% 4.26M 1s
[16.369s]  13150K .......... .......... .......... .......... .......... 84% 3.88M 1s
[16.382s]  13200K .......... .......... .......... .......... .......... 84% 3.82M 1s
[16.395s]  13250K .......... .......... .......... .......... .......... 85% 3.58M 1s
[16.407s]  13300K .......... .......... .......... .......... .......... 85% 4.14M 1s
[16.425s]  13350K .......... .......... .......... .......... .......... 85% 2.83M 1s
[16.437s]  13400K .......... .......... .......... .......... .......... 86% 3.87M 1s
[16.450s]  13450K .......... .......... .......... .......... .......... 86% 3.89M 1s
[16.463s]  13500K .......... .......... .......... .......... .......... 86% 3.72M 1s
[16.476s]  13550K .......... .......... .......... .......... .......... 87% 3.79M 1s
[16.488s]  13600K .......... .......... .......... .......... .......... 87% 3.87M 1s
[16.501s]  13650K .......... .......... .......... .......... .......... 87% 3.92M 1s
[16.516s]  13700K .......... .......... .......... .......... .......... 87% 3.24M 0s
[16.531s]  13750K .......... .......... .......... .......... .......... 88% 3.23M 0s
[16.544s]  13800K .......... .......... .......... .......... .......... 88% 3.87M 0s
[16.556s]  13850K .......... .......... .......... .......... .......... 88% 3.99M 0s
[16.570s]  13900K .......... .......... .......... .......... .......... 89% 3.56M 0s
[16.581s]  13950K .......... .......... .......... .......... .......... 89% 4.10M 0s
[16.597s]  14000K .......... .......... .......... .......... .......... 89% 3.15M 0s
[16.608s]  14050K .......... .......... .......... .......... .......... 90% 4.58M 0s
[16.620s]  14100K .......... .......... .......... .......... .......... 90% 3.92M 0s
[16.639s]  14150K .......... .......... .......... .......... .......... 90% 2.57M 0s
[16.650s]  14200K .......... .......... .......... .......... .......... 91% 4.62M 0s
[16.663s]  14250K .......... .......... .......... .......... .......... 91% 3.75M 0s
[16.675s]  14300K .......... .......... .......... .......... .......... 91% 3.82M 0s
[16.689s]  14350K .......... .......... .......... .......... .......... 92% 3.68M 0s
[16.701s]  14400K .......... .......... .......... .......... .......... 92% 4.05M 0s
[16.714s]  14450K .......... .......... .......... .......... .......... 92% 3.58M 0s
[16.727s]  14500K .......... .......... .......... .......... .......... 93% 3.83M 0s
[16.743s]  14550K .......... .......... .......... .......... .......... 93% 3.02M 0s
[16.756s]  14600K .......... .......... .......... .......... .......... 93% 3.92M 0s
[16.769s]  14650K .......... .......... .......... .......... .......... 94% 3.78M 0s
[16.782s]  14700K .......... .......... .......... .......... .......... 94% 3.82M 0s
[16.794s]  14750K .......... .......... .......... .......... .......... 94% 3.79M 0s
[16.807s]  14800K .......... .......... .......... .......... .......... 95% 3.90M 0s
[16.824s]  14850K .......... .......... .......... .......... .......... 95% 2.79M 0s
[16.833s]  14900K .......... .......... .......... .......... .......... 95% 5.57M 0s
[16.855s]  14950K .......... .......... .......... .......... .......... 95% 2.24M 0s
[16.864s]  15000K .......... .......... .......... .......... .......... 96% 5.22M 0s
[16.875s]  15050K .......... .......... .......... .......... .......... 96% 4.63M 0s
[16.891s]  15100K .......... .......... .......... .......... .......... 96% 2.99M 0s
[16.900s]  15150K .......... .......... .......... .......... .......... 97% 5.20M 0s
[16.914s]  15200K .......... .......... .......... .......... .......... 97% 3.54M 0s
[16.932s]  15250K .......... .......... .......... .......... .......... 97% 2.78M 0s
[16.942s]  15300K .......... .......... .......... .......... .......... 98% 4.74M 0s
[16.956s]  15350K .......... .......... .......... .......... .......... 98% 3.64M 0s
[16.969s]  15400K .......... .......... .......... .......... .......... 98% 3.80M 0s
[16.982s]  15450K .......... .......... .......... .......... .......... 99% 3.67M 0s
[16.995s]  15500K .......... .......... .......... .......... .......... 99% 3.67M 0s
[17.007s]  15550K .......... .......... .......... .......... .......... 99% 4.20M 0s
[17.011s]  15600K .......... .......... .....                           100% 5.20M=4.1s
[17.012s] 
[17.012s] 2025-10-01 16:03:26 (3.75 MB/s) - ‘/home/spicygen/Desktop/ros_ws/build/multirobot_map_merge/2011-08-09-12-22-52.pgm’ saved [16000058/16000058]
[17.012s] 
[17.015s] Checking MD5 sum of /home/spicygen/Desktop/ros_ws/build/multirobot_map_merge/2011-08-09-12-22-52.pgm
[17.077s] /home/spicygen/Desktop/ros_ws/build/multirobot_map_merge/2011-08-09-12-22-52.pgm: OK
[17.095s] --2025-10-01 16:03:26--  https://raw.githubusercontent.com/hrnr/m-explore-extra/master/map_merge/gmapping_maps/2012-01-28-11-12-01.pgm
[17.099s] Resolving raw.githubusercontent.com (raw.githubusercontent.com)... 2606:50c0:8003::154, 2606:50c0:8001::154, 2606:50c0:8002::154, ...
[17.115s] Connecting to raw.githubusercontent.com (raw.githubusercontent.com)|2606:50c0:8003::154|:443... connected.
[18.891s] HTTP request sent, awaiting response... 200 OK
[18.891s] Length: 16000058 (15M) [application/octet-stream]
[18.891s] Saving to: ‘/home/spicygen/Desktop/ros_ws/build/multirobot_map_merge/2012-01-28-11-12-01.pgm’
[18.892s] 
[18.911s]      0K .......... .......... .......... .......... ..........  0% 2.42M 6s
[18.921s]     50K .......... .......... .......... .......... ..........  0% 5.05M 5s
[18.939s]    100K .......... .......... .......... .......... ..........  0% 2.60M 5s
[18.948s]    150K .......... .......... .......... .......... ..........  1% 5.50M 4s
[18.968s]    200K .......... .......... .......... .......... ..........  1% 2.49M 5s
[19.018s]    250K .......... .......... .......... .......... ..........  1% 1004K 6s
[19.026s]    300K .......... .......... .......... .......... ..........  2% 5.71M 6s
[19.066s]    350K .......... .......... .......... .......... ..........  2% 1.22M 7s
[19.084s]    400K .......... .......... .......... .......... ..........  2% 2.77M 7s
[19.099s]    450K .......... .......... .......... .......... ..........  3% 3.23M 6s
[19.110s]    500K .......... .......... .......... .......... ..........  3% 4.64M 6s
[19.118s]    550K .......... .......... .......... .......... ..........  3% 5.60M 6s
[19.124s]    600K .......... .......... .......... .......... ..........  4% 8.60M 5s
[19.140s]    650K .......... .......... .......... .......... ..........  4% 3.15M 5s
[19.153s]    700K .......... .......... .......... .......... ..........  4% 3.66M 5s
[19.164s]    750K .......... .......... .......... .......... ..........  5% 4.32M 5s
[19.181s]    800K .......... .......... .......... .......... ..........  5% 2.86M 5s
[19.207s]    850K .......... .......... .......... .......... ..........  5% 1.93M 5s
[19.213s]    900K .......... .......... .......... .......... ..........  6% 8.72M 5s
[19.224s]    950K .......... .......... .......... .......... ..........  6% 4.19M 5s
[19.244s]   1000K .......... .......... .......... .......... ..........  6% 2.44M 5s
[19.292s]   1050K .......... .......... .......... .......... ..........  7% 1.01M 5s
[19.305s]   1100K .......... .......... .......... .......... ..........  7% 3.74M 5s
[19.315s]   1150K .......... .......... .......... .......... ..........  7% 5.18M 5s
[19.324s]   1200K .......... .......... .......... .......... ..........  7% 5.53M 5s
[19.332s]   1250K .......... .......... .......... .......... ..........  8% 8.50M 5s
[19.341s]   1300K .......... .......... .......... .......... ..........  8% 4.12M 5s
[19.370s]   1350K .......... .......... .......... .......... ..........  8% 1.69M 5s
[19.389s]   1400K .......... .......... .......... .......... ..........  9% 2.57M 5s
[19.403s]   1450K .......... .......... .......... .......... ..........  9% 3.51M 5s
[19.413s]   1500K .......... .......... .......... .......... ..........  9% 4.73M 5s
[19.420s]   1550K .......... .......... .......... .......... .......... 10% 6.82M 5s
[19.430s]   1600K .......... .......... .......... .......... .......... 10% 4.99M 5s
[19.445s]   1650K .......... .......... .......... .......... .......... 10% 3.29M 5s
[19.459s]   1700K .......... .......... .......... .......... .......... 11% 3.52M 5s
[19.474s]   1750K .......... .......... .......... .......... .......... 11% 3.18M 4s
[19.495s]   1800K .......... .......... .......... .......... .......... 11% 2.38M 4s
[19.503s]   1850K .......... .......... .......... .......... .......... 12% 5.78M 4s
[19.519s]   1900K .......... .......... .......... .......... .......... 12% 3.13M 4s
[19.525s]   1950K .......... .......... .......... .......... .......... 12% 8.11M 4s
[19.533s]   2000K .......... .......... .......... .......... .......... 13% 6.26M 4s
[19.544s]   2050K .......... .......... .......... .......... .......... 13% 4.16M 4s
[19.568s]   2100K .......... .......... .......... .......... .......... 13% 2.04M 4s
[19.595s]   2150K .......... .......... .......... .......... .......... 14% 1.86M 4s
[19.609s]   2200K .......... .......... .......... .......... .......... 14% 3.52M 4s
[19.618s]   2250K .......... .......... .......... .......... .......... 14% 5.43M 4s
[19.623s]   2300K .......... .......... .......... .......... .......... 15% 8.38M 4s
[19.644s]   2350K .......... .......... .......... .......... .......... 15% 2.32M 4s
[19.686s]   2400K .......... .......... .......... .......... .......... 15% 1.18M 4s
[19.704s]   2450K .......... .......... .......... .......... .......... 15% 2.74M 4s
[19.719s]   2500K .......... .......... .......... .......... .......... 16% 3.22M 4s
[19.731s]   2550K .......... .......... .......... .......... .......... 16% 4.10M 4s
[19.740s]   2600K .......... .......... .......... .......... .......... 16% 5.29M 4s
[19.750s]   2650K .......... .......... .......... .......... .......... 17% 5.17M 4s
[19.765s]   2700K .......... .......... .......... .......... .......... 17% 3.20M 4s
[19.770s]   2750K .......... .......... .......... .......... .......... 17% 8.21M 4s
[19.793s]   2800K .......... .......... .......... .......... .......... 18% 2.16M 4s
[19.816s]   2850K .......... .......... .......... .......... .......... 18% 2.15M 4s
[19.826s]   2900K .......... .......... .......... .......... .......... 18% 4.74M 4s
[19.836s]   2950K .......... .......... .......... .......... .......... 19% 4.83M 4s
[19.851s]   3000K .......... .......... .......... .......... .......... 19% 3.27M 4s
[19.863s]   3050K .......... .......... .......... .......... .......... 19% 4.23M 4s
[19.882s]   3100K .......... .......... .......... .......... .......... 20% 2.50M 4s
[19.900s]   3150K .......... .......... .......... .......... .......... 20% 2.75M 4s
[19.905s]   3200K .......... .......... .......... .......... .......... 20% 9.22M 4s
[19.925s]   3250K .......... .......... .......... .......... .......... 21% 2.44M 4s
[19.952s]   3300K .......... .......... .......... .......... .......... 21% 1.82M 4s
[19.978s]   3350K .......... .......... .......... .......... .......... 21% 1.91M 4s
[19.990s]   3400K .......... .......... .......... .......... .......... 22% 4.02M 4s
[20.009s]   3450K .......... .......... .......... .......... .......... 22% 2.53M 4s
[20.024s]   3500K .......... .......... .......... .......... .......... 22% 3.26M 4s
[20.029s]   3550K .......... .......... .......... .......... .......... 23% 9.30M 4s
[20.039s]   3600K .......... .......... .......... .......... .......... 23% 4.94M 4s
[20.062s]   3650K .......... .......... .......... .......... .......... 23% 2.18M 4s
[20.068s]   3700K .......... .......... .......... .......... .......... 23% 7.78M 4s
[20.081s]   3750K .......... .......... .......... .......... .......... 24% 3.72M 4s
[20.098s]   3800K .......... .......... .......... .......... .......... 24% 2.99M 4s
[20.122s]   3850K .......... .......... .......... .......... .......... 24% 2.02M 4s
[20.127s]   3900K .......... .......... .......... .......... .......... 25% 9.21M 4s
[20.137s]   3950K .......... .......... .......... .......... .......... 25% 4.71M 4s
[20.149s]   4000K .......... .......... .......... .......... .......... 25% 4.18M 4s
[20.155s]   4050K .......... .......... .......... .......... .......... 26% 7.86M 4s
[20.171s]   4100K .......... .......... .......... .......... .......... 26% 2.99M 4s
[20.188s]   4150K .......... .......... .......... .......... .......... 26% 3.03M 4s
[20.215s]   4200K .......... .......... .......... .......... .......... 27% 1.78M 4s
[20.231s]   4250K .......... .......... .......... .......... .......... 27% 2.99M 4s
[20.242s]   4300K .......... .......... .......... .......... .......... 27% 4.68M 4s
[20.249s]   4350K .......... .......... .......... .......... .......... 28% 7.21M 3s
[20.262s]   4400K .......... .......... .......... .......... .......... 28% 3.71M 3s
[20.273s]   4450K .......... .......... .......... .......... .......... 28% 4.34M 3s
[20.288s]   4500K .......... .......... .......... .......... .......... 29% 3.25M 3s
[20.330s]   4550K .......... .......... .......... .......... .......... 29% 1.16M 3s
[20.340s]   4600K .......... .......... .......... .......... .......... 29% 5.13M 3s
[20.351s]   4650K .......... .......... .......... .......... .......... 30% 4.34M 3s
[20.369s]   4700K .......... .......... .......... .......... .......... 30% 2.63M 3s
[20.379s]   4750K .......... .......... .......... .......... .......... 30% 5.00M 3s
[20.396s]   4800K .......... .......... .......... .......... .......... 31% 2.97M 3s
[20.416s]   4850K .......... .......... .......... .......... .......... 31% 2.42M 3s
[20.428s]   4900K .......... .......... .......... .......... .......... 31% 3.83M 3s
[20.440s]   4950K .......... .......... .......... .......... .......... 31% 4.44M 3s
[20.449s]   5000K .......... .......... .......... .......... .......... 32% 5.15M 3s
[20.483s]   5050K .......... .......... .......... .......... .......... 32% 1.42M 3s
[20.529s]   5100K .......... .......... .......... .......... .......... 32% 1.08M 3s
[20.536s]   5150K .......... .......... .......... .......... .......... 33% 6.70M 3s
[20.545s]   5200K .......... .......... .......... .......... .......... 33% 5.29M 3s
[20.551s]   5250K .......... .......... .......... .......... .......... 33% 8.58M 3s
[20.561s]   5300K .......... .......... .......... .......... .......... 34% 4.86M 3s
[20.582s]   5350K .......... .......... .......... .......... .......... 34% 2.32M 3s
[20.593s]   5400K .......... .......... .......... .......... .......... 34% 4.35M 3s
[20.611s]   5450K .......... .......... .......... .......... .......... 35% 2.81M 3s
[20.626s]   5500K .......... .......... .......... .......... .......... 35% 3.21M 3s
[20.639s]   5550K .......... .......... .......... .......... .......... 35% 3.66M 3s
[20.650s]   5600K .......... .......... .......... .......... .......... 36% 4.60M 3s
[20.661s]   5650K .......... .......... .......... .......... .......... 36% 4.15M 3s
[20.674s]   5700K .......... .......... .......... .......... .......... 36% 3.81M 3s
[20.689s]   5750K .......... .......... .......... .......... .......... 37% 3.19M 3s
[20.703s]   5800K .......... .......... .......... .......... .......... 37% 3.48M 3s
[20.718s]   5850K .......... .......... .......... .......... .......... 37% 3.45M 3s
[20.746s]   5900K .......... .......... .......... .......... .......... 38% 1.73M 3s
[20.754s]   5950K .......... .......... .......... .......... .......... 38% 6.06M 3s
[20.775s]   6000K .......... .......... .......... .......... .......... 38% 2.35M 3s
[20.785s]   6050K .......... .......... .......... .......... .......... 39% 4.56M 3s
[20.797s]   6100K .......... .......... .......... .......... .......... 39% 4.12M 3s
[20.808s]   6150K .......... .......... .......... .......... .......... 39% 4.42M 3s
[20.827s]   6200K .......... .......... .......... .......... .......... 39% 2.53M 3s
[20.838s]   6250K .......... .......... .......... .......... .......... 40% 4.48M 3s
[20.849s]   6300K .......... .......... .......... .......... .......... 40% 4.52M 3s
[20.860s]   6350K .......... .......... .......... .......... .......... 40% 4.58M 3s
[20.866s]   6400K .......... .......... .......... .......... .......... 41% 8.29M 3s
[20.882s]   6450K .......... .......... .......... .......... .......... 41% 2.90M 3s
[20.894s]   6500K .......... .......... .......... .......... .......... 41% 4.36M 3s
[20.905s]   6550K .......... .......... .......... .......... .......... 42% 4.49M 3s
[20.916s]   6600K .......... .......... .......... .......... .......... 42% 4.53M 3s
[20.938s]   6650K .......... .......... .......... .......... .......... 42% 2.17M 3s
[20.945s]   6700K .......... .......... .......... .......... .......... 43% 6.99M 3s
[20.954s]   6750K .......... .......... .......... .......... .......... 43% 5.34M 3s
[20.961s]   6800K .......... .......... .......... .......... .......... 43% 6.97M 3s
[20.970s]   6850K .......... .......... .......... .......... .......... 44% 5.25M 3s
[20.982s]   6900K .......... .......... .......... .......... .......... 44% 4.22M 3s
[20.998s]   6950K .......... .......... .......... .......... .......... 44% 3.06M 3s
[21.014s]   7000K .......... .......... .......... .......... .......... 45% 2.99M 3s
[21.030s]   7050K .......... .......... .......... .......... .......... 45% 3.09M 3s
[21.047s]   7100K .......... .......... .......... .......... .......... 45% 2.84M 3s
[21.058s]   7150K .......... .......... .......... .......... .......... 46% 4.61M 3s
[21.065s]   7200K .......... .......... .......... .......... .......... 46% 6.71M 3s
[21.076s]   7250K .......... .......... .......... .......... .......... 46% 4.48M 2s
[21.095s]   7300K .......... .......... .......... .......... .......... 47% 2.57M 2s
[21.110s]   7350K .......... .......... .......... .......... .......... 47% 3.25M 2s
[21.156s]   7400K .......... .......... .......... .......... .......... 47% 1.07M 2s
[21.166s]   7450K .......... .......... .......... .......... .......... 47% 4.86M 2s
[21.173s]   7500K .......... .......... .......... .......... .......... 48% 6.29M 2s
[21.201s]   7550K .......... .......... .......... .......... .......... 48% 1.78M 2s
[21.206s]   7600K .......... .......... .......... .......... .......... 48% 8.52M 2s
[21.219s]   7650K .......... .......... .......... .......... .......... 49% 4.02M 2s
[21.258s]   7700K .......... .......... .......... .......... .......... 49% 1.25M 2s
[21.273s]   7750K .......... .......... .......... .......... .......... 49% 3.22M 2s
[21.284s]   7800K .......... .......... .......... .......... .......... 50% 4.40M 2s
[21.290s]   7850K .......... .......... .......... .......... .......... 50% 7.96M 2s
[21.318s]   7900K .......... .......... .......... .......... .......... 50% 1.74M 2s
[21.324s]   7950K .......... .......... .......... .......... .......... 51% 8.16M 2s
[21.338s]   8000K .......... .......... .......... .......... .......... 51% 3.61M 2s
[21.346s]   8050K .......... .......... .......... .......... .......... 51% 6.35M 2s
[21.357s]   8100K .......... .......... .......... .......... .......... 52% 4.35M 2s
[21.368s]   8150K .......... .......... .......... .......... .......... 52% 4.41M 2s
[21.378s]   8200K .......... .......... .......... .......... .......... 52% 4.97M 2s
[21.389s]   8250K .......... .......... .......... .......... .......... 53% 4.35M 2s
[21.396s]   8300K .......... .......... .......... .......... .......... 53% 6.90M 2s
[21.419s]   8350K .......... .......... .......... .......... .......... 53% 2.16M 2s
[21.429s]   8400K .......... .......... .......... .......... .......... 54% 4.60M 2s
[21.447s]   8450K .......... .......... .......... .......... .......... 54% 2.73M 2s
[21.462s]   8500K .......... .......... .......... .......... .......... 54% 3.29M 2s
[21.475s]   8550K .......... .......... .......... .......... .......... 55% 3.91M 2s
[21.482s]   8600K .......... .......... .......... .......... .......... 55% 6.89M 2s
[21.492s]   8650K .......... .......... .......... .......... .......... 55% 4.71M 2s
[21.504s]   8700K .......... .......... .......... .......... .......... 55% 4.23M 2s
[21.515s]   8750K .......... .......... .......... .......... .......... 56% 4.25M 2s
[21.522s]   8800K .......... .......... .......... .......... .......... 56% 6.99M 2s
[21.532s]   8850K .......... .......... .......... .......... .......... 56% 5.03M 2s
[21.572s]   8900K .......... .......... .......... .......... .......... 57% 1.22M 2s
[21.583s]   8950K .......... .......... .......... .......... .......... 57% 4.27M 2s
[21.613s]   9000K .......... .......... .......... .......... .......... 57% 1.67M 2s
[21.620s]   9050K .......... .......... .......... .......... .......... 58% 6.81M 2s
[21.629s]   9100K .......... .......... .......... .......... .......... 58% 5.13M 2s
[21.644s]   9150K .......... .......... .......... .......... .......... 58% 3.22M 2s
[21.656s]   9200K .......... .......... .......... .......... .......... 59% 4.07M 2s
[21.664s]   9250K .......... .......... .......... .......... .......... 59% 6.81M 2s
[21.686s]   9300K .......... .......... .......... .......... .......... 59% 2.15M 2s
[21.719s]   9350K .......... .......... .......... .......... .......... 60% 1.51M 2s
[21.731s]   9400K .......... .......... .......... .......... .......... 60% 4.06M 2s
[21.737s]   9450K .......... .......... .......... .......... .......... 60% 8.37M 2s
[21.764s]   9500K .......... .......... .......... .......... .......... 61% 1.80M 2s
[21.775s]   9550K .......... .......... .......... .......... .......... 61% 4.22M 2s
[21.782s]   9600K .......... .......... .......... .......... .......... 61% 7.55M 2s
[21.793s]   9650K .......... .......... .......... .......... .......... 62% 4.39M 2s
[21.804s]   9700K .......... .......... .......... .......... .......... 62% 4.36M 2s
[21.829s]   9750K .......... .......... .......... .......... .......... 62% 1.97M 2s
[21.849s]   9800K .......... .......... .......... .......... .......... 63% 3.51M 2s
[21.856s]   9850K .......... .......... .......... .......... .......... 63% 3.63M 2s
[21.879s]   9900K .......... .......... .......... .......... .......... 63% 2.11M 2s
[21.889s]   9950K .......... .......... .......... .......... .......... 63% 4.96M 2s
[21.907s]  10000K .......... .......... .......... .......... .......... 64% 2.74M 2s
[21.914s]  10050K .......... .......... .......... .......... .......... 64% 6.74M 2s
[21.924s]  10100K .......... .......... .......... .......... .......... 64% 5.04M 2s
[21.935s]  10150K .......... .......... .......... .......... .......... 65% 4.35M 2s
[21.951s]  10200K .......... .......... .......... .......... .......... 65% 8.23M 2s
[21.966s]  10250K .......... .......... .......... .......... .......... 65% 1.92M 2s
[21.972s]  10300K .......... .......... .......... .......... .......... 66% 8.83M 2s
[21.979s]  10350K .......... .......... .......... .......... .......... 66% 6.48M 2s
[21.989s]  10400K .......... .......... .......... .......... .......... 66% 4.92M 2s
[22.002s]  10450K .......... .......... .......... .......... .......... 67% 3.89M 2s
[22.013s]  10500K .......... .......... .......... .......... .......... 67% 4.48M 2s
[22.019s]  10550K .......... .......... .......... .......... .......... 67% 7.90M 1s
[22.031s]  10600K .......... .......... .......... .......... .......... 68% 4.56M 1s
[22.042s]  10650K .......... .......... .......... .......... .......... 68% 3.97M 1s
[22.073s]  10700K .......... .......... .......... .......... .......... 68% 1.58M 1s
[22.084s]  10750K .......... .......... .......... .......... .......... 69% 4.31M 1s
[22.092s]  10800K .......... .......... .......... .......... .......... 69% 6.03M 1s
[22.103s]  10850K .......... .......... .......... .......... .......... 69% 4.47M 1s
[22.114s]  10900K .......... .......... .......... .......... .......... 70% 4.31M 1s
[22.122s]  10950K .......... .......... .......... .......... .......... 70% 6.86M 1s
[22.138s]  11000K .......... .......... .......... .......... .......... 70% 4.36M 1s
[22.153s]  11050K .......... .......... .......... .......... .......... 71% 2.46M 1s
[22.199s]  11100K .......... .......... .......... .......... .......... 71% 1.06M 1s
[22.210s]  11150K .......... .......... .......... .......... .......... 71% 4.32M 1s
[22.220s]  11200K .......... .......... .......... .......... .......... 71% 4.87M 1s
[22.232s]  11250K .......... .......... .......... .......... .......... 72% 3.96M 1s
[22.259s]  11300K .......... .......... .......... .......... .......... 72% 1.84M 1s
[22.271s]  11350K .......... .......... .......... .......... .......... 72% 4.12M 1s
[22.284s]  11400K .......... .......... .......... .......... .......... 73% 4.08M 1s
[22.294s]  11450K .......... .......... .......... .......... .......... 73% 4.34M 1s
[22.305s]  11500K .......... .......... .......... .......... .......... 73% 4.45M 1s
[22.311s]  11550K .......... .......... .......... .......... .......... 74% 8.36M 1s
[22.322s]  11600K .......... .......... .......... .......... .......... 74% 4.50M 1s
[22.335s]  11650K .......... .......... .......... .......... .......... 74% 3.52M 1s
[22.343s]  11700K .......... .......... .......... .......... .......... 75% 6.74M 1s
[22.355s]  11750K .......... .......... .......... .......... .......... 75% 4.02M 1s
[22.385s]  11800K .......... .......... .......... .......... .......... 75% 1.60M 1s
[22.392s]  11850K .......... .......... .......... .......... .......... 76% 6.81M 1s
[22.579s]  11900K .......... .......... .......... .......... .......... 76%  268K 1s
[22.580s]  11950K .......... .......... .......... .......... .......... 76% 69.2M 1s
[22.581s]  12000K .......... .......... .......... .......... .......... 77% 78.4M 1s
[22.581s]  12050K .......... .......... .......... .......... .......... 77% 72.5M 1s
[22.582s]  12100K .......... .......... .......... .......... .......... 77% 77.2M 1s
[22.582s]  12150K .......... .......... .......... .......... .......... 78% 76.8M 1s
[22.583s]  12200K .......... .......... .......... .......... .......... 78% 80.8M 1s
[22.584s]  12250K .......... .......... .......... .......... .......... 78% 65.2M 1s
[22.584s]  12300K .......... .......... .......... .......... .......... 79% 79.5M 1s
[22.585s]  12350K .......... .......... .......... .......... .......... 79% 79.8M 1s
[22.586s]  12400K .......... .......... .......... .......... .......... 79% 77.9M 1s
[22.586s]  12450K .......... .......... .......... .......... .......... 79% 71.6M 1s
[22.587s]  12500K .......... .......... .......... .......... .......... 80% 74.9M 1s
[22.588s]  12550K .......... .......... .......... .......... .......... 80% 81.8M 1s
[22.588s]  12600K .......... .......... .......... .......... .......... 80% 84.6M 1s
[22.589s]  12650K .......... .......... .......... .......... .......... 81% 70.4M 1s
[22.630s]  12700K .......... .......... .......... .......... .......... 81% 1.19M 1s
[22.642s]  12750K .......... .......... .......... .......... .......... 81% 4.04M 1s
[22.653s]  12800K .......... .......... .......... .......... .......... 82% 4.46M 1s
[22.659s]  12850K .......... .......... .......... .......... .......... 82% 7.82M 1s
[22.674s]  12900K .......... .......... .......... .......... .......... 82% 3.20M 1s
[22.692s]  12950K .......... .......... .......... .......... .......... 83% 2.74M 1s
[22.704s]  13000K .......... .......... .......... .......... .......... 83% 4.18M 1s
[22.715s]  13050K .......... .......... .......... .......... .......... 83% 4.42M 1s
[22.727s]  13100K .......... .......... .......... .......... .......... 84% 4.19M 1s
[22.738s]  13150K .......... .......... .......... .......... .......... 84% 4.43M 1s
[22.749s]  13200K .......... .......... .......... .......... .......... 84% 4.30M 1s
[22.756s]  13250K .......... .......... .......... .......... .......... 85% 7.16M 1s
[22.771s]  13300K .......... .......... .......... .......... .......... 85% 3.20M 1s
[22.784s]  13350K .......... .......... .......... .......... .......... 85% 3.72M 1s
[22.795s]  13400K .......... .......... .......... .......... .......... 86% 6.94M 1s
[22.807s]  13450K .......... .......... .......... .......... .......... 86% 3.07M 1s
[22.813s]  13500K .......... .......... .......... .......... .......... 86% 8.04M 1s
[22.824s]  13550K .......... .......... .......... .......... .......... 87% 4.43M 1s
[22.848s]  13600K .......... .......... .......... .......... .......... 87% 2.04M 1s
[22.859s]  13650K .......... .......... .......... .......... .......... 87% 4.31M 1s
[22.886s]  13700K .......... .......... .......... .......... .......... 87% 1.83M 1s
[22.911s]  13750K .......... .......... .......... .......... .......... 88% 1.99M 1s
[22.928s]  13800K .......... .......... .......... .......... .......... 88% 4.15M 1s
[22.934s]  13850K .......... .......... .......... .......... .......... 88% 4.10M 1s
[22.949s]  13900K .......... .......... .......... .......... .......... 89% 3.33M 0s
[22.959s]  13950K .......... .......... .......... .......... .......... 89% 4.88M 0s
[22.989s]  14000K .......... .......... .......... .......... .......... 89% 1.64M 0s
[22.993s]  14050K .......... .......... .......... .......... .......... 90% 11.5M 0s
[23.010s]  14100K .......... .......... .......... .......... .......... 90% 2.84M 0s
[23.016s]  14150K .......... .......... .......... .......... .......... 90% 8.70M 0s
[23.027s]  14200K .......... .......... .......... .......... .......... 91% 6.81M 0s
[23.051s]  14250K .......... .......... .......... .......... .......... 91% 1.71M 0s
[23.063s]  14300K .......... .......... .......... .......... .......... 91% 4.40M 0s
[23.072s]  14350K .......... .......... .......... .......... .......... 92% 4.99M 0s
[23.101s]  14400K .......... .......... .......... .......... .......... 92% 1.69M 0s
[23.114s]  14450K .......... .......... .......... .......... .......... 92% 3.85M 0s
[23.119s]  14500K .......... .......... .......... .......... .......... 93% 9.18M 0s
[23.131s]  14550K .......... .......... .......... .......... .......... 93% 4.19M 0s
[23.142s]  14600K .......... .......... .......... .......... .......... 93% 8.00M 0s
[23.151s]  14650K .......... .......... .......... .......... .......... 94% 3.63M 0s
[23.162s]  14700K .......... .......... .......... .......... .......... 94% 4.35M 0s
[23.176s]  14750K .......... .......... .......... .......... .......... 94% 3.49M 0s
[23.189s]  14800K .......... .......... .......... .......... .......... 95% 3.83M 0s
[23.195s]  14850K .......... .......... .......... .......... .......... 95% 7.08M 0s
[23.207s]  14900K .......... .......... .......... .......... .......... 95% 4.25M 0s
[23.218s]  14950K .......... .......... .......... .......... .......... 95% 4.32M 0s
[23.230s]  15000K .......... .......... .......... .......... .......... 96% 6.99M 0s
[23.241s]  15050K .......... .......... .......... .......... .......... 96% 3.01M 0s
[23.254s]  15100K .......... .......... .......... .......... .......... 96% 3.78M 0s
[23.265s]  15150K .......... .......... .......... .......... .......... 97% 4.47M 0s
[23.284s]  15200K .......... .......... .......... .......... .......... 97% 2.66M 0s
[23.295s]  15250K .......... .......... .......... .......... .......... 97% 4.23M 0s
[23.302s]  15300K .......... .......... .......... .......... .......... 98% 6.78M 0s
[23.312s]  15350K .......... .......... .......... .......... .......... 98% 5.08M 0s
[23.325s]  15400K .......... .......... .......... .......... .......... 98% 3.84M 0s
[23.337s]  15450K .......... .......... .......... .......... .......... 99% 4.01M 0s
[23.349s]  15500K .......... .......... .......... .......... .......... 99% 4.06M 0s
[23.362s]  15550K .......... .......... .......... .......... .......... 99% 3.70M 0s
[23.363s]  15600K .......... .......... .....                           100% 68.9M=4.5s
[23.363s] 
[23.363s] 2025-10-01 16:03:32 (3.41 MB/s) - ‘/home/spicygen/Desktop/ros_ws/build/multirobot_map_merge/2012-01-28-11-12-01.pgm’ saved [16000058/16000058]
[23.363s] 
[23.365s] Checking MD5 sum of /home/spicygen/Desktop/ros_ws/build/multirobot_map_merge/2012-01-28-11-12-01.pgm
[23.425s] /home/spicygen/Desktop/ros_ws/build/multirobot_map_merge/2012-01-28-11-12-01.pgm: OK
[23.435s] -- Found gtest sources under '/opt/ros/humble/src/gtest_vendor': C++ tests using 'Google Test' will be built
[23.465s] -- Added test 'cppcheck' to perform static code analysis on C / C++ code
[23.466s] -- Configured cppcheck include dirs: /home/spicygen/Desktop/ros_ws/src/m-explore-ros2/map_merge/include;$<BUILD_INTERFACE:/home/spicygen/Desktop/ros_ws/src/m-explore-ros2/map_merge/include>
[23.467s] -- Configured cppcheck exclude dirs and/or files: 
[23.468s] -- Added test 'flake8' to check Python code syntax and style conventions
[23.470s] -- Added test 'lint_cmake' to check CMake code style
[23.472s] -- Added test 'pep257' to check Python code against some of the docstring style conventions in PEP 257
[23.478s] -- Added test 'uncrustify' to check C / C++ code style
[23.478s] -- Configured uncrustify additional arguments: 
[23.480s] -- Added test 'xmllint' to check XML markup files
[23.514s] -- Configuring done
[23.772s] -- Generating done
[23.799s] -- Build files have been written to: /home/spicygen/Desktop/ros_ws/build/multirobot_map_merge
[23.823s] Invoked command in '/home/spicygen/Desktop/ros_ws/build/multirobot_map_merge' returned '0': CMAKE_PREFIX_PATH=/opt/ros/humble /usr/bin/cmake /home/spicygen/Desktop/ros_ws/src/m-explore-ros2/map_merge -DCMAKE_INSTALL_PREFIX=/home/spicygen/Desktop/ros_ws/install/multirobot_map_merge
[23.828s] Invoking command in '/home/spicygen/Desktop/ros_ws/build/multirobot_map_merge': CMAKE_PREFIX_PATH=/opt/ros/humble /usr/bin/cmake --build /home/spicygen/Desktop/ros_ws/build/multirobot_map_merge -- -j8 -l8
[23.939s] [  8%] [32mBuilding CXX object gtest/CMakeFiles/gtest_main.dir/src/gtest_main.cc.o[0m
[23.940s] [ 16%] [32mBuilding CXX object gtest/CMakeFiles/gtest.dir/src/gtest-all.cc.o[0m
[23.957s] [ 25%] [32mBuilding CXX object CMakeFiles/combine_grids.dir/src/combine_grids/merging_pipeline.cpp.o[0m
[23.957s] [ 33%] [32mBuilding CXX object CMakeFiles/combine_grids.dir/src/combine_grids/grid_compositor.cpp.o[0m
[23.957s] [ 41%] [32mBuilding CXX object CMakeFiles/combine_grids.dir/src/combine_grids/grid_warper.cpp.o[0m
[27.482s] [ 50%] [32m[1mLinking CXX static library libgtest_main.a[0m
[27.581s] [ 50%] Built target gtest_main
[32.764s] [ 58%] [32m[1mLinking CXX static library libgtest.a[0m
[32.889s] [ 58%] Built target gtest
[33.913s] [ 66%] [32m[1mLinking CXX static library libcombine_grids.a[0m
[34.005s] [ 66%] Built target combine_grids
[34.051s] [ 83%] [32mBuilding CXX object CMakeFiles/map_merge.dir/src/map_merge.cpp.o[0m
[34.052s] [ 83%] [32mBuilding CXX object CMakeFiles/test_merging_pipeline.dir/test/test_merging_pipeline.cpp.o[0m
[45.307s] [ 91%] [32m[1mLinking CXX executable test_merging_pipeline[0m
[48.202s] [ 91%] Built target test_merging_pipeline
[65.893s] [100%] [32m[1mLinking CXX executable map_merge[0m
[68.149s] [100%] Built target map_merge
[68.173s] Invoked command in '/home/spicygen/Desktop/ros_ws/build/multirobot_map_merge' returned '0': CMAKE_PREFIX_PATH=/opt/ros/humble /usr/bin/cmake --build /home/spicygen/Desktop/ros_ws/build/multirobot_map_merge -- -j8 -l8
[68.177s] Invoking command in '/home/spicygen/Desktop/ros_ws/build/multirobot_map_merge': CMAKE_PREFIX_PATH=/opt/ros/humble /usr/bin/cmake --install /home/spicygen/Desktop/ros_ws/build/multirobot_map_merge
[68.192s] -- Install configuration: ""
[68.192s] -- Installing: /home/spicygen/Desktop/ros_ws/install/multirobot_map_merge/include/map_merge/
[68.192s] -- Installing: /home/spicygen/Desktop/ros_ws/install/multirobot_map_merge/include/map_merge//map_merge.h
[68.192s] -- Installing: /home/spicygen/Desktop/ros_ws/install/multirobot_map_merge/include/map_merge//ros1_names.hpp
[68.193s] -- Installing: /home/spicygen/Desktop/ros_ws/install/multirobot_map_merge/share/multirobot_map_merge/launch
[68.193s] -- Installing: /home/spicygen/Desktop/ros_ws/install/multirobot_map_merge/share/multirobot_map_merge/launch/map_merge.launch.py
[68.193s] -- Installing: /home/spicygen/Desktop/ros_ws/install/multirobot_map_merge/share/multirobot_map_merge/launch/tb3_simulation
[68.193s] -- Installing: /home/spicygen/Desktop/ros_ws/install/multirobot_map_merge/share/multirobot_map_merge/launch/tb3_simulation/multi_tb3_simulation_launch.py
[68.194s] -- Installing: /home/spicygen/Desktop/ros_ws/install/multirobot_map_merge/share/multirobot_map_merge/launch/tb3_simulation/config
[68.194s] -- Installing: /home/spicygen/Desktop/ros_ws/install/multirobot_map_merge/share/multirobot_map_merge/launch/tb3_simulation/config/nav2_multirobot_params_2.yaml
[68.194s] -- Installing: /home/spicygen/Desktop/ros_ws/install/multirobot_map_merge/share/multirobot_map_merge/launch/tb3_simulation/config/nav2_multirobot_params_1.yaml
[68.194s] -- Installing: /home/spicygen/Desktop/ros_ws/install/multirobot_map_merge/share/multirobot_map_merge/launch/tb3_simulation/tb3_simulation_launch.py
[68.194s] -- Installing: /home/spicygen/Desktop/ros_ws/install/multirobot_map_merge/share/multirobot_map_merge/launch/tb3_simulation/bringup_launch.py
[68.195s] -- Installing: /home/spicygen/Desktop/ros_ws/install/multirobot_map_merge/share/multirobot_map_merge/launch/tb3_simulation/worlds
[68.195s] -- Installing: /home/spicygen/Desktop/ros_ws/install/multirobot_map_merge/share/multirobot_map_merge/launch/tb3_simulation/worlds/world_only.model
[68.195s] -- Installing: /home/spicygen/Desktop/ros_ws/install/multirobot_map_merge/share/multirobot_map_merge/launch/tb3_simulation/slam_toolbox.py
[68.195s] -- Installing: /home/spicygen/Desktop/ros_ws/install/multirobot_map_merge/share/multirobot_map_merge/launch/map_merge.rviz
[68.195s] -- Installing: /home/spicygen/Desktop/ros_ws/install/multirobot_map_merge/share/multirobot_map_merge/launch/from_map_server.launch.py
[68.195s] -- Installing: /home/spicygen/Desktop/ros_ws/install/multirobot_map_merge/share/multirobot_map_merge/config
[68.196s] -- Installing: /home/spicygen/Desktop/ros_ws/install/multirobot_map_merge/share/multirobot_map_merge/config/params.yaml
[68.196s] -- Installing: /home/spicygen/Desktop/ros_ws/install/multirobot_map_merge/lib/libcombine_grids.a
[68.198s] -- Installing: /home/spicygen/Desktop/ros_ws/install/multirobot_map_merge/lib/multirobot_map_merge/map_merge
[68.210s] -- Set runtime path of "/home/spicygen/Desktop/ros_ws/install/multirobot_map_merge/lib/multirobot_map_merge/map_merge" to ""
[68.210s] -- Installing: /home/spicygen/Desktop/ros_ws/install/multirobot_map_merge/share/multirobot_map_merge/environment/library_path.sh
[68.210s] -- Installing: /home/spicygen/Desktop/ros_ws/install/multirobot_map_merge/share/multirobot_map_merge/environment/library_path.dsv
[68.211s] -- Installing: /home/spicygen/Desktop/ros_ws/install/multirobot_map_merge/share/ament_index/resource_index/package_run_dependencies/multirobot_map_merge
[68.211s] -- Installing: /home/spicygen/Desktop/ros_ws/install/multirobot_map_merge/share/ament_index/resource_index/parent_prefix_path/multirobot_map_merge
[68.211s] -- Installing: /home/spicygen/Desktop/ros_ws/install/multirobot_map_merge/share/multirobot_map_merge/environment/ament_prefix_path.sh
[68.212s] -- Installing: /home/spicygen/Desktop/ros_ws/install/multirobot_map_merge/share/multirobot_map_merge/environment/ament_prefix_path.dsv
[68.212s] -- Installing: /home/spicygen/Desktop/ros_ws/install/multirobot_map_merge/share/multirobot_map_merge/environment/path.sh
[68.212s] -- Installing: /home/spicygen/Desktop/ros_ws/install/multirobot_map_merge/share/multirobot_map_merge/environment/path.dsv
[68.212s] -- Installing: /home/spicygen/Desktop/ros_ws/install/multirobot_map_merge/share/multirobot_map_merge/local_setup.bash
[68.213s] -- Installing: /home/spicygen/Desktop/ros_ws/install/multirobot_map_merge/share/multirobot_map_merge/local_setup.sh
[68.213s] -- Installing: /home/spicygen/Desktop/ros_ws/install/multirobot_map_merge/share/multirobot_map_merge/local_setup.zsh
[68.213s] -- Installing: /home/spicygen/Desktop/ros_ws/install/multirobot_map_merge/share/multirobot_map_merge/local_setup.dsv
[68.214s] -- Installing: /home/spicygen/Desktop/ros_ws/install/multirobot_map_merge/share/multirobot_map_merge/package.dsv
[68.214s] -- Installing: /home/spicygen/Desktop/ros_ws/install/multirobot_map_merge/share/ament_index/resource_index/packages/multirobot_map_merge
[68.214s] -- Installing: /home/spicygen/Desktop/ros_ws/install/multirobot_map_merge/share/multirobot_map_merge/cmake/ament_cmake_export_include_directories-extras.cmake
[68.215s] -- Installing: /home/spicygen/Desktop/ros_ws/install/multirobot_map_merge/share/multirobot_map_merge/cmake/ament_cmake_export_libraries-extras.cmake
[68.215s] -- Installing: /home/spicygen/Desktop/ros_ws/install/multirobot_map_merge/share/multirobot_map_merge/cmake/multirobot_map_mergeConfig.cmake
[68.215s] -- Installing: /home/spicygen/Desktop/ros_ws/install/multirobot_map_merge/share/multirobot_map_merge/cmake/multirobot_map_mergeConfig-version.cmake
[68.216s] -- Installing: /home/spicygen/Desktop/ros_ws/install/multirobot_map_merge/share/multirobot_map_merge/package.xml
[68.219s] Invoked command in '/home/spicygen/Desktop/ros_ws/build/multirobot_map_merge' returned '0': CMAKE_PREFIX_PATH=/opt/ros/humble /usr/bin/cmake --install /home/spicygen/Desktop/ros_ws/build/multirobot_map_merge
