[0.126s] Invoking command in '/home/spicygen/Desktop/ros_ws/build/slam_gmapping': AMENT_PREFIX_PATH=/home/spicygen/Desktop/ros_ws/install/openslam_gmapping:${AMENT_PREFIX_PATH} CMAKE_PREFIX_PATH=/home/spicygen/Desktop/ros_ws/install/openslam_gmapping:/opt/ros/humble LD_LIBRARY_PATH=/home/spicygen/Desktop/ros_ws/install/openslam_gmapping/lib:${LD_LIBRARY_PATH} /usr/bin/cmake --build /home/spicygen/Desktop/ros_ws/build/slam_gmapping -- -j8 -l8
[0.378s] [100%] Built target slam_gmapping
[0.396s] Invoked command in '/home/spicygen/Desktop/ros_ws/build/slam_gmapping' returned '0': AMENT_PREFIX_PATH=/home/spicygen/Desktop/ros_ws/install/openslam_gmapping:${AMENT_PREFIX_PATH} CMAKE_PREFIX_PATH=/home/spicygen/Desktop/ros_ws/install/openslam_gmapping:/opt/ros/humble LD_LIBRARY_PATH=/home/spicygen/Desktop/ros_ws/install/openslam_gmapping/lib:${LD_LIBRARY_PATH} /usr/bin/cmake --build /home/spicygen/Desktop/ros_ws/build/slam_gmapping -- -j8 -l8
[0.398s] Invoking command in '/home/spicygen/Desktop/ros_ws/build/slam_gmapping': AMENT_PREFIX_PATH=/home/spicygen/Desktop/ros_ws/install/openslam_gmapping:${AMENT_PREFIX_PATH} CMAKE_PREFIX_PATH=/home/spicygen/Desktop/ros_ws/install/openslam_gmapping:/opt/ros/humble LD_LIBRARY_PATH=/home/spicygen/Desktop/ros_ws/install/openslam_gmapping/lib:${LD_LIBRARY_PATH} /usr/bin/cmake --install /home/spicygen/Desktop/ros_ws/build/slam_gmapping
[0.407s] -- Install configuration: ""
[0.428s] -- Up-to-date: /home/spicygen/Desktop/ros_ws/install/slam_gmapping/lib/slam_gmapping/slam_gmapping
[0.430s] -- Up-to-date: /home/spicygen/Desktop/ros_ws/install/slam_gmapping/share/slam_gmapping/launch
[0.430s] -- Up-to-date: /home/spicygen/Desktop/ros_ws/install/slam_gmapping/share/slam_gmapping/launch/slam_gmapping.launch.py
[0.431s] -- Up-to-date: /home/spicygen/Desktop/ros_ws/install/slam_gmapping/share/ament_index/resource_index/package_run_dependencies/slam_gmapping
[0.431s] -- Up-to-date: /home/spicygen/Desktop/ros_ws/install/slam_gmapping/share/ament_index/resource_index/parent_prefix_path/slam_gmapping
[0.432s] -- Up-to-date: /home/spicygen/Desktop/ros_ws/install/slam_gmapping/share/slam_gmapping/environment/ament_prefix_path.sh
[0.433s] -- Up-to-date: /home/spicygen/Desktop/ros_ws/install/slam_gmapping/share/slam_gmapping/environment/ament_prefix_path.dsv
[0.433s] -- Up-to-date: /home/spicygen/Desktop/ros_ws/install/slam_gmapping/share/slam_gmapping/environment/path.sh
[0.433s] -- Up-to-date: /home/spicygen/Desktop/ros_ws/install/slam_gmapping/share/slam_gmapping/environment/path.dsv
[0.434s] -- Up-to-date: /home/spicygen/Desktop/ros_ws/install/slam_gmapping/share/slam_gmapping/local_setup.bash
[0.434s] -- Up-to-date: /home/spicygen/Desktop/ros_ws/install/slam_gmapping/share/slam_gmapping/local_setup.sh
[0.434s] -- Up-to-date: /home/spicygen/Desktop/ros_ws/install/slam_gmapping/share/slam_gmapping/local_setup.zsh
[0.434s] -- Up-to-date: /home/spicygen/Desktop/ros_ws/install/slam_gmapping/share/slam_gmapping/local_setup.dsv
[0.435s] -- Installing: /home/spicygen/Desktop/ros_ws/install/slam_gmapping/share/slam_gmapping/package.dsv
[0.436s] -- Up-to-date: /home/spicygen/Desktop/ros_ws/install/slam_gmapping/share/ament_index/resource_index/packages/slam_gmapping
[0.436s] -- Up-to-date: /home/spicygen/Desktop/ros_ws/install/slam_gmapping/share/slam_gmapping/cmake/slam_gmappingConfig.cmake
[0.436s] -- Up-to-date: /home/spicygen/Desktop/ros_ws/install/slam_gmapping/share/slam_gmapping/cmake/slam_gmappingConfig-version.cmake
[0.437s] -- Up-to-date: /home/spicygen/Desktop/ros_ws/install/slam_gmapping/share/slam_gmapping/package.xml
[0.443s] Invoked command in '/home/spicygen/Desktop/ros_ws/build/slam_gmapping' returned '0': AMENT_PREFIX_PATH=/home/spicygen/Desktop/ros_ws/install/openslam_gmapping:${AMENT_PREFIX_PATH} CMAKE_PREFIX_PATH=/home/spicygen/Desktop/ros_ws/install/openslam_gmapping:/opt/ros/humble LD_LIBRARY_PATH=/home/spicygen/Desktop/ros_ws/install/openslam_gmapping/lib:${LD_LIBRARY_PATH} /usr/bin/cmake --install /home/spicygen/Desktop/ros_ws/build/slam_gmapping
