-- Found ament_cmake: 1.3.12 (/opt/ros/humble/share/ament_cmake/cmake)
-- Override CMake install command with custom implementation using symlinks instead of copying resources
-- Configuring done
-- Generating done
-- Build files have been written to: /home/spicygen/Desktop/ros_ws/build/bcr_bot
-- Install configuration: ""
-- Execute custom install script
-- Symlinking: /home/spicygen/Desktop/ros_ws/install/bcr_bot/share/bcr_bot//launch/bcr_bot_gazebo_spawn.launch.py
-- Symlinking: /home/spicygen/Desktop/ros_ws/install/bcr_bot/share/bcr_bot//launch/detectionmodel.launch.py
-- Symlinking: /home/spicygen/Desktop/ros_ws/install/bcr_bot/share/bcr_bot//launch/gazebo.launch.py
-- Symlinking: /home/spicygen/Desktop/ros_ws/install/bcr_bot/share/bcr_bot//launch/gz.launch.py
-- Symlinking: /home/spicygen/Desktop/ros_ws/install/bcr_bot/share/bcr_bot//launch/main.launch.py
-- Symlinking: /home/spicygen/Desktop/ros_ws/install/bcr_bot/share/bcr_bot//launch/mapping.launch.py
-- Symlinking: /home/spicygen/Desktop/ros_ws/install/bcr_bot/share/bcr_bot//launch/multi_robot_slam.launch.py
-- Symlinking: /home/spicygen/Desktop/ros_ws/install/bcr_bot/share/bcr_bot//launch/nav2.launch.py
-- Symlinking: /home/spicygen/Desktop/ros_ws/install/bcr_bot/share/bcr_bot//launch/rviz.launch.py
-- Symlinking: /home/spicygen/Desktop/ros_ws/install/bcr_bot/share/bcr_bot//meshes/bcr_bot_mesh.dae
-- Symlinking: /home/spicygen/Desktop/ros_ws/install/bcr_bot/share/bcr_bot//meshes/kinect/d415.dae
-- Symlinking: /home/spicygen/Desktop/ros_ws/install/bcr_bot/share/bcr_bot//meshes/kinect/kinect.dae
-- Symlinking: /home/spicygen/Desktop/ros_ws/install/bcr_bot/share/bcr_bot//meshes/kinect/kinect.jpg
-- Symlinking: /home/spicygen/Desktop/ros_ws/install/bcr_bot/share/bcr_bot//meshes/kinect/kinect.tga
-- Symlinking: /home/spicygen/Desktop/ros_ws/install/bcr_bot/share/bcr_bot//meshes/logo.png
-- Symlinking: /home/spicygen/Desktop/ros_ws/install/bcr_bot/share/bcr_bot//meshes/realsense_texture.png
-- Symlinking: /home/spicygen/Desktop/ros_ws/install/bcr_bot/share/bcr_bot//meshes/zed2/zed2.DAE
-- Symlinking: /home/spicygen/Desktop/ros_ws/install/bcr_bot/share/bcr_bot//models/ConstructionCone/materials/textures/Construction_Cone_Diffuse.png
-- Symlinking: /home/spicygen/Desktop/ros_ws/install/bcr_bot/share/bcr_bot//models/ConstructionCone/meshes/construction_cone.dae
-- Symlinking: /home/spicygen/Desktop/ros_ws/install/bcr_bot/share/bcr_bot//models/ConstructionCone/model-1_3.sdf
-- Symlinking: /home/spicygen/Desktop/ros_ws/install/bcr_bot/share/bcr_bot//models/ConstructionCone/model-1_4.sdf
-- Symlinking: /home/spicygen/Desktop/ros_ws/install/bcr_bot/share/bcr_bot//models/ConstructionCone/model.config
-- Symlinking: /home/spicygen/Desktop/ros_ws/install/bcr_bot/share/bcr_bot//models/ConstructionCone/model.sdf
-- Symlinking: /home/spicygen/Desktop/ros_ws/install/bcr_bot/share/bcr_bot//models/ConstructionCone/thumbnails/1.png
-- Symlinking: /home/spicygen/Desktop/ros_ws/install/bcr_bot/share/bcr_bot//models/ConstructionCone/thumbnails/2.png
-- Symlinking: /home/spicygen/Desktop/ros_ws/install/bcr_bot/share/bcr_bot//models/ConstructionCone/thumbnails/3.png
-- Symlinking: /home/spicygen/Desktop/ros_ws/install/bcr_bot/share/bcr_bot//models/ConstructionCone/thumbnails/4.png
-- Symlinking: /home/spicygen/Desktop/ros_ws/install/bcr_bot/share/bcr_bot//models/ConstructionCone/thumbnails/5.png
-- Symlinking: /home/spicygen/Desktop/ros_ws/install/bcr_bot/share/bcr_bot//models/aws_robomaker_warehouse_Bucket_01/.DS_Store
-- Symlinking: /home/spicygen/Desktop/ros_ws/install/bcr_bot/share/bcr_bot//models/aws_robomaker_warehouse_Bucket_01/materials/.DS_Store
-- Symlinking: /home/spicygen/Desktop/ros_ws/install/bcr_bot/share/bcr_bot//models/aws_robomaker_warehouse_Bucket_01/materials/textures/aws_robomaker_warehouse_Bucket_01.png
-- Symlinking: /home/spicygen/Desktop/ros_ws/install/bcr_bot/share/bcr_bot//models/aws_robomaker_warehouse_Bucket_01/meshes/aws_robomaker_warehouse_Bucket_01_collision.DAE
-- Symlinking: /home/spicygen/Desktop/ros_ws/install/bcr_bot/share/bcr_bot//models/aws_robomaker_warehouse_Bucket_01/meshes/aws_robomaker_warehouse_Bucket_01_visual.DAE
-- Symlinking: /home/spicygen/Desktop/ros_ws/install/bcr_bot/share/bcr_bot//models/aws_robomaker_warehouse_Bucket_01/model.config
-- Symlinking: /home/spicygen/Desktop/ros_ws/install/bcr_bot/share/bcr_bot//models/aws_robomaker_warehouse_Bucket_01/model.sdf
-- Symlinking: /home/spicygen/Desktop/ros_ws/install/bcr_bot/share/bcr_bot//models/aws_robomaker_warehouse_ClutteringA_01/.DS_Store
-- Symlinking: /home/spicygen/Desktop/ros_ws/install/bcr_bot/share/bcr_bot//models/aws_robomaker_warehouse_ClutteringA_01/materials/.DS_Store
-- Symlinking: /home/spicygen/Desktop/ros_ws/install/bcr_bot/share/bcr_bot//models/aws_robomaker_warehouse_ClutteringA_01/materials/textures/.DS_Store
-- Symlinking: /home/spicygen/Desktop/ros_ws/install/bcr_bot/share/bcr_bot//models/aws_robomaker_warehouse_ClutteringA_01/materials/textures/aws_robomaker_warehouse_ClutteringA_01.png
-- Symlinking: /home/spicygen/Desktop/ros_ws/install/bcr_bot/share/bcr_bot//models/aws_robomaker_warehouse_ClutteringA_01/materials/textures/aws_robomaker_warehouse_ClutteringA_02.png
-- Symlinking: /home/spicygen/Desktop/ros_ws/install/bcr_bot/share/bcr_bot//models/aws_robomaker_warehouse_ClutteringA_01/materials/textures/aws_robomaker_warehouse_ClutteringA_03.png
-- Symlinking: /home/spicygen/Desktop/ros_ws/install/bcr_bot/share/bcr_bot//models/aws_robomaker_warehouse_ClutteringA_01/meshes/aws_robomaker_warehouse_ClutteringA_01_collision.DAE
-- Symlinking: /home/spicygen/Desktop/ros_ws/install/bcr_bot/share/bcr_bot//models/aws_robomaker_warehouse_ClutteringA_01/meshes/aws_robomaker_warehouse_ClutteringA_01_visual.DAE
-- Symlinking: /home/spicygen/Desktop/ros_ws/install/bcr_bot/share/bcr_bot//models/aws_robomaker_warehouse_ClutteringA_01/model.config
-- Symlinking: /home/spicygen/Desktop/ros_ws/install/bcr_bot/share/bcr_bot//models/aws_robomaker_warehouse_ClutteringA_01/model.sdf
-- Symlinking: /home/spicygen/Desktop/ros_ws/install/bcr_bot/share/bcr_bot//models/aws_robomaker_warehouse_ClutteringC_01/materials/textures/aws_robomaker_warehouse_ClutteringC_01.png
-- Symlinking: /home/spicygen/Desktop/ros_ws/install/bcr_bot/share/bcr_bot//models/aws_robomaker_warehouse_ClutteringC_01/materials/textures/aws_robomaker_warehouse_ClutteringC_02.png
-- Symlinking: /home/spicygen/Desktop/ros_ws/install/bcr_bot/share/bcr_bot//models/aws_robomaker_warehouse_ClutteringC_01/meshes/aws_robomaker_warehouse_ClutteringC_01_collision.DAE
-- Symlinking: /home/spicygen/Desktop/ros_ws/install/bcr_bot/share/bcr_bot//models/aws_robomaker_warehouse_ClutteringC_01/meshes/aws_robomaker_warehouse_ClutteringC_01_visual.DAE
-- Symlinking: /home/spicygen/Desktop/ros_ws/install/bcr_bot/share/bcr_bot//models/aws_robomaker_warehouse_ClutteringC_01/model.config
-- Symlinking: /home/spicygen/Desktop/ros_ws/install/bcr_bot/share/bcr_bot//models/aws_robomaker_warehouse_ClutteringC_01/model.sdf
-- Symlinking: /home/spicygen/Desktop/ros_ws/install/bcr_bot/share/bcr_bot//models/aws_robomaker_warehouse_ClutteringD_01/materials/textures/aws_robomaker_warehouse_ClutteringD_01.png
-- Symlinking: /home/spicygen/Desktop/ros_ws/install/bcr_bot/share/bcr_bot//models/aws_robomaker_warehouse_ClutteringD_01/materials/textures/aws_robomaker_warehouse_ClutteringD_02.png
-- Symlinking: /home/spicygen/Desktop/ros_ws/install/bcr_bot/share/bcr_bot//models/aws_robomaker_warehouse_ClutteringD_01/meshes/aws_robomaker_warehouse_ClutteringD_01_collision.DAE
-- Symlinking: /home/spicygen/Desktop/ros_ws/install/bcr_bot/share/bcr_bot//models/aws_robomaker_warehouse_ClutteringD_01/meshes/aws_robomaker_warehouse_ClutteringD_01_visual.DAE
-- Symlinking: /home/spicygen/Desktop/ros_ws/install/bcr_bot/share/bcr_bot//models/aws_robomaker_warehouse_ClutteringD_01/model.config
-- Symlinking: /home/spicygen/Desktop/ros_ws/install/bcr_bot/share/bcr_bot//models/aws_robomaker_warehouse_ClutteringD_01/model.sdf
-- Symlinking: /home/spicygen/Desktop/ros_ws/install/bcr_bot/share/bcr_bot//models/aws_robomaker_warehouse_DeskC_01/materials/.DS_Store
-- Symlinking: /home/spicygen/Desktop/ros_ws/install/bcr_bot/share/bcr_bot//models/aws_robomaker_warehouse_DeskC_01/materials/textures/aws_robomaker_warehouse_DeskC_01.png
-- Symlinking: /home/spicygen/Desktop/ros_ws/install/bcr_bot/share/bcr_bot//models/aws_robomaker_warehouse_DeskC_01/materials/textures/aws_robomaker_warehouse_DeskC_02.png
-- Symlinking: /home/spicygen/Desktop/ros_ws/install/bcr_bot/share/bcr_bot//models/aws_robomaker_warehouse_DeskC_01/materials/textures/aws_robomaker_warehouse_DeskC_03.png
-- Symlinking: /home/spicygen/Desktop/ros_ws/install/bcr_bot/share/bcr_bot//models/aws_robomaker_warehouse_DeskC_01/materials/textures/aws_robomaker_warehouse_DeskC_03.psd
-- Symlinking: /home/spicygen/Desktop/ros_ws/install/bcr_bot/share/bcr_bot//models/aws_robomaker_warehouse_DeskC_01/materials/textures/aws_robomaker_warehouse_DeskC_04.png
-- Symlinking: /home/spicygen/Desktop/ros_ws/install/bcr_bot/share/bcr_bot//models/aws_robomaker_warehouse_DeskC_01/meshes/aws_robomaker_warehouse_DeskC_01_collision.DAE
-- Symlinking: /home/spicygen/Desktop/ros_ws/install/bcr_bot/share/bcr_bot//models/aws_robomaker_warehouse_DeskC_01/meshes/aws_robomaker_warehouse_DeskC_01_visual.DAE
-- Symlinking: /home/spicygen/Desktop/ros_ws/install/bcr_bot/share/bcr_bot//models/aws_robomaker_warehouse_DeskC_01/model.config
-- Symlinking: /home/spicygen/Desktop/ros_ws/install/bcr_bot/share/bcr_bot//models/aws_robomaker_warehouse_DeskC_01/model.sdf
-- Symlinking: /home/spicygen/Desktop/ros_ws/install/bcr_bot/share/bcr_bot//models/aws_robomaker_warehouse_GroundB_01/materials/textures/aws_robomaker_warehouse_GroundB_01.png
-- Symlinking: /home/spicygen/Desktop/ros_ws/install/bcr_bot/share/bcr_bot//models/aws_robomaker_warehouse_GroundB_01/materials/textures/aws_robomaker_warehouse_GroundB_02.png
-- Symlinking: /home/spicygen/Desktop/ros_ws/install/bcr_bot/share/bcr_bot//models/aws_robomaker_warehouse_GroundB_01/meshes/aws_robomaker_warehouse_GroundB_01_collision.DAE
-- Symlinking: /home/spicygen/Desktop/ros_ws/install/bcr_bot/share/bcr_bot//models/aws_robomaker_warehouse_GroundB_01/meshes/aws_robomaker_warehouse_GroundB_01_visual.DAE
-- Symlinking: /home/spicygen/Desktop/ros_ws/install/bcr_bot/share/bcr_bot//models/aws_robomaker_warehouse_GroundB_01/model.config
-- Symlinking: /home/spicygen/Desktop/ros_ws/install/bcr_bot/share/bcr_bot//models/aws_robomaker_warehouse_GroundB_01/model.sdf
-- Symlinking: /home/spicygen/Desktop/ros_ws/install/bcr_bot/share/bcr_bot//models/aws_robomaker_warehouse_Lamp_01/materials/textures/aws_robomaker_warehouse_Lamp_01.png
-- Symlinking: /home/spicygen/Desktop/ros_ws/install/bcr_bot/share/bcr_bot//models/aws_robomaker_warehouse_Lamp_01/meshes/aws_robomaker_warehouse_Lamp_01_collision.DAE
-- Symlinking: /home/spicygen/Desktop/ros_ws/install/bcr_bot/share/bcr_bot//models/aws_robomaker_warehouse_Lamp_01/meshes/aws_robomaker_warehouse_Lamp_01_visual.DAE
-- Symlinking: /home/spicygen/Desktop/ros_ws/install/bcr_bot/share/bcr_bot//models/aws_robomaker_warehouse_Lamp_01/model.config
-- Symlinking: /home/spicygen/Desktop/ros_ws/install/bcr_bot/share/bcr_bot//models/aws_robomaker_warehouse_Lamp_01/model.sdf
-- Symlinking: /home/spicygen/Desktop/ros_ws/install/bcr_bot/share/bcr_bot//models/aws_robomaker_warehouse_PalletJackB_01/.DS_Store
-- Symlinking: /home/spicygen/Desktop/ros_ws/install/bcr_bot/share/bcr_bot//models/aws_robomaker_warehouse_PalletJackB_01/materials/.DS_Store
-- Symlinking: /home/spicygen/Desktop/ros_ws/install/bcr_bot/share/bcr_bot//models/aws_robomaker_warehouse_PalletJackB_01/materials/textures/aws_robomaker_warehouse_PalletJackB_01.png
-- Symlinking: /home/spicygen/Desktop/ros_ws/install/bcr_bot/share/bcr_bot//models/aws_robomaker_warehouse_PalletJackB_01/materials/textures/aws_robomaker_warehouse_PalletJackB_02.png
-- Symlinking: /home/spicygen/Desktop/ros_ws/install/bcr_bot/share/bcr_bot//models/aws_robomaker_warehouse_PalletJackB_01/meshes/aws_robomaker_warehouse_PalletJackB_01_collision.DAE
-- Symlinking: /home/spicygen/Desktop/ros_ws/install/bcr_bot/share/bcr_bot//models/aws_robomaker_warehouse_PalletJackB_01/meshes/aws_robomaker_warehouse_PalletJackB_01_visual.DAE
-- Symlinking: /home/spicygen/Desktop/ros_ws/install/bcr_bot/share/bcr_bot//models/aws_robomaker_warehouse_PalletJackB_01/model.config
-- Symlinking: /home/spicygen/Desktop/ros_ws/install/bcr_bot/share/bcr_bot//models/aws_robomaker_warehouse_PalletJackB_01/model.sdf
-- Symlinking: /home/spicygen/Desktop/ros_ws/install/bcr_bot/share/bcr_bot//models/aws_robomaker_warehouse_RoofB_01/materials/textures/aws_robomaker_warehouse_RoofB_01.png
-- Symlinking: /home/spicygen/Desktop/ros_ws/install/bcr_bot/share/bcr_bot//models/aws_robomaker_warehouse_RoofB_01/meshes/aws_robomaker_warehouse_RoofB_01_collision.DAE
-- Symlinking: /home/spicygen/Desktop/ros_ws/install/bcr_bot/share/bcr_bot//models/aws_robomaker_warehouse_RoofB_01/meshes/aws_robomaker_warehouse_RoofB_01_visual.DAE
-- Symlinking: /home/spicygen/Desktop/ros_ws/install/bcr_bot/share/bcr_bot//models/aws_robomaker_warehouse_RoofB_01/model.config
-- Symlinking: /home/spicygen/Desktop/ros_ws/install/bcr_bot/share/bcr_bot//models/aws_robomaker_warehouse_RoofB_01/model.sdf
-- Symlinking: /home/spicygen/Desktop/ros_ws/install/bcr_bot/share/bcr_bot//models/aws_robomaker_warehouse_ShelfD_01/materials/textures/aws_robomaker_warehouse_ShelfD_01.png
-- Symlinking: /home/spicygen/Desktop/ros_ws/install/bcr_bot/share/bcr_bot//models/aws_robomaker_warehouse_ShelfD_01/materials/textures/aws_robomaker_warehouse_ShelfD_02.png
-- Symlinking: /home/spicygen/Desktop/ros_ws/install/bcr_bot/share/bcr_bot//models/aws_robomaker_warehouse_ShelfD_01/materials/textures/aws_robomaker_warehouse_ShelfD_03.png
-- Symlinking: /home/spicygen/Desktop/ros_ws/install/bcr_bot/share/bcr_bot//models/aws_robomaker_warehouse_ShelfD_01/materials/textures/aws_robomaker_warehouse_ShelfD_04.png
-- Symlinking: /home/spicygen/Desktop/ros_ws/install/bcr_bot/share/bcr_bot//models/aws_robomaker_warehouse_ShelfD_01/meshes/aws_robomaker_warehouse_ShelfD_01_collision.DAE
-- Symlinking: /home/spicygen/Desktop/ros_ws/install/bcr_bot/share/bcr_bot//models/aws_robomaker_warehouse_ShelfD_01/meshes/aws_robomaker_warehouse_ShelfD_01_visual.DAE
-- Symlinking: /home/spicygen/Desktop/ros_ws/install/bcr_bot/share/bcr_bot//models/aws_robomaker_warehouse_ShelfD_01/model.config
-- Symlinking: /home/spicygen/Desktop/ros_ws/install/bcr_bot/share/bcr_bot//models/aws_robomaker_warehouse_ShelfD_01/model.sdf
-- Symlinking: /home/spicygen/Desktop/ros_ws/install/bcr_bot/share/bcr_bot//models/aws_robomaker_warehouse_ShelfE_01/.DS_Store
-- Symlinking: /home/spicygen/Desktop/ros_ws/install/bcr_bot/share/bcr_bot//models/aws_robomaker_warehouse_ShelfE_01/materials/.DS_Store
-- Symlinking: /home/spicygen/Desktop/ros_ws/install/bcr_bot/share/bcr_bot//models/aws_robomaker_warehouse_ShelfE_01/materials/textures/aws_robomaker_warehouse_ShelfE_01.png
-- Symlinking: /home/spicygen/Desktop/ros_ws/install/bcr_bot/share/bcr_bot//models/aws_robomaker_warehouse_ShelfE_01/materials/textures/aws_robomaker_warehouse_ShelfE_02.png
-- Symlinking: /home/spicygen/Desktop/ros_ws/install/bcr_bot/share/bcr_bot//models/aws_robomaker_warehouse_ShelfE_01/materials/textures/aws_robomaker_warehouse_ShelfE_03.png
-- Symlinking: /home/spicygen/Desktop/ros_ws/install/bcr_bot/share/bcr_bot//models/aws_robomaker_warehouse_ShelfE_01/materials/textures/aws_robomaker_warehouse_ShelfE_04.png
-- Symlinking: /home/spicygen/Desktop/ros_ws/install/bcr_bot/share/bcr_bot//models/aws_robomaker_warehouse_ShelfE_01/meshes/aws_robomaker_warehouse_ShelfE_01_collision.DAE
-- Symlinking: /home/spicygen/Desktop/ros_ws/install/bcr_bot/share/bcr_bot//models/aws_robomaker_warehouse_ShelfE_01/meshes/aws_robomaker_warehouse_ShelfE_01_visual.DAE
-- Symlinking: /home/spicygen/Desktop/ros_ws/install/bcr_bot/share/bcr_bot//models/aws_robomaker_warehouse_ShelfE_01/model.config
-- Symlinking: /home/spicygen/Desktop/ros_ws/install/bcr_bot/share/bcr_bot//models/aws_robomaker_warehouse_ShelfE_01/model.sdf
-- Symlinking: /home/spicygen/Desktop/ros_ws/install/bcr_bot/share/bcr_bot//models/aws_robomaker_warehouse_ShelfF_01/materials/textures/aws_robomaker_warehouse_ShelfF_01.png
-- Symlinking: /home/spicygen/Desktop/ros_ws/install/bcr_bot/share/bcr_bot//models/aws_robomaker_warehouse_ShelfF_01/materials/textures/aws_robomaker_warehouse_ShelfF_02.png
-- Symlinking: /home/spicygen/Desktop/ros_ws/install/bcr_bot/share/bcr_bot//models/aws_robomaker_warehouse_ShelfF_01/materials/textures/aws_robomaker_warehouse_ShelfF_03.png
-- Symlinking: /home/spicygen/Desktop/ros_ws/install/bcr_bot/share/bcr_bot//models/aws_robomaker_warehouse_ShelfF_01/meshes/aws_robomaker_warehouse_ShelfF_01_collision.DAE
-- Symlinking: /home/spicygen/Desktop/ros_ws/install/bcr_bot/share/bcr_bot//models/aws_robomaker_warehouse_ShelfF_01/meshes/aws_robomaker_warehouse_ShelfF_01_visual.DAE
-- Symlinking: /home/spicygen/Desktop/ros_ws/install/bcr_bot/share/bcr_bot//models/aws_robomaker_warehouse_ShelfF_01/model.config
-- Symlinking: /home/spicygen/Desktop/ros_ws/install/bcr_bot/share/bcr_bot//models/aws_robomaker_warehouse_ShelfF_01/model.sdf
-- Symlinking: /home/spicygen/Desktop/ros_ws/install/bcr_bot/share/bcr_bot//models/aws_robomaker_warehouse_TrashCanC_01/materials/textures/aws_robomaker_warehouse_TrashCanC_01.png
-- Symlinking: /home/spicygen/Desktop/ros_ws/install/bcr_bot/share/bcr_bot//models/aws_robomaker_warehouse_TrashCanC_01/meshes/aws_robomaker_warehouse_TrashCanC_01_collision.DAE
-- Symlinking: /home/spicygen/Desktop/ros_ws/install/bcr_bot/share/bcr_bot//models/aws_robomaker_warehouse_TrashCanC_01/meshes/aws_robomaker_warehouse_TrashCanC_01_visual.DAE
-- Symlinking: /home/spicygen/Desktop/ros_ws/install/bcr_bot/share/bcr_bot//models/aws_robomaker_warehouse_TrashCanC_01/model.config
-- Symlinking: /home/spicygen/Desktop/ros_ws/install/bcr_bot/share/bcr_bot//models/aws_robomaker_warehouse_TrashCanC_01/model.sdf
-- Symlinking: /home/spicygen/Desktop/ros_ws/install/bcr_bot/share/bcr_bot//models/aws_robomaker_warehouse_WallB_01/materials/textures/aws_robomaker_warehouse_WallB_01.png
-- Symlinking: /home/spicygen/Desktop/ros_ws/install/bcr_bot/share/bcr_bot//models/aws_robomaker_warehouse_WallB_01/meshes/aws_robomaker_warehouse_WallB_01_collision.DAE
-- Symlinking: /home/spicygen/Desktop/ros_ws/install/bcr_bot/share/bcr_bot//models/aws_robomaker_warehouse_WallB_01/meshes/aws_robomaker_warehouse_WallB_01_visual.DAE
-- Symlinking: /home/spicygen/Desktop/ros_ws/install/bcr_bot/share/bcr_bot//models/aws_robomaker_warehouse_WallB_01/model.config
-- Symlinking: /home/spicygen/Desktop/ros_ws/install/bcr_bot/share/bcr_bot//models/aws_robomaker_warehouse_WallB_01/model.sdf
-- Symlinking: /home/spicygen/Desktop/ros_ws/install/bcr_bot/share/bcr_bot//models/female/materials/textures/brown_eye.png
-- Symlinking: /home/spicygen/Desktop/ros_ws/install/bcr_bot/share/bcr_bot//models/female/materials/textures/casual_female.png
-- Symlinking: /home/spicygen/Desktop/ros_ws/install/bcr_bot/share/bcr_bot//models/female/materials/textures/eyebrow002.png
-- Symlinking: /home/spicygen/Desktop/ros_ws/install/bcr_bot/share/bcr_bot//models/female/materials/textures/eyelashes01.png
-- Symlinking: /home/spicygen/Desktop/ros_ws/install/bcr_bot/share/bcr_bot//models/female/materials/textures/female_casualsuit01_diffuse.png
-- Symlinking: /home/spicygen/Desktop/ros_ws/install/bcr_bot/share/bcr_bot//models/female/materials/textures/female_casualsuit01_normal.png
-- Symlinking: /home/spicygen/Desktop/ros_ws/install/bcr_bot/share/bcr_bot//models/female/materials/textures/female_casualsuit02_diffuse.png
-- Symlinking: /home/spicygen/Desktop/ros_ws/install/bcr_bot/share/bcr_bot//models/female/materials/textures/female_casualsuit02_normal.png
-- Symlinking: /home/spicygen/Desktop/ros_ws/install/bcr_bot/share/bcr_bot//models/female/materials/textures/ponytail01_diffuse.png
-- Symlinking: /home/spicygen/Desktop/ros_ws/install/bcr_bot/share/bcr_bot//models/female/materials/textures/shoes05_diffuse.png
-- Symlinking: /home/spicygen/Desktop/ros_ws/install/bcr_bot/share/bcr_bot//models/female/materials/textures/tongue01_diffuse.png
-- Symlinking: /home/spicygen/Desktop/ros_ws/install/bcr_bot/share/bcr_bot//models/female/materials/textures/young_lightskinned_female_diffuse.png
-- Symlinking: /home/spicygen/Desktop/ros_ws/install/bcr_bot/share/bcr_bot//models/female/meshes/casual_female.dae
-- Symlinking: /home/spicygen/Desktop/ros_ws/install/bcr_bot/share/bcr_bot//models/female/model.config
-- Symlinking: /home/spicygen/Desktop/ros_ws/install/bcr_bot/share/bcr_bot//models/female/model.sdf
-- Symlinking: /home/spicygen/Desktop/ros_ws/install/bcr_bot/share/bcr_bot//models/female/thumbnails/1.png
-- Symlinking: /home/spicygen/Desktop/ros_ws/install/bcr_bot/share/bcr_bot//models/female/thumbnails/2.png
-- Symlinking: /home/spicygen/Desktop/ros_ws/install/bcr_bot/share/bcr_bot//models/female/thumbnails/3.png
-- Symlinking: /home/spicygen/Desktop/ros_ws/install/bcr_bot/share/bcr_bot//models/female/thumbnails/4.png
-- Symlinking: /home/spicygen/Desktop/ros_ws/install/bcr_bot/share/bcr_bot//models/female/thumbnails/5.png
-- Symlinking: /home/spicygen/Desktop/ros_ws/install/bcr_bot/share/bcr_bot//urdf/bcr_bot.xacro
-- Symlinking: /home/spicygen/Desktop/ros_ws/install/bcr_bot/share/bcr_bot//urdf/gazebo.xacro
-- Symlinking: /home/spicygen/Desktop/ros_ws/install/bcr_bot/share/bcr_bot//urdf/gz.xacro
-- Symlinking: /home/spicygen/Desktop/ros_ws/install/bcr_bot/share/bcr_bot//urdf/ign.xacro
-- Symlinking: /home/spicygen/Desktop/ros_ws/install/bcr_bot/share/bcr_bot//urdf/macros.xacro
-- Symlinking: /home/spicygen/Desktop/ros_ws/install/bcr_bot/share/bcr_bot//urdf/materials.xacro
-- Symlinking: /home/spicygen/Desktop/ros_ws/install/bcr_bot/share/bcr_bot//urdf/multi_bcr_bot.xacro
-- Symlinking: /home/spicygen/Desktop/ros_ws/install/bcr_bot/share/bcr_bot//urdf/multi_gazebo.xacro
-- Symlinking: /home/spicygen/Desktop/ros_ws/install/bcr_bot/share/bcr_bot//worlds/empty.sdf
-- Symlinking: /home/spicygen/Desktop/ros_ws/install/bcr_bot/share/bcr_bot//worlds/small_warehouse.sdf
-- Symlinking: /home/spicygen/Desktop/ros_ws/install/bcr_bot/share/bcr_bot//rviz/entire_setup.rviz
-- Symlinking: /home/spicygen/Desktop/ros_ws/install/bcr_bot/share/bcr_bot//rviz/map.rviz
-- Symlinking: /home/spicygen/Desktop/ros_ws/install/bcr_bot/share/bcr_bot//Detectionmodels/cone_detection.onnx
-- Symlinking: /home/spicygen/Desktop/ros_ws/install/bcr_bot/share/bcr_bot//Detectionmodels/cone_detection.pt
-- Symlinking: /home/spicygen/Desktop/ros_ws/install/bcr_bot/share/bcr_bot/config/bcr_map.pgm
-- Symlinking: /home/spicygen/Desktop/ros_ws/install/bcr_bot/share/bcr_bot/config/bcr_map.yaml
-- Symlinking: /home/spicygen/Desktop/ros_ws/install/bcr_bot/share/bcr_bot/config/mapper_params_online_async.yaml
-- Symlinking: /home/spicygen/Desktop/ros_ws/install/bcr_bot/share/bcr_bot/config/multi_mapper.yaml
-- Symlinking: /home/spicygen/Desktop/ros_ws/install/bcr_bot/share/bcr_bot/config/nav2_params.yaml
-- Symlinking: /home/spicygen/Desktop/ros_ws/install/bcr_bot/lib/bcr_bot/remapper.py
-- Symlinking: /home/spicygen/Desktop/ros_ws/install/bcr_bot/lib/bcr_bot/objdetection.py
-- Symlinking: /home/spicygen/Desktop/ros_ws/install/bcr_bot/share/ament_index/resource_index/package_run_dependencies/bcr_bot
-- Symlinking: /home/spicygen/Desktop/ros_ws/install/bcr_bot/share/ament_index/resource_index/parent_prefix_path/bcr_bot
-- Symlinking: /home/spicygen/Desktop/ros_ws/install/bcr_bot/share/bcr_bot/environment/ament_prefix_path.sh
-- Symlinking: /home/spicygen/Desktop/ros_ws/install/bcr_bot/share/bcr_bot/environment/ament_prefix_path.dsv
-- Symlinking: /home/spicygen/Desktop/ros_ws/install/bcr_bot/share/bcr_bot/environment/path.sh
-- Symlinking: /home/spicygen/Desktop/ros_ws/install/bcr_bot/share/bcr_bot/environment/path.dsv
-- Symlinking: /home/spicygen/Desktop/ros_ws/install/bcr_bot/share/bcr_bot/local_setup.bash
-- Symlinking: /home/spicygen/Desktop/ros_ws/install/bcr_bot/share/bcr_bot/local_setup.sh
-- Symlinking: /home/spicygen/Desktop/ros_ws/install/bcr_bot/share/bcr_bot/local_setup.zsh
-- Symlinking: /home/spicygen/Desktop/ros_ws/install/bcr_bot/share/bcr_bot/local_setup.dsv
-- Symlinking: /home/spicygen/Desktop/ros_ws/install/bcr_bot/share/bcr_bot/package.dsv
-- Symlinking: /home/spicygen/Desktop/ros_ws/install/bcr_bot/share/ament_index/resource_index/packages/bcr_bot
-- Symlinking: /home/spicygen/Desktop/ros_ws/install/bcr_bot/share/bcr_bot/cmake/bcr_botConfig.cmake
-- Symlinking: /home/spicygen/Desktop/ros_ws/install/bcr_bot/share/bcr_bot/cmake/bcr_botConfig-version.cmake
-- Symlinking: /home/spicygen/Desktop/ros_ws/install/bcr_bot/share/bcr_bot/package.xml
