[0.182s] Invoking command in '/home/spicygen/Desktop/ros_ws/build/bcr_bot': CMAKE_PREFIX_PATH=${CMAKE_PREFIX_PATH}:/opt/ros/humble /usr/bin/cmake --build /home/spicygen/Desktop/ros_ws/build/bcr_bot -- -j8 -l8
[0.512s] Invoked command in '/home/spicygen/Desktop/ros_ws/build/bcr_bot' returned '0': CMAKE_PREFIX_PATH=${CMAKE_PREFIX_PATH}:/opt/ros/humble /usr/bin/cmake --build /home/spicygen/Desktop/ros_ws/build/bcr_bot -- -j8 -l8
[0.645s] Invoking command in '/home/spicygen/Desktop/ros_ws/build/bcr_bot': CMAKE_PREFIX_PATH=${CMAKE_PREFIX_PATH}:/opt/ros/humble /usr/bin/cmake --install /home/spicygen/Desktop/ros_ws/build/bcr_bot
[0.747s] -- Install configuration: ""
[0.752s] -- Up-to-date: /home/spicygen/Desktop/ros_ws/install/bcr_bot/share/bcr_bot//launch
[0.754s] -- Up-to-date: /home/spicygen/Desktop/ros_ws/install/bcr_bot/share/bcr_bot//launch/rviz.launch.py
[0.755s] -- Up-to-date: /home/spicygen/Desktop/ros_ws/install/bcr_bot/share/bcr_bot//launch/bcr_bot_gazebo_spawn.launch.py
[0.761s] -- Up-to-date: /home/spicygen/Desktop/ros_ws/install/bcr_bot/share/bcr_bot//launch/gz.launch.py
[0.763s] -- Up-to-date: /home/spicygen/Desktop/ros_ws/install/bcr_bot/share/bcr_bot//launch/nav2.launch.py
[0.771s] -- Up-to-date: /home/spicygen/Desktop/ros_ws/install/bcr_bot/share/bcr_bot//launch/gazebo.launch.py
[0.773s] -- Up-to-date: /home/spicygen/Desktop/ros_ws/install/bcr_bot/share/bcr_bot//launch/main.launch.py
[0.774s] -- Up-to-date: /home/spicygen/Desktop/ros_ws/install/bcr_bot/share/bcr_bot//launch/detectionmodel.launch.py
[0.779s] -- Up-to-date: /home/spicygen/Desktop/ros_ws/install/bcr_bot/share/bcr_bot//launch/mapping.launch.py
[0.787s] -- Up-to-date: /home/spicygen/Desktop/ros_ws/install/bcr_bot/share/bcr_bot//meshes
[0.792s] -- Up-to-date: /home/spicygen/Desktop/ros_ws/install/bcr_bot/share/bcr_bot//meshes/kinect
[0.798s] -- Up-to-date: /home/spicygen/Desktop/ros_ws/install/bcr_bot/share/bcr_bot//meshes/kinect/d415.dae
[0.801s] -- Up-to-date: /home/spicygen/Desktop/ros_ws/install/bcr_bot/share/bcr_bot//meshes/kinect/kinect.jpg
[0.802s] -- Up-to-date: /home/spicygen/Desktop/ros_ws/install/bcr_bot/share/bcr_bot//meshes/kinect/kinect.tga
[0.805s] -- Up-to-date: /home/spicygen/Desktop/ros_ws/install/bcr_bot/share/bcr_bot//meshes/kinect/kinect.dae
[0.807s] -- Up-to-date: /home/spicygen/Desktop/ros_ws/install/bcr_bot/share/bcr_bot//meshes/zed2
[0.808s] -- Up-to-date: /home/spicygen/Desktop/ros_ws/install/bcr_bot/share/bcr_bot//meshes/zed2/zed2.DAE
[0.809s] -- Up-to-date: /home/spicygen/Desktop/ros_ws/install/bcr_bot/share/bcr_bot//meshes/logo.png
[0.811s] -- Up-to-date: /home/spicygen/Desktop/ros_ws/install/bcr_bot/share/bcr_bot//meshes/realsense_texture.png
[0.812s] -- Up-to-date: /home/spicygen/Desktop/ros_ws/install/bcr_bot/share/bcr_bot//meshes/bcr_bot_mesh.dae
[0.813s] -- Up-to-date: /home/spicygen/Desktop/ros_ws/install/bcr_bot/share/bcr_bot//models
[0.815s] -- Up-to-date: /home/spicygen/Desktop/ros_ws/install/bcr_bot/share/bcr_bot//models/aws_robomaker_warehouse_DeskC_01
[0.816s] -- Up-to-date: /home/spicygen/Desktop/ros_ws/install/bcr_bot/share/bcr_bot//models/aws_robomaker_warehouse_DeskC_01/meshes
[0.817s] -- Up-to-date: /home/spicygen/Desktop/ros_ws/install/bcr_bot/share/bcr_bot//models/aws_robomaker_warehouse_DeskC_01/meshes/aws_robomaker_warehouse_DeskC_01_visual.DAE
[0.819s] -- Up-to-date: /home/spicygen/Desktop/ros_ws/install/bcr_bot/share/bcr_bot//models/aws_robomaker_warehouse_DeskC_01/meshes/aws_robomaker_warehouse_DeskC_01_collision.DAE
[0.820s] -- Up-to-date: /home/spicygen/Desktop/ros_ws/install/bcr_bot/share/bcr_bot//models/aws_robomaker_warehouse_DeskC_01/model.sdf
[0.821s] -- Up-to-date: /home/spicygen/Desktop/ros_ws/install/bcr_bot/share/bcr_bot//models/aws_robomaker_warehouse_DeskC_01/model.config
[0.823s] -- Up-to-date: /home/spicygen/Desktop/ros_ws/install/bcr_bot/share/bcr_bot//models/aws_robomaker_warehouse_DeskC_01/materials
[0.824s] -- Up-to-date: /home/spicygen/Desktop/ros_ws/install/bcr_bot/share/bcr_bot//models/aws_robomaker_warehouse_DeskC_01/materials/.DS_Store
[0.825s] -- Up-to-date: /home/spicygen/Desktop/ros_ws/install/bcr_bot/share/bcr_bot//models/aws_robomaker_warehouse_DeskC_01/materials/textures
[0.827s] -- Up-to-date: /home/spicygen/Desktop/ros_ws/install/bcr_bot/share/bcr_bot//models/aws_robomaker_warehouse_DeskC_01/materials/textures/aws_robomaker_warehouse_DeskC_02.png
[0.828s] -- Up-to-date: /home/spicygen/Desktop/ros_ws/install/bcr_bot/share/bcr_bot//models/aws_robomaker_warehouse_DeskC_01/materials/textures/aws_robomaker_warehouse_DeskC_04.png
[0.830s] -- Up-to-date: /home/spicygen/Desktop/ros_ws/install/bcr_bot/share/bcr_bot//models/aws_robomaker_warehouse_DeskC_01/materials/textures/aws_robomaker_warehouse_DeskC_03.psd
[0.838s] -- Up-to-date: /home/spicygen/Desktop/ros_ws/install/bcr_bot/share/bcr_bot//models/aws_robomaker_warehouse_DeskC_01/materials/textures/aws_robomaker_warehouse_DeskC_03.png
[0.839s] -- Up-to-date: /home/spicygen/Desktop/ros_ws/install/bcr_bot/share/bcr_bot//models/aws_robomaker_warehouse_DeskC_01/materials/textures/aws_robomaker_warehouse_DeskC_01.png
[0.841s] -- Up-to-date: /home/spicygen/Desktop/ros_ws/install/bcr_bot/share/bcr_bot//models/aws_robomaker_warehouse_ClutteringC_01
[0.843s] -- Up-to-date: /home/spicygen/Desktop/ros_ws/install/bcr_bot/share/bcr_bot//models/aws_robomaker_warehouse_ClutteringC_01/meshes
[0.844s] -- Up-to-date: /home/spicygen/Desktop/ros_ws/install/bcr_bot/share/bcr_bot//models/aws_robomaker_warehouse_ClutteringC_01/meshes/aws_robomaker_warehouse_ClutteringC_01_visual.DAE
[0.846s] -- Up-to-date: /home/spicygen/Desktop/ros_ws/install/bcr_bot/share/bcr_bot//models/aws_robomaker_warehouse_ClutteringC_01/meshes/aws_robomaker_warehouse_ClutteringC_01_collision.DAE
[0.847s] -- Up-to-date: /home/spicygen/Desktop/ros_ws/install/bcr_bot/share/bcr_bot//models/aws_robomaker_warehouse_ClutteringC_01/model.sdf
[0.850s] -- Up-to-date: /home/spicygen/Desktop/ros_ws/install/bcr_bot/share/bcr_bot//models/aws_robomaker_warehouse_ClutteringC_01/model.config
[0.856s] -- Up-to-date: /home/spicygen/Desktop/ros_ws/install/bcr_bot/share/bcr_bot//models/aws_robomaker_warehouse_ClutteringC_01/materials
[0.857s] -- Up-to-date: /home/spicygen/Desktop/ros_ws/install/bcr_bot/share/bcr_bot//models/aws_robomaker_warehouse_ClutteringC_01/materials/textures
[0.859s] -- Up-to-date: /home/spicygen/Desktop/ros_ws/install/bcr_bot/share/bcr_bot//models/aws_robomaker_warehouse_ClutteringC_01/materials/textures/aws_robomaker_warehouse_ClutteringC_02.png
[0.863s] -- Up-to-date: /home/spicygen/Desktop/ros_ws/install/bcr_bot/share/bcr_bot//models/aws_robomaker_warehouse_ClutteringC_01/materials/textures/aws_robomaker_warehouse_ClutteringC_01.png
[0.864s] -- Up-to-date: /home/spicygen/Desktop/ros_ws/install/bcr_bot/share/bcr_bot//models/ConstructionCone
[0.866s] -- Up-to-date: /home/spicygen/Desktop/ros_ws/install/bcr_bot/share/bcr_bot//models/ConstructionCone/meshes
[0.868s] -- Up-to-date: /home/spicygen/Desktop/ros_ws/install/bcr_bot/share/bcr_bot//models/ConstructionCone/meshes/construction_cone.dae
[0.869s] -- Up-to-date: /home/spicygen/Desktop/ros_ws/install/bcr_bot/share/bcr_bot//models/ConstructionCone/model.sdf
[0.870s] -- Up-to-date: /home/spicygen/Desktop/ros_ws/install/bcr_bot/share/bcr_bot//models/ConstructionCone/model.config
[0.871s] -- Up-to-date: /home/spicygen/Desktop/ros_ws/install/bcr_bot/share/bcr_bot//models/ConstructionCone/materials
[0.872s] -- Up-to-date: /home/spicygen/Desktop/ros_ws/install/bcr_bot/share/bcr_bot//models/ConstructionCone/materials/textures
[0.874s] -- Up-to-date: /home/spicygen/Desktop/ros_ws/install/bcr_bot/share/bcr_bot//models/ConstructionCone/materials/textures/Construction_Cone_Diffuse.png
[0.875s] -- Up-to-date: /home/spicygen/Desktop/ros_ws/install/bcr_bot/share/bcr_bot//models/ConstructionCone/thumbnails
[0.877s] -- Up-to-date: /home/spicygen/Desktop/ros_ws/install/bcr_bot/share/bcr_bot//models/ConstructionCone/thumbnails/5.png
[0.878s] -- Up-to-date: /home/spicygen/Desktop/ros_ws/install/bcr_bot/share/bcr_bot//models/ConstructionCone/thumbnails/1.png
[0.883s] -- Up-to-date: /home/spicygen/Desktop/ros_ws/install/bcr_bot/share/bcr_bot//models/ConstructionCone/thumbnails/2.png
[0.886s] -- Up-to-date: /home/spicygen/Desktop/ros_ws/install/bcr_bot/share/bcr_bot//models/ConstructionCone/thumbnails/4.png
[0.890s] -- Up-to-date: /home/spicygen/Desktop/ros_ws/install/bcr_bot/share/bcr_bot//models/ConstructionCone/thumbnails/3.png
[0.897s] -- Up-to-date: /home/spicygen/Desktop/ros_ws/install/bcr_bot/share/bcr_bot//models/ConstructionCone/model-1_3.sdf
[0.899s] -- Up-to-date: /home/spicygen/Desktop/ros_ws/install/bcr_bot/share/bcr_bot//models/ConstructionCone/model-1_4.sdf
[0.900s] -- Up-to-date: /home/spicygen/Desktop/ros_ws/install/bcr_bot/share/bcr_bot//models/aws_robomaker_warehouse_WallB_01
[0.902s] -- Up-to-date: /home/spicygen/Desktop/ros_ws/install/bcr_bot/share/bcr_bot//models/aws_robomaker_warehouse_WallB_01/meshes
[0.903s] -- Up-to-date: /home/spicygen/Desktop/ros_ws/install/bcr_bot/share/bcr_bot//models/aws_robomaker_warehouse_WallB_01/meshes/aws_robomaker_warehouse_WallB_01_collision.DAE
[0.904s] -- Up-to-date: /home/spicygen/Desktop/ros_ws/install/bcr_bot/share/bcr_bot//models/aws_robomaker_warehouse_WallB_01/meshes/aws_robomaker_warehouse_WallB_01_visual.DAE
[0.906s] -- Up-to-date: /home/spicygen/Desktop/ros_ws/install/bcr_bot/share/bcr_bot//models/aws_robomaker_warehouse_WallB_01/model.sdf
[0.907s] -- Up-to-date: /home/spicygen/Desktop/ros_ws/install/bcr_bot/share/bcr_bot//models/aws_robomaker_warehouse_WallB_01/model.config
[0.908s] -- Up-to-date: /home/spicygen/Desktop/ros_ws/install/bcr_bot/share/bcr_bot//models/aws_robomaker_warehouse_WallB_01/materials
[0.908s] -- Up-to-date: /home/spicygen/Desktop/ros_ws/install/bcr_bot/share/bcr_bot//models/aws_robomaker_warehouse_WallB_01/materials/textures
[0.909s] -- Up-to-date: /home/spicygen/Desktop/ros_ws/install/bcr_bot/share/bcr_bot//models/aws_robomaker_warehouse_WallB_01/materials/textures/aws_robomaker_warehouse_WallB_01.png
[0.910s] -- Up-to-date: /home/spicygen/Desktop/ros_ws/install/bcr_bot/share/bcr_bot//models/female
[0.911s] -- Up-to-date: /home/spicygen/Desktop/ros_ws/install/bcr_bot/share/bcr_bot//models/female/meshes
[0.912s] -- Up-to-date: /home/spicygen/Desktop/ros_ws/install/bcr_bot/share/bcr_bot//models/female/meshes/casual_female.dae
[0.913s] -- Up-to-date: /home/spicygen/Desktop/ros_ws/install/bcr_bot/share/bcr_bot//models/female/model.sdf
[0.917s] -- Up-to-date: /home/spicygen/Desktop/ros_ws/install/bcr_bot/share/bcr_bot//models/female/model.config
[0.918s] -- Up-to-date: /home/spicygen/Desktop/ros_ws/install/bcr_bot/share/bcr_bot//models/female/materials
[0.919s] -- Up-to-date: /home/spicygen/Desktop/ros_ws/install/bcr_bot/share/bcr_bot//models/female/materials/textures
[0.920s] -- Up-to-date: /home/spicygen/Desktop/ros_ws/install/bcr_bot/share/bcr_bot//models/female/materials/textures/young_lightskinned_female_diffuse.png
[0.921s] -- Up-to-date: /home/spicygen/Desktop/ros_ws/install/bcr_bot/share/bcr_bot//models/female/materials/textures/female_casualsuit01_diffuse.png
[0.922s] -- Up-to-date: /home/spicygen/Desktop/ros_ws/install/bcr_bot/share/bcr_bot//models/female/materials/textures/brown_eye.png
[0.929s] -- Up-to-date: /home/spicygen/Desktop/ros_ws/install/bcr_bot/share/bcr_bot//models/female/materials/textures/ponytail01_diffuse.png
[0.931s] -- Up-to-date: /home/spicygen/Desktop/ros_ws/install/bcr_bot/share/bcr_bot//models/female/materials/textures/eyebrow002.png
[0.932s] -- Up-to-date: /home/spicygen/Desktop/ros_ws/install/bcr_bot/share/bcr_bot//models/female/materials/textures/female_casualsuit02_normal.png
[0.933s] -- Up-to-date: /home/spicygen/Desktop/ros_ws/install/bcr_bot/share/bcr_bot//models/female/materials/textures/female_casualsuit02_diffuse.png
[0.934s] -- Up-to-date: /home/spicygen/Desktop/ros_ws/install/bcr_bot/share/bcr_bot//models/female/materials/textures/eyelashes01.png
[0.935s] -- Up-to-date: /home/spicygen/Desktop/ros_ws/install/bcr_bot/share/bcr_bot//models/female/materials/textures/casual_female.png
[0.936s] -- Up-to-date: /home/spicygen/Desktop/ros_ws/install/bcr_bot/share/bcr_bot//models/female/materials/textures/female_casualsuit01_normal.png
[0.937s] -- Up-to-date: /home/spicygen/Desktop/ros_ws/install/bcr_bot/share/bcr_bot//models/female/materials/textures/tongue01_diffuse.png
[0.938s] -- Up-to-date: /home/spicygen/Desktop/ros_ws/install/bcr_bot/share/bcr_bot//models/female/materials/textures/shoes05_diffuse.png
[0.939s] -- Up-to-date: /home/spicygen/Desktop/ros_ws/install/bcr_bot/share/bcr_bot//models/female/thumbnails
[0.941s] -- Up-to-date: /home/spicygen/Desktop/ros_ws/install/bcr_bot/share/bcr_bot//models/female/thumbnails/5.png
[0.942s] -- Up-to-date: /home/spicygen/Desktop/ros_ws/install/bcr_bot/share/bcr_bot//models/female/thumbnails/1.png
[0.943s] -- Up-to-date: /home/spicygen/Desktop/ros_ws/install/bcr_bot/share/bcr_bot//models/female/thumbnails/2.png
[0.945s] -- Up-to-date: /home/spicygen/Desktop/ros_ws/install/bcr_bot/share/bcr_bot//models/female/thumbnails/4.png
[0.946s] -- Up-to-date: /home/spicygen/Desktop/ros_ws/install/bcr_bot/share/bcr_bot//models/female/thumbnails/3.png
[0.947s] -- Up-to-date: /home/spicygen/Desktop/ros_ws/install/bcr_bot/share/bcr_bot//models/aws_robomaker_warehouse_ShelfF_01
[0.948s] -- Up-to-date: /home/spicygen/Desktop/ros_ws/install/bcr_bot/share/bcr_bot//models/aws_robomaker_warehouse_ShelfF_01/meshes
[0.950s] -- Up-to-date: /home/spicygen/Desktop/ros_ws/install/bcr_bot/share/bcr_bot//models/aws_robomaker_warehouse_ShelfF_01/meshes/aws_robomaker_warehouse_ShelfF_01_collision.DAE
[0.951s] -- Up-to-date: /home/spicygen/Desktop/ros_ws/install/bcr_bot/share/bcr_bot//models/aws_robomaker_warehouse_ShelfF_01/meshes/aws_robomaker_warehouse_ShelfF_01_visual.DAE
[0.953s] -- Up-to-date: /home/spicygen/Desktop/ros_ws/install/bcr_bot/share/bcr_bot//models/aws_robomaker_warehouse_ShelfF_01/model.sdf
[0.954s] -- Up-to-date: /home/spicygen/Desktop/ros_ws/install/bcr_bot/share/bcr_bot//models/aws_robomaker_warehouse_ShelfF_01/model.config
[0.957s] -- Up-to-date: /home/spicygen/Desktop/ros_ws/install/bcr_bot/share/bcr_bot//models/aws_robomaker_warehouse_ShelfF_01/materials
[0.959s] -- Up-to-date: /home/spicygen/Desktop/ros_ws/install/bcr_bot/share/bcr_bot//models/aws_robomaker_warehouse_ShelfF_01/materials/textures
[0.961s] -- Up-to-date: /home/spicygen/Desktop/ros_ws/install/bcr_bot/share/bcr_bot//models/aws_robomaker_warehouse_ShelfF_01/materials/textures/aws_robomaker_warehouse_ShelfF_01.png
[0.963s] -- Up-to-date: /home/spicygen/Desktop/ros_ws/install/bcr_bot/share/bcr_bot//models/aws_robomaker_warehouse_ShelfF_01/materials/textures/aws_robomaker_warehouse_ShelfF_02.png
[0.964s] -- Up-to-date: /home/spicygen/Desktop/ros_ws/install/bcr_bot/share/bcr_bot//models/aws_robomaker_warehouse_ShelfF_01/materials/textures/aws_robomaker_warehouse_ShelfF_03.png
[0.966s] -- Up-to-date: /home/spicygen/Desktop/ros_ws/install/bcr_bot/share/bcr_bot//models/aws_robomaker_warehouse_ClutteringA_01
[0.968s] -- Up-to-date: /home/spicygen/Desktop/ros_ws/install/bcr_bot/share/bcr_bot//models/aws_robomaker_warehouse_ClutteringA_01/meshes
[0.969s] -- Up-to-date: /home/spicygen/Desktop/ros_ws/install/bcr_bot/share/bcr_bot//models/aws_robomaker_warehouse_ClutteringA_01/meshes/aws_robomaker_warehouse_ClutteringA_01_collision.DAE
[0.970s] -- Up-to-date: /home/spicygen/Desktop/ros_ws/install/bcr_bot/share/bcr_bot//models/aws_robomaker_warehouse_ClutteringA_01/meshes/aws_robomaker_warehouse_ClutteringA_01_visual.DAE
[0.971s] -- Up-to-date: /home/spicygen/Desktop/ros_ws/install/bcr_bot/share/bcr_bot//models/aws_robomaker_warehouse_ClutteringA_01/.DS_Store
[0.972s] -- Up-to-date: /home/spicygen/Desktop/ros_ws/install/bcr_bot/share/bcr_bot//models/aws_robomaker_warehouse_ClutteringA_01/model.sdf
[0.974s] -- Up-to-date: /home/spicygen/Desktop/ros_ws/install/bcr_bot/share/bcr_bot//models/aws_robomaker_warehouse_ClutteringA_01/model.config
[0.975s] -- Up-to-date: /home/spicygen/Desktop/ros_ws/install/bcr_bot/share/bcr_bot//models/aws_robomaker_warehouse_ClutteringA_01/materials
[0.976s] -- Up-to-date: /home/spicygen/Desktop/ros_ws/install/bcr_bot/share/bcr_bot//models/aws_robomaker_warehouse_ClutteringA_01/materials/.DS_Store
[0.979s] -- Up-to-date: /home/spicygen/Desktop/ros_ws/install/bcr_bot/share/bcr_bot//models/aws_robomaker_warehouse_ClutteringA_01/materials/textures
[0.980s] -- Up-to-date: /home/spicygen/Desktop/ros_ws/install/bcr_bot/share/bcr_bot//models/aws_robomaker_warehouse_ClutteringA_01/materials/textures/.DS_Store
[0.983s] -- Up-to-date: /home/spicygen/Desktop/ros_ws/install/bcr_bot/share/bcr_bot//models/aws_robomaker_warehouse_ClutteringA_01/materials/textures/aws_robomaker_warehouse_ClutteringA_02.png
[0.984s] -- Up-to-date: /home/spicygen/Desktop/ros_ws/install/bcr_bot/share/bcr_bot//models/aws_robomaker_warehouse_ClutteringA_01/materials/textures/aws_robomaker_warehouse_ClutteringA_01.png
[0.985s] -- Up-to-date: /home/spicygen/Desktop/ros_ws/install/bcr_bot/share/bcr_bot//models/aws_robomaker_warehouse_ClutteringA_01/materials/textures/aws_robomaker_warehouse_ClutteringA_03.png
[0.985s] -- Up-to-date: /home/spicygen/Desktop/ros_ws/install/bcr_bot/share/bcr_bot//models/aws_robomaker_warehouse_PalletJackB_01
[0.986s] -- Up-to-date: /home/spicygen/Desktop/ros_ws/install/bcr_bot/share/bcr_bot//models/aws_robomaker_warehouse_PalletJackB_01/meshes
[0.987s] -- Up-to-date: /home/spicygen/Desktop/ros_ws/install/bcr_bot/share/bcr_bot//models/aws_robomaker_warehouse_PalletJackB_01/meshes/aws_robomaker_warehouse_PalletJackB_01_collision.DAE
[0.988s] -- Up-to-date: /home/spicygen/Desktop/ros_ws/install/bcr_bot/share/bcr_bot//models/aws_robomaker_warehouse_PalletJackB_01/meshes/aws_robomaker_warehouse_PalletJackB_01_visual.DAE
[0.989s] -- Up-to-date: /home/spicygen/Desktop/ros_ws/install/bcr_bot/share/bcr_bot//models/aws_robomaker_warehouse_PalletJackB_01/.DS_Store
[0.990s] -- Up-to-date: /home/spicygen/Desktop/ros_ws/install/bcr_bot/share/bcr_bot//models/aws_robomaker_warehouse_PalletJackB_01/model.sdf
[0.991s] -- Up-to-date: /home/spicygen/Desktop/ros_ws/install/bcr_bot/share/bcr_bot//models/aws_robomaker_warehouse_PalletJackB_01/model.config
[0.992s] -- Up-to-date: /home/spicygen/Desktop/ros_ws/install/bcr_bot/share/bcr_bot//models/aws_robomaker_warehouse_PalletJackB_01/materials
[0.993s] -- Up-to-date: /home/spicygen/Desktop/ros_ws/install/bcr_bot/share/bcr_bot//models/aws_robomaker_warehouse_PalletJackB_01/materials/.DS_Store
[0.994s] -- Up-to-date: /home/spicygen/Desktop/ros_ws/install/bcr_bot/share/bcr_bot//models/aws_robomaker_warehouse_PalletJackB_01/materials/textures
[0.994s] -- Up-to-date: /home/spicygen/Desktop/ros_ws/install/bcr_bot/share/bcr_bot//models/aws_robomaker_warehouse_PalletJackB_01/materials/textures/aws_robomaker_warehouse_PalletJackB_01.png
[0.995s] -- Up-to-date: /home/spicygen/Desktop/ros_ws/install/bcr_bot/share/bcr_bot//models/aws_robomaker_warehouse_PalletJackB_01/materials/textures/aws_robomaker_warehouse_PalletJackB_02.png
[0.996s] -- Up-to-date: /home/spicygen/Desktop/ros_ws/install/bcr_bot/share/bcr_bot//models/aws_robomaker_warehouse_ClutteringD_01
[0.996s] -- Up-to-date: /home/spicygen/Desktop/ros_ws/install/bcr_bot/share/bcr_bot//models/aws_robomaker_warehouse_ClutteringD_01/meshes
[0.997s] -- Up-to-date: /home/spicygen/Desktop/ros_ws/install/bcr_bot/share/bcr_bot//models/aws_robomaker_warehouse_ClutteringD_01/meshes/aws_robomaker_warehouse_ClutteringD_01_visual.DAE
[1.000s] -- Up-to-date: /home/spicygen/Desktop/ros_ws/install/bcr_bot/share/bcr_bot//models/aws_robomaker_warehouse_ClutteringD_01/meshes/aws_robomaker_warehouse_ClutteringD_01_collision.DAE
[1.002s] -- Up-to-date: /home/spicygen/Desktop/ros_ws/install/bcr_bot/share/bcr_bot//models/aws_robomaker_warehouse_ClutteringD_01/model.sdf
[1.003s] -- Up-to-date: /home/spicygen/Desktop/ros_ws/install/bcr_bot/share/bcr_bot//models/aws_robomaker_warehouse_ClutteringD_01/model.config
[1.005s] -- Up-to-date: /home/spicygen/Desktop/ros_ws/install/bcr_bot/share/bcr_bot//models/aws_robomaker_warehouse_ClutteringD_01/materials
[1.006s] -- Up-to-date: /home/spicygen/Desktop/ros_ws/install/bcr_bot/share/bcr_bot//models/aws_robomaker_warehouse_ClutteringD_01/materials/textures
[1.007s] -- Up-to-date: /home/spicygen/Desktop/ros_ws/install/bcr_bot/share/bcr_bot//models/aws_robomaker_warehouse_ClutteringD_01/materials/textures/aws_robomaker_warehouse_ClutteringD_02.png
[1.009s] -- Up-to-date: /home/spicygen/Desktop/ros_ws/install/bcr_bot/share/bcr_bot//models/aws_robomaker_warehouse_ClutteringD_01/materials/textures/aws_robomaker_warehouse_ClutteringD_01.png
[1.011s] -- Up-to-date: /home/spicygen/Desktop/ros_ws/install/bcr_bot/share/bcr_bot//models/aws_robomaker_warehouse_TrashCanC_01
[1.012s] -- Up-to-date: /home/spicygen/Desktop/ros_ws/install/bcr_bot/share/bcr_bot//models/aws_robomaker_warehouse_TrashCanC_01/meshes
[1.014s] -- Up-to-date: /home/spicygen/Desktop/ros_ws/install/bcr_bot/share/bcr_bot//models/aws_robomaker_warehouse_TrashCanC_01/meshes/aws_robomaker_warehouse_TrashCanC_01_collision.DAE
[1.015s] -- Up-to-date: /home/spicygen/Desktop/ros_ws/install/bcr_bot/share/bcr_bot//models/aws_robomaker_warehouse_TrashCanC_01/meshes/aws_robomaker_warehouse_TrashCanC_01_visual.DAE
[1.018s] -- Up-to-date: /home/spicygen/Desktop/ros_ws/install/bcr_bot/share/bcr_bot//models/aws_robomaker_warehouse_TrashCanC_01/model.sdf
[1.019s] -- Up-to-date: /home/spicygen/Desktop/ros_ws/install/bcr_bot/share/bcr_bot//models/aws_robomaker_warehouse_TrashCanC_01/model.config
[1.021s] -- Up-to-date: /home/spicygen/Desktop/ros_ws/install/bcr_bot/share/bcr_bot//models/aws_robomaker_warehouse_TrashCanC_01/materials
[1.023s] -- Up-to-date: /home/spicygen/Desktop/ros_ws/install/bcr_bot/share/bcr_bot//models/aws_robomaker_warehouse_TrashCanC_01/materials/textures
[1.025s] -- Up-to-date: /home/spicygen/Desktop/ros_ws/install/bcr_bot/share/bcr_bot//models/aws_robomaker_warehouse_TrashCanC_01/materials/textures/aws_robomaker_warehouse_TrashCanC_01.png
[1.026s] -- Up-to-date: /home/spicygen/Desktop/ros_ws/install/bcr_bot/share/bcr_bot//models/aws_robomaker_warehouse_ShelfD_01
[1.027s] -- Up-to-date: /home/spicygen/Desktop/ros_ws/install/bcr_bot/share/bcr_bot//models/aws_robomaker_warehouse_ShelfD_01/meshes
[1.032s] -- Up-to-date: /home/spicygen/Desktop/ros_ws/install/bcr_bot/share/bcr_bot//models/aws_robomaker_warehouse_ShelfD_01/meshes/aws_robomaker_warehouse_ShelfD_01_visual.DAE
[1.033s] -- Up-to-date: /home/spicygen/Desktop/ros_ws/install/bcr_bot/share/bcr_bot//models/aws_robomaker_warehouse_ShelfD_01/meshes/aws_robomaker_warehouse_ShelfD_01_collision.DAE
[1.035s] -- Up-to-date: /home/spicygen/Desktop/ros_ws/install/bcr_bot/share/bcr_bot//models/aws_robomaker_warehouse_ShelfD_01/model.sdf
[1.037s] -- Up-to-date: /home/spicygen/Desktop/ros_ws/install/bcr_bot/share/bcr_bot//models/aws_robomaker_warehouse_ShelfD_01/model.config
[1.038s] -- Up-to-date: /home/spicygen/Desktop/ros_ws/install/bcr_bot/share/bcr_bot//models/aws_robomaker_warehouse_ShelfD_01/materials
[1.039s] -- Up-to-date: /home/spicygen/Desktop/ros_ws/install/bcr_bot/share/bcr_bot//models/aws_robomaker_warehouse_ShelfD_01/materials/textures
[1.040s] -- Up-to-date: /home/spicygen/Desktop/ros_ws/install/bcr_bot/share/bcr_bot//models/aws_robomaker_warehouse_ShelfD_01/materials/textures/aws_robomaker_warehouse_ShelfD_01.png
[1.041s] -- Up-to-date: /home/spicygen/Desktop/ros_ws/install/bcr_bot/share/bcr_bot//models/aws_robomaker_warehouse_ShelfD_01/materials/textures/aws_robomaker_warehouse_ShelfD_03.png
[1.042s] -- Up-to-date: /home/spicygen/Desktop/ros_ws/install/bcr_bot/share/bcr_bot//models/aws_robomaker_warehouse_ShelfD_01/materials/textures/aws_robomaker_warehouse_ShelfD_02.png
[1.043s] -- Up-to-date: /home/spicygen/Desktop/ros_ws/install/bcr_bot/share/bcr_bot//models/aws_robomaker_warehouse_ShelfD_01/materials/textures/aws_robomaker_warehouse_ShelfD_04.png
[1.044s] -- Up-to-date: /home/spicygen/Desktop/ros_ws/install/bcr_bot/share/bcr_bot//models/aws_robomaker_warehouse_GroundB_01
[1.045s] -- Up-to-date: /home/spicygen/Desktop/ros_ws/install/bcr_bot/share/bcr_bot//models/aws_robomaker_warehouse_GroundB_01/meshes
[1.052s] -- Up-to-date: /home/spicygen/Desktop/ros_ws/install/bcr_bot/share/bcr_bot//models/aws_robomaker_warehouse_GroundB_01/meshes/aws_robomaker_warehouse_GroundB_01_collision.DAE
[1.056s] -- Up-to-date: /home/spicygen/Desktop/ros_ws/install/bcr_bot/share/bcr_bot//models/aws_robomaker_warehouse_GroundB_01/meshes/aws_robomaker_warehouse_GroundB_01_visual.DAE
[1.058s] -- Up-to-date: /home/spicygen/Desktop/ros_ws/install/bcr_bot/share/bcr_bot//models/aws_robomaker_warehouse_GroundB_01/model.sdf
[1.059s] -- Up-to-date: /home/spicygen/Desktop/ros_ws/install/bcr_bot/share/bcr_bot//models/aws_robomaker_warehouse_GroundB_01/model.config
[1.060s] -- Up-to-date: /home/spicygen/Desktop/ros_ws/install/bcr_bot/share/bcr_bot//models/aws_robomaker_warehouse_GroundB_01/materials
[1.061s] -- Up-to-date: /home/spicygen/Desktop/ros_ws/install/bcr_bot/share/bcr_bot//models/aws_robomaker_warehouse_GroundB_01/materials/textures
[1.062s] -- Up-to-date: /home/spicygen/Desktop/ros_ws/install/bcr_bot/share/bcr_bot//models/aws_robomaker_warehouse_GroundB_01/materials/textures/aws_robomaker_warehouse_GroundB_01.png
[1.073s] -- Up-to-date: /home/spicygen/Desktop/ros_ws/install/bcr_bot/share/bcr_bot//models/aws_robomaker_warehouse_GroundB_01/materials/textures/aws_robomaker_warehouse_GroundB_02.png
[1.075s] -- Up-to-date: /home/spicygen/Desktop/ros_ws/install/bcr_bot/share/bcr_bot//models/aws_robomaker_warehouse_Lamp_01
[1.076s] -- Up-to-date: /home/spicygen/Desktop/ros_ws/install/bcr_bot/share/bcr_bot//models/aws_robomaker_warehouse_Lamp_01/meshes
[1.077s] -- Up-to-date: /home/spicygen/Desktop/ros_ws/install/bcr_bot/share/bcr_bot//models/aws_robomaker_warehouse_Lamp_01/meshes/aws_robomaker_warehouse_Lamp_01_collision.DAE
[1.078s] -- Up-to-date: /home/spicygen/Desktop/ros_ws/install/bcr_bot/share/bcr_bot//models/aws_robomaker_warehouse_Lamp_01/meshes/aws_robomaker_warehouse_Lamp_01_visual.DAE
[1.079s] -- Up-to-date: /home/spicygen/Desktop/ros_ws/install/bcr_bot/share/bcr_bot//models/aws_robomaker_warehouse_Lamp_01/model.sdf
[1.080s] -- Up-to-date: /home/spicygen/Desktop/ros_ws/install/bcr_bot/share/bcr_bot//models/aws_robomaker_warehouse_Lamp_01/model.config
[1.084s] -- Up-to-date: /home/spicygen/Desktop/ros_ws/install/bcr_bot/share/bcr_bot//models/aws_robomaker_warehouse_Lamp_01/materials
[1.086s] -- Up-to-date: /home/spicygen/Desktop/ros_ws/install/bcr_bot/share/bcr_bot//models/aws_robomaker_warehouse_Lamp_01/materials/textures
[1.088s] -- Up-to-date: /home/spicygen/Desktop/ros_ws/install/bcr_bot/share/bcr_bot//models/aws_robomaker_warehouse_Lamp_01/materials/textures/aws_robomaker_warehouse_Lamp_01.png
[1.093s] -- Up-to-date: /home/spicygen/Desktop/ros_ws/install/bcr_bot/share/bcr_bot//models/aws_robomaker_warehouse_Bucket_01
[1.096s] -- Up-to-date: /home/spicygen/Desktop/ros_ws/install/bcr_bot/share/bcr_bot//models/aws_robomaker_warehouse_Bucket_01/meshes
[1.098s] -- Up-to-date: /home/spicygen/Desktop/ros_ws/install/bcr_bot/share/bcr_bot//models/aws_robomaker_warehouse_Bucket_01/meshes/aws_robomaker_warehouse_Bucket_01_visual.DAE
[1.100s] -- Up-to-date: /home/spicygen/Desktop/ros_ws/install/bcr_bot/share/bcr_bot//models/aws_robomaker_warehouse_Bucket_01/meshes/aws_robomaker_warehouse_Bucket_01_collision.DAE
[1.101s] -- Up-to-date: /home/spicygen/Desktop/ros_ws/install/bcr_bot/share/bcr_bot//models/aws_robomaker_warehouse_Bucket_01/.DS_Store
[1.103s] -- Up-to-date: /home/spicygen/Desktop/ros_ws/install/bcr_bot/share/bcr_bot//models/aws_robomaker_warehouse_Bucket_01/model.sdf
[1.105s] -- Up-to-date: /home/spicygen/Desktop/ros_ws/install/bcr_bot/share/bcr_bot//models/aws_robomaker_warehouse_Bucket_01/model.config
[1.106s] -- Up-to-date: /home/spicygen/Desktop/ros_ws/install/bcr_bot/share/bcr_bot//models/aws_robomaker_warehouse_Bucket_01/materials
[1.108s] -- Up-to-date: /home/spicygen/Desktop/ros_ws/install/bcr_bot/share/bcr_bot//models/aws_robomaker_warehouse_Bucket_01/materials/.DS_Store
[1.110s] -- Up-to-date: /home/spicygen/Desktop/ros_ws/install/bcr_bot/share/bcr_bot//models/aws_robomaker_warehouse_Bucket_01/materials/textures
[1.111s] -- Up-to-date: /home/spicygen/Desktop/ros_ws/install/bcr_bot/share/bcr_bot//models/aws_robomaker_warehouse_Bucket_01/materials/textures/aws_robomaker_warehouse_Bucket_01.png
[1.112s] -- Up-to-date: /home/spicygen/Desktop/ros_ws/install/bcr_bot/share/bcr_bot//models/aws_robomaker_warehouse_RoofB_01
[1.113s] -- Up-to-date: /home/spicygen/Desktop/ros_ws/install/bcr_bot/share/bcr_bot//models/aws_robomaker_warehouse_RoofB_01/meshes
[1.114s] -- Up-to-date: /home/spicygen/Desktop/ros_ws/install/bcr_bot/share/bcr_bot//models/aws_robomaker_warehouse_RoofB_01/meshes/aws_robomaker_warehouse_RoofB_01_visual.DAE
[1.115s] -- Up-to-date: /home/spicygen/Desktop/ros_ws/install/bcr_bot/share/bcr_bot//models/aws_robomaker_warehouse_RoofB_01/meshes/aws_robomaker_warehouse_RoofB_01_collision.DAE
[1.116s] -- Up-to-date: /home/spicygen/Desktop/ros_ws/install/bcr_bot/share/bcr_bot//models/aws_robomaker_warehouse_RoofB_01/model.sdf
[1.117s] -- Up-to-date: /home/spicygen/Desktop/ros_ws/install/bcr_bot/share/bcr_bot//models/aws_robomaker_warehouse_RoofB_01/model.config
[1.118s] -- Up-to-date: /home/spicygen/Desktop/ros_ws/install/bcr_bot/share/bcr_bot//models/aws_robomaker_warehouse_RoofB_01/materials
[1.119s] -- Up-to-date: /home/spicygen/Desktop/ros_ws/install/bcr_bot/share/bcr_bot//models/aws_robomaker_warehouse_RoofB_01/materials/textures
[1.120s] -- Up-to-date: /home/spicygen/Desktop/ros_ws/install/bcr_bot/share/bcr_bot//models/aws_robomaker_warehouse_RoofB_01/materials/textures/aws_robomaker_warehouse_RoofB_01.png
[1.121s] -- Up-to-date: /home/spicygen/Desktop/ros_ws/install/bcr_bot/share/bcr_bot//models/aws_robomaker_warehouse_ShelfE_01
[1.122s] -- Up-to-date: /home/spicygen/Desktop/ros_ws/install/bcr_bot/share/bcr_bot//models/aws_robomaker_warehouse_ShelfE_01/meshes
[1.123s] -- Up-to-date: /home/spicygen/Desktop/ros_ws/install/bcr_bot/share/bcr_bot//models/aws_robomaker_warehouse_ShelfE_01/meshes/aws_robomaker_warehouse_ShelfE_01_visual.DAE
[1.124s] -- Up-to-date: /home/spicygen/Desktop/ros_ws/install/bcr_bot/share/bcr_bot//models/aws_robomaker_warehouse_ShelfE_01/meshes/aws_robomaker_warehouse_ShelfE_01_collision.DAE
[1.125s] -- Up-to-date: /home/spicygen/Desktop/ros_ws/install/bcr_bot/share/bcr_bot//models/aws_robomaker_warehouse_ShelfE_01/.DS_Store
[1.126s] -- Up-to-date: /home/spicygen/Desktop/ros_ws/install/bcr_bot/share/bcr_bot//models/aws_robomaker_warehouse_ShelfE_01/model.sdf
[1.127s] -- Up-to-date: /home/spicygen/Desktop/ros_ws/install/bcr_bot/share/bcr_bot//models/aws_robomaker_warehouse_ShelfE_01/model.config
[1.128s] -- Up-to-date: /home/spicygen/Desktop/ros_ws/install/bcr_bot/share/bcr_bot//models/aws_robomaker_warehouse_ShelfE_01/materials
[1.129s] -- Up-to-date: /home/spicygen/Desktop/ros_ws/install/bcr_bot/share/bcr_bot//models/aws_robomaker_warehouse_ShelfE_01/materials/.DS_Store
[1.130s] -- Up-to-date: /home/spicygen/Desktop/ros_ws/install/bcr_bot/share/bcr_bot//models/aws_robomaker_warehouse_ShelfE_01/materials/textures
[1.131s] -- Up-to-date: /home/spicygen/Desktop/ros_ws/install/bcr_bot/share/bcr_bot//models/aws_robomaker_warehouse_ShelfE_01/materials/textures/aws_robomaker_warehouse_ShelfE_01.png
[1.132s] -- Up-to-date: /home/spicygen/Desktop/ros_ws/install/bcr_bot/share/bcr_bot//models/aws_robomaker_warehouse_ShelfE_01/materials/textures/aws_robomaker_warehouse_ShelfE_02.png
[1.133s] -- Up-to-date: /home/spicygen/Desktop/ros_ws/install/bcr_bot/share/bcr_bot//models/aws_robomaker_warehouse_ShelfE_01/materials/textures/aws_robomaker_warehouse_ShelfE_04.png
[1.135s] -- Up-to-date: /home/spicygen/Desktop/ros_ws/install/bcr_bot/share/bcr_bot//models/aws_robomaker_warehouse_ShelfE_01/materials/textures/aws_robomaker_warehouse_ShelfE_03.png
[1.136s] -- Up-to-date: /home/spicygen/Desktop/ros_ws/install/bcr_bot/share/bcr_bot//urdf
[1.137s] -- Up-to-date: /home/spicygen/Desktop/ros_ws/install/bcr_bot/share/bcr_bot//urdf/bcr_bot.xacro
[1.138s] -- Up-to-date: /home/spicygen/Desktop/ros_ws/install/bcr_bot/share/bcr_bot//urdf/multi_gazebo.xacro
[1.140s] -- Up-to-date: /home/spicygen/Desktop/ros_ws/install/bcr_bot/share/bcr_bot//urdf/multi_bcr_bot.xacro
[1.141s] -- Up-to-date: /home/spicygen/Desktop/ros_ws/install/bcr_bot/share/bcr_bot//urdf/gz.xacro
[1.143s] -- Up-to-date: /home/spicygen/Desktop/ros_ws/install/bcr_bot/share/bcr_bot//urdf/gazebo.xacro
[1.144s] -- Up-to-date: /home/spicygen/Desktop/ros_ws/install/bcr_bot/share/bcr_bot//urdf/ign.xacro
[1.145s] -- Up-to-date: /home/spicygen/Desktop/ros_ws/install/bcr_bot/share/bcr_bot//urdf/materials.xacro
[1.146s] -- Up-to-date: /home/spicygen/Desktop/ros_ws/install/bcr_bot/share/bcr_bot//urdf/macros.xacro
[1.147s] -- Up-to-date: /home/spicygen/Desktop/ros_ws/install/bcr_bot/share/bcr_bot//worlds
[1.148s] -- Up-to-date: /home/spicygen/Desktop/ros_ws/install/bcr_bot/share/bcr_bot//worlds/empty.sdf
[1.150s] -- Up-to-date: /home/spicygen/Desktop/ros_ws/install/bcr_bot/share/bcr_bot//worlds/small_warehouse.sdf
[1.151s] -- Up-to-date: /home/spicygen/Desktop/ros_ws/install/bcr_bot/share/bcr_bot//rviz
[1.152s] -- Up-to-date: /home/spicygen/Desktop/ros_ws/install/bcr_bot/share/bcr_bot//rviz/entire_setup.rviz
[1.153s] -- Up-to-date: /home/spicygen/Desktop/ros_ws/install/bcr_bot/share/bcr_bot//rviz/map.rviz
[1.155s] -- Up-to-date: /home/spicygen/Desktop/ros_ws/install/bcr_bot/share/bcr_bot//Detectionmodels
[1.156s] -- Up-to-date: /home/spicygen/Desktop/ros_ws/install/bcr_bot/share/bcr_bot//Detectionmodels/cone_detection.pt
[1.158s] -- Up-to-date: /home/spicygen/Desktop/ros_ws/install/bcr_bot/share/bcr_bot//Detectionmodels/cone_detection.onnx
[1.159s] -- Up-to-date: /home/spicygen/Desktop/ros_ws/install/bcr_bot/share/bcr_bot/config
[1.160s] -- Up-to-date: /home/spicygen/Desktop/ros_ws/install/bcr_bot/share/bcr_bot/config/bcr_map.yaml
[1.162s] -- Up-to-date: /home/spicygen/Desktop/ros_ws/install/bcr_bot/share/bcr_bot/config/mapper_params_online_async.yaml
[1.163s] -- Up-to-date: /home/spicygen/Desktop/ros_ws/install/bcr_bot/share/bcr_bot/config/bcr_map.pgm
[1.164s] -- Up-to-date: /home/spicygen/Desktop/ros_ws/install/bcr_bot/share/bcr_bot/config/nav2_params.yaml
[1.165s] -- Up-to-date: /home/spicygen/Desktop/ros_ws/install/bcr_bot/lib/bcr_bot/remapper.py
[1.166s] -- Up-to-date: /home/spicygen/Desktop/ros_ws/install/bcr_bot/lib/bcr_bot/objdetection.py
[1.167s] -- Up-to-date: /home/spicygen/Desktop/ros_ws/install/bcr_bot/share/ament_index/resource_index/package_run_dependencies/bcr_bot
[1.167s] -- Up-to-date: /home/spicygen/Desktop/ros_ws/install/bcr_bot/share/ament_index/resource_index/parent_prefix_path/bcr_bot
[1.168s] -- Up-to-date: /home/spicygen/Desktop/ros_ws/install/bcr_bot/share/bcr_bot/environment/ament_prefix_path.sh
[1.169s] -- Up-to-date: /home/spicygen/Desktop/ros_ws/install/bcr_bot/share/bcr_bot/environment/ament_prefix_path.dsv
[1.170s] -- Up-to-date: /home/spicygen/Desktop/ros_ws/install/bcr_bot/share/bcr_bot/environment/path.sh
[1.171s] -- Up-to-date: /home/spicygen/Desktop/ros_ws/install/bcr_bot/share/bcr_bot/environment/path.dsv
[1.172s] -- Up-to-date: /home/spicygen/Desktop/ros_ws/install/bcr_bot/share/bcr_bot/local_setup.bash
[1.173s] -- Up-to-date: /home/spicygen/Desktop/ros_ws/install/bcr_bot/share/bcr_bot/local_setup.sh
[1.175s] -- Up-to-date: /home/spicygen/Desktop/ros_ws/install/bcr_bot/share/bcr_bot/local_setup.zsh
[1.176s] -- Up-to-date: /home/spicygen/Desktop/ros_ws/install/bcr_bot/share/bcr_bot/local_setup.dsv
[1.177s] -- Installing: /home/spicygen/Desktop/ros_ws/install/bcr_bot/share/bcr_bot/package.dsv
[1.177s] -- Up-to-date: /home/spicygen/Desktop/ros_ws/install/bcr_bot/share/ament_index/resource_index/packages/bcr_bot
[1.178s] -- Up-to-date: /home/spicygen/Desktop/ros_ws/install/bcr_bot/share/bcr_bot/cmake/bcr_botConfig.cmake
[1.178s] -- Up-to-date: /home/spicygen/Desktop/ros_ws/install/bcr_bot/share/bcr_bot/cmake/bcr_botConfig-version.cmake
[1.179s] -- Up-to-date: /home/spicygen/Desktop/ros_ws/install/bcr_bot/share/bcr_bot/package.xml
[1.184s] Invoked command in '/home/spicygen/Desktop/ros_ws/build/bcr_bot' returned '0': CMAKE_PREFIX_PATH=${CMAKE_PREFIX_PATH}:/opt/ros/humble /usr/bin/cmake --install /home/spicygen/Desktop/ros_ws/build/bcr_bot
