[0.209s] Invoking command in '/home/spicygen/Desktop/ros_ws/build/multirobot_map_merge': CMAKE_PREFIX_PATH=${CMAKE_PREFIX_PATH}:/opt/ros/humble /usr/bin/cmake --build /home/spicygen/Desktop/ros_ws/build/multirobot_map_merge -- -j8 -l8
[0.834s] [ 16%] Built target gtest_main
[0.923s] [ 33%] Built target gtest
[1.008s] [ 66%] Built target combine_grids
[1.173s] [ 91%] Built target test_merging_pipeline
[1.173s] [100%] Built target map_merge
[1.397s] Invoked command in '/home/spicygen/Desktop/ros_ws/build/multirobot_map_merge' returned '0': CMAKE_PREFIX_PATH=${CMAKE_PREFIX_PATH}:/opt/ros/humble /usr/bin/cmake --build /home/spicygen/Desktop/ros_ws/build/multirobot_map_merge -- -j8 -l8
[1.403s] Invoking command in '/home/spicygen/Desktop/ros_ws/build/multirobot_map_merge': CMAKE_PREFIX_PATH=${CMAKE_PREFIX_PATH}:/opt/ros/humble /usr/bin/cmake --install /home/spicygen/Desktop/ros_ws/build/multirobot_map_merge
[1.463s] -- Install configuration: ""
[1.465s] -- Execute custom install script
[1.466s] -- Up-to-date symlink: /home/spicygen/Desktop/ros_ws/install/multirobot_map_merge/include/map_merge//map_merge.h
[1.467s] -- Up-to-date symlink: /home/spicygen/Desktop/ros_ws/install/multirobot_map_merge/include/map_merge//ros1_names.hpp
[1.468s] -- Up-to-date symlink: /home/spicygen/Desktop/ros_ws/install/multirobot_map_merge/share/multirobot_map_merge/launch/from_map_server.launch.py
[1.468s] -- Up-to-date symlink: /home/spicygen/Desktop/ros_ws/install/multirobot_map_merge/share/multirobot_map_merge/launch/map_merge.launch.py
[1.468s] -- Up-to-date symlink: /home/spicygen/Desktop/ros_ws/install/multirobot_map_merge/share/multirobot_map_merge/launch/map_merge.rviz
[1.469s] -- Up-to-date symlink: /home/spicygen/Desktop/ros_ws/install/multirobot_map_merge/share/multirobot_map_merge/launch/tb3_simulation/bringup_launch.py
[1.469s] -- Up-to-date symlink: /home/spicygen/Desktop/ros_ws/install/multirobot_map_merge/share/multirobot_map_merge/launch/tb3_simulation/config/nav2_multirobot_params_1.yaml
[1.469s] -- Up-to-date symlink: /home/spicygen/Desktop/ros_ws/install/multirobot_map_merge/share/multirobot_map_merge/launch/tb3_simulation/config/nav2_multirobot_params_2.yaml
[1.469s] -- Up-to-date symlink: /home/spicygen/Desktop/ros_ws/install/multirobot_map_merge/share/multirobot_map_merge/launch/tb3_simulation/multi_tb3_simulation_launch.py
[1.470s] -- Up-to-date symlink: /home/spicygen/Desktop/ros_ws/install/multirobot_map_merge/share/multirobot_map_merge/launch/tb3_simulation/slam_toolbox.py
[1.470s] -- Up-to-date symlink: /home/spicygen/Desktop/ros_ws/install/multirobot_map_merge/share/multirobot_map_merge/launch/tb3_simulation/tb3_simulation_launch.py
[1.470s] -- Up-to-date symlink: /home/spicygen/Desktop/ros_ws/install/multirobot_map_merge/share/multirobot_map_merge/launch/tb3_simulation/worlds/world_only.model
[1.471s] -- Up-to-date symlink: /home/spicygen/Desktop/ros_ws/install/multirobot_map_merge/share/multirobot_map_merge/config/params.yaml
[1.472s] -- Up-to-date symlink: /home/spicygen/Desktop/ros_ws/install/multirobot_map_merge/lib/multirobot_map_merge/map_merge
[1.472s] -- Up-to-date symlink: /home/spicygen/Desktop/ros_ws/install/multirobot_map_merge/share/multirobot_map_merge/environment/library_path.sh
[1.473s] -- Up-to-date symlink: /home/spicygen/Desktop/ros_ws/install/multirobot_map_merge/share/multirobot_map_merge/environment/library_path.dsv
[1.473s] -- Up-to-date symlink: /home/spicygen/Desktop/ros_ws/install/multirobot_map_merge/share/ament_index/resource_index/package_run_dependencies/multirobot_map_merge
[1.473s] -- Up-to-date symlink: /home/spicygen/Desktop/ros_ws/install/multirobot_map_merge/share/ament_index/resource_index/parent_prefix_path/multirobot_map_merge
[1.474s] -- Up-to-date symlink: /home/spicygen/Desktop/ros_ws/install/multirobot_map_merge/share/multirobot_map_merge/environment/ament_prefix_path.sh
[1.474s] -- Up-to-date symlink: /home/spicygen/Desktop/ros_ws/install/multirobot_map_merge/share/multirobot_map_merge/environment/ament_prefix_path.dsv
[1.475s] -- Up-to-date symlink: /home/spicygen/Desktop/ros_ws/install/multirobot_map_merge/share/multirobot_map_merge/environment/path.sh
[1.475s] -- Up-to-date symlink: /home/spicygen/Desktop/ros_ws/install/multirobot_map_merge/share/multirobot_map_merge/environment/path.dsv
[1.475s] -- Up-to-date symlink: /home/spicygen/Desktop/ros_ws/install/multirobot_map_merge/share/multirobot_map_merge/local_setup.bash
[1.476s] -- Up-to-date symlink: /home/spicygen/Desktop/ros_ws/install/multirobot_map_merge/share/multirobot_map_merge/local_setup.sh
[1.476s] -- Up-to-date symlink: /home/spicygen/Desktop/ros_ws/install/multirobot_map_merge/share/multirobot_map_merge/local_setup.zsh
[1.476s] -- Up-to-date symlink: /home/spicygen/Desktop/ros_ws/install/multirobot_map_merge/share/multirobot_map_merge/local_setup.dsv
[1.476s] -- Symlinking: /home/spicygen/Desktop/ros_ws/install/multirobot_map_merge/share/multirobot_map_merge/package.dsv
[1.512s] -- Up-to-date symlink: /home/spicygen/Desktop/ros_ws/install/multirobot_map_merge/share/ament_index/resource_index/packages/multirobot_map_merge
[1.535s] -- Up-to-date symlink: /home/spicygen/Desktop/ros_ws/install/multirobot_map_merge/share/multirobot_map_merge/cmake/ament_cmake_export_include_directories-extras.cmake
[1.568s] -- Up-to-date symlink: /home/spicygen/Desktop/ros_ws/install/multirobot_map_merge/share/multirobot_map_merge/cmake/ament_cmake_export_libraries-extras.cmake
[1.590s] -- Up-to-date symlink: /home/spicygen/Desktop/ros_ws/install/multirobot_map_merge/share/multirobot_map_merge/cmake/multirobot_map_mergeConfig.cmake
[1.601s] -- Up-to-date symlink: /home/spicygen/Desktop/ros_ws/install/multirobot_map_merge/share/multirobot_map_merge/cmake/multirobot_map_mergeConfig-version.cmake
[1.602s] -- Up-to-date symlink: /home/spicygen/Desktop/ros_ws/install/multirobot_map_merge/share/multirobot_map_merge/package.xml
[1.602s] -- Up-to-date: /home/spicygen/Desktop/ros_ws/install/multirobot_map_merge/lib/libcombine_grids.a
[1.606s] Invoked command in '/home/spicygen/Desktop/ros_ws/build/multirobot_map_merge' returned '0': CMAKE_PREFIX_PATH=${CMAKE_PREFIX_PATH}:/opt/ros/humble /usr/bin/cmake --install /home/spicygen/Desktop/ros_ws/build/multirobot_map_merge
