[0.254s] DEBUG:colcon:Command line arguments: ['/usr/bin/colcon', 'build']
[0.254s] DEBUG:colcon:Parsed command line arguments: Namespace(log_base=None, log_level=None, verb_name='build', build_base='build', install_base='install', merge_install=False, symlink_install=False, test_result_base=None, continue_on_error=False, executor='parallel', parallel_workers=8, event_handlers=None, ignore_user_meta=False, metas=['./colcon.meta'], base_paths=['.'], packages_ignore=None, packages_ignore_regex=None, paths=None, packages_up_to=None, packages_up_to_regex=None, packages_above=None, packages_above_and_dependencies=None, packages_above_depth=None, packages_select_by_dep=None, packages_skip_by_dep=None, packages_skip_up_to=None, packages_select_build_failed=False, packages_skip_build_finished=False, packages_select_test_failures=False, packages_skip_test_passed=False, packages_select=None, packages_skip=None, packages_select_regex=None, packages_skip_regex=None, packages_start=None, packages_end=None, allow_overriding=[], cmake_args=None, cmake_target=None, cmake_target_skip_unavailable=False, cmake_clean_cache=False, cmake_clean_first=False, cmake_force_configure=False, ament_cmake_args=None, catkin_cmake_args=None, catkin_skip_building_tests=False, mixin_files=None, mixin=None, verb_parser=<colcon_mixin.mixin.mixin_argument.MixinArgumentDecorator object at 0x768d2af6ad10>, verb_extension=<colcon_core.verb.build.BuildVerb object at 0x768d2af6a830>, main=<bound method BuildVerb.main of <colcon_core.verb.build.BuildVerb object at 0x768d2af6a830>>, mixin_verb=('build',))
[0.678s] Level 1:colcon.colcon_core.package_discovery:discover_packages(colcon_meta) check parameters
[0.679s] Level 1:colcon.colcon_core.package_discovery:discover_packages(recursive) check parameters
[0.679s] Level 1:colcon.colcon_core.package_discovery:discover_packages(ignore) check parameters
[0.679s] Level 1:colcon.colcon_core.package_discovery:discover_packages(path) check parameters
[0.679s] Level 1:colcon.colcon_core.package_discovery:discover_packages(colcon_meta) discover
[0.679s] Level 1:colcon.colcon_core.package_discovery:discover_packages(recursive) discover
[0.679s] INFO:colcon.colcon_core.package_discovery:Crawling recursively for packages in '/home/spicygen/Desktop/ros_ws'
[0.679s] Level 1:colcon.colcon_core.package_identification:_identify(.) by extensions ['ignore', 'ignore_ament_install']
[0.679s] Level 1:colcon.colcon_core.package_identification:_identify(.) by extension 'ignore'
[0.679s] Level 1:colcon.colcon_core.package_identification:_identify(.) by extension 'ignore_ament_install'
[0.680s] Level 1:colcon.colcon_core.package_identification:_identify(.) by extensions ['colcon_pkg']
[0.680s] Level 1:colcon.colcon_core.package_identification:_identify(.) by extension 'colcon_pkg'
[0.680s] Level 1:colcon.colcon_core.package_identification:_identify(.) by extensions ['colcon_meta']
[0.680s] Level 1:colcon.colcon_core.package_identification:_identify(.) by extension 'colcon_meta'
[0.680s] Level 1:colcon.colcon_core.package_identification:_identify(.) by extensions ['ros']
[0.680s] Level 1:colcon.colcon_core.package_identification:_identify(.) by extension 'ros'
[0.704s] Level 1:colcon.colcon_core.package_identification:_identify(.) by extensions ['cmake', 'python']
[0.704s] Level 1:colcon.colcon_core.package_identification:_identify(.) by extension 'cmake'
[0.704s] Level 1:colcon.colcon_core.package_identification:_identify(.) by extension 'python'
[0.704s] Level 1:colcon.colcon_core.package_identification:_identify(.) by extensions ['python_setup_py']
[0.704s] Level 1:colcon.colcon_core.package_identification:_identify(.) by extension 'python_setup_py'
[0.705s] Level 1:colcon.colcon_core.package_identification:_identify(build) by extensions ['ignore', 'ignore_ament_install']
[0.705s] Level 1:colcon.colcon_core.package_identification:_identify(build) by extension 'ignore'
[0.705s] Level 1:colcon.colcon_core.package_identification:_identify(build) ignored
[0.705s] Level 1:colcon.colcon_core.package_identification:_identify(install) by extensions ['ignore', 'ignore_ament_install']
[0.705s] Level 1:colcon.colcon_core.package_identification:_identify(install) by extension 'ignore'
[0.706s] Level 1:colcon.colcon_core.package_identification:_identify(install) ignored
[0.706s] Level 1:colcon.colcon_core.package_identification:_identify(log) by extensions ['ignore', 'ignore_ament_install']
[0.706s] Level 1:colcon.colcon_core.package_identification:_identify(log) by extension 'ignore'
[0.706s] Level 1:colcon.colcon_core.package_identification:_identify(log) ignored
[0.706s] Level 1:colcon.colcon_core.package_identification:_identify(src) by extensions ['ignore', 'ignore_ament_install']
[0.706s] Level 1:colcon.colcon_core.package_identification:_identify(src) by extension 'ignore'
[0.707s] Level 1:colcon.colcon_core.package_identification:_identify(src) by extension 'ignore_ament_install'
[0.707s] Level 1:colcon.colcon_core.package_identification:_identify(src) by extensions ['colcon_pkg']
[0.707s] Level 1:colcon.colcon_core.package_identification:_identify(src) by extension 'colcon_pkg'
[0.707s] Level 1:colcon.colcon_core.package_identification:_identify(src) by extensions ['colcon_meta']
[0.707s] Level 1:colcon.colcon_core.package_identification:_identify(src) by extension 'colcon_meta'
[0.707s] Level 1:colcon.colcon_core.package_identification:_identify(src) by extensions ['ros']
[0.707s] Level 1:colcon.colcon_core.package_identification:_identify(src) by extension 'ros'
[0.707s] Level 1:colcon.colcon_core.package_identification:_identify(src) by extensions ['cmake', 'python']
[0.707s] Level 1:colcon.colcon_core.package_identification:_identify(src) by extension 'cmake'
[0.707s] Level 1:colcon.colcon_core.package_identification:_identify(src) by extension 'python'
[0.707s] Level 1:colcon.colcon_core.package_identification:_identify(src) by extensions ['python_setup_py']
[0.708s] Level 1:colcon.colcon_core.package_identification:_identify(src) by extension 'python_setup_py'
[0.708s] Level 1:colcon.colcon_core.package_identification:_identify(src/bcr-bot) by extensions ['ignore', 'ignore_ament_install']
[0.708s] Level 1:colcon.colcon_core.package_identification:_identify(src/bcr-bot) by extension 'ignore'
[0.708s] Level 1:colcon.colcon_core.package_identification:_identify(src/bcr-bot) by extension 'ignore_ament_install'
[0.708s] Level 1:colcon.colcon_core.package_identification:_identify(src/bcr-bot) by extensions ['colcon_pkg']
[0.708s] Level 1:colcon.colcon_core.package_identification:_identify(src/bcr-bot) by extension 'colcon_pkg'
[0.708s] Level 1:colcon.colcon_core.package_identification:_identify(src/bcr-bot) by extensions ['colcon_meta']
[0.708s] Level 1:colcon.colcon_core.package_identification:_identify(src/bcr-bot) by extension 'colcon_meta'
[0.709s] Level 1:colcon.colcon_core.package_identification:_identify(src/bcr-bot) by extensions ['ros']
[0.709s] Level 1:colcon.colcon_core.package_identification:_identify(src/bcr-bot) by extension 'ros'
[0.715s] DEBUG:colcon.colcon_core.package_identification:Package 'src/bcr-bot' with type 'ros.ament_cmake' and name 'bcr_bot'
[0.716s] Level 1:colcon.colcon_core.package_identification:_identify(src/m-explore-ros2) by extensions ['ignore', 'ignore_ament_install']
[0.716s] Level 1:colcon.colcon_core.package_identification:_identify(src/m-explore-ros2) by extension 'ignore'
[0.716s] Level 1:colcon.colcon_core.package_identification:_identify(src/m-explore-ros2) by extension 'ignore_ament_install'
[0.716s] Level 1:colcon.colcon_core.package_identification:_identify(src/m-explore-ros2) by extensions ['colcon_pkg']
[0.716s] Level 1:colcon.colcon_core.package_identification:_identify(src/m-explore-ros2) by extension 'colcon_pkg'
[0.716s] Level 1:colcon.colcon_core.package_identification:_identify(src/m-explore-ros2) by extensions ['colcon_meta']
[0.716s] Level 1:colcon.colcon_core.package_identification:_identify(src/m-explore-ros2) by extension 'colcon_meta'
[0.717s] Level 1:colcon.colcon_core.package_identification:_identify(src/m-explore-ros2) by extensions ['ros']
[0.717s] Level 1:colcon.colcon_core.package_identification:_identify(src/m-explore-ros2) by extension 'ros'
[0.717s] Level 1:colcon.colcon_core.package_identification:_identify(src/m-explore-ros2) by extensions ['cmake', 'python']
[0.717s] Level 1:colcon.colcon_core.package_identification:_identify(src/m-explore-ros2) by extension 'cmake'
[0.717s] Level 1:colcon.colcon_core.package_identification:_identify(src/m-explore-ros2) by extension 'python'
[0.717s] Level 1:colcon.colcon_core.package_identification:_identify(src/m-explore-ros2) by extensions ['python_setup_py']
[0.717s] Level 1:colcon.colcon_core.package_identification:_identify(src/m-explore-ros2) by extension 'python_setup_py'
[0.717s] Level 1:colcon.colcon_core.package_identification:_identify(src/m-explore-ros2/explore) by extensions ['ignore', 'ignore_ament_install']
[0.718s] Level 1:colcon.colcon_core.package_identification:_identify(src/m-explore-ros2/explore) by extension 'ignore'
[0.718s] Level 1:colcon.colcon_core.package_identification:_identify(src/m-explore-ros2/explore) by extension 'ignore_ament_install'
[0.718s] Level 1:colcon.colcon_core.package_identification:_identify(src/m-explore-ros2/explore) by extensions ['colcon_pkg']
[0.718s] Level 1:colcon.colcon_core.package_identification:_identify(src/m-explore-ros2/explore) by extension 'colcon_pkg'
[0.718s] Level 1:colcon.colcon_core.package_identification:_identify(src/m-explore-ros2/explore) by extensions ['colcon_meta']
[0.718s] Level 1:colcon.colcon_core.package_identification:_identify(src/m-explore-ros2/explore) by extension 'colcon_meta'
[0.718s] Level 1:colcon.colcon_core.package_identification:_identify(src/m-explore-ros2/explore) by extensions ['ros']
[0.718s] Level 1:colcon.colcon_core.package_identification:_identify(src/m-explore-ros2/explore) by extension 'ros'
[0.721s] DEBUG:colcon.colcon_core.package_identification:Package 'src/m-explore-ros2/explore' with type 'ros.ament_cmake' and name 'explore_lite'
[0.721s] Level 1:colcon.colcon_core.package_identification:_identify(src/m-explore-ros2/map_merge) by extensions ['ignore', 'ignore_ament_install']
[0.722s] Level 1:colcon.colcon_core.package_identification:_identify(src/m-explore-ros2/map_merge) by extension 'ignore'
[0.722s] Level 1:colcon.colcon_core.package_identification:_identify(src/m-explore-ros2/map_merge) by extension 'ignore_ament_install'
[0.722s] Level 1:colcon.colcon_core.package_identification:_identify(src/m-explore-ros2/map_merge) by extensions ['colcon_pkg']
[0.722s] Level 1:colcon.colcon_core.package_identification:_identify(src/m-explore-ros2/map_merge) by extension 'colcon_pkg'
[0.722s] Level 1:colcon.colcon_core.package_identification:_identify(src/m-explore-ros2/map_merge) by extensions ['colcon_meta']
[0.722s] Level 1:colcon.colcon_core.package_identification:_identify(src/m-explore-ros2/map_merge) by extension 'colcon_meta'
[0.722s] Level 1:colcon.colcon_core.package_identification:_identify(src/m-explore-ros2/map_merge) by extensions ['ros']
[0.722s] Level 1:colcon.colcon_core.package_identification:_identify(src/m-explore-ros2/map_merge) by extension 'ros'
[0.739s] DEBUG:colcon.colcon_core.package_identification:Package 'src/m-explore-ros2/map_merge' with type 'ros.ament_cmake' and name 'multirobot_map_merge'
[0.739s] Level 1:colcon.colcon_core.package_identification:_identify(src/slam_gmapping) by extensions ['ignore', 'ignore_ament_install']
[0.740s] Level 1:colcon.colcon_core.package_identification:_identify(src/slam_gmapping) by extension 'ignore'
[0.740s] Level 1:colcon.colcon_core.package_identification:_identify(src/slam_gmapping) by extension 'ignore_ament_install'
[0.740s] Level 1:colcon.colcon_core.package_identification:_identify(src/slam_gmapping) by extensions ['colcon_pkg']
[0.740s] Level 1:colcon.colcon_core.package_identification:_identify(src/slam_gmapping) by extension 'colcon_pkg'
[0.740s] Level 1:colcon.colcon_core.package_identification:_identify(src/slam_gmapping) by extensions ['colcon_meta']
[0.740s] Level 1:colcon.colcon_core.package_identification:_identify(src/slam_gmapping) by extension 'colcon_meta'
[0.740s] Level 1:colcon.colcon_core.package_identification:_identify(src/slam_gmapping) by extensions ['ros']
[0.740s] Level 1:colcon.colcon_core.package_identification:_identify(src/slam_gmapping) by extension 'ros'
[0.741s] Level 1:colcon.colcon_core.package_identification:_identify(src/slam_gmapping) by extensions ['cmake', 'python']
[0.741s] Level 1:colcon.colcon_core.package_identification:_identify(src/slam_gmapping) by extension 'cmake'
[0.741s] Level 1:colcon.colcon_core.package_identification:_identify(src/slam_gmapping) by extension 'python'
[0.741s] Level 1:colcon.colcon_core.package_identification:_identify(src/slam_gmapping) by extensions ['python_setup_py']
[0.741s] Level 1:colcon.colcon_core.package_identification:_identify(src/slam_gmapping) by extension 'python_setup_py'
[0.741s] Level 1:colcon.colcon_core.package_identification:_identify(src/slam_gmapping/openslam_gmapping) by extensions ['ignore', 'ignore_ament_install']
[0.741s] Level 1:colcon.colcon_core.package_identification:_identify(src/slam_gmapping/openslam_gmapping) by extension 'ignore'
[0.741s] Level 1:colcon.colcon_core.package_identification:_identify(src/slam_gmapping/openslam_gmapping) by extension 'ignore_ament_install'
[0.742s] Level 1:colcon.colcon_core.package_identification:_identify(src/slam_gmapping/openslam_gmapping) by extensions ['colcon_pkg']
[0.742s] Level 1:colcon.colcon_core.package_identification:_identify(src/slam_gmapping/openslam_gmapping) by extension 'colcon_pkg'
[0.742s] Level 1:colcon.colcon_core.package_identification:_identify(src/slam_gmapping/openslam_gmapping) by extensions ['colcon_meta']
[0.742s] Level 1:colcon.colcon_core.package_identification:_identify(src/slam_gmapping/openslam_gmapping) by extension 'colcon_meta'
[0.742s] Level 1:colcon.colcon_core.package_identification:_identify(src/slam_gmapping/openslam_gmapping) by extensions ['ros']
[0.742s] Level 1:colcon.colcon_core.package_identification:_identify(src/slam_gmapping/openslam_gmapping) by extension 'ros'
[0.743s] DEBUG:colcon.colcon_core.package_identification:Package 'src/slam_gmapping/openslam_gmapping' with type 'ros.ament_cmake' and name 'openslam_gmapping'
[0.743s] Level 1:colcon.colcon_core.package_identification:_identify(src/slam_gmapping/slam_gmapping) by extensions ['ignore', 'ignore_ament_install']
[0.744s] Level 1:colcon.colcon_core.package_identification:_identify(src/slam_gmapping/slam_gmapping) by extension 'ignore'
[0.744s] Level 1:colcon.colcon_core.package_identification:_identify(src/slam_gmapping/slam_gmapping) by extension 'ignore_ament_install'
[0.744s] Level 1:colcon.colcon_core.package_identification:_identify(src/slam_gmapping/slam_gmapping) by extensions ['colcon_pkg']
[0.744s] Level 1:colcon.colcon_core.package_identification:_identify(src/slam_gmapping/slam_gmapping) by extension 'colcon_pkg'
[0.744s] Level 1:colcon.colcon_core.package_identification:_identify(src/slam_gmapping/slam_gmapping) by extensions ['colcon_meta']
[0.744s] Level 1:colcon.colcon_core.package_identification:_identify(src/slam_gmapping/slam_gmapping) by extension 'colcon_meta'
[0.744s] Level 1:colcon.colcon_core.package_identification:_identify(src/slam_gmapping/slam_gmapping) by extensions ['ros']
[0.744s] Level 1:colcon.colcon_core.package_identification:_identify(src/slam_gmapping/slam_gmapping) by extension 'ros'
[0.747s] DEBUG:colcon.colcon_core.package_identification:Package 'src/slam_gmapping/slam_gmapping' with type 'ros.ament_cmake' and name 'slam_gmapping'
[0.747s] Level 1:colcon.colcon_core.package_discovery:discover_packages(recursive) using defaults
[0.747s] Level 1:colcon.colcon_core.package_discovery:discover_packages(ignore) discover
[0.747s] Level 1:colcon.colcon_core.package_discovery:discover_packages(ignore) using defaults
[0.747s] Level 1:colcon.colcon_core.package_discovery:discover_packages(path) discover
[0.747s] Level 1:colcon.colcon_core.package_discovery:discover_packages(path) using defaults
[0.791s] Level 1:colcon.colcon_core.package_discovery:discover_packages(prefix_path) check parameters
[0.791s] Level 1:colcon.colcon_core.package_discovery:discover_packages(prefix_path) discover
[0.795s] DEBUG:colcon.colcon_installed_package_information.package_discovery:Found 5 installed packages in /home/spicygen/Desktop/ros_ws/install
[0.800s] DEBUG:colcon.colcon_installed_package_information.package_discovery:Found 502 installed packages in /opt/ros/humble
[0.806s] Level 1:colcon.colcon_core.package_discovery:discover_packages(prefix_path) using defaults
[0.947s] Level 5:colcon.colcon_core.verb:set package 'bcr_bot' build argument 'cmake_args' from command line to 'None'
[0.947s] Level 5:colcon.colcon_core.verb:set package 'bcr_bot' build argument 'cmake_target' from command line to 'None'
[0.947s] Level 5:colcon.colcon_core.verb:set package 'bcr_bot' build argument 'cmake_target_skip_unavailable' from command line to 'False'
[0.947s] Level 5:colcon.colcon_core.verb:set package 'bcr_bot' build argument 'cmake_clean_cache' from command line to 'False'
[0.947s] Level 5:colcon.colcon_core.verb:set package 'bcr_bot' build argument 'cmake_clean_first' from command line to 'False'
[0.947s] Level 5:colcon.colcon_core.verb:set package 'bcr_bot' build argument 'cmake_force_configure' from command line to 'False'
[0.947s] Level 5:colcon.colcon_core.verb:set package 'bcr_bot' build argument 'ament_cmake_args' from command line to 'None'
[0.947s] Level 5:colcon.colcon_core.verb:set package 'bcr_bot' build argument 'catkin_cmake_args' from command line to 'None'
[0.947s] Level 5:colcon.colcon_core.verb:set package 'bcr_bot' build argument 'catkin_skip_building_tests' from command line to 'False'
[0.947s] DEBUG:colcon.colcon_core.verb:Building package 'bcr_bot' with the following arguments: {'ament_cmake_args': None, 'build_base': '/home/spicygen/Desktop/ros_ws/build/bcr_bot', 'catkin_cmake_args': None, 'catkin_skip_building_tests': False, 'cmake_args': None, 'cmake_clean_cache': False, 'cmake_clean_first': False, 'cmake_force_configure': False, 'cmake_target': None, 'cmake_target_skip_unavailable': False, 'install_base': '/home/spicygen/Desktop/ros_ws/install/bcr_bot', 'merge_install': False, 'path': '/home/spicygen/Desktop/ros_ws/src/bcr-bot', 'symlink_install': False, 'test_result_base': None}
[0.948s] Level 5:colcon.colcon_core.verb:set package 'explore_lite' build argument 'cmake_args' from command line to 'None'
[0.948s] Level 5:colcon.colcon_core.verb:set package 'explore_lite' build argument 'cmake_target' from command line to 'None'
[0.948s] Level 5:colcon.colcon_core.verb:set package 'explore_lite' build argument 'cmake_target_skip_unavailable' from command line to 'False'
[0.948s] Level 5:colcon.colcon_core.verb:set package 'explore_lite' build argument 'cmake_clean_cache' from command line to 'False'
[0.948s] Level 5:colcon.colcon_core.verb:set package 'explore_lite' build argument 'cmake_clean_first' from command line to 'False'
[0.948s] Level 5:colcon.colcon_core.verb:set package 'explore_lite' build argument 'cmake_force_configure' from command line to 'False'
[0.948s] Level 5:colcon.colcon_core.verb:set package 'explore_lite' build argument 'ament_cmake_args' from command line to 'None'
[0.949s] Level 5:colcon.colcon_core.verb:set package 'explore_lite' build argument 'catkin_cmake_args' from command line to 'None'
[0.949s] Level 5:colcon.colcon_core.verb:set package 'explore_lite' build argument 'catkin_skip_building_tests' from command line to 'False'
[0.949s] DEBUG:colcon.colcon_core.verb:Building package 'explore_lite' with the following arguments: {'ament_cmake_args': None, 'build_base': '/home/spicygen/Desktop/ros_ws/build/explore_lite', 'catkin_cmake_args': None, 'catkin_skip_building_tests': False, 'cmake_args': None, 'cmake_clean_cache': False, 'cmake_clean_first': False, 'cmake_force_configure': False, 'cmake_target': None, 'cmake_target_skip_unavailable': False, 'install_base': '/home/spicygen/Desktop/ros_ws/install/explore_lite', 'merge_install': False, 'path': '/home/spicygen/Desktop/ros_ws/src/m-explore-ros2/explore', 'symlink_install': False, 'test_result_base': None}
[0.949s] Level 5:colcon.colcon_core.verb:set package 'multirobot_map_merge' build argument 'cmake_args' from command line to 'None'
[0.949s] Level 5:colcon.colcon_core.verb:set package 'multirobot_map_merge' build argument 'cmake_target' from command line to 'None'
[0.950s] Level 5:colcon.colcon_core.verb:set package 'multirobot_map_merge' build argument 'cmake_target_skip_unavailable' from command line to 'False'
[0.950s] Level 5:colcon.colcon_core.verb:set package 'multirobot_map_merge' build argument 'cmake_clean_cache' from command line to 'False'
[0.950s] Level 5:colcon.colcon_core.verb:set package 'multirobot_map_merge' build argument 'cmake_clean_first' from command line to 'False'
[0.950s] Level 5:colcon.colcon_core.verb:set package 'multirobot_map_merge' build argument 'cmake_force_configure' from command line to 'False'
[0.950s] Level 5:colcon.colcon_core.verb:set package 'multirobot_map_merge' build argument 'ament_cmake_args' from command line to 'None'
[0.950s] Level 5:colcon.colcon_core.verb:set package 'multirobot_map_merge' build argument 'catkin_cmake_args' from command line to 'None'
[0.950s] Level 5:colcon.colcon_core.verb:set package 'multirobot_map_merge' build argument 'catkin_skip_building_tests' from command line to 'False'
[0.950s] DEBUG:colcon.colcon_core.verb:Building package 'multirobot_map_merge' with the following arguments: {'ament_cmake_args': None, 'build_base': '/home/spicygen/Desktop/ros_ws/build/multirobot_map_merge', 'catkin_cmake_args': None, 'catkin_skip_building_tests': False, 'cmake_args': None, 'cmake_clean_cache': False, 'cmake_clean_first': False, 'cmake_force_configure': False, 'cmake_target': None, 'cmake_target_skip_unavailable': False, 'install_base': '/home/spicygen/Desktop/ros_ws/install/multirobot_map_merge', 'merge_install': False, 'path': '/home/spicygen/Desktop/ros_ws/src/m-explore-ros2/map_merge', 'symlink_install': False, 'test_result_base': None}
[0.951s] Level 5:colcon.colcon_core.verb:set package 'openslam_gmapping' build argument 'cmake_args' from command line to 'None'
[0.951s] Level 5:colcon.colcon_core.verb:set package 'openslam_gmapping' build argument 'cmake_target' from command line to 'None'
[0.951s] Level 5:colcon.colcon_core.verb:set package 'openslam_gmapping' build argument 'cmake_target_skip_unavailable' from command line to 'False'
[0.951s] Level 5:colcon.colcon_core.verb:set package 'openslam_gmapping' build argument 'cmake_clean_cache' from command line to 'False'
[0.951s] Level 5:colcon.colcon_core.verb:set package 'openslam_gmapping' build argument 'cmake_clean_first' from command line to 'False'
[0.951s] Level 5:colcon.colcon_core.verb:set package 'openslam_gmapping' build argument 'cmake_force_configure' from command line to 'False'
[0.951s] Level 5:colcon.colcon_core.verb:set package 'openslam_gmapping' build argument 'ament_cmake_args' from command line to 'None'
[0.951s] Level 5:colcon.colcon_core.verb:set package 'openslam_gmapping' build argument 'catkin_cmake_args' from command line to 'None'
[0.951s] Level 5:colcon.colcon_core.verb:set package 'openslam_gmapping' build argument 'catkin_skip_building_tests' from command line to 'False'
[0.951s] DEBUG:colcon.colcon_core.verb:Building package 'openslam_gmapping' with the following arguments: {'ament_cmake_args': None, 'build_base': '/home/spicygen/Desktop/ros_ws/build/openslam_gmapping', 'catkin_cmake_args': None, 'catkin_skip_building_tests': False, 'cmake_args': None, 'cmake_clean_cache': False, 'cmake_clean_first': False, 'cmake_force_configure': False, 'cmake_target': None, 'cmake_target_skip_unavailable': False, 'install_base': '/home/spicygen/Desktop/ros_ws/install/openslam_gmapping', 'merge_install': False, 'path': '/home/spicygen/Desktop/ros_ws/src/slam_gmapping/openslam_gmapping', 'symlink_install': False, 'test_result_base': None}
[0.952s] Level 5:colcon.colcon_core.verb:set package 'slam_gmapping' build argument 'cmake_args' from command line to 'None'
[0.952s] Level 5:colcon.colcon_core.verb:set package 'slam_gmapping' build argument 'cmake_target' from command line to 'None'
[0.952s] Level 5:colcon.colcon_core.verb:set package 'slam_gmapping' build argument 'cmake_target_skip_unavailable' from command line to 'False'
[0.952s] Level 5:colcon.colcon_core.verb:set package 'slam_gmapping' build argument 'cmake_clean_cache' from command line to 'False'
[0.952s] Level 5:colcon.colcon_core.verb:set package 'slam_gmapping' build argument 'cmake_clean_first' from command line to 'False'
[0.952s] Level 5:colcon.colcon_core.verb:set package 'slam_gmapping' build argument 'cmake_force_configure' from command line to 'False'
[0.952s] Level 5:colcon.colcon_core.verb:set package 'slam_gmapping' build argument 'ament_cmake_args' from command line to 'None'
[0.952s] Level 5:colcon.colcon_core.verb:set package 'slam_gmapping' build argument 'catkin_cmake_args' from command line to 'None'
[0.952s] Level 5:colcon.colcon_core.verb:set package 'slam_gmapping' build argument 'catkin_skip_building_tests' from command line to 'False'
[0.952s] DEBUG:colcon.colcon_core.verb:Building package 'slam_gmapping' with the following arguments: {'ament_cmake_args': None, 'build_base': '/home/spicygen/Desktop/ros_ws/build/slam_gmapping', 'catkin_cmake_args': None, 'catkin_skip_building_tests': False, 'cmake_args': None, 'cmake_clean_cache': False, 'cmake_clean_first': False, 'cmake_force_configure': False, 'cmake_target': None, 'cmake_target_skip_unavailable': False, 'install_base': '/home/spicygen/Desktop/ros_ws/install/slam_gmapping', 'merge_install': False, 'path': '/home/spicygen/Desktop/ros_ws/src/slam_gmapping/slam_gmapping', 'symlink_install': False, 'test_result_base': None}
[0.953s] INFO:colcon.colcon_core.executor:Executing jobs using 'parallel' executor
[0.954s] DEBUG:colcon.colcon_parallel_executor.executor.parallel:run_until_complete
[0.955s] INFO:colcon.colcon_ros.task.ament_cmake.build:Building ROS package in '/home/spicygen/Desktop/ros_ws/src/slam_gmapping/openslam_gmapping' with build type 'ament_cmake'
[0.955s] INFO:colcon.colcon_cmake.task.cmake.build:Building CMake package in '/home/spicygen/Desktop/ros_ws/src/slam_gmapping/openslam_gmapping'
[0.960s] INFO:colcon.colcon_core.plugin_system:Skipping extension 'colcon_core.shell.bat': Not used on non-Windows systems
[0.960s] INFO:colcon.colcon_core.shell:Skip shell extension 'powershell' for command environment: Not usable outside of PowerShell
[0.960s] DEBUG:colcon.colcon_core.shell:Skip shell extension 'dsv' for command environment
[0.970s] INFO:colcon.colcon_ros.task.ament_cmake.build:Building ROS package in '/home/spicygen/Desktop/ros_ws/src/bcr-bot' with build type 'ament_cmake'
[0.970s] INFO:colcon.colcon_cmake.task.cmake.build:Building CMake package in '/home/spicygen/Desktop/ros_ws/src/bcr-bot'
[0.970s] INFO:colcon.colcon_core.shell:Skip shell extension 'powershell' for command environment: Not usable outside of PowerShell
[0.970s] DEBUG:colcon.colcon_core.shell:Skip shell extension 'dsv' for command environment
[0.979s] INFO:colcon.colcon_ros.task.ament_cmake.build:Building ROS package in '/home/spicygen/Desktop/ros_ws/src/m-explore-ros2/explore' with build type 'ament_cmake'
[0.980s] INFO:colcon.colcon_cmake.task.cmake.build:Building CMake package in '/home/spicygen/Desktop/ros_ws/src/m-explore-ros2/explore'
[0.980s] INFO:colcon.colcon_core.shell:Skip shell extension 'powershell' for command environment: Not usable outside of PowerShell
[0.980s] DEBUG:colcon.colcon_core.shell:Skip shell extension 'dsv' for command environment
[0.991s] INFO:colcon.colcon_ros.task.ament_cmake.build:Building ROS package in '/home/spicygen/Desktop/ros_ws/src/m-explore-ros2/map_merge' with build type 'ament_cmake'
[0.991s] INFO:colcon.colcon_cmake.task.cmake.build:Building CMake package in '/home/spicygen/Desktop/ros_ws/src/m-explore-ros2/map_merge'
[0.992s] INFO:colcon.colcon_core.shell:Skip shell extension 'powershell' for command environment: Not usable outside of PowerShell
[0.992s] DEBUG:colcon.colcon_core.shell:Skip shell extension 'dsv' for command environment
[1.015s] DEBUG:colcon.colcon_core.event_handler.log_command:Invoking command in '/home/spicygen/Desktop/ros_ws/build/openslam_gmapping': CMAKE_PREFIX_PATH=${CMAKE_PREFIX_PATH}:/opt/ros/humble /usr/bin/cmake --build /home/spicygen/Desktop/ros_ws/build/openslam_gmapping -- -j8 -l8
[1.021s] DEBUG:colcon.colcon_core.event_handler.log_command:Invoking command in '/home/spicygen/Desktop/ros_ws/build/bcr_bot': CMAKE_PREFIX_PATH=${CMAKE_PREFIX_PATH}:/opt/ros/humble /usr/bin/cmake --build /home/spicygen/Desktop/ros_ws/build/bcr_bot -- -j8 -l8
[1.029s] DEBUG:colcon.colcon_core.event_handler.log_command:Invoking command in '/home/spicygen/Desktop/ros_ws/build/explore_lite': CMAKE_PREFIX_PATH=${CMAKE_PREFIX_PATH}:/opt/ros/humble /usr/bin/cmake --build /home/spicygen/Desktop/ros_ws/build/explore_lite -- -j8 -l8
[1.041s] DEBUG:colcon.colcon_core.event_handler.log_command:Invoking command in '/home/spicygen/Desktop/ros_ws/build/multirobot_map_merge': CMAKE_PREFIX_PATH=${CMAKE_PREFIX_PATH}:/opt/ros/humble /usr/bin/cmake --build /home/spicygen/Desktop/ros_ws/build/multirobot_map_merge -- -j8 -l8
[1.116s] DEBUG:colcon.colcon_core.event_handler.log_command:Invoked command in '/home/spicygen/Desktop/ros_ws/build/bcr_bot' returned '0': CMAKE_PREFIX_PATH=${CMAKE_PREFIX_PATH}:/opt/ros/humble /usr/bin/cmake --build /home/spicygen/Desktop/ros_ws/build/bcr_bot -- -j8 -l8
[1.154s] DEBUG:colcon.colcon_core.event_handler.log_command:Invoking command in '/home/spicygen/Desktop/ros_ws/build/bcr_bot': CMAKE_PREFIX_PATH=${CMAKE_PREFIX_PATH}:/opt/ros/humble /usr/bin/cmake --install /home/spicygen/Desktop/ros_ws/build/bcr_bot
[1.213s] Level 1:colcon.colcon_core.environment:create_environment_scripts_only(bcr_bot)
[1.249s] Level 1:colcon.colcon_core.environment:checking '/home/spicygen/Desktop/ros_ws/install/bcr_bot' for CMake module files
[1.257s] Level 1:colcon.colcon_core.environment:checking '/home/spicygen/Desktop/ros_ws/install/bcr_bot' for CMake config files
[1.281s] Level 1:colcon.colcon_core.shell:create_environment_hook('bcr_bot', 'cmake_prefix_path')
[1.283s] INFO:colcon.colcon_core.shell:Creating environment hook '/home/spicygen/Desktop/ros_ws/install/bcr_bot/share/bcr_bot/hook/cmake_prefix_path.ps1'
[1.288s] INFO:colcon.colcon_core.shell:Creating environment descriptor '/home/spicygen/Desktop/ros_ws/install/bcr_bot/share/bcr_bot/hook/cmake_prefix_path.dsv'
[1.290s] INFO:colcon.colcon_core.shell:Creating environment hook '/home/spicygen/Desktop/ros_ws/install/bcr_bot/share/bcr_bot/hook/cmake_prefix_path.sh'
[1.295s] Level 1:colcon.colcon_core.environment:checking '/home/spicygen/Desktop/ros_ws/install/bcr_bot/lib'
[1.296s] Level 1:colcon.colcon_core.environment:checking '/home/spicygen/Desktop/ros_ws/install/bcr_bot/bin'
[1.296s] Level 1:colcon.colcon_core.environment:checking '/home/spicygen/Desktop/ros_ws/install/bcr_bot/lib/pkgconfig/bcr_bot.pc'
[1.297s] Level 1:colcon.colcon_core.environment:checking '/home/spicygen/Desktop/ros_ws/install/bcr_bot/lib/python3.10/site-packages'
[1.297s] Level 1:colcon.colcon_core.environment:checking '/home/spicygen/Desktop/ros_ws/install/bcr_bot/bin'
[1.298s] INFO:colcon.colcon_core.shell:Creating package script '/home/spicygen/Desktop/ros_ws/install/bcr_bot/share/bcr_bot/package.ps1'
[1.301s] INFO:colcon.colcon_core.shell:Creating package descriptor '/home/spicygen/Desktop/ros_ws/install/bcr_bot/share/bcr_bot/package.dsv'
[1.303s] INFO:colcon.colcon_core.shell:Creating package script '/home/spicygen/Desktop/ros_ws/install/bcr_bot/share/bcr_bot/package.sh'
[1.306s] INFO:colcon.colcon_core.shell:Creating package script '/home/spicygen/Desktop/ros_ws/install/bcr_bot/share/bcr_bot/package.bash'
[1.309s] DEBUG:colcon.colcon_core.event_handler.log_command:Invoked command in '/home/spicygen/Desktop/ros_ws/build/bcr_bot' returned '0': CMAKE_PREFIX_PATH=${CMAKE_PREFIX_PATH}:/opt/ros/humble /usr/bin/cmake --install /home/spicygen/Desktop/ros_ws/build/bcr_bot
[1.311s] INFO:colcon.colcon_core.shell:Creating package script '/home/spicygen/Desktop/ros_ws/install/bcr_bot/share/bcr_bot/package.zsh'
[1.315s] Level 1:colcon.colcon_core.environment:create_file_with_runtime_dependencies(/home/spicygen/Desktop/ros_ws/install/bcr_bot/share/colcon-core/packages/bcr_bot)
[1.317s] Level 1:colcon.colcon_core.environment:create_environment_scripts_only(bcr_bot)
[1.318s] Level 1:colcon.colcon_core.environment:checking '/home/spicygen/Desktop/ros_ws/install/bcr_bot' for CMake module files
[1.320s] Level 1:colcon.colcon_core.environment:checking '/home/spicygen/Desktop/ros_ws/install/bcr_bot' for CMake config files
[1.321s] Level 1:colcon.colcon_core.shell:create_environment_hook('bcr_bot', 'cmake_prefix_path')
[1.322s] INFO:colcon.colcon_core.shell:Creating environment hook '/home/spicygen/Desktop/ros_ws/install/bcr_bot/share/bcr_bot/hook/cmake_prefix_path.ps1'
[1.324s] INFO:colcon.colcon_core.shell:Creating environment descriptor '/home/spicygen/Desktop/ros_ws/install/bcr_bot/share/bcr_bot/hook/cmake_prefix_path.dsv'
[1.325s] INFO:colcon.colcon_core.shell:Creating environment hook '/home/spicygen/Desktop/ros_ws/install/bcr_bot/share/bcr_bot/hook/cmake_prefix_path.sh'
[1.327s] Level 1:colcon.colcon_core.environment:checking '/home/spicygen/Desktop/ros_ws/install/bcr_bot/lib'
[1.327s] Level 1:colcon.colcon_core.environment:checking '/home/spicygen/Desktop/ros_ws/install/bcr_bot/bin'
[1.328s] Level 1:colcon.colcon_core.environment:checking '/home/spicygen/Desktop/ros_ws/install/bcr_bot/lib/pkgconfig/bcr_bot.pc'
[1.328s] Level 1:colcon.colcon_core.environment:checking '/home/spicygen/Desktop/ros_ws/install/bcr_bot/lib/python3.10/site-packages'
[1.329s] Level 1:colcon.colcon_core.environment:checking '/home/spicygen/Desktop/ros_ws/install/bcr_bot/bin'
[1.330s] INFO:colcon.colcon_core.shell:Creating package script '/home/spicygen/Desktop/ros_ws/install/bcr_bot/share/bcr_bot/package.ps1'
[1.332s] INFO:colcon.colcon_core.shell:Creating package descriptor '/home/spicygen/Desktop/ros_ws/install/bcr_bot/share/bcr_bot/package.dsv'
[1.334s] INFO:colcon.colcon_core.shell:Creating package script '/home/spicygen/Desktop/ros_ws/install/bcr_bot/share/bcr_bot/package.sh'
[1.335s] INFO:colcon.colcon_core.shell:Creating package script '/home/spicygen/Desktop/ros_ws/install/bcr_bot/share/bcr_bot/package.bash'
[1.336s] INFO:colcon.colcon_core.shell:Creating package script '/home/spicygen/Desktop/ros_ws/install/bcr_bot/share/bcr_bot/package.zsh'
[1.337s] Level 1:colcon.colcon_core.environment:create_file_with_runtime_dependencies(/home/spicygen/Desktop/ros_ws/install/bcr_bot/share/colcon-core/packages/bcr_bot)
[1.341s] DEBUG:colcon.colcon_core.event_handler.log_command:Invoked command in '/home/spicygen/Desktop/ros_ws/build/explore_lite' returned '0': CMAKE_PREFIX_PATH=${CMAKE_PREFIX_PATH}:/opt/ros/humble /usr/bin/cmake --build /home/spicygen/Desktop/ros_ws/build/explore_lite -- -j8 -l8
[1.345s] DEBUG:colcon.colcon_core.event_handler.log_command:Invoking command in '/home/spicygen/Desktop/ros_ws/build/explore_lite': CMAKE_PREFIX_PATH=${CMAKE_PREFIX_PATH}:/opt/ros/humble /usr/bin/cmake --install /home/spicygen/Desktop/ros_ws/build/explore_lite
[1.347s] DEBUG:colcon.colcon_core.event_handler.log_command:Invoked command in '/home/spicygen/Desktop/ros_ws/build/multirobot_map_merge' returned '0': CMAKE_PREFIX_PATH=${CMAKE_PREFIX_PATH}:/opt/ros/humble /usr/bin/cmake --build /home/spicygen/Desktop/ros_ws/build/multirobot_map_merge -- -j8 -l8
[1.352s] DEBUG:colcon.colcon_core.event_handler.log_command:Invoking command in '/home/spicygen/Desktop/ros_ws/build/multirobot_map_merge': CMAKE_PREFIX_PATH=${CMAKE_PREFIX_PATH}:/opt/ros/humble /usr/bin/cmake --install /home/spicygen/Desktop/ros_ws/build/multirobot_map_merge
[1.374s] Level 1:colcon.colcon_core.environment:create_environment_scripts_only(explore_lite)
[1.375s] Level 1:colcon.colcon_core.environment:checking '/home/spicygen/Desktop/ros_ws/install/explore_lite' for CMake module files
[1.380s] Level 1:colcon.colcon_core.environment:checking '/home/spicygen/Desktop/ros_ws/install/explore_lite' for CMake config files
[1.382s] DEBUG:colcon.colcon_core.event_handler.log_command:Invoked command in '/home/spicygen/Desktop/ros_ws/build/explore_lite' returned '0': CMAKE_PREFIX_PATH=${CMAKE_PREFIX_PATH}:/opt/ros/humble /usr/bin/cmake --install /home/spicygen/Desktop/ros_ws/build/explore_lite
[1.383s] Level 1:colcon.colcon_core.shell:create_environment_hook('explore_lite', 'cmake_prefix_path')
[1.384s] INFO:colcon.colcon_core.shell:Creating environment hook '/home/spicygen/Desktop/ros_ws/install/explore_lite/share/explore_lite/hook/cmake_prefix_path.ps1'
[1.384s] INFO:colcon.colcon_core.shell:Creating environment descriptor '/home/spicygen/Desktop/ros_ws/install/explore_lite/share/explore_lite/hook/cmake_prefix_path.dsv'
[1.385s] INFO:colcon.colcon_core.shell:Creating environment hook '/home/spicygen/Desktop/ros_ws/install/explore_lite/share/explore_lite/hook/cmake_prefix_path.sh'
[1.386s] Level 1:colcon.colcon_core.environment:checking '/home/spicygen/Desktop/ros_ws/install/explore_lite/lib'
[1.387s] Level 1:colcon.colcon_core.environment:checking '/home/spicygen/Desktop/ros_ws/install/explore_lite/bin'
[1.387s] Level 1:colcon.colcon_core.environment:checking '/home/spicygen/Desktop/ros_ws/install/explore_lite/lib/pkgconfig/explore_lite.pc'
[1.387s] Level 1:colcon.colcon_core.environment:checking '/home/spicygen/Desktop/ros_ws/install/explore_lite/lib/python3.10/site-packages'
[1.388s] Level 1:colcon.colcon_core.environment:checking '/home/spicygen/Desktop/ros_ws/install/explore_lite/bin'
[1.388s] INFO:colcon.colcon_core.shell:Creating package script '/home/spicygen/Desktop/ros_ws/install/explore_lite/share/explore_lite/package.ps1'
[1.389s] INFO:colcon.colcon_core.shell:Creating package descriptor '/home/spicygen/Desktop/ros_ws/install/explore_lite/share/explore_lite/package.dsv'
[1.390s] INFO:colcon.colcon_core.shell:Creating package script '/home/spicygen/Desktop/ros_ws/install/explore_lite/share/explore_lite/package.sh'
[1.391s] INFO:colcon.colcon_core.shell:Creating package script '/home/spicygen/Desktop/ros_ws/install/explore_lite/share/explore_lite/package.bash'
[1.392s] INFO:colcon.colcon_core.shell:Creating package script '/home/spicygen/Desktop/ros_ws/install/explore_lite/share/explore_lite/package.zsh'
[1.392s] Level 1:colcon.colcon_core.environment:create_file_with_runtime_dependencies(/home/spicygen/Desktop/ros_ws/install/explore_lite/share/colcon-core/packages/explore_lite)
[1.394s] Level 1:colcon.colcon_core.environment:create_environment_scripts_only(explore_lite)
[1.394s] Level 1:colcon.colcon_core.environment:checking '/home/spicygen/Desktop/ros_ws/install/explore_lite' for CMake module files
[1.395s] Level 1:colcon.colcon_core.environment:checking '/home/spicygen/Desktop/ros_ws/install/explore_lite' for CMake config files
[1.396s] Level 1:colcon.colcon_core.shell:create_environment_hook('explore_lite', 'cmake_prefix_path')
[1.396s] INFO:colcon.colcon_core.shell:Creating environment hook '/home/spicygen/Desktop/ros_ws/install/explore_lite/share/explore_lite/hook/cmake_prefix_path.ps1'
[1.397s] INFO:colcon.colcon_core.shell:Creating environment descriptor '/home/spicygen/Desktop/ros_ws/install/explore_lite/share/explore_lite/hook/cmake_prefix_path.dsv'
[1.398s] INFO:colcon.colcon_core.shell:Creating environment hook '/home/spicygen/Desktop/ros_ws/install/explore_lite/share/explore_lite/hook/cmake_prefix_path.sh'
[1.399s] Level 1:colcon.colcon_core.environment:checking '/home/spicygen/Desktop/ros_ws/install/explore_lite/lib'
[1.399s] Level 1:colcon.colcon_core.environment:checking '/home/spicygen/Desktop/ros_ws/install/explore_lite/bin'
[1.399s] Level 1:colcon.colcon_core.environment:checking '/home/spicygen/Desktop/ros_ws/install/explore_lite/lib/pkgconfig/explore_lite.pc'
[1.399s] Level 1:colcon.colcon_core.environment:checking '/home/spicygen/Desktop/ros_ws/install/explore_lite/lib/python3.10/site-packages'
[1.400s] Level 1:colcon.colcon_core.environment:checking '/home/spicygen/Desktop/ros_ws/install/explore_lite/bin'
[1.400s] INFO:colcon.colcon_core.shell:Creating package script '/home/spicygen/Desktop/ros_ws/install/explore_lite/share/explore_lite/package.ps1'
[1.401s] INFO:colcon.colcon_core.shell:Creating package descriptor '/home/spicygen/Desktop/ros_ws/install/explore_lite/share/explore_lite/package.dsv'
[1.402s] INFO:colcon.colcon_core.shell:Creating package script '/home/spicygen/Desktop/ros_ws/install/explore_lite/share/explore_lite/package.sh'
[1.404s] INFO:colcon.colcon_core.shell:Creating package script '/home/spicygen/Desktop/ros_ws/install/explore_lite/share/explore_lite/package.bash'
[1.405s] INFO:colcon.colcon_core.shell:Creating package script '/home/spicygen/Desktop/ros_ws/install/explore_lite/share/explore_lite/package.zsh'
[1.405s] Level 1:colcon.colcon_core.environment:create_file_with_runtime_dependencies(/home/spicygen/Desktop/ros_ws/install/explore_lite/share/colcon-core/packages/explore_lite)
[1.409s] Level 1:colcon.colcon_core.environment:create_environment_scripts_only(multirobot_map_merge)
[1.409s] Level 1:colcon.colcon_core.environment:checking '/home/spicygen/Desktop/ros_ws/install/multirobot_map_merge' for CMake module files
[1.410s] DEBUG:colcon.colcon_core.event_handler.log_command:Invoked command in '/home/spicygen/Desktop/ros_ws/build/multirobot_map_merge' returned '0': CMAKE_PREFIX_PATH=${CMAKE_PREFIX_PATH}:/opt/ros/humble /usr/bin/cmake --install /home/spicygen/Desktop/ros_ws/build/multirobot_map_merge
[1.411s] Level 1:colcon.colcon_core.environment:checking '/home/spicygen/Desktop/ros_ws/install/multirobot_map_merge' for CMake config files
[1.411s] Level 1:colcon.colcon_core.shell:create_environment_hook('multirobot_map_merge', 'cmake_prefix_path')
[1.412s] INFO:colcon.colcon_core.shell:Creating environment hook '/home/spicygen/Desktop/ros_ws/install/multirobot_map_merge/share/multirobot_map_merge/hook/cmake_prefix_path.ps1'
[1.413s] INFO:colcon.colcon_core.shell:Creating environment descriptor '/home/spicygen/Desktop/ros_ws/install/multirobot_map_merge/share/multirobot_map_merge/hook/cmake_prefix_path.dsv'
[1.413s] INFO:colcon.colcon_core.shell:Creating environment hook '/home/spicygen/Desktop/ros_ws/install/multirobot_map_merge/share/multirobot_map_merge/hook/cmake_prefix_path.sh'
[1.415s] Level 1:colcon.colcon_core.environment:checking '/home/spicygen/Desktop/ros_ws/install/multirobot_map_merge/lib'
[1.415s] Level 1:colcon.colcon_core.environment:checking '/home/spicygen/Desktop/ros_ws/install/multirobot_map_merge/bin'
[1.415s] Level 1:colcon.colcon_core.environment:checking '/home/spicygen/Desktop/ros_ws/install/multirobot_map_merge/lib/pkgconfig/multirobot_map_merge.pc'
[1.415s] Level 1:colcon.colcon_core.environment:checking '/home/spicygen/Desktop/ros_ws/install/multirobot_map_merge/lib/python3.10/site-packages'
[1.416s] Level 1:colcon.colcon_core.environment:checking '/home/spicygen/Desktop/ros_ws/install/multirobot_map_merge/bin'
[1.416s] INFO:colcon.colcon_core.shell:Creating package script '/home/spicygen/Desktop/ros_ws/install/multirobot_map_merge/share/multirobot_map_merge/package.ps1'
[1.417s] INFO:colcon.colcon_core.shell:Creating package descriptor '/home/spicygen/Desktop/ros_ws/install/multirobot_map_merge/share/multirobot_map_merge/package.dsv'
[1.418s] INFO:colcon.colcon_core.shell:Creating package script '/home/spicygen/Desktop/ros_ws/install/multirobot_map_merge/share/multirobot_map_merge/package.sh'
[1.419s] INFO:colcon.colcon_core.shell:Creating package script '/home/spicygen/Desktop/ros_ws/install/multirobot_map_merge/share/multirobot_map_merge/package.bash'
[1.420s] INFO:colcon.colcon_core.shell:Creating package script '/home/spicygen/Desktop/ros_ws/install/multirobot_map_merge/share/multirobot_map_merge/package.zsh'
[1.420s] Level 1:colcon.colcon_core.environment:create_file_with_runtime_dependencies(/home/spicygen/Desktop/ros_ws/install/multirobot_map_merge/share/colcon-core/packages/multirobot_map_merge)
[1.422s] Level 1:colcon.colcon_core.environment:create_environment_scripts_only(multirobot_map_merge)
[1.422s] Level 1:colcon.colcon_core.environment:checking '/home/spicygen/Desktop/ros_ws/install/multirobot_map_merge' for CMake module files
[1.423s] Level 1:colcon.colcon_core.environment:checking '/home/spicygen/Desktop/ros_ws/install/multirobot_map_merge' for CMake config files
[1.423s] Level 1:colcon.colcon_core.shell:create_environment_hook('multirobot_map_merge', 'cmake_prefix_path')
[1.424s] INFO:colcon.colcon_core.shell:Creating environment hook '/home/spicygen/Desktop/ros_ws/install/multirobot_map_merge/share/multirobot_map_merge/hook/cmake_prefix_path.ps1'
[1.425s] INFO:colcon.colcon_core.shell:Creating environment descriptor '/home/spicygen/Desktop/ros_ws/install/multirobot_map_merge/share/multirobot_map_merge/hook/cmake_prefix_path.dsv'
[1.425s] INFO:colcon.colcon_core.shell:Creating environment hook '/home/spicygen/Desktop/ros_ws/install/multirobot_map_merge/share/multirobot_map_merge/hook/cmake_prefix_path.sh'
[1.426s] Level 1:colcon.colcon_core.environment:checking '/home/spicygen/Desktop/ros_ws/install/multirobot_map_merge/lib'
[1.427s] Level 1:colcon.colcon_core.environment:checking '/home/spicygen/Desktop/ros_ws/install/multirobot_map_merge/bin'
[1.427s] Level 1:colcon.colcon_core.environment:checking '/home/spicygen/Desktop/ros_ws/install/multirobot_map_merge/lib/pkgconfig/multirobot_map_merge.pc'
[1.427s] Level 1:colcon.colcon_core.environment:checking '/home/spicygen/Desktop/ros_ws/install/multirobot_map_merge/lib/python3.10/site-packages'
[1.428s] Level 1:colcon.colcon_core.environment:checking '/home/spicygen/Desktop/ros_ws/install/multirobot_map_merge/bin'
[1.428s] INFO:colcon.colcon_core.shell:Creating package script '/home/spicygen/Desktop/ros_ws/install/multirobot_map_merge/share/multirobot_map_merge/package.ps1'
[1.429s] INFO:colcon.colcon_core.shell:Creating package descriptor '/home/spicygen/Desktop/ros_ws/install/multirobot_map_merge/share/multirobot_map_merge/package.dsv'
[1.430s] INFO:colcon.colcon_core.shell:Creating package script '/home/spicygen/Desktop/ros_ws/install/multirobot_map_merge/share/multirobot_map_merge/package.sh'
[1.431s] INFO:colcon.colcon_core.shell:Creating package script '/home/spicygen/Desktop/ros_ws/install/multirobot_map_merge/share/multirobot_map_merge/package.bash'
[1.432s] INFO:colcon.colcon_core.shell:Creating package script '/home/spicygen/Desktop/ros_ws/install/multirobot_map_merge/share/multirobot_map_merge/package.zsh'
[1.433s] Level 1:colcon.colcon_core.environment:create_file_with_runtime_dependencies(/home/spicygen/Desktop/ros_ws/install/multirobot_map_merge/share/colcon-core/packages/multirobot_map_merge)
[1.438s] DEBUG:colcon.colcon_core.event_handler.log_command:Invoked command in '/home/spicygen/Desktop/ros_ws/build/openslam_gmapping' returned '0': CMAKE_PREFIX_PATH=${CMAKE_PREFIX_PATH}:/opt/ros/humble /usr/bin/cmake --build /home/spicygen/Desktop/ros_ws/build/openslam_gmapping -- -j8 -l8
[1.440s] DEBUG:colcon.colcon_core.event_handler.log_command:Invoking command in '/home/spicygen/Desktop/ros_ws/build/openslam_gmapping': CMAKE_PREFIX_PATH=${CMAKE_PREFIX_PATH}:/opt/ros/humble /usr/bin/cmake --install /home/spicygen/Desktop/ros_ws/build/openslam_gmapping
[1.466s] Level 1:colcon.colcon_core.environment:create_environment_scripts_only(openslam_gmapping)
[1.467s] Level 1:colcon.colcon_core.environment:checking '/home/spicygen/Desktop/ros_ws/install/openslam_gmapping' for CMake module files
[1.469s] DEBUG:colcon.colcon_core.event_handler.log_command:Invoked command in '/home/spicygen/Desktop/ros_ws/build/openslam_gmapping' returned '0': CMAKE_PREFIX_PATH=${CMAKE_PREFIX_PATH}:/opt/ros/humble /usr/bin/cmake --install /home/spicygen/Desktop/ros_ws/build/openslam_gmapping
[1.470s] Level 1:colcon.colcon_core.environment:checking '/home/spicygen/Desktop/ros_ws/install/openslam_gmapping' for CMake config files
[1.471s] Level 1:colcon.colcon_core.shell:create_environment_hook('openslam_gmapping', 'cmake_prefix_path')
[1.472s] INFO:colcon.colcon_core.shell:Creating environment hook '/home/spicygen/Desktop/ros_ws/install/openslam_gmapping/share/openslam_gmapping/hook/cmake_prefix_path.ps1'
[1.473s] INFO:colcon.colcon_core.shell:Creating environment descriptor '/home/spicygen/Desktop/ros_ws/install/openslam_gmapping/share/openslam_gmapping/hook/cmake_prefix_path.dsv'
[1.474s] INFO:colcon.colcon_core.shell:Creating environment hook '/home/spicygen/Desktop/ros_ws/install/openslam_gmapping/share/openslam_gmapping/hook/cmake_prefix_path.sh'
[1.475s] Level 1:colcon.colcon_core.environment:checking '/home/spicygen/Desktop/ros_ws/install/openslam_gmapping/lib'
[1.475s] Level 1:colcon.colcon_core.environment:checking '/home/spicygen/Desktop/ros_ws/install/openslam_gmapping/bin'
[1.475s] Level 1:colcon.colcon_core.environment:checking '/home/spicygen/Desktop/ros_ws/install/openslam_gmapping/lib/pkgconfig/openslam_gmapping.pc'
[1.476s] Level 1:colcon.colcon_core.environment:checking '/home/spicygen/Desktop/ros_ws/install/openslam_gmapping/lib/python3.10/site-packages'
[1.477s] Level 1:colcon.colcon_core.environment:checking '/home/spicygen/Desktop/ros_ws/install/openslam_gmapping/bin'
[1.478s] INFO:colcon.colcon_core.shell:Creating package script '/home/spicygen/Desktop/ros_ws/install/openslam_gmapping/share/openslam_gmapping/package.ps1'
[1.479s] INFO:colcon.colcon_core.shell:Creating package descriptor '/home/spicygen/Desktop/ros_ws/install/openslam_gmapping/share/openslam_gmapping/package.dsv'
[1.480s] INFO:colcon.colcon_core.shell:Creating package script '/home/spicygen/Desktop/ros_ws/install/openslam_gmapping/share/openslam_gmapping/package.sh'
[1.481s] INFO:colcon.colcon_core.shell:Creating package script '/home/spicygen/Desktop/ros_ws/install/openslam_gmapping/share/openslam_gmapping/package.bash'
[1.481s] INFO:colcon.colcon_core.shell:Creating package script '/home/spicygen/Desktop/ros_ws/install/openslam_gmapping/share/openslam_gmapping/package.zsh'
[1.482s] Level 1:colcon.colcon_core.environment:create_file_with_runtime_dependencies(/home/spicygen/Desktop/ros_ws/install/openslam_gmapping/share/colcon-core/packages/openslam_gmapping)
[1.483s] Level 1:colcon.colcon_core.environment:create_environment_scripts_only(openslam_gmapping)
[1.484s] Level 1:colcon.colcon_core.environment:checking '/home/spicygen/Desktop/ros_ws/install/openslam_gmapping' for CMake module files
[1.485s] Level 1:colcon.colcon_core.environment:checking '/home/spicygen/Desktop/ros_ws/install/openslam_gmapping' for CMake config files
[1.485s] Level 1:colcon.colcon_core.shell:create_environment_hook('openslam_gmapping', 'cmake_prefix_path')
[1.486s] INFO:colcon.colcon_core.shell:Creating environment hook '/home/spicygen/Desktop/ros_ws/install/openslam_gmapping/share/openslam_gmapping/hook/cmake_prefix_path.ps1'
[1.487s] INFO:colcon.colcon_core.shell:Creating environment descriptor '/home/spicygen/Desktop/ros_ws/install/openslam_gmapping/share/openslam_gmapping/hook/cmake_prefix_path.dsv'
[1.488s] INFO:colcon.colcon_core.shell:Creating environment hook '/home/spicygen/Desktop/ros_ws/install/openslam_gmapping/share/openslam_gmapping/hook/cmake_prefix_path.sh'
[1.489s] Level 1:colcon.colcon_core.environment:checking '/home/spicygen/Desktop/ros_ws/install/openslam_gmapping/lib'
[1.489s] Level 1:colcon.colcon_core.environment:checking '/home/spicygen/Desktop/ros_ws/install/openslam_gmapping/bin'
[1.489s] Level 1:colcon.colcon_core.environment:checking '/home/spicygen/Desktop/ros_ws/install/openslam_gmapping/lib/pkgconfig/openslam_gmapping.pc'
[1.489s] Level 1:colcon.colcon_core.environment:checking '/home/spicygen/Desktop/ros_ws/install/openslam_gmapping/lib/python3.10/site-packages'
[1.490s] Level 1:colcon.colcon_core.environment:checking '/home/spicygen/Desktop/ros_ws/install/openslam_gmapping/bin'
[1.490s] INFO:colcon.colcon_core.shell:Creating package script '/home/spicygen/Desktop/ros_ws/install/openslam_gmapping/share/openslam_gmapping/package.ps1'
[1.491s] INFO:colcon.colcon_core.shell:Creating package descriptor '/home/spicygen/Desktop/ros_ws/install/openslam_gmapping/share/openslam_gmapping/package.dsv'
[1.492s] INFO:colcon.colcon_core.shell:Creating package script '/home/spicygen/Desktop/ros_ws/install/openslam_gmapping/share/openslam_gmapping/package.sh'
[1.493s] INFO:colcon.colcon_core.shell:Creating package script '/home/spicygen/Desktop/ros_ws/install/openslam_gmapping/share/openslam_gmapping/package.bash'
[1.494s] INFO:colcon.colcon_core.shell:Creating package script '/home/spicygen/Desktop/ros_ws/install/openslam_gmapping/share/openslam_gmapping/package.zsh'
[1.495s] Level 1:colcon.colcon_core.environment:create_file_with_runtime_dependencies(/home/spicygen/Desktop/ros_ws/install/openslam_gmapping/share/colcon-core/packages/openslam_gmapping)
[1.495s] INFO:colcon.colcon_ros.task.ament_cmake.build:Building ROS package in '/home/spicygen/Desktop/ros_ws/src/slam_gmapping/slam_gmapping' with build type 'ament_cmake'
[1.496s] INFO:colcon.colcon_cmake.task.cmake.build:Building CMake package in '/home/spicygen/Desktop/ros_ws/src/slam_gmapping/slam_gmapping'
[1.496s] INFO:colcon.colcon_core.shell:Skip shell extension 'powershell' for command environment: Not usable outside of PowerShell
[1.496s] DEBUG:colcon.colcon_core.shell:Skip shell extension 'dsv' for command environment
[1.519s] DEBUG:colcon.colcon_core.event_handler.log_command:Invoking command in '/home/spicygen/Desktop/ros_ws/build/slam_gmapping': CMAKE_PREFIX_PATH=/home/spicygen/Desktop/ros_ws/install/openslam_gmapping:/home/spicygen/Desktop/ros_ws/install/slam_gmapping:/home/spicygen/Desktop/ros_ws/install/multirobot_map_merge:/home/spicygen/Desktop/ros_ws/install/explore_lite:/home/spicygen/Desktop/ros_ws/install/bcr_bot:/opt/ros/humble /usr/bin/cmake --build /home/spicygen/Desktop/ros_ws/build/slam_gmapping -- -j8 -l8
[1.674s] DEBUG:colcon.colcon_core.event_handler.log_command:Invoked command in '/home/spicygen/Desktop/ros_ws/build/slam_gmapping' returned '0': CMAKE_PREFIX_PATH=/home/spicygen/Desktop/ros_ws/install/openslam_gmapping:/home/spicygen/Desktop/ros_ws/install/slam_gmapping:/home/spicygen/Desktop/ros_ws/install/multirobot_map_merge:/home/spicygen/Desktop/ros_ws/install/explore_lite:/home/spicygen/Desktop/ros_ws/install/bcr_bot:/opt/ros/humble /usr/bin/cmake --build /home/spicygen/Desktop/ros_ws/build/slam_gmapping -- -j8 -l8
[1.678s] DEBUG:colcon.colcon_core.event_handler.log_command:Invoking command in '/home/spicygen/Desktop/ros_ws/build/slam_gmapping': CMAKE_PREFIX_PATH=/home/spicygen/Desktop/ros_ws/install/openslam_gmapping:/home/spicygen/Desktop/ros_ws/install/slam_gmapping:/home/spicygen/Desktop/ros_ws/install/multirobot_map_merge:/home/spicygen/Desktop/ros_ws/install/explore_lite:/home/spicygen/Desktop/ros_ws/install/bcr_bot:/opt/ros/humble /usr/bin/cmake --install /home/spicygen/Desktop/ros_ws/build/slam_gmapping
[1.699s] Level 1:colcon.colcon_core.environment:create_environment_scripts_only(slam_gmapping)
[1.700s] Level 1:colcon.colcon_core.environment:checking '/home/spicygen/Desktop/ros_ws/install/slam_gmapping' for CMake module files
[1.701s] DEBUG:colcon.colcon_core.event_handler.log_command:Invoked command in '/home/spicygen/Desktop/ros_ws/build/slam_gmapping' returned '0': CMAKE_PREFIX_PATH=/home/spicygen/Desktop/ros_ws/install/openslam_gmapping:/home/spicygen/Desktop/ros_ws/install/slam_gmapping:/home/spicygen/Desktop/ros_ws/install/multirobot_map_merge:/home/spicygen/Desktop/ros_ws/install/explore_lite:/home/spicygen/Desktop/ros_ws/install/bcr_bot:/opt/ros/humble /usr/bin/cmake --install /home/spicygen/Desktop/ros_ws/build/slam_gmapping
[1.702s] Level 1:colcon.colcon_core.environment:checking '/home/spicygen/Desktop/ros_ws/install/slam_gmapping' for CMake config files
[1.702s] Level 1:colcon.colcon_core.shell:create_environment_hook('slam_gmapping', 'cmake_prefix_path')
[1.703s] INFO:colcon.colcon_core.shell:Creating environment hook '/home/spicygen/Desktop/ros_ws/install/slam_gmapping/share/slam_gmapping/hook/cmake_prefix_path.ps1'
[1.704s] INFO:colcon.colcon_core.shell:Creating environment descriptor '/home/spicygen/Desktop/ros_ws/install/slam_gmapping/share/slam_gmapping/hook/cmake_prefix_path.dsv'
[1.705s] INFO:colcon.colcon_core.shell:Creating environment hook '/home/spicygen/Desktop/ros_ws/install/slam_gmapping/share/slam_gmapping/hook/cmake_prefix_path.sh'
[1.707s] Level 1:colcon.colcon_core.environment:checking '/home/spicygen/Desktop/ros_ws/install/slam_gmapping/lib'
[1.707s] Level 1:colcon.colcon_core.environment:checking '/home/spicygen/Desktop/ros_ws/install/slam_gmapping/bin'
[1.707s] Level 1:colcon.colcon_core.environment:checking '/home/spicygen/Desktop/ros_ws/install/slam_gmapping/lib/pkgconfig/slam_gmapping.pc'
[1.708s] Level 1:colcon.colcon_core.environment:checking '/home/spicygen/Desktop/ros_ws/install/slam_gmapping/lib/python3.10/site-packages'
[1.709s] Level 1:colcon.colcon_core.environment:checking '/home/spicygen/Desktop/ros_ws/install/slam_gmapping/bin'
[1.709s] INFO:colcon.colcon_core.shell:Creating package script '/home/spicygen/Desktop/ros_ws/install/slam_gmapping/share/slam_gmapping/package.ps1'
[1.710s] INFO:colcon.colcon_core.shell:Creating package descriptor '/home/spicygen/Desktop/ros_ws/install/slam_gmapping/share/slam_gmapping/package.dsv'
[1.711s] INFO:colcon.colcon_core.shell:Creating package script '/home/spicygen/Desktop/ros_ws/install/slam_gmapping/share/slam_gmapping/package.sh'
[1.712s] INFO:colcon.colcon_core.shell:Creating package script '/home/spicygen/Desktop/ros_ws/install/slam_gmapping/share/slam_gmapping/package.bash'
[1.713s] INFO:colcon.colcon_core.shell:Creating package script '/home/spicygen/Desktop/ros_ws/install/slam_gmapping/share/slam_gmapping/package.zsh'
[1.713s] Level 1:colcon.colcon_core.environment:create_file_with_runtime_dependencies(/home/spicygen/Desktop/ros_ws/install/slam_gmapping/share/colcon-core/packages/slam_gmapping)
[1.715s] Level 1:colcon.colcon_core.environment:create_environment_scripts_only(slam_gmapping)
[1.715s] Level 1:colcon.colcon_core.environment:checking '/home/spicygen/Desktop/ros_ws/install/slam_gmapping' for CMake module files
[1.716s] Level 1:colcon.colcon_core.environment:checking '/home/spicygen/Desktop/ros_ws/install/slam_gmapping' for CMake config files
[1.716s] Level 1:colcon.colcon_core.shell:create_environment_hook('slam_gmapping', 'cmake_prefix_path')
[1.717s] INFO:colcon.colcon_core.shell:Creating environment hook '/home/spicygen/Desktop/ros_ws/install/slam_gmapping/share/slam_gmapping/hook/cmake_prefix_path.ps1'
[1.717s] INFO:colcon.colcon_core.shell:Creating environment descriptor '/home/spicygen/Desktop/ros_ws/install/slam_gmapping/share/slam_gmapping/hook/cmake_prefix_path.dsv'
[1.718s] INFO:colcon.colcon_core.shell:Creating environment hook '/home/spicygen/Desktop/ros_ws/install/slam_gmapping/share/slam_gmapping/hook/cmake_prefix_path.sh'
[1.719s] Level 1:colcon.colcon_core.environment:checking '/home/spicygen/Desktop/ros_ws/install/slam_gmapping/lib'
[1.719s] Level 1:colcon.colcon_core.environment:checking '/home/spicygen/Desktop/ros_ws/install/slam_gmapping/bin'
[1.719s] Level 1:colcon.colcon_core.environment:checking '/home/spicygen/Desktop/ros_ws/install/slam_gmapping/lib/pkgconfig/slam_gmapping.pc'
[1.720s] Level 1:colcon.colcon_core.environment:checking '/home/spicygen/Desktop/ros_ws/install/slam_gmapping/lib/python3.10/site-packages'
[1.720s] Level 1:colcon.colcon_core.environment:checking '/home/spicygen/Desktop/ros_ws/install/slam_gmapping/bin'
[1.721s] INFO:colcon.colcon_core.shell:Creating package script '/home/spicygen/Desktop/ros_ws/install/slam_gmapping/share/slam_gmapping/package.ps1'
[1.723s] INFO:colcon.colcon_core.shell:Creating package descriptor '/home/spicygen/Desktop/ros_ws/install/slam_gmapping/share/slam_gmapping/package.dsv'
[1.724s] INFO:colcon.colcon_core.shell:Creating package script '/home/spicygen/Desktop/ros_ws/install/slam_gmapping/share/slam_gmapping/package.sh'
[1.725s] INFO:colcon.colcon_core.shell:Creating package script '/home/spicygen/Desktop/ros_ws/install/slam_gmapping/share/slam_gmapping/package.bash'
[1.725s] INFO:colcon.colcon_core.shell:Creating package script '/home/spicygen/Desktop/ros_ws/install/slam_gmapping/share/slam_gmapping/package.zsh'
[1.726s] Level 1:colcon.colcon_core.environment:create_file_with_runtime_dependencies(/home/spicygen/Desktop/ros_ws/install/slam_gmapping/share/colcon-core/packages/slam_gmapping)
[1.727s] DEBUG:colcon.colcon_parallel_executor.executor.parallel:closing loop
[1.728s] DEBUG:colcon.colcon_parallel_executor.executor.parallel:loop closed
[1.728s] DEBUG:colcon.colcon_parallel_executor.executor.parallel:run_until_complete finished with '0'
[1.728s] DEBUG:colcon.colcon_core.event_reactor:joining thread
[1.739s] INFO:colcon.colcon_core.plugin_system:Skipping extension 'colcon_notification.desktop_notification.terminal_notifier': Not used on non-Darwin systems
[1.740s] INFO:colcon.colcon_core.plugin_system:Skipping extension 'colcon_notification.desktop_notification.win32': Not used on non-Windows systems
[1.740s] INFO:colcon.colcon_notification.desktop_notification:Sending desktop notification using 'notify2'
[1.762s] DEBUG:colcon.colcon_core.event_reactor:joined thread
[1.763s] INFO:colcon.colcon_core.shell:Creating prefix script '/home/spicygen/Desktop/ros_ws/install/local_setup.ps1'
[1.765s] INFO:colcon.colcon_core.shell:Creating prefix util module '/home/spicygen/Desktop/ros_ws/install/_local_setup_util_ps1.py'
[1.768s] INFO:colcon.colcon_core.shell:Creating prefix chain script '/home/spicygen/Desktop/ros_ws/install/setup.ps1'
[1.771s] INFO:colcon.colcon_core.shell:Creating prefix script '/home/spicygen/Desktop/ros_ws/install/local_setup.sh'
[1.772s] INFO:colcon.colcon_core.shell:Creating prefix util module '/home/spicygen/Desktop/ros_ws/install/_local_setup_util_sh.py'
[1.774s] INFO:colcon.colcon_core.shell:Creating prefix chain script '/home/spicygen/Desktop/ros_ws/install/setup.sh'
[1.776s] INFO:colcon.colcon_core.shell:Creating prefix script '/home/spicygen/Desktop/ros_ws/install/local_setup.bash'
[1.777s] INFO:colcon.colcon_core.shell:Creating prefix chain script '/home/spicygen/Desktop/ros_ws/install/setup.bash'
[1.780s] INFO:colcon.colcon_core.shell:Creating prefix script '/home/spicygen/Desktop/ros_ws/install/local_setup.zsh'
[1.781s] INFO:colcon.colcon_core.shell:Creating prefix chain script '/home/spicygen/Desktop/ros_ws/install/setup.zsh'
