[0.050s] Invoking command in '/home/spicygen/Desktop/ros_ws/build/bcr_bot': CMAKE_PREFIX_PATH=${CMAKE_PREFIX_PATH}:/opt/ros/humble /usr/bin/cmake --build /home/spicygen/Desktop/ros_ws/build/bcr_bot -- -j8 -l8
[0.145s] Invoked command in '/home/spicygen/Desktop/ros_ws/build/bcr_bot' returned '0': CMAKE_PREFIX_PATH=${CMAKE_PREFIX_PATH}:/opt/ros/humble /usr/bin/cmake --build /home/spicygen/Desktop/ros_ws/build/bcr_bot -- -j8 -l8
[0.183s] Invoking command in '/home/spicygen/Desktop/ros_ws/build/bcr_bot': CMAKE_PREFIX_PATH=${CMAKE_PREFIX_PATH}:/opt/ros/humble /usr/bin/cmake --install /home/spicygen/Desktop/ros_ws/build/bcr_bot
[0.208s] -- Install configuration: ""
[0.210s] -- Up-to-date: /home/spicygen/Desktop/ros_ws/install/bcr_bot/share/bcr_bot//launch
[0.210s] -- Up-to-date: /home/spicygen/Desktop/ros_ws/install/bcr_bot/share/bcr_bot//launch/rviz.launch.py
[0.211s] -- Up-to-date: /home/spicygen/Desktop/ros_ws/install/bcr_bot/share/bcr_bot//launch/bcr_bot_gazebo_spawn.launch.py
[0.211s] -- Up-to-date: /home/spicygen/Desktop/ros_ws/install/bcr_bot/share/bcr_bot//launch/gz.launch.py
[0.211s] -- Up-to-date: /home/spicygen/Desktop/ros_ws/install/bcr_bot/share/bcr_bot//launch/nav2.launch.py
[0.212s] -- Up-to-date: /home/spicygen/Desktop/ros_ws/install/bcr_bot/share/bcr_bot//launch/gazebo.launch.py
[0.212s] -- Up-to-date: /home/spicygen/Desktop/ros_ws/install/bcr_bot/share/bcr_bot//launch/main.launch.py
[0.212s] -- Up-to-date: /home/spicygen/Desktop/ros_ws/install/bcr_bot/share/bcr_bot//launch/detectionmodel.launch.py
[0.213s] -- Up-to-date: /home/spicygen/Desktop/ros_ws/install/bcr_bot/share/bcr_bot//launch/mapping.launch.py
[0.213s] -- Up-to-date: /home/spicygen/Desktop/ros_ws/install/bcr_bot/share/bcr_bot//meshes
[0.214s] -- Up-to-date: /home/spicygen/Desktop/ros_ws/install/bcr_bot/share/bcr_bot//meshes/kinect
[0.214s] -- Up-to-date: /home/spicygen/Desktop/ros_ws/install/bcr_bot/share/bcr_bot//meshes/kinect/d415.dae
[0.215s] -- Up-to-date: /home/spicygen/Desktop/ros_ws/install/bcr_bot/share/bcr_bot//meshes/kinect/kinect.jpg
[0.215s] -- Up-to-date: /home/spicygen/Desktop/ros_ws/install/bcr_bot/share/bcr_bot//meshes/kinect/kinect.tga
[0.216s] -- Up-to-date: /home/spicygen/Desktop/ros_ws/install/bcr_bot/share/bcr_bot//meshes/kinect/kinect.dae
[0.217s] -- Up-to-date: /home/spicygen/Desktop/ros_ws/install/bcr_bot/share/bcr_bot//meshes/zed2
[0.217s] -- Up-to-date: /home/spicygen/Desktop/ros_ws/install/bcr_bot/share/bcr_bot//meshes/zed2/zed2.DAE
[0.218s] -- Up-to-date: /home/spicygen/Desktop/ros_ws/install/bcr_bot/share/bcr_bot//meshes/logo.png
[0.219s] -- Up-to-date: /home/spicygen/Desktop/ros_ws/install/bcr_bot/share/bcr_bot//meshes/realsense_texture.png
[0.220s] -- Up-to-date: /home/spicygen/Desktop/ros_ws/install/bcr_bot/share/bcr_bot//meshes/bcr_bot_mesh.dae
[0.221s] -- Up-to-date: /home/spicygen/Desktop/ros_ws/install/bcr_bot/share/bcr_bot//models
[0.221s] -- Up-to-date: /home/spicygen/Desktop/ros_ws/install/bcr_bot/share/bcr_bot//models/aws_robomaker_warehouse_DeskC_01
[0.222s] -- Up-to-date: /home/spicygen/Desktop/ros_ws/install/bcr_bot/share/bcr_bot//models/aws_robomaker_warehouse_DeskC_01/meshes
[0.223s] -- Up-to-date: /home/spicygen/Desktop/ros_ws/install/bcr_bot/share/bcr_bot//models/aws_robomaker_warehouse_DeskC_01/meshes/aws_robomaker_warehouse_DeskC_01_visual.DAE
[0.224s] -- Up-to-date: /home/spicygen/Desktop/ros_ws/install/bcr_bot/share/bcr_bot//models/aws_robomaker_warehouse_DeskC_01/meshes/aws_robomaker_warehouse_DeskC_01_collision.DAE
[0.225s] -- Up-to-date: /home/spicygen/Desktop/ros_ws/install/bcr_bot/share/bcr_bot//models/aws_robomaker_warehouse_DeskC_01/model.sdf
[0.225s] -- Up-to-date: /home/spicygen/Desktop/ros_ws/install/bcr_bot/share/bcr_bot//models/aws_robomaker_warehouse_DeskC_01/model.config
[0.226s] -- Up-to-date: /home/spicygen/Desktop/ros_ws/install/bcr_bot/share/bcr_bot//models/aws_robomaker_warehouse_DeskC_01/materials
[0.227s] -- Up-to-date: /home/spicygen/Desktop/ros_ws/install/bcr_bot/share/bcr_bot//models/aws_robomaker_warehouse_DeskC_01/materials/.DS_Store
[0.229s] -- Up-to-date: /home/spicygen/Desktop/ros_ws/install/bcr_bot/share/bcr_bot//models/aws_robomaker_warehouse_DeskC_01/materials/textures
[0.229s] -- Up-to-date: /home/spicygen/Desktop/ros_ws/install/bcr_bot/share/bcr_bot//models/aws_robomaker_warehouse_DeskC_01/materials/textures/aws_robomaker_warehouse_DeskC_02.png
[0.230s] -- Up-to-date: /home/spicygen/Desktop/ros_ws/install/bcr_bot/share/bcr_bot//models/aws_robomaker_warehouse_DeskC_01/materials/textures/aws_robomaker_warehouse_DeskC_04.png
[0.230s] -- Up-to-date: /home/spicygen/Desktop/ros_ws/install/bcr_bot/share/bcr_bot//models/aws_robomaker_warehouse_DeskC_01/materials/textures/aws_robomaker_warehouse_DeskC_03.psd
[0.231s] -- Up-to-date: /home/spicygen/Desktop/ros_ws/install/bcr_bot/share/bcr_bot//models/aws_robomaker_warehouse_DeskC_01/materials/textures/aws_robomaker_warehouse_DeskC_03.png
[0.231s] -- Up-to-date: /home/spicygen/Desktop/ros_ws/install/bcr_bot/share/bcr_bot//models/aws_robomaker_warehouse_DeskC_01/materials/textures/aws_robomaker_warehouse_DeskC_01.png
[0.232s] -- Up-to-date: /home/spicygen/Desktop/ros_ws/install/bcr_bot/share/bcr_bot//models/aws_robomaker_warehouse_ClutteringC_01
[0.233s] -- Up-to-date: /home/spicygen/Desktop/ros_ws/install/bcr_bot/share/bcr_bot//models/aws_robomaker_warehouse_ClutteringC_01/meshes
[0.233s] -- Up-to-date: /home/spicygen/Desktop/ros_ws/install/bcr_bot/share/bcr_bot//models/aws_robomaker_warehouse_ClutteringC_01/meshes/aws_robomaker_warehouse_ClutteringC_01_visual.DAE
[0.234s] -- Up-to-date: /home/spicygen/Desktop/ros_ws/install/bcr_bot/share/bcr_bot//models/aws_robomaker_warehouse_ClutteringC_01/meshes/aws_robomaker_warehouse_ClutteringC_01_collision.DAE
[0.234s] -- Up-to-date: /home/spicygen/Desktop/ros_ws/install/bcr_bot/share/bcr_bot//models/aws_robomaker_warehouse_ClutteringC_01/model.sdf
[0.234s] -- Up-to-date: /home/spicygen/Desktop/ros_ws/install/bcr_bot/share/bcr_bot//models/aws_robomaker_warehouse_ClutteringC_01/model.config
[0.235s] -- Up-to-date: /home/spicygen/Desktop/ros_ws/install/bcr_bot/share/bcr_bot//models/aws_robomaker_warehouse_ClutteringC_01/materials
[0.235s] -- Up-to-date: /home/spicygen/Desktop/ros_ws/install/bcr_bot/share/bcr_bot//models/aws_robomaker_warehouse_ClutteringC_01/materials/textures
[0.235s] -- Up-to-date: /home/spicygen/Desktop/ros_ws/install/bcr_bot/share/bcr_bot//models/aws_robomaker_warehouse_ClutteringC_01/materials/textures/aws_robomaker_warehouse_ClutteringC_02.png
[0.236s] -- Up-to-date: /home/spicygen/Desktop/ros_ws/install/bcr_bot/share/bcr_bot//models/aws_robomaker_warehouse_ClutteringC_01/materials/textures/aws_robomaker_warehouse_ClutteringC_01.png
[0.236s] -- Up-to-date: /home/spicygen/Desktop/ros_ws/install/bcr_bot/share/bcr_bot//models/ConstructionCone
[0.237s] -- Up-to-date: /home/spicygen/Desktop/ros_ws/install/bcr_bot/share/bcr_bot//models/ConstructionCone/meshes
[0.237s] -- Up-to-date: /home/spicygen/Desktop/ros_ws/install/bcr_bot/share/bcr_bot//models/ConstructionCone/meshes/construction_cone.dae
[0.238s] -- Up-to-date: /home/spicygen/Desktop/ros_ws/install/bcr_bot/share/bcr_bot//models/ConstructionCone/model.sdf
[0.238s] -- Up-to-date: /home/spicygen/Desktop/ros_ws/install/bcr_bot/share/bcr_bot//models/ConstructionCone/model.config
[0.238s] -- Up-to-date: /home/spicygen/Desktop/ros_ws/install/bcr_bot/share/bcr_bot//models/ConstructionCone/materials
[0.239s] -- Up-to-date: /home/spicygen/Desktop/ros_ws/install/bcr_bot/share/bcr_bot//models/ConstructionCone/materials/textures
[0.239s] -- Up-to-date: /home/spicygen/Desktop/ros_ws/install/bcr_bot/share/bcr_bot//models/ConstructionCone/materials/textures/Construction_Cone_Diffuse.png
[0.239s] -- Up-to-date: /home/spicygen/Desktop/ros_ws/install/bcr_bot/share/bcr_bot//models/ConstructionCone/thumbnails
[0.240s] -- Up-to-date: /home/spicygen/Desktop/ros_ws/install/bcr_bot/share/bcr_bot//models/ConstructionCone/thumbnails/5.png
[0.240s] -- Up-to-date: /home/spicygen/Desktop/ros_ws/install/bcr_bot/share/bcr_bot//models/ConstructionCone/thumbnails/1.png
[0.241s] -- Up-to-date: /home/spicygen/Desktop/ros_ws/install/bcr_bot/share/bcr_bot//models/ConstructionCone/thumbnails/2.png
[0.243s] -- Up-to-date: /home/spicygen/Desktop/ros_ws/install/bcr_bot/share/bcr_bot//models/ConstructionCone/thumbnails/4.png
[0.244s] -- Up-to-date: /home/spicygen/Desktop/ros_ws/install/bcr_bot/share/bcr_bot//models/ConstructionCone/thumbnails/3.png
[0.244s] -- Up-to-date: /home/spicygen/Desktop/ros_ws/install/bcr_bot/share/bcr_bot//models/ConstructionCone/model-1_3.sdf
[0.244s] -- Up-to-date: /home/spicygen/Desktop/ros_ws/install/bcr_bot/share/bcr_bot//models/ConstructionCone/model-1_4.sdf
[0.245s] -- Up-to-date: /home/spicygen/Desktop/ros_ws/install/bcr_bot/share/bcr_bot//models/aws_robomaker_warehouse_WallB_01
[0.245s] -- Up-to-date: /home/spicygen/Desktop/ros_ws/install/bcr_bot/share/bcr_bot//models/aws_robomaker_warehouse_WallB_01/meshes
[0.245s] -- Up-to-date: /home/spicygen/Desktop/ros_ws/install/bcr_bot/share/bcr_bot//models/aws_robomaker_warehouse_WallB_01/meshes/aws_robomaker_warehouse_WallB_01_collision.DAE
[0.246s] -- Up-to-date: /home/spicygen/Desktop/ros_ws/install/bcr_bot/share/bcr_bot//models/aws_robomaker_warehouse_WallB_01/meshes/aws_robomaker_warehouse_WallB_01_visual.DAE
[0.246s] -- Up-to-date: /home/spicygen/Desktop/ros_ws/install/bcr_bot/share/bcr_bot//models/aws_robomaker_warehouse_WallB_01/model.sdf
[0.247s] -- Up-to-date: /home/spicygen/Desktop/ros_ws/install/bcr_bot/share/bcr_bot//models/aws_robomaker_warehouse_WallB_01/model.config
[0.247s] -- Up-to-date: /home/spicygen/Desktop/ros_ws/install/bcr_bot/share/bcr_bot//models/aws_robomaker_warehouse_WallB_01/materials
[0.247s] -- Up-to-date: /home/spicygen/Desktop/ros_ws/install/bcr_bot/share/bcr_bot//models/aws_robomaker_warehouse_WallB_01/materials/textures
[0.248s] -- Up-to-date: /home/spicygen/Desktop/ros_ws/install/bcr_bot/share/bcr_bot//models/aws_robomaker_warehouse_WallB_01/materials/textures/aws_robomaker_warehouse_WallB_01.png
[0.248s] -- Up-to-date: /home/spicygen/Desktop/ros_ws/install/bcr_bot/share/bcr_bot//models/female
[0.249s] -- Up-to-date: /home/spicygen/Desktop/ros_ws/install/bcr_bot/share/bcr_bot//models/female/meshes
[0.249s] -- Up-to-date: /home/spicygen/Desktop/ros_ws/install/bcr_bot/share/bcr_bot//models/female/meshes/casual_female.dae
[0.250s] -- Up-to-date: /home/spicygen/Desktop/ros_ws/install/bcr_bot/share/bcr_bot//models/female/model.sdf
[0.250s] -- Up-to-date: /home/spicygen/Desktop/ros_ws/install/bcr_bot/share/bcr_bot//models/female/model.config
[0.251s] -- Up-to-date: /home/spicygen/Desktop/ros_ws/install/bcr_bot/share/bcr_bot//models/female/materials
[0.251s] -- Up-to-date: /home/spicygen/Desktop/ros_ws/install/bcr_bot/share/bcr_bot//models/female/materials/textures
[0.251s] -- Up-to-date: /home/spicygen/Desktop/ros_ws/install/bcr_bot/share/bcr_bot//models/female/materials/textures/young_lightskinned_female_diffuse.png
[0.252s] -- Up-to-date: /home/spicygen/Desktop/ros_ws/install/bcr_bot/share/bcr_bot//models/female/materials/textures/female_casualsuit01_diffuse.png
[0.252s] -- Up-to-date: /home/spicygen/Desktop/ros_ws/install/bcr_bot/share/bcr_bot//models/female/materials/textures/brown_eye.png
[0.253s] -- Up-to-date: /home/spicygen/Desktop/ros_ws/install/bcr_bot/share/bcr_bot//models/female/materials/textures/ponytail01_diffuse.png
[0.254s] -- Up-to-date: /home/spicygen/Desktop/ros_ws/install/bcr_bot/share/bcr_bot//models/female/materials/textures/eyebrow002.png
[0.255s] -- Up-to-date: /home/spicygen/Desktop/ros_ws/install/bcr_bot/share/bcr_bot//models/female/materials/textures/female_casualsuit02_normal.png
[0.255s] -- Up-to-date: /home/spicygen/Desktop/ros_ws/install/bcr_bot/share/bcr_bot//models/female/materials/textures/female_casualsuit02_diffuse.png
[0.256s] -- Up-to-date: /home/spicygen/Desktop/ros_ws/install/bcr_bot/share/bcr_bot//models/female/materials/textures/eyelashes01.png
[0.256s] -- Up-to-date: /home/spicygen/Desktop/ros_ws/install/bcr_bot/share/bcr_bot//models/female/materials/textures/casual_female.png
[0.257s] -- Up-to-date: /home/spicygen/Desktop/ros_ws/install/bcr_bot/share/bcr_bot//models/female/materials/textures/female_casualsuit01_normal.png
[0.257s] -- Up-to-date: /home/spicygen/Desktop/ros_ws/install/bcr_bot/share/bcr_bot//models/female/materials/textures/tongue01_diffuse.png
[0.257s] -- Up-to-date: /home/spicygen/Desktop/ros_ws/install/bcr_bot/share/bcr_bot//models/female/materials/textures/shoes05_diffuse.png
[0.258s] -- Up-to-date: /home/spicygen/Desktop/ros_ws/install/bcr_bot/share/bcr_bot//models/female/thumbnails
[0.258s] -- Up-to-date: /home/spicygen/Desktop/ros_ws/install/bcr_bot/share/bcr_bot//models/female/thumbnails/5.png
[0.259s] -- Up-to-date: /home/spicygen/Desktop/ros_ws/install/bcr_bot/share/bcr_bot//models/female/thumbnails/1.png
[0.259s] -- Up-to-date: /home/spicygen/Desktop/ros_ws/install/bcr_bot/share/bcr_bot//models/female/thumbnails/2.png
[0.259s] -- Up-to-date: /home/spicygen/Desktop/ros_ws/install/bcr_bot/share/bcr_bot//models/female/thumbnails/4.png
[0.260s] -- Up-to-date: /home/spicygen/Desktop/ros_ws/install/bcr_bot/share/bcr_bot//models/female/thumbnails/3.png
[0.260s] -- Up-to-date: /home/spicygen/Desktop/ros_ws/install/bcr_bot/share/bcr_bot//models/aws_robomaker_warehouse_ShelfF_01
[0.260s] -- Up-to-date: /home/spicygen/Desktop/ros_ws/install/bcr_bot/share/bcr_bot//models/aws_robomaker_warehouse_ShelfF_01/meshes
[0.261s] -- Up-to-date: /home/spicygen/Desktop/ros_ws/install/bcr_bot/share/bcr_bot//models/aws_robomaker_warehouse_ShelfF_01/meshes/aws_robomaker_warehouse_ShelfF_01_collision.DAE
[0.261s] -- Up-to-date: /home/spicygen/Desktop/ros_ws/install/bcr_bot/share/bcr_bot//models/aws_robomaker_warehouse_ShelfF_01/meshes/aws_robomaker_warehouse_ShelfF_01_visual.DAE
[0.262s] -- Up-to-date: /home/spicygen/Desktop/ros_ws/install/bcr_bot/share/bcr_bot//models/aws_robomaker_warehouse_ShelfF_01/model.sdf
[0.262s] -- Up-to-date: /home/spicygen/Desktop/ros_ws/install/bcr_bot/share/bcr_bot//models/aws_robomaker_warehouse_ShelfF_01/model.config
[0.263s] -- Up-to-date: /home/spicygen/Desktop/ros_ws/install/bcr_bot/share/bcr_bot//models/aws_robomaker_warehouse_ShelfF_01/materials
[0.263s] -- Up-to-date: /home/spicygen/Desktop/ros_ws/install/bcr_bot/share/bcr_bot//models/aws_robomaker_warehouse_ShelfF_01/materials/textures
[0.264s] -- Up-to-date: /home/spicygen/Desktop/ros_ws/install/bcr_bot/share/bcr_bot//models/aws_robomaker_warehouse_ShelfF_01/materials/textures/aws_robomaker_warehouse_ShelfF_01.png
[0.264s] -- Up-to-date: /home/spicygen/Desktop/ros_ws/install/bcr_bot/share/bcr_bot//models/aws_robomaker_warehouse_ShelfF_01/materials/textures/aws_robomaker_warehouse_ShelfF_02.png
[0.264s] -- Up-to-date: /home/spicygen/Desktop/ros_ws/install/bcr_bot/share/bcr_bot//models/aws_robomaker_warehouse_ShelfF_01/materials/textures/aws_robomaker_warehouse_ShelfF_03.png
[0.265s] -- Up-to-date: /home/spicygen/Desktop/ros_ws/install/bcr_bot/share/bcr_bot//models/aws_robomaker_warehouse_ClutteringA_01
[0.265s] -- Up-to-date: /home/spicygen/Desktop/ros_ws/install/bcr_bot/share/bcr_bot//models/aws_robomaker_warehouse_ClutteringA_01/meshes
[0.265s] -- Up-to-date: /home/spicygen/Desktop/ros_ws/install/bcr_bot/share/bcr_bot//models/aws_robomaker_warehouse_ClutteringA_01/meshes/aws_robomaker_warehouse_ClutteringA_01_collision.DAE
[0.266s] -- Up-to-date: /home/spicygen/Desktop/ros_ws/install/bcr_bot/share/bcr_bot//models/aws_robomaker_warehouse_ClutteringA_01/meshes/aws_robomaker_warehouse_ClutteringA_01_visual.DAE
[0.266s] -- Up-to-date: /home/spicygen/Desktop/ros_ws/install/bcr_bot/share/bcr_bot//models/aws_robomaker_warehouse_ClutteringA_01/.DS_Store
[0.266s] -- Up-to-date: /home/spicygen/Desktop/ros_ws/install/bcr_bot/share/bcr_bot//models/aws_robomaker_warehouse_ClutteringA_01/model.sdf
[0.266s] -- Up-to-date: /home/spicygen/Desktop/ros_ws/install/bcr_bot/share/bcr_bot//models/aws_robomaker_warehouse_ClutteringA_01/model.config
[0.267s] -- Up-to-date: /home/spicygen/Desktop/ros_ws/install/bcr_bot/share/bcr_bot//models/aws_robomaker_warehouse_ClutteringA_01/materials
[0.267s] -- Up-to-date: /home/spicygen/Desktop/ros_ws/install/bcr_bot/share/bcr_bot//models/aws_robomaker_warehouse_ClutteringA_01/materials/.DS_Store
[0.268s] -- Up-to-date: /home/spicygen/Desktop/ros_ws/install/bcr_bot/share/bcr_bot//models/aws_robomaker_warehouse_ClutteringA_01/materials/textures
[0.268s] -- Up-to-date: /home/spicygen/Desktop/ros_ws/install/bcr_bot/share/bcr_bot//models/aws_robomaker_warehouse_ClutteringA_01/materials/textures/.DS_Store
[0.269s] -- Up-to-date: /home/spicygen/Desktop/ros_ws/install/bcr_bot/share/bcr_bot//models/aws_robomaker_warehouse_ClutteringA_01/materials/textures/aws_robomaker_warehouse_ClutteringA_02.png
[0.269s] -- Up-to-date: /home/spicygen/Desktop/ros_ws/install/bcr_bot/share/bcr_bot//models/aws_robomaker_warehouse_ClutteringA_01/materials/textures/aws_robomaker_warehouse_ClutteringA_01.png
[0.270s] -- Up-to-date: /home/spicygen/Desktop/ros_ws/install/bcr_bot/share/bcr_bot//models/aws_robomaker_warehouse_ClutteringA_01/materials/textures/aws_robomaker_warehouse_ClutteringA_03.png
[0.270s] -- Up-to-date: /home/spicygen/Desktop/ros_ws/install/bcr_bot/share/bcr_bot//models/aws_robomaker_warehouse_PalletJackB_01
[0.270s] -- Up-to-date: /home/spicygen/Desktop/ros_ws/install/bcr_bot/share/bcr_bot//models/aws_robomaker_warehouse_PalletJackB_01/meshes
[0.271s] -- Up-to-date: /home/spicygen/Desktop/ros_ws/install/bcr_bot/share/bcr_bot//models/aws_robomaker_warehouse_PalletJackB_01/meshes/aws_robomaker_warehouse_PalletJackB_01_collision.DAE
[0.271s] -- Up-to-date: /home/spicygen/Desktop/ros_ws/install/bcr_bot/share/bcr_bot//models/aws_robomaker_warehouse_PalletJackB_01/meshes/aws_robomaker_warehouse_PalletJackB_01_visual.DAE
[0.271s] -- Up-to-date: /home/spicygen/Desktop/ros_ws/install/bcr_bot/share/bcr_bot//models/aws_robomaker_warehouse_PalletJackB_01/.DS_Store
[0.272s] -- Up-to-date: /home/spicygen/Desktop/ros_ws/install/bcr_bot/share/bcr_bot//models/aws_robomaker_warehouse_PalletJackB_01/model.sdf
[0.273s] -- Up-to-date: /home/spicygen/Desktop/ros_ws/install/bcr_bot/share/bcr_bot//models/aws_robomaker_warehouse_PalletJackB_01/model.config
[0.274s] -- Up-to-date: /home/spicygen/Desktop/ros_ws/install/bcr_bot/share/bcr_bot//models/aws_robomaker_warehouse_PalletJackB_01/materials
[0.274s] -- Up-to-date: /home/spicygen/Desktop/ros_ws/install/bcr_bot/share/bcr_bot//models/aws_robomaker_warehouse_PalletJackB_01/materials/.DS_Store
[0.274s] -- Up-to-date: /home/spicygen/Desktop/ros_ws/install/bcr_bot/share/bcr_bot//models/aws_robomaker_warehouse_PalletJackB_01/materials/textures
[0.275s] -- Up-to-date: /home/spicygen/Desktop/ros_ws/install/bcr_bot/share/bcr_bot//models/aws_robomaker_warehouse_PalletJackB_01/materials/textures/aws_robomaker_warehouse_PalletJackB_01.png
[0.275s] -- Up-to-date: /home/spicygen/Desktop/ros_ws/install/bcr_bot/share/bcr_bot//models/aws_robomaker_warehouse_PalletJackB_01/materials/textures/aws_robomaker_warehouse_PalletJackB_02.png
[0.275s] -- Up-to-date: /home/spicygen/Desktop/ros_ws/install/bcr_bot/share/bcr_bot//models/aws_robomaker_warehouse_ClutteringD_01
[0.276s] -- Up-to-date: /home/spicygen/Desktop/ros_ws/install/bcr_bot/share/bcr_bot//models/aws_robomaker_warehouse_ClutteringD_01/meshes
[0.276s] -- Up-to-date: /home/spicygen/Desktop/ros_ws/install/bcr_bot/share/bcr_bot//models/aws_robomaker_warehouse_ClutteringD_01/meshes/aws_robomaker_warehouse_ClutteringD_01_visual.DAE
[0.276s] -- Up-to-date: /home/spicygen/Desktop/ros_ws/install/bcr_bot/share/bcr_bot//models/aws_robomaker_warehouse_ClutteringD_01/meshes/aws_robomaker_warehouse_ClutteringD_01_collision.DAE
[0.277s] -- Up-to-date: /home/spicygen/Desktop/ros_ws/install/bcr_bot/share/bcr_bot//models/aws_robomaker_warehouse_ClutteringD_01/model.sdf
[0.280s] -- Up-to-date: /home/spicygen/Desktop/ros_ws/install/bcr_bot/share/bcr_bot//models/aws_robomaker_warehouse_ClutteringD_01/model.config
[0.280s] -- Up-to-date: /home/spicygen/Desktop/ros_ws/install/bcr_bot/share/bcr_bot//models/aws_robomaker_warehouse_ClutteringD_01/materials
[0.281s] -- Up-to-date: /home/spicygen/Desktop/ros_ws/install/bcr_bot/share/bcr_bot//models/aws_robomaker_warehouse_ClutteringD_01/materials/textures
[0.281s] -- Up-to-date: /home/spicygen/Desktop/ros_ws/install/bcr_bot/share/bcr_bot//models/aws_robomaker_warehouse_ClutteringD_01/materials/textures/aws_robomaker_warehouse_ClutteringD_02.png
[0.281s] -- Up-to-date: /home/spicygen/Desktop/ros_ws/install/bcr_bot/share/bcr_bot//models/aws_robomaker_warehouse_ClutteringD_01/materials/textures/aws_robomaker_warehouse_ClutteringD_01.png
[0.282s] -- Up-to-date: /home/spicygen/Desktop/ros_ws/install/bcr_bot/share/bcr_bot//models/aws_robomaker_warehouse_TrashCanC_01
[0.282s] -- Up-to-date: /home/spicygen/Desktop/ros_ws/install/bcr_bot/share/bcr_bot//models/aws_robomaker_warehouse_TrashCanC_01/meshes
[0.282s] -- Up-to-date: /home/spicygen/Desktop/ros_ws/install/bcr_bot/share/bcr_bot//models/aws_robomaker_warehouse_TrashCanC_01/meshes/aws_robomaker_warehouse_TrashCanC_01_collision.DAE
[0.282s] -- Up-to-date: /home/spicygen/Desktop/ros_ws/install/bcr_bot/share/bcr_bot//models/aws_robomaker_warehouse_TrashCanC_01/meshes/aws_robomaker_warehouse_TrashCanC_01_visual.DAE
[0.283s] -- Up-to-date: /home/spicygen/Desktop/ros_ws/install/bcr_bot/share/bcr_bot//models/aws_robomaker_warehouse_TrashCanC_01/model.sdf
[0.283s] -- Up-to-date: /home/spicygen/Desktop/ros_ws/install/bcr_bot/share/bcr_bot//models/aws_robomaker_warehouse_TrashCanC_01/model.config
[0.283s] -- Up-to-date: /home/spicygen/Desktop/ros_ws/install/bcr_bot/share/bcr_bot//models/aws_robomaker_warehouse_TrashCanC_01/materials
[0.283s] -- Up-to-date: /home/spicygen/Desktop/ros_ws/install/bcr_bot/share/bcr_bot//models/aws_robomaker_warehouse_TrashCanC_01/materials/textures
[0.285s] -- Up-to-date: /home/spicygen/Desktop/ros_ws/install/bcr_bot/share/bcr_bot//models/aws_robomaker_warehouse_TrashCanC_01/materials/textures/aws_robomaker_warehouse_TrashCanC_01.png
[0.285s] -- Up-to-date: /home/spicygen/Desktop/ros_ws/install/bcr_bot/share/bcr_bot//models/aws_robomaker_warehouse_ShelfD_01
[0.286s] -- Up-to-date: /home/spicygen/Desktop/ros_ws/install/bcr_bot/share/bcr_bot//models/aws_robomaker_warehouse_ShelfD_01/meshes
[0.286s] -- Up-to-date: /home/spicygen/Desktop/ros_ws/install/bcr_bot/share/bcr_bot//models/aws_robomaker_warehouse_ShelfD_01/meshes/aws_robomaker_warehouse_ShelfD_01_visual.DAE
[0.287s] -- Up-to-date: /home/spicygen/Desktop/ros_ws/install/bcr_bot/share/bcr_bot//models/aws_robomaker_warehouse_ShelfD_01/meshes/aws_robomaker_warehouse_ShelfD_01_collision.DAE
[0.287s] -- Up-to-date: /home/spicygen/Desktop/ros_ws/install/bcr_bot/share/bcr_bot//models/aws_robomaker_warehouse_ShelfD_01/model.sdf
[0.287s] -- Up-to-date: /home/spicygen/Desktop/ros_ws/install/bcr_bot/share/bcr_bot//models/aws_robomaker_warehouse_ShelfD_01/model.config
[0.288s] -- Up-to-date: /home/spicygen/Desktop/ros_ws/install/bcr_bot/share/bcr_bot//models/aws_robomaker_warehouse_ShelfD_01/materials
[0.288s] -- Up-to-date: /home/spicygen/Desktop/ros_ws/install/bcr_bot/share/bcr_bot//models/aws_robomaker_warehouse_ShelfD_01/materials/textures
[0.288s] -- Up-to-date: /home/spicygen/Desktop/ros_ws/install/bcr_bot/share/bcr_bot//models/aws_robomaker_warehouse_ShelfD_01/materials/textures/aws_robomaker_warehouse_ShelfD_01.png
[0.289s] -- Up-to-date: /home/spicygen/Desktop/ros_ws/install/bcr_bot/share/bcr_bot//models/aws_robomaker_warehouse_ShelfD_01/materials/textures/aws_robomaker_warehouse_ShelfD_03.png
[0.289s] -- Up-to-date: /home/spicygen/Desktop/ros_ws/install/bcr_bot/share/bcr_bot//models/aws_robomaker_warehouse_ShelfD_01/materials/textures/aws_robomaker_warehouse_ShelfD_02.png
[0.289s] -- Up-to-date: /home/spicygen/Desktop/ros_ws/install/bcr_bot/share/bcr_bot//models/aws_robomaker_warehouse_ShelfD_01/materials/textures/aws_robomaker_warehouse_ShelfD_04.png
[0.290s] -- Up-to-date: /home/spicygen/Desktop/ros_ws/install/bcr_bot/share/bcr_bot//models/aws_robomaker_warehouse_GroundB_01
[0.290s] -- Up-to-date: /home/spicygen/Desktop/ros_ws/install/bcr_bot/share/bcr_bot//models/aws_robomaker_warehouse_GroundB_01/meshes
[0.290s] -- Up-to-date: /home/spicygen/Desktop/ros_ws/install/bcr_bot/share/bcr_bot//models/aws_robomaker_warehouse_GroundB_01/meshes/aws_robomaker_warehouse_GroundB_01_collision.DAE
[0.291s] -- Up-to-date: /home/spicygen/Desktop/ros_ws/install/bcr_bot/share/bcr_bot//models/aws_robomaker_warehouse_GroundB_01/meshes/aws_robomaker_warehouse_GroundB_01_visual.DAE
[0.291s] -- Up-to-date: /home/spicygen/Desktop/ros_ws/install/bcr_bot/share/bcr_bot//models/aws_robomaker_warehouse_GroundB_01/model.sdf
[0.292s] -- Up-to-date: /home/spicygen/Desktop/ros_ws/install/bcr_bot/share/bcr_bot//models/aws_robomaker_warehouse_GroundB_01/model.config
[0.292s] -- Up-to-date: /home/spicygen/Desktop/ros_ws/install/bcr_bot/share/bcr_bot//models/aws_robomaker_warehouse_GroundB_01/materials
[0.292s] -- Up-to-date: /home/spicygen/Desktop/ros_ws/install/bcr_bot/share/bcr_bot//models/aws_robomaker_warehouse_GroundB_01/materials/textures
[0.293s] -- Up-to-date: /home/spicygen/Desktop/ros_ws/install/bcr_bot/share/bcr_bot//models/aws_robomaker_warehouse_GroundB_01/materials/textures/aws_robomaker_warehouse_GroundB_01.png
[0.293s] -- Up-to-date: /home/spicygen/Desktop/ros_ws/install/bcr_bot/share/bcr_bot//models/aws_robomaker_warehouse_GroundB_01/materials/textures/aws_robomaker_warehouse_GroundB_02.png
[0.293s] -- Up-to-date: /home/spicygen/Desktop/ros_ws/install/bcr_bot/share/bcr_bot//models/aws_robomaker_warehouse_Lamp_01
[0.294s] -- Up-to-date: /home/spicygen/Desktop/ros_ws/install/bcr_bot/share/bcr_bot//models/aws_robomaker_warehouse_Lamp_01/meshes
[0.294s] -- Up-to-date: /home/spicygen/Desktop/ros_ws/install/bcr_bot/share/bcr_bot//models/aws_robomaker_warehouse_Lamp_01/meshes/aws_robomaker_warehouse_Lamp_01_collision.DAE
[0.294s] -- Up-to-date: /home/spicygen/Desktop/ros_ws/install/bcr_bot/share/bcr_bot//models/aws_robomaker_warehouse_Lamp_01/meshes/aws_robomaker_warehouse_Lamp_01_visual.DAE
[0.295s] -- Up-to-date: /home/spicygen/Desktop/ros_ws/install/bcr_bot/share/bcr_bot//models/aws_robomaker_warehouse_Lamp_01/model.sdf
[0.295s] -- Up-to-date: /home/spicygen/Desktop/ros_ws/install/bcr_bot/share/bcr_bot//models/aws_robomaker_warehouse_Lamp_01/model.config
[0.295s] -- Up-to-date: /home/spicygen/Desktop/ros_ws/install/bcr_bot/share/bcr_bot//models/aws_robomaker_warehouse_Lamp_01/materials
[0.296s] -- Up-to-date: /home/spicygen/Desktop/ros_ws/install/bcr_bot/share/bcr_bot//models/aws_robomaker_warehouse_Lamp_01/materials/textures
[0.296s] -- Up-to-date: /home/spicygen/Desktop/ros_ws/install/bcr_bot/share/bcr_bot//models/aws_robomaker_warehouse_Lamp_01/materials/textures/aws_robomaker_warehouse_Lamp_01.png
[0.296s] -- Up-to-date: /home/spicygen/Desktop/ros_ws/install/bcr_bot/share/bcr_bot//models/aws_robomaker_warehouse_Bucket_01
[0.297s] -- Up-to-date: /home/spicygen/Desktop/ros_ws/install/bcr_bot/share/bcr_bot//models/aws_robomaker_warehouse_Bucket_01/meshes
[0.297s] -- Up-to-date: /home/spicygen/Desktop/ros_ws/install/bcr_bot/share/bcr_bot//models/aws_robomaker_warehouse_Bucket_01/meshes/aws_robomaker_warehouse_Bucket_01_visual.DAE
[0.298s] -- Up-to-date: /home/spicygen/Desktop/ros_ws/install/bcr_bot/share/bcr_bot//models/aws_robomaker_warehouse_Bucket_01/meshes/aws_robomaker_warehouse_Bucket_01_collision.DAE
[0.298s] -- Up-to-date: /home/spicygen/Desktop/ros_ws/install/bcr_bot/share/bcr_bot//models/aws_robomaker_warehouse_Bucket_01/.DS_Store
[0.298s] -- Up-to-date: /home/spicygen/Desktop/ros_ws/install/bcr_bot/share/bcr_bot//models/aws_robomaker_warehouse_Bucket_01/model.sdf
[0.298s] -- Up-to-date: /home/spicygen/Desktop/ros_ws/install/bcr_bot/share/bcr_bot//models/aws_robomaker_warehouse_Bucket_01/model.config
[0.298s] -- Up-to-date: /home/spicygen/Desktop/ros_ws/install/bcr_bot/share/bcr_bot//models/aws_robomaker_warehouse_Bucket_01/materials
[0.299s] -- Up-to-date: /home/spicygen/Desktop/ros_ws/install/bcr_bot/share/bcr_bot//models/aws_robomaker_warehouse_Bucket_01/materials/.DS_Store
[0.299s] -- Up-to-date: /home/spicygen/Desktop/ros_ws/install/bcr_bot/share/bcr_bot//models/aws_robomaker_warehouse_Bucket_01/materials/textures
[0.299s] -- Up-to-date: /home/spicygen/Desktop/ros_ws/install/bcr_bot/share/bcr_bot//models/aws_robomaker_warehouse_Bucket_01/materials/textures/aws_robomaker_warehouse_Bucket_01.png
[0.299s] -- Up-to-date: /home/spicygen/Desktop/ros_ws/install/bcr_bot/share/bcr_bot//models/aws_robomaker_warehouse_RoofB_01
[0.300s] -- Up-to-date: /home/spicygen/Desktop/ros_ws/install/bcr_bot/share/bcr_bot//models/aws_robomaker_warehouse_RoofB_01/meshes
[0.300s] -- Up-to-date: /home/spicygen/Desktop/ros_ws/install/bcr_bot/share/bcr_bot//models/aws_robomaker_warehouse_RoofB_01/meshes/aws_robomaker_warehouse_RoofB_01_visual.DAE
[0.301s] -- Up-to-date: /home/spicygen/Desktop/ros_ws/install/bcr_bot/share/bcr_bot//models/aws_robomaker_warehouse_RoofB_01/meshes/aws_robomaker_warehouse_RoofB_01_collision.DAE
[0.301s] -- Up-to-date: /home/spicygen/Desktop/ros_ws/install/bcr_bot/share/bcr_bot//models/aws_robomaker_warehouse_RoofB_01/model.sdf
[0.302s] -- Up-to-date: /home/spicygen/Desktop/ros_ws/install/bcr_bot/share/bcr_bot//models/aws_robomaker_warehouse_RoofB_01/model.config
[0.302s] -- Up-to-date: /home/spicygen/Desktop/ros_ws/install/bcr_bot/share/bcr_bot//models/aws_robomaker_warehouse_RoofB_01/materials
[0.303s] -- Up-to-date: /home/spicygen/Desktop/ros_ws/install/bcr_bot/share/bcr_bot//models/aws_robomaker_warehouse_RoofB_01/materials/textures
[0.303s] -- Up-to-date: /home/spicygen/Desktop/ros_ws/install/bcr_bot/share/bcr_bot//models/aws_robomaker_warehouse_RoofB_01/materials/textures/aws_robomaker_warehouse_RoofB_01.png
[0.303s] -- Up-to-date: /home/spicygen/Desktop/ros_ws/install/bcr_bot/share/bcr_bot//models/aws_robomaker_warehouse_ShelfE_01
[0.304s] -- Up-to-date: /home/spicygen/Desktop/ros_ws/install/bcr_bot/share/bcr_bot//models/aws_robomaker_warehouse_ShelfE_01/meshes
[0.304s] -- Up-to-date: /home/spicygen/Desktop/ros_ws/install/bcr_bot/share/bcr_bot//models/aws_robomaker_warehouse_ShelfE_01/meshes/aws_robomaker_warehouse_ShelfE_01_visual.DAE
[0.305s] -- Up-to-date: /home/spicygen/Desktop/ros_ws/install/bcr_bot/share/bcr_bot//models/aws_robomaker_warehouse_ShelfE_01/meshes/aws_robomaker_warehouse_ShelfE_01_collision.DAE
[0.305s] -- Up-to-date: /home/spicygen/Desktop/ros_ws/install/bcr_bot/share/bcr_bot//models/aws_robomaker_warehouse_ShelfE_01/.DS_Store
[0.305s] -- Up-to-date: /home/spicygen/Desktop/ros_ws/install/bcr_bot/share/bcr_bot//models/aws_robomaker_warehouse_ShelfE_01/model.sdf
[0.306s] -- Up-to-date: /home/spicygen/Desktop/ros_ws/install/bcr_bot/share/bcr_bot//models/aws_robomaker_warehouse_ShelfE_01/model.config
[0.306s] -- Up-to-date: /home/spicygen/Desktop/ros_ws/install/bcr_bot/share/bcr_bot//models/aws_robomaker_warehouse_ShelfE_01/materials
[0.307s] -- Up-to-date: /home/spicygen/Desktop/ros_ws/install/bcr_bot/share/bcr_bot//models/aws_robomaker_warehouse_ShelfE_01/materials/.DS_Store
[0.307s] -- Up-to-date: /home/spicygen/Desktop/ros_ws/install/bcr_bot/share/bcr_bot//models/aws_robomaker_warehouse_ShelfE_01/materials/textures
[0.307s] -- Up-to-date: /home/spicygen/Desktop/ros_ws/install/bcr_bot/share/bcr_bot//models/aws_robomaker_warehouse_ShelfE_01/materials/textures/aws_robomaker_warehouse_ShelfE_01.png
[0.308s] -- Up-to-date: /home/spicygen/Desktop/ros_ws/install/bcr_bot/share/bcr_bot//models/aws_robomaker_warehouse_ShelfE_01/materials/textures/aws_robomaker_warehouse_ShelfE_02.png
[0.308s] -- Up-to-date: /home/spicygen/Desktop/ros_ws/install/bcr_bot/share/bcr_bot//models/aws_robomaker_warehouse_ShelfE_01/materials/textures/aws_robomaker_warehouse_ShelfE_04.png
[0.308s] -- Up-to-date: /home/spicygen/Desktop/ros_ws/install/bcr_bot/share/bcr_bot//models/aws_robomaker_warehouse_ShelfE_01/materials/textures/aws_robomaker_warehouse_ShelfE_03.png
[0.309s] -- Up-to-date: /home/spicygen/Desktop/ros_ws/install/bcr_bot/share/bcr_bot//urdf
[0.309s] -- Up-to-date: /home/spicygen/Desktop/ros_ws/install/bcr_bot/share/bcr_bot//urdf/bcr_bot.xacro
[0.309s] -- Up-to-date: /home/spicygen/Desktop/ros_ws/install/bcr_bot/share/bcr_bot//urdf/multi_gazebo.xacro
[0.310s] -- Up-to-date: /home/spicygen/Desktop/ros_ws/install/bcr_bot/share/bcr_bot//urdf/multi_bcr_bot.xacro
[0.310s] -- Up-to-date: /home/spicygen/Desktop/ros_ws/install/bcr_bot/share/bcr_bot//urdf/gz.xacro
[0.310s] -- Up-to-date: /home/spicygen/Desktop/ros_ws/install/bcr_bot/share/bcr_bot//urdf/gazebo.xacro
[0.311s] -- Up-to-date: /home/spicygen/Desktop/ros_ws/install/bcr_bot/share/bcr_bot//urdf/ign.xacro
[0.314s] -- Up-to-date: /home/spicygen/Desktop/ros_ws/install/bcr_bot/share/bcr_bot//urdf/materials.xacro
[0.315s] -- Up-to-date: /home/spicygen/Desktop/ros_ws/install/bcr_bot/share/bcr_bot//urdf/macros.xacro
[0.315s] -- Up-to-date: /home/spicygen/Desktop/ros_ws/install/bcr_bot/share/bcr_bot//worlds
[0.315s] -- Up-to-date: /home/spicygen/Desktop/ros_ws/install/bcr_bot/share/bcr_bot//worlds/empty.sdf
[0.316s] -- Up-to-date: /home/spicygen/Desktop/ros_ws/install/bcr_bot/share/bcr_bot//worlds/small_warehouse.sdf
[0.316s] -- Up-to-date: /home/spicygen/Desktop/ros_ws/install/bcr_bot/share/bcr_bot//rviz
[0.316s] -- Up-to-date: /home/spicygen/Desktop/ros_ws/install/bcr_bot/share/bcr_bot//rviz/entire_setup.rviz
[0.316s] -- Up-to-date: /home/spicygen/Desktop/ros_ws/install/bcr_bot/share/bcr_bot//rviz/map.rviz
[0.316s] -- Up-to-date: /home/spicygen/Desktop/ros_ws/install/bcr_bot/share/bcr_bot//Detectionmodels
[0.317s] -- Up-to-date: /home/spicygen/Desktop/ros_ws/install/bcr_bot/share/bcr_bot//Detectionmodels/cone_detection.pt
[0.317s] -- Up-to-date: /home/spicygen/Desktop/ros_ws/install/bcr_bot/share/bcr_bot//Detectionmodels/cone_detection.onnx
[0.317s] -- Up-to-date: /home/spicygen/Desktop/ros_ws/install/bcr_bot/share/bcr_bot/config
[0.319s] -- Up-to-date: /home/spicygen/Desktop/ros_ws/install/bcr_bot/share/bcr_bot/config/bcr_map.yaml
[0.319s] -- Up-to-date: /home/spicygen/Desktop/ros_ws/install/bcr_bot/share/bcr_bot/config/mapper_params_online_async.yaml
[0.320s] -- Up-to-date: /home/spicygen/Desktop/ros_ws/install/bcr_bot/share/bcr_bot/config/bcr_map.pgm
[0.321s] -- Up-to-date: /home/spicygen/Desktop/ros_ws/install/bcr_bot/share/bcr_bot/config/nav2_params.yaml
[0.322s] -- Up-to-date: /home/spicygen/Desktop/ros_ws/install/bcr_bot/lib/bcr_bot/remapper.py
[0.322s] -- Up-to-date: /home/spicygen/Desktop/ros_ws/install/bcr_bot/lib/bcr_bot/objdetection.py
[0.323s] -- Up-to-date: /home/spicygen/Desktop/ros_ws/install/bcr_bot/share/ament_index/resource_index/package_run_dependencies/bcr_bot
[0.324s] -- Up-to-date: /home/spicygen/Desktop/ros_ws/install/bcr_bot/share/ament_index/resource_index/parent_prefix_path/bcr_bot
[0.325s] -- Up-to-date: /home/spicygen/Desktop/ros_ws/install/bcr_bot/share/bcr_bot/environment/ament_prefix_path.sh
[0.329s] -- Up-to-date: /home/spicygen/Desktop/ros_ws/install/bcr_bot/share/bcr_bot/environment/ament_prefix_path.dsv
[0.329s] -- Up-to-date: /home/spicygen/Desktop/ros_ws/install/bcr_bot/share/bcr_bot/environment/path.sh
[0.330s] -- Up-to-date: /home/spicygen/Desktop/ros_ws/install/bcr_bot/share/bcr_bot/environment/path.dsv
[0.330s] -- Up-to-date: /home/spicygen/Desktop/ros_ws/install/bcr_bot/share/bcr_bot/local_setup.bash
[0.331s] -- Up-to-date: /home/spicygen/Desktop/ros_ws/install/bcr_bot/share/bcr_bot/local_setup.sh
[0.332s] -- Up-to-date: /home/spicygen/Desktop/ros_ws/install/bcr_bot/share/bcr_bot/local_setup.zsh
[0.332s] -- Up-to-date: /home/spicygen/Desktop/ros_ws/install/bcr_bot/share/bcr_bot/local_setup.dsv
[0.333s] -- Installing: /home/spicygen/Desktop/ros_ws/install/bcr_bot/share/bcr_bot/package.dsv
[0.333s] -- Up-to-date: /home/spicygen/Desktop/ros_ws/install/bcr_bot/share/ament_index/resource_index/packages/bcr_bot
[0.334s] -- Up-to-date: /home/spicygen/Desktop/ros_ws/install/bcr_bot/share/bcr_bot/cmake/bcr_botConfig.cmake
[0.335s] -- Up-to-date: /home/spicygen/Desktop/ros_ws/install/bcr_bot/share/bcr_bot/cmake/bcr_botConfig-version.cmake
[0.336s] -- Up-to-date: /home/spicygen/Desktop/ros_ws/install/bcr_bot/share/bcr_bot/package.xml
[0.336s] Invoked command in '/home/spicygen/Desktop/ros_ws/build/bcr_bot' returned '0': CMAKE_PREFIX_PATH=${CMAKE_PREFIX_PATH}:/opt/ros/humble /usr/bin/cmake --install /home/spicygen/Desktop/ros_ws/build/bcr_bot
