[0.181s] Invoking command in '/home/spicygen/Desktop/ros_ws/build/explore_lite': CMAKE_PREFIX_PATH=${CMAKE_PREFIX_PATH}:/opt/ros/humble /usr/bin/cmake --build /home/spicygen/Desktop/ros_ws/build/explore_lite -- -j8 -l8
[0.732s] [ 40%] Built target gtest_main
[0.732s] [ 40%] Built target gtest
[0.762s] [ 60%] Built target test_explore
[0.781s] [100%] Built target explore
[0.793s] Invoked command in '/home/spicygen/Desktop/ros_ws/build/explore_lite' returned '0': CMAKE_PREFIX_PATH=${CMAKE_PREFIX_PATH}:/opt/ros/humble /usr/bin/cmake --build /home/spicygen/Desktop/ros_ws/build/explore_lite -- -j8 -l8
[0.851s] Invoking command in '/home/spicygen/Desktop/ros_ws/build/explore_lite': CMAKE_PREFIX_PATH=${CMAKE_PREFIX_PATH}:/opt/ros/humble /usr/bin/cmake --install /home/spicygen/Desktop/ros_ws/build/explore_lite
[0.860s] -- Install configuration: ""
[0.861s] -- Execute custom install script
[0.893s] -- Up-to-date symlink: /home/spicygen/Desktop/ros_ws/install/explore_lite/include/explore//costmap_client.h
[0.927s] -- Up-to-date symlink: /home/spicygen/Desktop/ros_ws/install/explore_lite/include/explore//costmap_tools.h
[0.972s] -- Up-to-date symlink: /home/spicygen/Desktop/ros_ws/install/explore_lite/include/explore//explore.h
[1.022s] -- Up-to-date symlink: /home/spicygen/Desktop/ros_ws/install/explore_lite/include/explore//frontier_search.h
[1.056s] -- Up-to-date symlink: /home/spicygen/Desktop/ros_ws/install/explore_lite/share/explore_lite/config/params.yaml
[1.177s] -- Up-to-date symlink: /home/spicygen/Desktop/ros_ws/install/explore_lite/share/explore_lite/config/params_costmap.yaml
[1.198s] -- Up-to-date symlink: /home/spicygen/Desktop/ros_ws/install/explore_lite/share/explore_lite/launch/explore.launch.py
[1.200s] -- Up-to-date symlink: /home/spicygen/Desktop/ros_ws/install/explore_lite/lib/explore_lite/explore
[1.200s] -- Up-to-date symlink: /home/spicygen/Desktop/ros_ws/install/explore_lite/share/ament_index/resource_index/package_run_dependencies/explore_lite
[1.209s] -- Up-to-date symlink: /home/spicygen/Desktop/ros_ws/install/explore_lite/share/ament_index/resource_index/parent_prefix_path/explore_lite
[1.232s] -- Up-to-date symlink: /home/spicygen/Desktop/ros_ws/install/explore_lite/share/explore_lite/environment/ament_prefix_path.sh
[1.232s] -- Up-to-date symlink: /home/spicygen/Desktop/ros_ws/install/explore_lite/share/explore_lite/environment/ament_prefix_path.dsv
[1.254s] -- Up-to-date symlink: /home/spicygen/Desktop/ros_ws/install/explore_lite/share/explore_lite/environment/path.sh
[1.254s] -- Up-to-date symlink: /home/spicygen/Desktop/ros_ws/install/explore_lite/share/explore_lite/environment/path.dsv
[1.276s] -- Up-to-date symlink: /home/spicygen/Desktop/ros_ws/install/explore_lite/share/explore_lite/local_setup.bash
[1.298s] -- Up-to-date symlink: /home/spicygen/Desktop/ros_ws/install/explore_lite/share/explore_lite/local_setup.sh
[1.320s] -- Up-to-date symlink: /home/spicygen/Desktop/ros_ws/install/explore_lite/share/explore_lite/local_setup.zsh
[1.320s] -- Up-to-date symlink: /home/spicygen/Desktop/ros_ws/install/explore_lite/share/explore_lite/local_setup.dsv
[1.320s] -- Symlinking: /home/spicygen/Desktop/ros_ws/install/explore_lite/share/explore_lite/package.dsv
[1.337s] -- Up-to-date symlink: /home/spicygen/Desktop/ros_ws/install/explore_lite/share/ament_index/resource_index/packages/explore_lite
[1.353s] -- Up-to-date symlink: /home/spicygen/Desktop/ros_ws/install/explore_lite/share/explore_lite/cmake/ament_cmake_export_include_directories-extras.cmake
[1.375s] -- Up-to-date symlink: /home/spicygen/Desktop/ros_ws/install/explore_lite/share/explore_lite/cmake/explore_liteConfig.cmake
[1.397s] -- Up-to-date symlink: /home/spicygen/Desktop/ros_ws/install/explore_lite/share/explore_lite/cmake/explore_liteConfig-version.cmake
[1.397s] -- Up-to-date symlink: /home/spicygen/Desktop/ros_ws/install/explore_lite/share/explore_lite/package.xml
[1.410s] Invoked command in '/home/spicygen/Desktop/ros_ws/build/explore_lite' returned '0': CMAKE_PREFIX_PATH=${CMAKE_PREFIX_PATH}:/opt/ros/humble /usr/bin/cmake --install /home/spicygen/Desktop/ros_ws/build/explore_lite
