[0.101s] Invoking command in '/home/spicygen/Desktop/ros_ws/build/openslam_gmapping': CMAKE_PREFIX_PATH=/opt/ros/humble /usr/bin/cmake --build /home/spicygen/Desktop/ros_ws/build/openslam_gmapping -- -j8 -l8
[1.028s] [ 18%] Built target sensor_base
[1.029s] [ 27%] Built target utils
[1.128s] [ 40%] Built target sensor_odometry
[1.190s] [ 54%] Built target sensor_range
[1.305s] [ 77%] Built target scanmatcher
[1.663s] [100%] Built target gridfastslam
[1.931s] Invoked command in '/home/spicygen/Desktop/ros_ws/build/openslam_gmapping' returned '0': CMAKE_PREFIX_PATH=/opt/ros/humble /usr/bin/cmake --build /home/spicygen/Desktop/ros_ws/build/openslam_gmapping -- -j8 -l8
[1.994s] Invoking command in '/home/spicygen/Desktop/ros_ws/build/openslam_gmapping': CMAKE_PREFIX_PATH=/opt/ros/humble /usr/bin/cmake --install /home/spicygen/Desktop/ros_ws/build/openslam_gmapping
[2.002s] -- Install configuration: ""
[2.003s] -- Up-to-date: /home/spicygen/Desktop/ros_ws/install/openslam_gmapping/share/openslam_gmapping/environment/library_path.sh
[2.003s] -- Up-to-date: /home/spicygen/Desktop/ros_ws/install/openslam_gmapping/share/openslam_gmapping/environment/library_path.dsv
[2.004s] -- Up-to-date: /home/spicygen/Desktop/ros_ws/install/openslam_gmapping/include/
[2.004s] -- Up-to-date: /home/spicygen/Desktop/ros_ws/install/openslam_gmapping/include//gmapping
[2.004s] -- Up-to-date: /home/spicygen/Desktop/ros_ws/install/openslam_gmapping/include//gmapping/particlefilter
[2.004s] -- Up-to-date: /home/spicygen/Desktop/ros_ws/install/openslam_gmapping/include//gmapping/particlefilter/particlefilter.h
[2.004s] -- Up-to-date: /home/spicygen/Desktop/ros_ws/install/openslam_gmapping/include//gmapping/gridfastslam
[2.004s] -- Up-to-date: /home/spicygen/Desktop/ros_ws/install/openslam_gmapping/include//gmapping/gridfastslam/motionmodel.h
[2.005s] -- Up-to-date: /home/spicygen/Desktop/ros_ws/install/openslam_gmapping/include//gmapping/gridfastslam/gridslamprocessor.hxx
[2.005s] -- Up-to-date: /home/spicygen/Desktop/ros_ws/install/openslam_gmapping/include//gmapping/gridfastslam/gridslamprocessor.h
[2.005s] -- Up-to-date: /home/spicygen/Desktop/ros_ws/install/openslam_gmapping/include//gmapping/utils
[2.005s] -- Up-to-date: /home/spicygen/Desktop/ros_ws/install/openslam_gmapping/include//gmapping/utils/commandline.h
[2.005s] -- Up-to-date: /home/spicygen/Desktop/ros_ws/install/openslam_gmapping/include//gmapping/utils/macro_params.h
[2.005s] -- Up-to-date: /home/spicygen/Desktop/ros_ws/install/openslam_gmapping/include//gmapping/utils/point.h
[2.005s] -- Up-to-date: /home/spicygen/Desktop/ros_ws/install/openslam_gmapping/include//gmapping/utils/gvalues.h
[2.006s] -- Up-to-date: /home/spicygen/Desktop/ros_ws/install/openslam_gmapping/include//gmapping/utils/stat.h
[2.006s] -- Up-to-date: /home/spicygen/Desktop/ros_ws/install/openslam_gmapping/include//gmapping/utils/autoptr.h
[2.006s] -- Up-to-date: /home/spicygen/Desktop/ros_ws/install/openslam_gmapping/include//gmapping/grid
[2.006s] -- Up-to-date: /home/spicygen/Desktop/ros_ws/install/openslam_gmapping/include//gmapping/grid/map.h
[2.006s] -- Up-to-date: /home/spicygen/Desktop/ros_ws/install/openslam_gmapping/include//gmapping/grid/array2d.h
[2.006s] -- Up-to-date: /home/spicygen/Desktop/ros_ws/install/openslam_gmapping/include//gmapping/grid/accessstate.h
[2.006s] -- Up-to-date: /home/spicygen/Desktop/ros_ws/install/openslam_gmapping/include//gmapping/grid/harray2d.h
[2.006s] -- Up-to-date: /home/spicygen/Desktop/ros_ws/install/openslam_gmapping/include//gmapping/scanmatcher
[2.007s] -- Up-to-date: /home/spicygen/Desktop/ros_ws/install/openslam_gmapping/include//gmapping/scanmatcher/icp.h
[2.007s] -- Up-to-date: /home/spicygen/Desktop/ros_ws/install/openslam_gmapping/include//gmapping/scanmatcher/scanmatcher.h
[2.007s] -- Up-to-date: /home/spicygen/Desktop/ros_ws/install/openslam_gmapping/include//gmapping/scanmatcher/smmap.h
[2.007s] -- Up-to-date: /home/spicygen/Desktop/ros_ws/install/openslam_gmapping/include//gmapping/log
[2.007s] -- Up-to-date: /home/spicygen/Desktop/ros_ws/install/openslam_gmapping/include//gmapping/log/sensorlog.h
[2.007s] -- Up-to-date: /home/spicygen/Desktop/ros_ws/install/openslam_gmapping/include//gmapping/log/configuration.h
[2.007s] -- Up-to-date: /home/spicygen/Desktop/ros_ws/install/openslam_gmapping/include//gmapping/sensor
[2.007s] -- Up-to-date: /home/spicygen/Desktop/ros_ws/install/openslam_gmapping/include//gmapping/sensor/sensor_range
[2.007s] -- Up-to-date: /home/spicygen/Desktop/ros_ws/install/openslam_gmapping/include//gmapping/sensor/sensor_range/rangereading.h
[2.007s] -- Up-to-date: /home/spicygen/Desktop/ros_ws/install/openslam_gmapping/include//gmapping/sensor/sensor_range/rangesensor.h
[2.007s] -- Up-to-date: /home/spicygen/Desktop/ros_ws/install/openslam_gmapping/include//gmapping/sensor/sensor_base
[2.007s] -- Up-to-date: /home/spicygen/Desktop/ros_ws/install/openslam_gmapping/include//gmapping/sensor/sensor_base/sensor.h
[2.007s] -- Up-to-date: /home/spicygen/Desktop/ros_ws/install/openslam_gmapping/include//gmapping/sensor/sensor_base/sensorreading.h
[2.008s] -- Up-to-date: /home/spicygen/Desktop/ros_ws/install/openslam_gmapping/include//gmapping/sensor/sensor_odometry
[2.008s] -- Up-to-date: /home/spicygen/Desktop/ros_ws/install/openslam_gmapping/include//gmapping/sensor/sensor_odometry/odometrysensor.h
[2.008s] -- Up-to-date: /home/spicygen/Desktop/ros_ws/install/openslam_gmapping/include//gmapping/sensor/sensor_odometry/odometryreading.h
[2.008s] -- Up-to-date: /home/spicygen/Desktop/ros_ws/install/openslam_gmapping/share/ament_index/resource_index/package_run_dependencies/openslam_gmapping
[2.008s] -- Up-to-date: /home/spicygen/Desktop/ros_ws/install/openslam_gmapping/share/ament_index/resource_index/parent_prefix_path/openslam_gmapping
[2.008s] -- Up-to-date: /home/spicygen/Desktop/ros_ws/install/openslam_gmapping/share/openslam_gmapping/environment/ament_prefix_path.sh
[2.008s] -- Up-to-date: /home/spicygen/Desktop/ros_ws/install/openslam_gmapping/share/openslam_gmapping/environment/ament_prefix_path.dsv
[2.008s] -- Up-to-date: /home/spicygen/Desktop/ros_ws/install/openslam_gmapping/share/openslam_gmapping/environment/path.sh
[2.008s] -- Up-to-date: /home/spicygen/Desktop/ros_ws/install/openslam_gmapping/share/openslam_gmapping/environment/path.dsv
[2.008s] -- Up-to-date: /home/spicygen/Desktop/ros_ws/install/openslam_gmapping/share/openslam_gmapping/local_setup.bash
[2.008s] -- Up-to-date: /home/spicygen/Desktop/ros_ws/install/openslam_gmapping/share/openslam_gmapping/local_setup.sh
[2.008s] -- Up-to-date: /home/spicygen/Desktop/ros_ws/install/openslam_gmapping/share/openslam_gmapping/local_setup.zsh
[2.008s] -- Up-to-date: /home/spicygen/Desktop/ros_ws/install/openslam_gmapping/share/openslam_gmapping/local_setup.dsv
[2.008s] -- Installing: /home/spicygen/Desktop/ros_ws/install/openslam_gmapping/share/openslam_gmapping/package.dsv
[2.028s] -- Up-to-date: /home/spicygen/Desktop/ros_ws/install/openslam_gmapping/share/ament_index/resource_index/packages/openslam_gmapping
[2.028s] -- Up-to-date: /home/spicygen/Desktop/ros_ws/install/openslam_gmapping/share/openslam_gmapping/cmake/ament_cmake_export_libraries-extras.cmake
[2.028s] -- Up-to-date: /home/spicygen/Desktop/ros_ws/install/openslam_gmapping/share/openslam_gmapping/cmake/ament_cmake_export_include_directories-extras.cmake
[2.028s] -- Up-to-date: /home/spicygen/Desktop/ros_ws/install/openslam_gmapping/share/openslam_gmapping/cmake/openslam_gmappingConfig.cmake
[2.028s] -- Up-to-date: /home/spicygen/Desktop/ros_ws/install/openslam_gmapping/share/openslam_gmapping/cmake/openslam_gmappingConfig-version.cmake
[2.028s] -- Up-to-date: /home/spicygen/Desktop/ros_ws/install/openslam_gmapping/share/openslam_gmapping/package.xml
[2.029s] -- Up-to-date: /home/spicygen/Desktop/ros_ws/install/openslam_gmapping/lib/libgridfastslam.a
[2.029s] -- Up-to-date: /home/spicygen/Desktop/ros_ws/install/openslam_gmapping/lib/libscanmatcher.a
[2.029s] -- Up-to-date: /home/spicygen/Desktop/ros_ws/install/openslam_gmapping/share/openslam_gmapping/environment/library_path.sh
[2.030s] -- Up-to-date: /home/spicygen/Desktop/ros_ws/install/openslam_gmapping/share/openslam_gmapping/environment/library_path.dsv
[2.030s] -- Up-to-date: /home/spicygen/Desktop/ros_ws/install/openslam_gmapping/lib/libsensor_base.a
[2.030s] -- Up-to-date: /home/spicygen/Desktop/ros_ws/install/openslam_gmapping/share/openslam_gmapping/environment/library_path.sh
[2.030s] -- Up-to-date: /home/spicygen/Desktop/ros_ws/install/openslam_gmapping/share/openslam_gmapping/environment/library_path.dsv
[2.031s] -- Up-to-date: /home/spicygen/Desktop/ros_ws/install/openslam_gmapping/lib/libsensor_odometry.a
[2.032s] -- Up-to-date: /home/spicygen/Desktop/ros_ws/install/openslam_gmapping/lib/libsensor_range.a
[2.033s] -- Up-to-date: /home/spicygen/Desktop/ros_ws/install/openslam_gmapping/lib/libutils.a
[2.034s] -- Up-to-date: /home/spicygen/Desktop/ros_ws/install/openslam_gmapping/share/openslam_gmapping/environment/library_path.sh
[2.034s] -- Up-to-date: /home/spicygen/Desktop/ros_ws/install/openslam_gmapping/share/openslam_gmapping/environment/library_path.dsv
[2.145s] Invoked command in '/home/spicygen/Desktop/ros_ws/build/openslam_gmapping' returned '0': CMAKE_PREFIX_PATH=/opt/ros/humble /usr/bin/cmake --install /home/spicygen/Desktop/ros_ws/build/openslam_gmapping
