[0.052s] Invoking command in '/home/spicygen/Desktop/ros_ws/build/openslam_gmapping': CMAKE_PREFIX_PATH=${CMAKE_PREFIX_PATH}:/opt/ros/humble /usr/bin/cmake /home/spicygen/Desktop/ros_ws/src/slam_gmapping/openslam_gmapping -DAMENT_CMAKE_SYMLINK_INSTALL=1 -DCMAKE_INSTALL_PREFIX=/home/spicygen/Desktop/ros_ws/install/openslam_gmapping
[0.660s] -- Found ament_cmake: 1.3.12 (/opt/ros/humble/share/ament_cmake/cmake)
[1.245s] -- Override CMake install command with custom implementation using symlinks instead of copying resources
[1.812s] -- Configuring done
[3.001s] -- Generating done
[3.045s] -- Build files have been written to: /home/spicygen/Desktop/ros_ws/build/openslam_gmapping
[3.052s] Invoked command in '/home/spicygen/Desktop/ros_ws/build/openslam_gmapping' returned '0': CMAKE_PREFIX_PATH=${CMAKE_PREFIX_PATH}:/opt/ros/humble /usr/bin/cmake /home/spicygen/Desktop/ros_ws/src/slam_gmapping/openslam_gmapping -DAMENT_CMAKE_SYMLINK_INSTALL=1 -DCMAKE_INSTALL_PREFIX=/home/spicygen/Desktop/ros_ws/install/openslam_gmapping
[3.055s] Invoking command in '/home/spicygen/Desktop/ros_ws/build/openslam_gmapping': CMAKE_PREFIX_PATH=${CMAKE_PREFIX_PATH}:/opt/ros/humble /usr/bin/cmake --build /home/spicygen/Desktop/ros_ws/build/openslam_gmapping -- -j8 -l8
[3.138s] [35m[1mConsolidate compiler generated dependencies of target utils[0m
[3.140s] [35m[1mConsolidate compiler generated dependencies of target sensor_base[0m
[3.167s] [ 22%] Built target utils
[3.167s] [ 27%] Built target sensor_base
[3.191s] [35m[1mConsolidate compiler generated dependencies of target sensor_range[0m
[3.191s] [35m[1mConsolidate compiler generated dependencies of target sensor_odometry[0m
[3.219s] [ 50%] Built target sensor_range
[3.220s] [ 54%] Built target sensor_odometry
[3.244s] [35m[1mConsolidate compiler generated dependencies of target scanmatcher[0m
[3.275s] [ 77%] Built target scanmatcher
[3.300s] [35m[1mConsolidate compiler generated dependencies of target gridfastslam[0m
[3.332s] [100%] Built target gridfastslam
[3.357s] Invoked command in '/home/spicygen/Desktop/ros_ws/build/openslam_gmapping' returned '0': CMAKE_PREFIX_PATH=${CMAKE_PREFIX_PATH}:/opt/ros/humble /usr/bin/cmake --build /home/spicygen/Desktop/ros_ws/build/openslam_gmapping -- -j8 -l8
[3.360s] Invoking command in '/home/spicygen/Desktop/ros_ws/build/openslam_gmapping': CMAKE_PREFIX_PATH=${CMAKE_PREFIX_PATH}:/opt/ros/humble /usr/bin/cmake --install /home/spicygen/Desktop/ros_ws/build/openslam_gmapping
[3.375s] -- Install configuration: ""
[3.376s] -- Execute custom install script
[3.376s] -- Symlinking: /home/spicygen/Desktop/ros_ws/install/openslam_gmapping/lib/libgridfastslam.a
[3.395s] -- Symlinking: /home/spicygen/Desktop/ros_ws/install/openslam_gmapping/lib/libscanmatcher.a
[3.413s] -- Symlinking: /home/spicygen/Desktop/ros_ws/install/openslam_gmapping/lib/libsensor_base.a
[3.431s] -- Symlinking: /home/spicygen/Desktop/ros_ws/install/openslam_gmapping/share/openslam_gmapping/environment/library_path.sh
[3.450s] -- Symlinking: /home/spicygen/Desktop/ros_ws/install/openslam_gmapping/share/openslam_gmapping/environment/library_path.dsv
[3.470s] -- Up-to-date symlink: /home/spicygen/Desktop/ros_ws/install/openslam_gmapping/share/openslam_gmapping/environment/library_path.sh
[3.470s] -- Up-to-date symlink: /home/spicygen/Desktop/ros_ws/install/openslam_gmapping/share/openslam_gmapping/environment/library_path.dsv
[3.471s] -- Symlinking: /home/spicygen/Desktop/ros_ws/install/openslam_gmapping/lib/libsensor_odometry.a
[3.489s] -- Symlinking: /home/spicygen/Desktop/ros_ws/install/openslam_gmapping/lib/libsensor_range.a
[3.508s] -- Symlinking: /home/spicygen/Desktop/ros_ws/install/openslam_gmapping/lib/libutils.a
[3.527s] -- Up-to-date symlink: /home/spicygen/Desktop/ros_ws/install/openslam_gmapping/share/openslam_gmapping/environment/library_path.sh
[3.528s] -- Up-to-date symlink: /home/spicygen/Desktop/ros_ws/install/openslam_gmapping/share/openslam_gmapping/environment/library_path.dsv
[3.528s] -- Up-to-date symlink: /home/spicygen/Desktop/ros_ws/install/openslam_gmapping/share/openslam_gmapping/environment/library_path.sh
[3.528s] -- Up-to-date symlink: /home/spicygen/Desktop/ros_ws/install/openslam_gmapping/share/openslam_gmapping/environment/library_path.dsv
[3.530s] -- Symlinking: /home/spicygen/Desktop/ros_ws/install/openslam_gmapping/include//gmapping/grid/accessstate.h
[3.573s] -- Symlinking: /home/spicygen/Desktop/ros_ws/install/openslam_gmapping/include//gmapping/grid/array2d.h
[3.592s] -- Symlinking: /home/spicygen/Desktop/ros_ws/install/openslam_gmapping/include//gmapping/grid/harray2d.h
[3.611s] -- Symlinking: /home/spicygen/Desktop/ros_ws/install/openslam_gmapping/include//gmapping/grid/map.h
[3.629s] -- Symlinking: /home/spicygen/Desktop/ros_ws/install/openslam_gmapping/include//gmapping/gridfastslam/gridslamprocessor.h
[3.673s] -- Symlinking: /home/spicygen/Desktop/ros_ws/install/openslam_gmapping/include//gmapping/gridfastslam/gridslamprocessor.hxx
[3.692s] -- Symlinking: /home/spicygen/Desktop/ros_ws/install/openslam_gmapping/include//gmapping/gridfastslam/motionmodel.h
[3.710s] -- Symlinking: /home/spicygen/Desktop/ros_ws/install/openslam_gmapping/include//gmapping/log/configuration.h
[3.751s] -- Symlinking: /home/spicygen/Desktop/ros_ws/install/openslam_gmapping/include//gmapping/log/sensorlog.h
[3.770s] -- Symlinking: /home/spicygen/Desktop/ros_ws/install/openslam_gmapping/include//gmapping/particlefilter/particlefilter.h
[3.789s] -- Symlinking: /home/spicygen/Desktop/ros_ws/install/openslam_gmapping/include//gmapping/scanmatcher/icp.h
[3.837s] -- Symlinking: /home/spicygen/Desktop/ros_ws/install/openslam_gmapping/include//gmapping/scanmatcher/scanmatcher.h
[3.856s] -- Symlinking: /home/spicygen/Desktop/ros_ws/install/openslam_gmapping/include//gmapping/scanmatcher/smmap.h
[3.875s] -- Symlinking: /home/spicygen/Desktop/ros_ws/install/openslam_gmapping/include//gmapping/sensor/sensor_base/sensor.h
[3.914s] -- Symlinking: /home/spicygen/Desktop/ros_ws/install/openslam_gmapping/include//gmapping/sensor/sensor_base/sensorreading.h
[3.934s] -- Symlinking: /home/spicygen/Desktop/ros_ws/install/openslam_gmapping/include//gmapping/sensor/sensor_odometry/odometryreading.h
[3.980s] -- Symlinking: /home/spicygen/Desktop/ros_ws/install/openslam_gmapping/include//gmapping/sensor/sensor_odometry/odometrysensor.h
[3.999s] -- Symlinking: /home/spicygen/Desktop/ros_ws/install/openslam_gmapping/include//gmapping/sensor/sensor_range/rangereading.h
[4.058s] -- Symlinking: /home/spicygen/Desktop/ros_ws/install/openslam_gmapping/include//gmapping/sensor/sensor_range/rangesensor.h
[4.077s] -- Symlinking: /home/spicygen/Desktop/ros_ws/install/openslam_gmapping/include//gmapping/utils/autoptr.h
[4.167s] -- Symlinking: /home/spicygen/Desktop/ros_ws/install/openslam_gmapping/include//gmapping/utils/commandline.h
[4.185s] -- Symlinking: /home/spicygen/Desktop/ros_ws/install/openslam_gmapping/include//gmapping/utils/gvalues.h
[4.209s] -- Symlinking: /home/spicygen/Desktop/ros_ws/install/openslam_gmapping/include//gmapping/utils/macro_params.h
[4.228s] -- Symlinking: /home/spicygen/Desktop/ros_ws/install/openslam_gmapping/include//gmapping/utils/point.h
[4.248s] -- Symlinking: /home/spicygen/Desktop/ros_ws/install/openslam_gmapping/include//gmapping/utils/stat.h
[4.268s] -- Symlinking: /home/spicygen/Desktop/ros_ws/install/openslam_gmapping/share/ament_index/resource_index/package_run_dependencies/openslam_gmapping
[4.287s] -- Symlinking: /home/spicygen/Desktop/ros_ws/install/openslam_gmapping/share/ament_index/resource_index/parent_prefix_path/openslam_gmapping
[4.307s] -- Symlinking: /home/spicygen/Desktop/ros_ws/install/openslam_gmapping/share/openslam_gmapping/environment/ament_prefix_path.sh
[4.326s] -- Symlinking: /home/spicygen/Desktop/ros_ws/install/openslam_gmapping/share/openslam_gmapping/environment/ament_prefix_path.dsv
[4.345s] -- Symlinking: /home/spicygen/Desktop/ros_ws/install/openslam_gmapping/share/openslam_gmapping/environment/path.sh
[4.364s] -- Symlinking: /home/spicygen/Desktop/ros_ws/install/openslam_gmapping/share/openslam_gmapping/environment/path.dsv
[4.383s] -- Symlinking: /home/spicygen/Desktop/ros_ws/install/openslam_gmapping/share/openslam_gmapping/local_setup.bash
[4.402s] -- Symlinking: /home/spicygen/Desktop/ros_ws/install/openslam_gmapping/share/openslam_gmapping/local_setup.sh
[4.422s] -- Symlinking: /home/spicygen/Desktop/ros_ws/install/openslam_gmapping/share/openslam_gmapping/local_setup.zsh
[4.441s] -- Symlinking: /home/spicygen/Desktop/ros_ws/install/openslam_gmapping/share/openslam_gmapping/local_setup.dsv
[4.460s] -- Symlinking: /home/spicygen/Desktop/ros_ws/install/openslam_gmapping/share/openslam_gmapping/package.dsv
[4.479s] -- Symlinking: /home/spicygen/Desktop/ros_ws/install/openslam_gmapping/share/ament_index/resource_index/packages/openslam_gmapping
[4.498s] -- Symlinking: /home/spicygen/Desktop/ros_ws/install/openslam_gmapping/share/openslam_gmapping/cmake/ament_cmake_export_libraries-extras.cmake
[4.516s] -- Symlinking: /home/spicygen/Desktop/ros_ws/install/openslam_gmapping/share/openslam_gmapping/cmake/ament_cmake_export_include_directories-extras.cmake
[4.536s] -- Symlinking: /home/spicygen/Desktop/ros_ws/install/openslam_gmapping/share/openslam_gmapping/cmake/openslam_gmappingConfig.cmake
[4.554s] -- Symlinking: /home/spicygen/Desktop/ros_ws/install/openslam_gmapping/share/openslam_gmapping/cmake/openslam_gmappingConfig-version.cmake
[4.573s] -- Symlinking: /home/spicygen/Desktop/ros_ws/install/openslam_gmapping/share/openslam_gmapping/package.xml
[4.598s] Invoked command in '/home/spicygen/Desktop/ros_ws/build/openslam_gmapping' returned '0': CMAKE_PREFIX_PATH=${CMAKE_PREFIX_PATH}:/opt/ros/humble /usr/bin/cmake --install /home/spicygen/Desktop/ros_ws/build/openslam_gmapping
