[0.114s] Invoking command in '/home/spicygen/Desktop/ros_ws/build/bcr_bot': CMAKE_PREFIX_PATH=${CMAKE_PREFIX_PATH}:/opt/ros/humble /usr/bin/cmake --build /home/spicygen/Desktop/ros_ws/build/bcr_bot -- -j8 -l8
[0.438s] Invoked command in '/home/spicygen/Desktop/ros_ws/build/bcr_bot' returned '0': CMAKE_PREFIX_PATH=${CMAKE_PREFIX_PATH}:/opt/ros/humble /usr/bin/cmake --build /home/spicygen/Desktop/ros_ws/build/bcr_bot -- -j8 -l8
[0.539s] Invoking command in '/home/spicygen/Desktop/ros_ws/build/bcr_bot': CMAKE_PREFIX_PATH=${CMAKE_PREFIX_PATH}:/opt/ros/humble /usr/bin/cmake --install /home/spicygen/Desktop/ros_ws/build/bcr_bot
[0.593s] -- Install configuration: ""
[0.625s] -- Execute custom install script
[0.626s] -- Up-to-date symlink: /home/spicygen/Desktop/ros_ws/install/bcr_bot/share/bcr_bot//launch/bcr_bot_gazebo_spawn.launch.py
[0.626s] -- Up-to-date symlink: /home/spicygen/Desktop/ros_ws/install/bcr_bot/share/bcr_bot//launch/detectionmodel.launch.py
[0.626s] -- Up-to-date symlink: /home/spicygen/Desktop/ros_ws/install/bcr_bot/share/bcr_bot//launch/gazebo.launch.py
[0.626s] -- Up-to-date symlink: /home/spicygen/Desktop/ros_ws/install/bcr_bot/share/bcr_bot//launch/gz.launch.py
[0.627s] -- Up-to-date symlink: /home/spicygen/Desktop/ros_ws/install/bcr_bot/share/bcr_bot//launch/main.launch.py
[0.627s] -- Up-to-date symlink: /home/spicygen/Desktop/ros_ws/install/bcr_bot/share/bcr_bot//launch/mapping.launch.py
[0.627s] -- Up-to-date symlink: /home/spicygen/Desktop/ros_ws/install/bcr_bot/share/bcr_bot//launch/multi_robot_slam.launch.py
[0.627s] -- Up-to-date symlink: /home/spicygen/Desktop/ros_ws/install/bcr_bot/share/bcr_bot//launch/nav2.launch.py
[0.627s] -- Up-to-date symlink: /home/spicygen/Desktop/ros_ws/install/bcr_bot/share/bcr_bot//launch/rviz.launch.py
[0.635s] -- Up-to-date symlink: /home/spicygen/Desktop/ros_ws/install/bcr_bot/share/bcr_bot//meshes/bcr_bot_mesh.dae
[0.636s] -- Up-to-date symlink: /home/spicygen/Desktop/ros_ws/install/bcr_bot/share/bcr_bot//meshes/kinect/d415.dae
[0.636s] -- Up-to-date symlink: /home/spicygen/Desktop/ros_ws/install/bcr_bot/share/bcr_bot//meshes/kinect/kinect.dae
[0.636s] -- Up-to-date symlink: /home/spicygen/Desktop/ros_ws/install/bcr_bot/share/bcr_bot//meshes/kinect/kinect.jpg
[0.636s] -- Up-to-date symlink: /home/spicygen/Desktop/ros_ws/install/bcr_bot/share/bcr_bot//meshes/kinect/kinect.tga
[0.636s] -- Up-to-date symlink: /home/spicygen/Desktop/ros_ws/install/bcr_bot/share/bcr_bot//meshes/logo.png
[0.636s] -- Up-to-date symlink: /home/spicygen/Desktop/ros_ws/install/bcr_bot/share/bcr_bot//meshes/realsense_texture.png
[0.636s] -- Up-to-date symlink: /home/spicygen/Desktop/ros_ws/install/bcr_bot/share/bcr_bot//meshes/zed2/zed2.DAE
[2.003s] -- Up-to-date symlink: /home/spicygen/Desktop/ros_ws/install/bcr_bot/share/bcr_bot//models/ConstructionCone/materials/textures/Construction_Cone_Diffuse.png
[2.003s] -- Up-to-date symlink: /home/spicygen/Desktop/ros_ws/install/bcr_bot/share/bcr_bot//models/ConstructionCone/meshes/construction_cone.dae
[2.003s] -- Up-to-date symlink: /home/spicygen/Desktop/ros_ws/install/bcr_bot/share/bcr_bot//models/ConstructionCone/model-1_3.sdf
[2.004s] -- Up-to-date symlink: /home/spicygen/Desktop/ros_ws/install/bcr_bot/share/bcr_bot//models/ConstructionCone/model-1_4.sdf
[2.004s] -- Up-to-date symlink: /home/spicygen/Desktop/ros_ws/install/bcr_bot/share/bcr_bot//models/ConstructionCone/model.config
[2.004s] -- Up-to-date symlink: /home/spicygen/Desktop/ros_ws/install/bcr_bot/share/bcr_bot//models/ConstructionCone/model.sdf
[2.004s] -- Up-to-date symlink: /home/spicygen/Desktop/ros_ws/install/bcr_bot/share/bcr_bot//models/ConstructionCone/thumbnails/1.png
[2.005s] -- Up-to-date symlink: /home/spicygen/Desktop/ros_ws/install/bcr_bot/share/bcr_bot//models/ConstructionCone/thumbnails/2.png
[2.005s] -- Up-to-date symlink: /home/spicygen/Desktop/ros_ws/install/bcr_bot/share/bcr_bot//models/ConstructionCone/thumbnails/3.png
[2.005s] -- Up-to-date symlink: /home/spicygen/Desktop/ros_ws/install/bcr_bot/share/bcr_bot//models/ConstructionCone/thumbnails/4.png
[2.005s] -- Up-to-date symlink: /home/spicygen/Desktop/ros_ws/install/bcr_bot/share/bcr_bot//models/ConstructionCone/thumbnails/5.png
[2.005s] -- Up-to-date symlink: /home/spicygen/Desktop/ros_ws/install/bcr_bot/share/bcr_bot//models/aws_robomaker_warehouse_Bucket_01/.DS_Store
[2.005s] -- Up-to-date symlink: /home/spicygen/Desktop/ros_ws/install/bcr_bot/share/bcr_bot//models/aws_robomaker_warehouse_Bucket_01/materials/.DS_Store
[2.005s] -- Up-to-date symlink: /home/spicygen/Desktop/ros_ws/install/bcr_bot/share/bcr_bot//models/aws_robomaker_warehouse_Bucket_01/materials/textures/aws_robomaker_warehouse_Bucket_01.png
[2.006s] -- Up-to-date symlink: /home/spicygen/Desktop/ros_ws/install/bcr_bot/share/bcr_bot//models/aws_robomaker_warehouse_Bucket_01/meshes/aws_robomaker_warehouse_Bucket_01_collision.DAE
[2.006s] -- Up-to-date symlink: /home/spicygen/Desktop/ros_ws/install/bcr_bot/share/bcr_bot//models/aws_robomaker_warehouse_Bucket_01/meshes/aws_robomaker_warehouse_Bucket_01_visual.DAE
[2.006s] -- Up-to-date symlink: /home/spicygen/Desktop/ros_ws/install/bcr_bot/share/bcr_bot//models/aws_robomaker_warehouse_Bucket_01/model.config
[2.006s] -- Up-to-date symlink: /home/spicygen/Desktop/ros_ws/install/bcr_bot/share/bcr_bot//models/aws_robomaker_warehouse_Bucket_01/model.sdf
[2.006s] -- Up-to-date symlink: /home/spicygen/Desktop/ros_ws/install/bcr_bot/share/bcr_bot//models/aws_robomaker_warehouse_ClutteringA_01/.DS_Store
[2.006s] -- Up-to-date symlink: /home/spicygen/Desktop/ros_ws/install/bcr_bot/share/bcr_bot//models/aws_robomaker_warehouse_ClutteringA_01/materials/.DS_Store
[2.007s] -- Up-to-date symlink: /home/spicygen/Desktop/ros_ws/install/bcr_bot/share/bcr_bot//models/aws_robomaker_warehouse_ClutteringA_01/materials/textures/.DS_Store
[2.007s] -- Up-to-date symlink: /home/spicygen/Desktop/ros_ws/install/bcr_bot/share/bcr_bot//models/aws_robomaker_warehouse_ClutteringA_01/materials/textures/aws_robomaker_warehouse_ClutteringA_01.png
[2.007s] -- Up-to-date symlink: /home/spicygen/Desktop/ros_ws/install/bcr_bot/share/bcr_bot//models/aws_robomaker_warehouse_ClutteringA_01/materials/textures/aws_robomaker_warehouse_ClutteringA_02.png
[2.007s] -- Up-to-date symlink: /home/spicygen/Desktop/ros_ws/install/bcr_bot/share/bcr_bot//models/aws_robomaker_warehouse_ClutteringA_01/materials/textures/aws_robomaker_warehouse_ClutteringA_03.png
[2.007s] -- Up-to-date symlink: /home/spicygen/Desktop/ros_ws/install/bcr_bot/share/bcr_bot//models/aws_robomaker_warehouse_ClutteringA_01/meshes/aws_robomaker_warehouse_ClutteringA_01_collision.DAE
[2.008s] -- Up-to-date symlink: /home/spicygen/Desktop/ros_ws/install/bcr_bot/share/bcr_bot//models/aws_robomaker_warehouse_ClutteringA_01/meshes/aws_robomaker_warehouse_ClutteringA_01_visual.DAE
[2.009s] -- Up-to-date symlink: /home/spicygen/Desktop/ros_ws/install/bcr_bot/share/bcr_bot//models/aws_robomaker_warehouse_ClutteringA_01/model.config
[2.009s] -- Up-to-date symlink: /home/spicygen/Desktop/ros_ws/install/bcr_bot/share/bcr_bot//models/aws_robomaker_warehouse_ClutteringA_01/model.sdf
[2.009s] -- Up-to-date symlink: /home/spicygen/Desktop/ros_ws/install/bcr_bot/share/bcr_bot//models/aws_robomaker_warehouse_ClutteringC_01/materials/textures/aws_robomaker_warehouse_ClutteringC_01.png
[2.010s] -- Up-to-date symlink: /home/spicygen/Desktop/ros_ws/install/bcr_bot/share/bcr_bot//models/aws_robomaker_warehouse_ClutteringC_01/materials/textures/aws_robomaker_warehouse_ClutteringC_02.png
[2.010s] -- Up-to-date symlink: /home/spicygen/Desktop/ros_ws/install/bcr_bot/share/bcr_bot//models/aws_robomaker_warehouse_ClutteringC_01/meshes/aws_robomaker_warehouse_ClutteringC_01_collision.DAE
[2.010s] -- Up-to-date symlink: /home/spicygen/Desktop/ros_ws/install/bcr_bot/share/bcr_bot//models/aws_robomaker_warehouse_ClutteringC_01/meshes/aws_robomaker_warehouse_ClutteringC_01_visual.DAE
[2.010s] -- Up-to-date symlink: /home/spicygen/Desktop/ros_ws/install/bcr_bot/share/bcr_bot//models/aws_robomaker_warehouse_ClutteringC_01/model.config
[2.010s] -- Up-to-date symlink: /home/spicygen/Desktop/ros_ws/install/bcr_bot/share/bcr_bot//models/aws_robomaker_warehouse_ClutteringC_01/model.sdf
[2.011s] -- Up-to-date symlink: /home/spicygen/Desktop/ros_ws/install/bcr_bot/share/bcr_bot//models/aws_robomaker_warehouse_ClutteringD_01/materials/textures/aws_robomaker_warehouse_ClutteringD_01.png
[2.011s] -- Up-to-date symlink: /home/spicygen/Desktop/ros_ws/install/bcr_bot/share/bcr_bot//models/aws_robomaker_warehouse_ClutteringD_01/materials/textures/aws_robomaker_warehouse_ClutteringD_02.png
[2.011s] -- Up-to-date symlink: /home/spicygen/Desktop/ros_ws/install/bcr_bot/share/bcr_bot//models/aws_robomaker_warehouse_ClutteringD_01/meshes/aws_robomaker_warehouse_ClutteringD_01_collision.DAE
[2.011s] -- Up-to-date symlink: /home/spicygen/Desktop/ros_ws/install/bcr_bot/share/bcr_bot//models/aws_robomaker_warehouse_ClutteringD_01/meshes/aws_robomaker_warehouse_ClutteringD_01_visual.DAE
[2.011s] -- Up-to-date symlink: /home/spicygen/Desktop/ros_ws/install/bcr_bot/share/bcr_bot//models/aws_robomaker_warehouse_ClutteringD_01/model.config
[2.011s] -- Up-to-date symlink: /home/spicygen/Desktop/ros_ws/install/bcr_bot/share/bcr_bot//models/aws_robomaker_warehouse_ClutteringD_01/model.sdf
[2.011s] -- Up-to-date symlink: /home/spicygen/Desktop/ros_ws/install/bcr_bot/share/bcr_bot//models/aws_robomaker_warehouse_DeskC_01/materials/.DS_Store
[2.012s] -- Up-to-date symlink: /home/spicygen/Desktop/ros_ws/install/bcr_bot/share/bcr_bot//models/aws_robomaker_warehouse_DeskC_01/materials/textures/aws_robomaker_warehouse_DeskC_01.png
[2.012s] -- Up-to-date symlink: /home/spicygen/Desktop/ros_ws/install/bcr_bot/share/bcr_bot//models/aws_robomaker_warehouse_DeskC_01/materials/textures/aws_robomaker_warehouse_DeskC_02.png
[2.012s] -- Up-to-date symlink: /home/spicygen/Desktop/ros_ws/install/bcr_bot/share/bcr_bot//models/aws_robomaker_warehouse_DeskC_01/materials/textures/aws_robomaker_warehouse_DeskC_03.png
[2.012s] -- Up-to-date symlink: /home/spicygen/Desktop/ros_ws/install/bcr_bot/share/bcr_bot//models/aws_robomaker_warehouse_DeskC_01/materials/textures/aws_robomaker_warehouse_DeskC_03.psd
[2.012s] -- Up-to-date symlink: /home/spicygen/Desktop/ros_ws/install/bcr_bot/share/bcr_bot//models/aws_robomaker_warehouse_DeskC_01/materials/textures/aws_robomaker_warehouse_DeskC_04.png
[2.012s] -- Up-to-date symlink: /home/spicygen/Desktop/ros_ws/install/bcr_bot/share/bcr_bot//models/aws_robomaker_warehouse_DeskC_01/meshes/aws_robomaker_warehouse_DeskC_01_collision.DAE
[2.012s] -- Up-to-date symlink: /home/spicygen/Desktop/ros_ws/install/bcr_bot/share/bcr_bot//models/aws_robomaker_warehouse_DeskC_01/meshes/aws_robomaker_warehouse_DeskC_01_visual.DAE
[2.012s] -- Up-to-date symlink: /home/spicygen/Desktop/ros_ws/install/bcr_bot/share/bcr_bot//models/aws_robomaker_warehouse_DeskC_01/model.config
[2.012s] -- Up-to-date symlink: /home/spicygen/Desktop/ros_ws/install/bcr_bot/share/bcr_bot//models/aws_robomaker_warehouse_DeskC_01/model.sdf
[2.013s] -- Up-to-date symlink: /home/spicygen/Desktop/ros_ws/install/bcr_bot/share/bcr_bot//models/aws_robomaker_warehouse_GroundB_01/materials/textures/aws_robomaker_warehouse_GroundB_01.png
[2.013s] -- Up-to-date symlink: /home/spicygen/Desktop/ros_ws/install/bcr_bot/share/bcr_bot//models/aws_robomaker_warehouse_GroundB_01/materials/textures/aws_robomaker_warehouse_GroundB_02.png
[2.013s] -- Up-to-date symlink: /home/spicygen/Desktop/ros_ws/install/bcr_bot/share/bcr_bot//models/aws_robomaker_warehouse_GroundB_01/meshes/aws_robomaker_warehouse_GroundB_01_collision.DAE
[2.013s] -- Up-to-date symlink: /home/spicygen/Desktop/ros_ws/install/bcr_bot/share/bcr_bot//models/aws_robomaker_warehouse_GroundB_01/meshes/aws_robomaker_warehouse_GroundB_01_visual.DAE
[2.013s] -- Up-to-date symlink: /home/spicygen/Desktop/ros_ws/install/bcr_bot/share/bcr_bot//models/aws_robomaker_warehouse_GroundB_01/model.config
[2.013s] -- Up-to-date symlink: /home/spicygen/Desktop/ros_ws/install/bcr_bot/share/bcr_bot//models/aws_robomaker_warehouse_GroundB_01/model.sdf
[2.013s] -- Up-to-date symlink: /home/spicygen/Desktop/ros_ws/install/bcr_bot/share/bcr_bot//models/aws_robomaker_warehouse_Lamp_01/materials/textures/aws_robomaker_warehouse_Lamp_01.png
[2.014s] -- Up-to-date symlink: /home/spicygen/Desktop/ros_ws/install/bcr_bot/share/bcr_bot//models/aws_robomaker_warehouse_Lamp_01/meshes/aws_robomaker_warehouse_Lamp_01_collision.DAE
[2.014s] -- Up-to-date symlink: /home/spicygen/Desktop/ros_ws/install/bcr_bot/share/bcr_bot//models/aws_robomaker_warehouse_Lamp_01/meshes/aws_robomaker_warehouse_Lamp_01_visual.DAE
[2.014s] -- Up-to-date symlink: /home/spicygen/Desktop/ros_ws/install/bcr_bot/share/bcr_bot//models/aws_robomaker_warehouse_Lamp_01/model.config
[2.014s] -- Up-to-date symlink: /home/spicygen/Desktop/ros_ws/install/bcr_bot/share/bcr_bot//models/aws_robomaker_warehouse_Lamp_01/model.sdf
[2.014s] -- Up-to-date symlink: /home/spicygen/Desktop/ros_ws/install/bcr_bot/share/bcr_bot//models/aws_robomaker_warehouse_PalletJackB_01/.DS_Store
[2.014s] -- Up-to-date symlink: /home/spicygen/Desktop/ros_ws/install/bcr_bot/share/bcr_bot//models/aws_robomaker_warehouse_PalletJackB_01/materials/.DS_Store
[2.014s] -- Up-to-date symlink: /home/spicygen/Desktop/ros_ws/install/bcr_bot/share/bcr_bot//models/aws_robomaker_warehouse_PalletJackB_01/materials/textures/aws_robomaker_warehouse_PalletJackB_01.png
[2.015s] -- Up-to-date symlink: /home/spicygen/Desktop/ros_ws/install/bcr_bot/share/bcr_bot//models/aws_robomaker_warehouse_PalletJackB_01/materials/textures/aws_robomaker_warehouse_PalletJackB_02.png
[2.015s] -- Up-to-date symlink: /home/spicygen/Desktop/ros_ws/install/bcr_bot/share/bcr_bot//models/aws_robomaker_warehouse_PalletJackB_01/meshes/aws_robomaker_warehouse_PalletJackB_01_collision.DAE
[2.015s] -- Up-to-date symlink: /home/spicygen/Desktop/ros_ws/install/bcr_bot/share/bcr_bot//models/aws_robomaker_warehouse_PalletJackB_01/meshes/aws_robomaker_warehouse_PalletJackB_01_visual.DAE
[2.015s] -- Up-to-date symlink: /home/spicygen/Desktop/ros_ws/install/bcr_bot/share/bcr_bot//models/aws_robomaker_warehouse_PalletJackB_01/model.config
[2.015s] -- Up-to-date symlink: /home/spicygen/Desktop/ros_ws/install/bcr_bot/share/bcr_bot//models/aws_robomaker_warehouse_PalletJackB_01/model.sdf
[2.015s] -- Up-to-date symlink: /home/spicygen/Desktop/ros_ws/install/bcr_bot/share/bcr_bot//models/aws_robomaker_warehouse_RoofB_01/materials/textures/aws_robomaker_warehouse_RoofB_01.png
[2.015s] -- Up-to-date symlink: /home/spicygen/Desktop/ros_ws/install/bcr_bot/share/bcr_bot//models/aws_robomaker_warehouse_RoofB_01/meshes/aws_robomaker_warehouse_RoofB_01_collision.DAE
[2.015s] -- Up-to-date symlink: /home/spicygen/Desktop/ros_ws/install/bcr_bot/share/bcr_bot//models/aws_robomaker_warehouse_RoofB_01/meshes/aws_robomaker_warehouse_RoofB_01_visual.DAE
[2.016s] -- Up-to-date symlink: /home/spicygen/Desktop/ros_ws/install/bcr_bot/share/bcr_bot//models/aws_robomaker_warehouse_RoofB_01/model.config
[2.016s] -- Up-to-date symlink: /home/spicygen/Desktop/ros_ws/install/bcr_bot/share/bcr_bot//models/aws_robomaker_warehouse_RoofB_01/model.sdf
[2.016s] -- Up-to-date symlink: /home/spicygen/Desktop/ros_ws/install/bcr_bot/share/bcr_bot//models/aws_robomaker_warehouse_ShelfD_01/materials/textures/aws_robomaker_warehouse_ShelfD_01.png
[2.016s] -- Up-to-date symlink: /home/spicygen/Desktop/ros_ws/install/bcr_bot/share/bcr_bot//models/aws_robomaker_warehouse_ShelfD_01/materials/textures/aws_robomaker_warehouse_ShelfD_02.png
[2.016s] -- Up-to-date symlink: /home/spicygen/Desktop/ros_ws/install/bcr_bot/share/bcr_bot//models/aws_robomaker_warehouse_ShelfD_01/materials/textures/aws_robomaker_warehouse_ShelfD_03.png
[2.016s] -- Up-to-date symlink: /home/spicygen/Desktop/ros_ws/install/bcr_bot/share/bcr_bot//models/aws_robomaker_warehouse_ShelfD_01/materials/textures/aws_robomaker_warehouse_ShelfD_04.png
[2.016s] -- Up-to-date symlink: /home/spicygen/Desktop/ros_ws/install/bcr_bot/share/bcr_bot//models/aws_robomaker_warehouse_ShelfD_01/meshes/aws_robomaker_warehouse_ShelfD_01_collision.DAE
[2.017s] -- Up-to-date symlink: /home/spicygen/Desktop/ros_ws/install/bcr_bot/share/bcr_bot//models/aws_robomaker_warehouse_ShelfD_01/meshes/aws_robomaker_warehouse_ShelfD_01_visual.DAE
[2.017s] -- Up-to-date symlink: /home/spicygen/Desktop/ros_ws/install/bcr_bot/share/bcr_bot//models/aws_robomaker_warehouse_ShelfD_01/model.config
[2.017s] -- Up-to-date symlink: /home/spicygen/Desktop/ros_ws/install/bcr_bot/share/bcr_bot//models/aws_robomaker_warehouse_ShelfD_01/model.sdf
[2.017s] -- Up-to-date symlink: /home/spicygen/Desktop/ros_ws/install/bcr_bot/share/bcr_bot//models/aws_robomaker_warehouse_ShelfE_01/.DS_Store
[2.017s] -- Up-to-date symlink: /home/spicygen/Desktop/ros_ws/install/bcr_bot/share/bcr_bot//models/aws_robomaker_warehouse_ShelfE_01/materials/.DS_Store
[2.017s] -- Up-to-date symlink: /home/spicygen/Desktop/ros_ws/install/bcr_bot/share/bcr_bot//models/aws_robomaker_warehouse_ShelfE_01/materials/textures/aws_robomaker_warehouse_ShelfE_01.png
[2.017s] -- Up-to-date symlink: /home/spicygen/Desktop/ros_ws/install/bcr_bot/share/bcr_bot//models/aws_robomaker_warehouse_ShelfE_01/materials/textures/aws_robomaker_warehouse_ShelfE_02.png
[2.017s] -- Up-to-date symlink: /home/spicygen/Desktop/ros_ws/install/bcr_bot/share/bcr_bot//models/aws_robomaker_warehouse_ShelfE_01/materials/textures/aws_robomaker_warehouse_ShelfE_03.png
[2.018s] -- Up-to-date symlink: /home/spicygen/Desktop/ros_ws/install/bcr_bot/share/bcr_bot//models/aws_robomaker_warehouse_ShelfE_01/materials/textures/aws_robomaker_warehouse_ShelfE_04.png
[2.018s] -- Up-to-date symlink: /home/spicygen/Desktop/ros_ws/install/bcr_bot/share/bcr_bot//models/aws_robomaker_warehouse_ShelfE_01/meshes/aws_robomaker_warehouse_ShelfE_01_collision.DAE
[2.018s] -- Up-to-date symlink: /home/spicygen/Desktop/ros_ws/install/bcr_bot/share/bcr_bot//models/aws_robomaker_warehouse_ShelfE_01/meshes/aws_robomaker_warehouse_ShelfE_01_visual.DAE
[2.018s] -- Up-to-date symlink: /home/spicygen/Desktop/ros_ws/install/bcr_bot/share/bcr_bot//models/aws_robomaker_warehouse_ShelfE_01/model.config
[2.018s] -- Up-to-date symlink: /home/spicygen/Desktop/ros_ws/install/bcr_bot/share/bcr_bot//models/aws_robomaker_warehouse_ShelfE_01/model.sdf
[2.018s] -- Up-to-date symlink: /home/spicygen/Desktop/ros_ws/install/bcr_bot/share/bcr_bot//models/aws_robomaker_warehouse_ShelfF_01/materials/textures/aws_robomaker_warehouse_ShelfF_01.png
[2.018s] -- Up-to-date symlink: /home/spicygen/Desktop/ros_ws/install/bcr_bot/share/bcr_bot//models/aws_robomaker_warehouse_ShelfF_01/materials/textures/aws_robomaker_warehouse_ShelfF_02.png
[2.019s] -- Up-to-date symlink: /home/spicygen/Desktop/ros_ws/install/bcr_bot/share/bcr_bot//models/aws_robomaker_warehouse_ShelfF_01/materials/textures/aws_robomaker_warehouse_ShelfF_03.png
[2.019s] -- Up-to-date symlink: /home/spicygen/Desktop/ros_ws/install/bcr_bot/share/bcr_bot//models/aws_robomaker_warehouse_ShelfF_01/meshes/aws_robomaker_warehouse_ShelfF_01_collision.DAE
[2.019s] -- Up-to-date symlink: /home/spicygen/Desktop/ros_ws/install/bcr_bot/share/bcr_bot//models/aws_robomaker_warehouse_ShelfF_01/meshes/aws_robomaker_warehouse_ShelfF_01_visual.DAE
[2.019s] -- Up-to-date symlink: /home/spicygen/Desktop/ros_ws/install/bcr_bot/share/bcr_bot//models/aws_robomaker_warehouse_ShelfF_01/model.config
[2.019s] -- Up-to-date symlink: /home/spicygen/Desktop/ros_ws/install/bcr_bot/share/bcr_bot//models/aws_robomaker_warehouse_ShelfF_01/model.sdf
[2.019s] -- Up-to-date symlink: /home/spicygen/Desktop/ros_ws/install/bcr_bot/share/bcr_bot//models/aws_robomaker_warehouse_TrashCanC_01/materials/textures/aws_robomaker_warehouse_TrashCanC_01.png
[2.019s] -- Up-to-date symlink: /home/spicygen/Desktop/ros_ws/install/bcr_bot/share/bcr_bot//models/aws_robomaker_warehouse_TrashCanC_01/meshes/aws_robomaker_warehouse_TrashCanC_01_collision.DAE
[2.019s] -- Up-to-date symlink: /home/spicygen/Desktop/ros_ws/install/bcr_bot/share/bcr_bot//models/aws_robomaker_warehouse_TrashCanC_01/meshes/aws_robomaker_warehouse_TrashCanC_01_visual.DAE
[2.020s] -- Up-to-date symlink: /home/spicygen/Desktop/ros_ws/install/bcr_bot/share/bcr_bot//models/aws_robomaker_warehouse_TrashCanC_01/model.config
[2.020s] -- Up-to-date symlink: /home/spicygen/Desktop/ros_ws/install/bcr_bot/share/bcr_bot//models/aws_robomaker_warehouse_TrashCanC_01/model.sdf
[2.020s] -- Up-to-date symlink: /home/spicygen/Desktop/ros_ws/install/bcr_bot/share/bcr_bot//models/aws_robomaker_warehouse_WallB_01/materials/textures/aws_robomaker_warehouse_WallB_01.png
[2.020s] -- Up-to-date symlink: /home/spicygen/Desktop/ros_ws/install/bcr_bot/share/bcr_bot//models/aws_robomaker_warehouse_WallB_01/meshes/aws_robomaker_warehouse_WallB_01_collision.DAE
[2.020s] -- Up-to-date symlink: /home/spicygen/Desktop/ros_ws/install/bcr_bot/share/bcr_bot//models/aws_robomaker_warehouse_WallB_01/meshes/aws_robomaker_warehouse_WallB_01_visual.DAE
[2.020s] -- Up-to-date symlink: /home/spicygen/Desktop/ros_ws/install/bcr_bot/share/bcr_bot//models/aws_robomaker_warehouse_WallB_01/model.config
[2.020s] -- Up-to-date symlink: /home/spicygen/Desktop/ros_ws/install/bcr_bot/share/bcr_bot//models/aws_robomaker_warehouse_WallB_01/model.sdf
[2.020s] -- Up-to-date symlink: /home/spicygen/Desktop/ros_ws/install/bcr_bot/share/bcr_bot//models/female/materials/textures/brown_eye.png
[2.021s] -- Up-to-date symlink: /home/spicygen/Desktop/ros_ws/install/bcr_bot/share/bcr_bot//models/female/materials/textures/casual_female.png
[2.021s] -- Up-to-date symlink: /home/spicygen/Desktop/ros_ws/install/bcr_bot/share/bcr_bot//models/female/materials/textures/eyebrow002.png
[2.021s] -- Up-to-date symlink: /home/spicygen/Desktop/ros_ws/install/bcr_bot/share/bcr_bot//models/female/materials/textures/eyelashes01.png
[2.021s] -- Up-to-date symlink: /home/spicygen/Desktop/ros_ws/install/bcr_bot/share/bcr_bot//models/female/materials/textures/female_casualsuit01_diffuse.png
[2.021s] -- Up-to-date symlink: /home/spicygen/Desktop/ros_ws/install/bcr_bot/share/bcr_bot//models/female/materials/textures/female_casualsuit01_normal.png
[2.021s] -- Up-to-date symlink: /home/spicygen/Desktop/ros_ws/install/bcr_bot/share/bcr_bot//models/female/materials/textures/female_casualsuit02_diffuse.png
[2.021s] -- Up-to-date symlink: /home/spicygen/Desktop/ros_ws/install/bcr_bot/share/bcr_bot//models/female/materials/textures/female_casualsuit02_normal.png
[2.021s] -- Up-to-date symlink: /home/spicygen/Desktop/ros_ws/install/bcr_bot/share/bcr_bot//models/female/materials/textures/ponytail01_diffuse.png
[2.022s] -- Up-to-date symlink: /home/spicygen/Desktop/ros_ws/install/bcr_bot/share/bcr_bot//models/female/materials/textures/shoes05_diffuse.png
[2.022s] -- Up-to-date symlink: /home/spicygen/Desktop/ros_ws/install/bcr_bot/share/bcr_bot//models/female/materials/textures/tongue01_diffuse.png
[2.022s] -- Up-to-date symlink: /home/spicygen/Desktop/ros_ws/install/bcr_bot/share/bcr_bot//models/female/materials/textures/young_lightskinned_female_diffuse.png
[2.022s] -- Up-to-date symlink: /home/spicygen/Desktop/ros_ws/install/bcr_bot/share/bcr_bot//models/female/meshes/casual_female.dae
[2.022s] -- Up-to-date symlink: /home/spicygen/Desktop/ros_ws/install/bcr_bot/share/bcr_bot//models/female/model.config
[2.022s] -- Up-to-date symlink: /home/spicygen/Desktop/ros_ws/install/bcr_bot/share/bcr_bot//models/female/model.sdf
[2.022s] -- Up-to-date symlink: /home/spicygen/Desktop/ros_ws/install/bcr_bot/share/bcr_bot//models/female/thumbnails/1.png
[2.022s] -- Up-to-date symlink: /home/spicygen/Desktop/ros_ws/install/bcr_bot/share/bcr_bot//models/female/thumbnails/2.png
[2.022s] -- Up-to-date symlink: /home/spicygen/Desktop/ros_ws/install/bcr_bot/share/bcr_bot//models/female/thumbnails/3.png
[2.022s] -- Up-to-date symlink: /home/spicygen/Desktop/ros_ws/install/bcr_bot/share/bcr_bot//models/female/thumbnails/4.png
[2.023s] -- Up-to-date symlink: /home/spicygen/Desktop/ros_ws/install/bcr_bot/share/bcr_bot//models/female/thumbnails/5.png
[2.036s] -- Up-to-date symlink: /home/spicygen/Desktop/ros_ws/install/bcr_bot/share/bcr_bot//urdf/bcr_bot.xacro
[2.037s] -- Up-to-date symlink: /home/spicygen/Desktop/ros_ws/install/bcr_bot/share/bcr_bot//urdf/gazebo.xacro
[2.037s] -- Up-to-date symlink: /home/spicygen/Desktop/ros_ws/install/bcr_bot/share/bcr_bot//urdf/gz.xacro
[2.037s] -- Up-to-date symlink: /home/spicygen/Desktop/ros_ws/install/bcr_bot/share/bcr_bot//urdf/ign.xacro
[2.037s] -- Up-to-date symlink: /home/spicygen/Desktop/ros_ws/install/bcr_bot/share/bcr_bot//urdf/macros.xacro
[2.037s] -- Up-to-date symlink: /home/spicygen/Desktop/ros_ws/install/bcr_bot/share/bcr_bot//urdf/materials.xacro
[2.037s] -- Up-to-date symlink: /home/spicygen/Desktop/ros_ws/install/bcr_bot/share/bcr_bot//urdf/multi_bcr_bot.xacro
[2.038s] -- Up-to-date symlink: /home/spicygen/Desktop/ros_ws/install/bcr_bot/share/bcr_bot//urdf/multi_gazebo.xacro
[2.038s] -- Up-to-date symlink: /home/spicygen/Desktop/ros_ws/install/bcr_bot/share/bcr_bot//worlds/empty.sdf
[2.038s] -- Up-to-date symlink: /home/spicygen/Desktop/ros_ws/install/bcr_bot/share/bcr_bot//worlds/small_warehouse.sdf
[2.038s] -- Up-to-date symlink: /home/spicygen/Desktop/ros_ws/install/bcr_bot/share/bcr_bot//rviz/entire_setup.rviz
[2.038s] -- Up-to-date symlink: /home/spicygen/Desktop/ros_ws/install/bcr_bot/share/bcr_bot//rviz/map.rviz
[2.049s] -- Up-to-date symlink: /home/spicygen/Desktop/ros_ws/install/bcr_bot/share/bcr_bot//Detectionmodels/cone_detection.onnx
[2.049s] -- Up-to-date symlink: /home/spicygen/Desktop/ros_ws/install/bcr_bot/share/bcr_bot//Detectionmodels/cone_detection.pt
[2.049s] -- Up-to-date symlink: /home/spicygen/Desktop/ros_ws/install/bcr_bot/share/bcr_bot/config/bcr_map.pgm
[2.049s] -- Up-to-date symlink: /home/spicygen/Desktop/ros_ws/install/bcr_bot/share/bcr_bot/config/bcr_map.yaml
[2.050s] -- Up-to-date symlink: /home/spicygen/Desktop/ros_ws/install/bcr_bot/share/bcr_bot/config/mapper_params_online_async.yaml
[2.050s] -- Up-to-date symlink: /home/spicygen/Desktop/ros_ws/install/bcr_bot/share/bcr_bot/config/multi_mapper.yaml
[2.050s] -- Up-to-date symlink: /home/spicygen/Desktop/ros_ws/install/bcr_bot/share/bcr_bot/config/nav2_params.yaml
[2.050s] -- Up-to-date symlink: /home/spicygen/Desktop/ros_ws/install/bcr_bot/share/bcr_bot/config/robot_1_slam.yaml
[2.050s] -- Up-to-date symlink: /home/spicygen/Desktop/ros_ws/install/bcr_bot/lib/bcr_bot/remapper.py
[2.050s] -- Up-to-date symlink: /home/spicygen/Desktop/ros_ws/install/bcr_bot/lib/bcr_bot/objdetection.py
[2.050s] -- Up-to-date symlink: /home/spicygen/Desktop/ros_ws/install/bcr_bot/share/ament_index/resource_index/package_run_dependencies/bcr_bot
[2.051s] -- Up-to-date symlink: /home/spicygen/Desktop/ros_ws/install/bcr_bot/share/ament_index/resource_index/parent_prefix_path/bcr_bot
[2.051s] -- Up-to-date symlink: /home/spicygen/Desktop/ros_ws/install/bcr_bot/share/bcr_bot/environment/ament_prefix_path.sh
[2.051s] -- Up-to-date symlink: /home/spicygen/Desktop/ros_ws/install/bcr_bot/share/bcr_bot/environment/ament_prefix_path.dsv
[2.051s] -- Up-to-date symlink: /home/spicygen/Desktop/ros_ws/install/bcr_bot/share/bcr_bot/environment/path.sh
[2.051s] -- Up-to-date symlink: /home/spicygen/Desktop/ros_ws/install/bcr_bot/share/bcr_bot/environment/path.dsv
[2.052s] -- Up-to-date symlink: /home/spicygen/Desktop/ros_ws/install/bcr_bot/share/bcr_bot/local_setup.bash
[2.052s] -- Up-to-date symlink: /home/spicygen/Desktop/ros_ws/install/bcr_bot/share/bcr_bot/local_setup.sh
[2.052s] -- Up-to-date symlink: /home/spicygen/Desktop/ros_ws/install/bcr_bot/share/bcr_bot/local_setup.zsh
[2.052s] -- Up-to-date symlink: /home/spicygen/Desktop/ros_ws/install/bcr_bot/share/bcr_bot/local_setup.dsv
[2.053s] -- Symlinking: /home/spicygen/Desktop/ros_ws/install/bcr_bot/share/bcr_bot/package.dsv
[2.062s] -- Up-to-date symlink: /home/spicygen/Desktop/ros_ws/install/bcr_bot/share/ament_index/resource_index/packages/bcr_bot
[2.062s] -- Up-to-date symlink: /home/spicygen/Desktop/ros_ws/install/bcr_bot/share/bcr_bot/cmake/bcr_botConfig.cmake
[2.062s] -- Up-to-date symlink: /home/spicygen/Desktop/ros_ws/install/bcr_bot/share/bcr_bot/cmake/bcr_botConfig-version.cmake
[2.063s] -- Up-to-date symlink: /home/spicygen/Desktop/ros_ws/install/bcr_bot/share/bcr_bot/package.xml
[2.065s] Invoked command in '/home/spicygen/Desktop/ros_ws/build/bcr_bot' returned '0': CMAKE_PREFIX_PATH=${CMAKE_PREFIX_PATH}:/opt/ros/humble /usr/bin/cmake --install /home/spicygen/Desktop/ros_ws/build/bcr_bot
