[0.020s] Invoking command in '/home/spicygen/Desktop/ros_ws/build/slam_gmapping': AMENT_PREFIX_PATH=/home/spicygen/Desktop/ros_ws/install/openslam_gmapping:${AMENT_PREFIX_PATH} CMAKE_PREFIX_PATH=/home/spicygen/Desktop/ros_ws/install/openslam_gmapping:/home/spicygen/Desktop/ros_ws/install/multirobot_map_merge:/home/spicygen/Desktop/ros_ws/install/explore_lite:/home/spicygen/Desktop/ros_ws/install/bcr_bot:/opt/ros/humble LD_LIBRARY_PATH=/home/spicygen/Desktop/ros_ws/install/openslam_gmapping/lib:${LD_LIBRARY_PATH} /usr/bin/cmake /home/spicygen/Desktop/ros_ws/src/slam_gmapping/slam_gmapping -DCMAKE_INSTALL_PREFIX=/home/spicygen/Desktop/ros_ws/install/slam_gmapping
[0.132s] -- The C compiler identification is GNU 11.4.0
[0.255s] -- The CXX compiler identification is GNU 11.4.0
[0.270s] -- Detecting C compiler ABI info
[0.415s] -- Detecting C compiler ABI info - done
[0.432s] -- Check for working C compiler: /usr/bin/cc - skipped
[0.433s] -- Detecting C compile features
[0.434s] -- Detecting C compile features - done
[0.440s] -- Detecting CXX compiler ABI info
[0.609s] -- Detecting CXX compiler ABI info - done
[0.626s] -- Check for working CXX compiler: /usr/bin/c++ - skipped
[0.627s] -- Detecting CXX compile features
[0.628s] -- Detecting CXX compile features - done
[0.629s] [0m -fuse-ld=lld -Wl,--disable-new-dtags[0m
[0.635s] -- Found ament_cmake: 1.3.12 (/opt/ros/humble/share/ament_cmake/cmake)
[0.979s] -- Found Python3: /usr/bin/python3 (found version "3.10.12") found components: Interpreter 
[1.234s] -- Found std_msgs: 4.9.0 (/opt/ros/humble/share/std_msgs/cmake)
[1.404s] -- Found rosidl_generator_c: 3.1.7 (/opt/ros/humble/share/rosidl_generator_c/cmake)
[1.423s] -- Found rosidl_adapter: 3.1.7 (/opt/ros/humble/share/rosidl_adapter/cmake)
[1.453s] -- Found rosidl_generator_cpp: 3.1.7 (/opt/ros/humble/share/rosidl_generator_cpp/cmake)
[1.495s] -- Using all available rosidl_typesupport_c: rosidl_typesupport_fastrtps_c;rosidl_typesupport_introspection_c
[1.548s] -- Using all available rosidl_typesupport_cpp: rosidl_typesupport_fastrtps_cpp;rosidl_typesupport_introspection_cpp
[1.627s] -- Found nav_msgs: 4.9.0 (/opt/ros/humble/share/nav_msgs/cmake)
[1.733s] -- Found tf2: 0.25.16 (/opt/ros/humble/share/tf2/cmake)
[1.767s] -- Found tf2_ros: 0.25.16 (/opt/ros/humble/share/tf2_ros/cmake)
[1.983s] -- Found rmw_implementation_cmake: 6.1.2 (/opt/ros/humble/share/rmw_implementation_cmake/cmake)
[1.992s] -- Found rmw_fastrtps_cpp: 6.2.8 (/opt/ros/humble/share/rmw_fastrtps_cpp/cmake)
[2.218s] -- Found OpenSSL: /usr/lib/x86_64-linux-gnu/libcrypto.so (found version "3.0.2")  
[2.281s] -- Found FastRTPS: /opt/ros/humble/include  
[2.377s] -- Using RMW implementation 'rmw_fastrtps_cpp' as default
[2.402s] -- Looking for pthread.h
[2.554s] -- Looking for pthread.h - found
[2.555s] -- Performing Test CMAKE_HAVE_LIBC_PTHREAD
[2.709s] -- Performing Test CMAKE_HAVE_LIBC_PTHREAD - Success
[2.711s] -- Found Threads: TRUE  
[2.976s] -- Found tf2_geometry_msgs: 0.25.16 (/opt/ros/humble/share/tf2_geometry_msgs/cmake)
[3.014s] -- Found eigen3_cmake_module: 0.1.1 (/opt/ros/humble/share/eigen3_cmake_module/cmake)
[3.017s] -- Found Eigen3: TRUE (found version "3.4.0") 
[3.017s] -- Ensuring Eigen3 include directory is part of orocos-kdl CMake target
[3.026s] -- Found sensor_msgs: 4.9.0 (/opt/ros/humble/share/sensor_msgs/cmake)
[3.070s] -- Found visualization_msgs: 4.9.0 (/opt/ros/humble/share/visualization_msgs/cmake)
[3.117s] -- Found openslam_gmapping: 0.1.2 (/home/spicygen/Desktop/ros_ws/install/openslam_gmapping/share/openslam_gmapping/cmake)
[3.125s] -- Found ament_lint_auto: 0.12.14 (/opt/ros/humble/share/ament_lint_auto/cmake)
[3.329s] -- Added test 'cppcheck' to perform static code analysis on C / C++ code
[3.329s] -- Configured cppcheck include dirs: /home/spicygen/Desktop/ros_ws/src/slam_gmapping/slam_gmapping/include
[3.330s] -- Configured cppcheck exclude dirs and/or files: 
[3.331s] -- Added test 'flake8' to check Python code syntax and style conventions
[3.333s] -- Added test 'lint_cmake' to check CMake code style
[3.334s] -- Added test 'pep257' to check Python code against some of the docstring style conventions in PEP 257
[3.336s] -- Added test 'uncrustify' to check C / C++ code style
[3.337s] -- Configured uncrustify additional arguments: 
[3.338s] -- Added test 'xmllint' to check XML markup files
[3.341s] -- Configuring done
[3.372s] -- Generating done
[3.382s] -- Build files have been written to: /home/spicygen/Desktop/ros_ws/build/slam_gmapping
[3.404s] Invoked command in '/home/spicygen/Desktop/ros_ws/build/slam_gmapping' returned '0': AMENT_PREFIX_PATH=/home/spicygen/Desktop/ros_ws/install/openslam_gmapping:${AMENT_PREFIX_PATH} CMAKE_PREFIX_PATH=/home/spicygen/Desktop/ros_ws/install/openslam_gmapping:/home/spicygen/Desktop/ros_ws/install/multirobot_map_merge:/home/spicygen/Desktop/ros_ws/install/explore_lite:/home/spicygen/Desktop/ros_ws/install/bcr_bot:/opt/ros/humble LD_LIBRARY_PATH=/home/spicygen/Desktop/ros_ws/install/openslam_gmapping/lib:${LD_LIBRARY_PATH} /usr/bin/cmake /home/spicygen/Desktop/ros_ws/src/slam_gmapping/slam_gmapping -DCMAKE_INSTALL_PREFIX=/home/spicygen/Desktop/ros_ws/install/slam_gmapping
[3.407s] Invoking command in '/home/spicygen/Desktop/ros_ws/build/slam_gmapping': AMENT_PREFIX_PATH=/home/spicygen/Desktop/ros_ws/install/openslam_gmapping:${AMENT_PREFIX_PATH} CMAKE_PREFIX_PATH=/home/spicygen/Desktop/ros_ws/install/openslam_gmapping:/home/spicygen/Desktop/ros_ws/install/multirobot_map_merge:/home/spicygen/Desktop/ros_ws/install/explore_lite:/home/spicygen/Desktop/ros_ws/install/bcr_bot:/opt/ros/humble LD_LIBRARY_PATH=/home/spicygen/Desktop/ros_ws/install/openslam_gmapping/lib:${LD_LIBRARY_PATH} /usr/bin/cmake --build /home/spicygen/Desktop/ros_ws/build/slam_gmapping -- -j8 -l8
[3.525s] [ 50%] [32mBuilding CXX object CMakeFiles/slam_gmapping.dir/src/slam_gmapping.cpp.o[0m
[4.472s] In file included from [01m[K/home/spicygen/Desktop/ros_ws/src/slam_gmapping/slam_gmapping/include/slam_gmapping/slam_gmapping.h:38[m[K,
[4.472s]                  from [01m[K/home/spicygen/Desktop/ros_ws/src/slam_gmapping/slam_gmapping/src/slam_gmapping.cpp:24[m[K:
[4.472s] [01m[K/opt/ros/humble/include/tf2_geometry_msgs/tf2_geometry_msgs/tf2_geometry_msgs.h:35:2:[m[K [01;35m[Kwarning: [m[K#warning This header is obsolete, please include tf2_geometry_msgs/tf2_geometry_msgs.hpp instead [[01;35m[K]8;;https://gcc.gnu.org/onlinedocs/gcc/Warning-Options.html#index-Wcpp-Wcpp]8;;[m[K]
[4.472s]    35 | #[01;35m[Kwarning[m[K This header is obsolete, please include tf2_geometry_msgs/tf2_geometry_msgs.hpp instead
[4.472s]       |  [01;35m[K^~~~~~~[m[K
[9.647s] In file included from [01m[K/home/spicygen/Desktop/ros_ws/install/openslam_gmapping/include/gmapping/gridfastslam/gridslamprocessor.h:9[m[K,
[9.647s]                  from [01m[K/home/spicygen/Desktop/ros_ws/src/slam_gmapping/slam_gmapping/include/slam_gmapping/slam_gmapping.h:45[m[K,
[9.647s]                  from [01m[K/home/spicygen/Desktop/ros_ws/src/slam_gmapping/slam_gmapping/src/slam_gmapping.cpp:24[m[K:
[9.647s] [01m[K/home/spicygen/Desktop/ros_ws/install/openslam_gmapping/include/gmapping/particlefilter/particlefilter.h:[m[K In function ‘[01m[Kvoid rle(OutputIterator&, const Iterator&, const Iterator&)[m[K’:
[9.647s] [01m[K/home/spicygen/Desktop/ros_ws/install/openslam_gmapping/include/gmapping/particlefilter/particlefilter.h:140:9:[m[K [01;35m[Kwarning: [m[Kthis ‘[01m[Kif[m[K’ clause does not guard... [[01;35m[K]8;;https://gcc.gnu.org/onlinedocs/gcc/Warning-Options.html#index-Wmisleading-indentation-Wmisleading-indentation]8;;[m[K]
[9.647s]   140 |         [01;35m[Kif[m[K (count>0)
[9.648s]       |         [01;35m[K^~[m[K
[9.648s] [01m[K/home/spicygen/Desktop/ros_ws/install/openslam_gmapping/include/gmapping/particlefilter/particlefilter.h:142:17:[m[K [01;36m[Knote: [m[K...this statement, but the latter is misleadingly indented as if it were guarded by the ‘[01m[Kif[m[K’
[9.648s]   142 |                 [01;36m[Kout[m[K++;
[9.648s]       |                 [01;36m[K^~~[m[K
[29.854s] [100%] [32m[1mLinking CXX executable slam_gmapping[0m
[31.056s] [100%] Built target slam_gmapping
[31.079s] Invoked command in '/home/spicygen/Desktop/ros_ws/build/slam_gmapping' returned '0': AMENT_PREFIX_PATH=/home/spicygen/Desktop/ros_ws/install/openslam_gmapping:${AMENT_PREFIX_PATH} CMAKE_PREFIX_PATH=/home/spicygen/Desktop/ros_ws/install/openslam_gmapping:/home/spicygen/Desktop/ros_ws/install/multirobot_map_merge:/home/spicygen/Desktop/ros_ws/install/explore_lite:/home/spicygen/Desktop/ros_ws/install/bcr_bot:/opt/ros/humble LD_LIBRARY_PATH=/home/spicygen/Desktop/ros_ws/install/openslam_gmapping/lib:${LD_LIBRARY_PATH} /usr/bin/cmake --build /home/spicygen/Desktop/ros_ws/build/slam_gmapping -- -j8 -l8
[31.082s] Invoking command in '/home/spicygen/Desktop/ros_ws/build/slam_gmapping': AMENT_PREFIX_PATH=/home/spicygen/Desktop/ros_ws/install/openslam_gmapping:${AMENT_PREFIX_PATH} CMAKE_PREFIX_PATH=/home/spicygen/Desktop/ros_ws/install/openslam_gmapping:/home/spicygen/Desktop/ros_ws/install/multirobot_map_merge:/home/spicygen/Desktop/ros_ws/install/explore_lite:/home/spicygen/Desktop/ros_ws/install/bcr_bot:/opt/ros/humble LD_LIBRARY_PATH=/home/spicygen/Desktop/ros_ws/install/openslam_gmapping/lib:${LD_LIBRARY_PATH} /usr/bin/cmake --install /home/spicygen/Desktop/ros_ws/build/slam_gmapping
[31.098s] -- Install configuration: ""
[31.098s] -- Installing: /home/spicygen/Desktop/ros_ws/install/slam_gmapping/lib/slam_gmapping/slam_gmapping
[31.108s] -- Set runtime path of "/home/spicygen/Desktop/ros_ws/install/slam_gmapping/lib/slam_gmapping/slam_gmapping" to ""
[31.108s] -- Installing: /home/spicygen/Desktop/ros_ws/install/slam_gmapping/share/slam_gmapping/launch
[31.108s] -- Installing: /home/spicygen/Desktop/ros_ws/install/slam_gmapping/share/slam_gmapping/launch/slam_gmapping.launch.py
[31.109s] -- Installing: /home/spicygen/Desktop/ros_ws/install/slam_gmapping/share/ament_index/resource_index/package_run_dependencies/slam_gmapping
[31.109s] -- Installing: /home/spicygen/Desktop/ros_ws/install/slam_gmapping/share/ament_index/resource_index/parent_prefix_path/slam_gmapping
[31.109s] -- Installing: /home/spicygen/Desktop/ros_ws/install/slam_gmapping/share/slam_gmapping/environment/ament_prefix_path.sh
[31.110s] -- Installing: /home/spicygen/Desktop/ros_ws/install/slam_gmapping/share/slam_gmapping/environment/ament_prefix_path.dsv
[31.110s] -- Installing: /home/spicygen/Desktop/ros_ws/install/slam_gmapping/share/slam_gmapping/environment/path.sh
[31.110s] -- Installing: /home/spicygen/Desktop/ros_ws/install/slam_gmapping/share/slam_gmapping/environment/path.dsv
[31.110s] -- Installing: /home/spicygen/Desktop/ros_ws/install/slam_gmapping/share/slam_gmapping/local_setup.bash
[31.111s] -- Installing: /home/spicygen/Desktop/ros_ws/install/slam_gmapping/share/slam_gmapping/local_setup.sh
[31.111s] -- Installing: /home/spicygen/Desktop/ros_ws/install/slam_gmapping/share/slam_gmapping/local_setup.zsh
[31.112s] -- Installing: /home/spicygen/Desktop/ros_ws/install/slam_gmapping/share/slam_gmapping/local_setup.dsv
[31.112s] -- Installing: /home/spicygen/Desktop/ros_ws/install/slam_gmapping/share/slam_gmapping/package.dsv
[31.112s] -- Installing: /home/spicygen/Desktop/ros_ws/install/slam_gmapping/share/ament_index/resource_index/packages/slam_gmapping
[31.113s] -- Installing: /home/spicygen/Desktop/ros_ws/install/slam_gmapping/share/slam_gmapping/cmake/slam_gmappingConfig.cmake
[31.113s] -- Installing: /home/spicygen/Desktop/ros_ws/install/slam_gmapping/share/slam_gmapping/cmake/slam_gmappingConfig-version.cmake
[31.113s] -- Installing: /home/spicygen/Desktop/ros_ws/install/slam_gmapping/share/slam_gmapping/package.xml
[31.118s] Invoked command in '/home/spicygen/Desktop/ros_ws/build/slam_gmapping' returned '0': AMENT_PREFIX_PATH=/home/spicygen/Desktop/ros_ws/install/openslam_gmapping:${AMENT_PREFIX_PATH} CMAKE_PREFIX_PATH=/home/spicygen/Desktop/ros_ws/install/openslam_gmapping:/home/spicygen/Desktop/ros_ws/install/multirobot_map_merge:/home/spicygen/Desktop/ros_ws/install/explore_lite:/home/spicygen/Desktop/ros_ws/install/bcr_bot:/opt/ros/humble LD_LIBRARY_PATH=/home/spicygen/Desktop/ros_ws/install/openslam_gmapping/lib:${LD_LIBRARY_PATH} /usr/bin/cmake --install /home/spicygen/Desktop/ros_ws/build/slam_gmapping
