[0.049s] Invoking command in '/home/spicygen/Desktop/ros_ws/build/explore_lite': CMAKE_PREFIX_PATH=/opt/ros/humble /usr/bin/cmake --build /home/spicygen/Desktop/ros_ws/build/explore_lite -- -j8 -l8
[0.097s] [35m[1mConsolidate compiler generated dependencies of target gtest_main[0m
[0.097s] [35m[1mConsolidate compiler generated dependencies of target gtest[0m
[0.106s] [35m[1mConsolidate compiler generated dependencies of target explore[0m
[0.129s] [ 20%] Built target gtest_main
[0.135s] [ 40%] Built target gtest
[0.154s] [35m[1mConsolidate compiler generated dependencies of target test_explore[0m
[0.155s] [ 60%] Built target test_explore
[0.155s] [100%] Built target explore
[0.319s] Invoked command in '/home/spicygen/Desktop/ros_ws/build/explore_lite' returned '0': CMAKE_PREFIX_PATH=/opt/ros/humble /usr/bin/cmake --build /home/spicygen/Desktop/ros_ws/build/explore_lite -- -j8 -l8
[0.322s] Invoking command in '/home/spicygen/Desktop/ros_ws/build/explore_lite': CMAKE_PREFIX_PATH=/opt/ros/humble /usr/bin/cmake --install /home/spicygen/Desktop/ros_ws/build/explore_lite
[0.332s] -- Install configuration: ""
[0.332s] -- Up-to-date: /home/spicygen/Desktop/ros_ws/install/explore_lite/include/explore/
[0.332s] -- Up-to-date: /home/spicygen/Desktop/ros_ws/install/explore_lite/include/explore//frontier_search.h
[0.333s] -- Up-to-date: /home/spicygen/Desktop/ros_ws/install/explore_lite/include/explore//costmap_tools.h
[0.333s] -- Up-to-date: /home/spicygen/Desktop/ros_ws/install/explore_lite/include/explore//costmap_client.h
[0.333s] -- Up-to-date: /home/spicygen/Desktop/ros_ws/install/explore_lite/include/explore//explore.h
[0.333s] -- Up-to-date: /home/spicygen/Desktop/ros_ws/install/explore_lite/share/explore_lite/config
[0.333s] -- Up-to-date: /home/spicygen/Desktop/ros_ws/install/explore_lite/share/explore_lite/config/params.yaml
[0.333s] -- Up-to-date: /home/spicygen/Desktop/ros_ws/install/explore_lite/share/explore_lite/config/params_costmap.yaml
[0.333s] -- Up-to-date: /home/spicygen/Desktop/ros_ws/install/explore_lite/share/explore_lite/launch
[0.333s] -- Up-to-date: /home/spicygen/Desktop/ros_ws/install/explore_lite/share/explore_lite/launch/explore.launch.py
[0.333s] -- Up-to-date: /home/spicygen/Desktop/ros_ws/install/explore_lite/lib/explore_lite/explore
[0.333s] -- Up-to-date: /home/spicygen/Desktop/ros_ws/install/explore_lite/share/ament_index/resource_index/package_run_dependencies/explore_lite
[0.334s] -- Up-to-date: /home/spicygen/Desktop/ros_ws/install/explore_lite/share/ament_index/resource_index/parent_prefix_path/explore_lite
[0.334s] -- Up-to-date: /home/spicygen/Desktop/ros_ws/install/explore_lite/share/explore_lite/environment/ament_prefix_path.sh
[0.334s] -- Up-to-date: /home/spicygen/Desktop/ros_ws/install/explore_lite/share/explore_lite/environment/ament_prefix_path.dsv
[0.334s] -- Up-to-date: /home/spicygen/Desktop/ros_ws/install/explore_lite/share/explore_lite/environment/path.sh
[0.334s] -- Up-to-date: /home/spicygen/Desktop/ros_ws/install/explore_lite/share/explore_lite/environment/path.dsv
[0.334s] -- Up-to-date: /home/spicygen/Desktop/ros_ws/install/explore_lite/share/explore_lite/local_setup.bash
[0.334s] -- Up-to-date: /home/spicygen/Desktop/ros_ws/install/explore_lite/share/explore_lite/local_setup.sh
[0.334s] -- Up-to-date: /home/spicygen/Desktop/ros_ws/install/explore_lite/share/explore_lite/local_setup.zsh
[0.334s] -- Up-to-date: /home/spicygen/Desktop/ros_ws/install/explore_lite/share/explore_lite/local_setup.dsv
[0.334s] -- Installing: /home/spicygen/Desktop/ros_ws/install/explore_lite/share/explore_lite/package.dsv
[0.336s] -- Up-to-date: /home/spicygen/Desktop/ros_ws/install/explore_lite/share/ament_index/resource_index/packages/explore_lite
[0.336s] -- Up-to-date: /home/spicygen/Desktop/ros_ws/install/explore_lite/share/explore_lite/cmake/ament_cmake_export_include_directories-extras.cmake
[0.336s] -- Up-to-date: /home/spicygen/Desktop/ros_ws/install/explore_lite/share/explore_lite/cmake/explore_liteConfig.cmake
[0.336s] -- Up-to-date: /home/spicygen/Desktop/ros_ws/install/explore_lite/share/explore_lite/cmake/explore_liteConfig-version.cmake
[0.337s] -- Up-to-date: /home/spicygen/Desktop/ros_ws/install/explore_lite/share/explore_lite/package.xml
[0.350s] Invoked command in '/home/spicygen/Desktop/ros_ws/build/explore_lite' returned '0': CMAKE_PREFIX_PATH=/opt/ros/humble /usr/bin/cmake --install /home/spicygen/Desktop/ros_ws/build/explore_lite
