[0.201s] Invoking command in '/home/spicygen/Desktop/ros_ws/build/openslam_gmapping': CMAKE_PREFIX_PATH=${CMAKE_PREFIX_PATH}:/opt/ros/humble /usr/bin/cmake /home/spicygen/Desktop/ros_ws/src/slam_gmapping/openslam_gmapping -DCMAKE_INSTALL_PREFIX=/home/spicygen/Desktop/ros_ws/install/openslam_gmapping
[1.233s] -- The C compiler identification is GNU 11.4.0
[1.464s] -- The CXX compiler identification is GNU 11.4.0
[1.483s] -- Detecting C compiler ABI info
[1.651s] -- Detecting C compiler ABI info - done
[1.670s] -- Check for working C compiler: /usr/bin/cc - skipped
[1.671s] -- Detecting C compile features
[1.672s] -- Detecting C compile features - done
[1.678s] -- Detecting CXX compiler ABI info
[1.846s] -- Detecting CXX compiler ABI info - done
[1.863s] -- Check for working CXX compiler: /usr/bin/c++ - skipped
[1.864s] -- Detecting CXX compile features
[1.865s] -- Detecting CXX compile features - done
[2.000s] -- Found ament_cmake: 1.3.12 (/opt/ros/humble/share/ament_cmake/cmake)
[2.336s] -- Found Python3: /usr/bin/python3 (found version "3.10.12") found components: Interpreter 
[2.805s] -- Configuring done
[2.837s] -- Generating done
[2.848s] -- Build files have been written to: /home/spicygen/Desktop/ros_ws/build/openslam_gmapping
[2.859s] Invoked command in '/home/spicygen/Desktop/ros_ws/build/openslam_gmapping' returned '0': CMAKE_PREFIX_PATH=${CMAKE_PREFIX_PATH}:/opt/ros/humble /usr/bin/cmake /home/spicygen/Desktop/ros_ws/src/slam_gmapping/openslam_gmapping -DCMAKE_INSTALL_PREFIX=/home/spicygen/Desktop/ros_ws/install/openslam_gmapping
[2.862s] Invoking command in '/home/spicygen/Desktop/ros_ws/build/openslam_gmapping': CMAKE_PREFIX_PATH=${CMAKE_PREFIX_PATH}:/opt/ros/humble /usr/bin/cmake --build /home/spicygen/Desktop/ros_ws/build/openslam_gmapping -- -j8 -l8
[2.961s] [ 13%] [32mBuilding CXX object sensor/sensor_base/CMakeFiles/sensor_base.dir/sensor.cpp.o[0m
[2.961s] [ 13%] [32mBuilding CXX object utils/CMakeFiles/utils.dir/movement.cpp.o[0m
[2.961s] [ 18%] [32mBuilding CXX object utils/CMakeFiles/utils.dir/stat.cpp.o[0m
[2.962s] [ 18%] [32mBuilding CXX object sensor/sensor_base/CMakeFiles/sensor_base.dir/sensorreading.cpp.o[0m
[3.521s] [ 22%] [32m[1mLinking CXX static library libsensor_base.a[0m
[3.591s] [ 22%] Built target sensor_base
[3.635s] [ 31%] [32mBuilding CXX object sensor/sensor_range/CMakeFiles/sensor_range.dir/rangereading.cpp.o[0m
[3.635s] [ 31%] [32mBuilding CXX object sensor/sensor_odometry/CMakeFiles/sensor_odometry.dir/odometryreading.cpp.o[0m
[3.644s] [ 36%] [32mBuilding CXX object sensor/sensor_range/CMakeFiles/sensor_range.dir/rangesensor.cpp.o[0m
[3.644s] [ 40%] [32mBuilding CXX object sensor/sensor_odometry/CMakeFiles/sensor_odometry.dir/odometrysensor.cpp.o[0m
[3.713s] [ 45%] [32m[1mLinking CXX static library libutils.a[0m
[3.783s] [ 45%] Built target utils
[4.319s] [ 50%] [32m[1mLinking CXX static library libsensor_odometry.a[0m
[4.391s] [ 50%] Built target sensor_odometry
[4.671s] [ 54%] [32m[1mLinking CXX static library libsensor_range.a[0m
[4.739s] [ 54%] Built target sensor_range
[4.782s] [ 59%] [32mBuilding CXX object scanmatcher/CMakeFiles/scanmatcher.dir/scanmatcher.cpp.o[0m
[4.783s] [ 63%] [32mBuilding CXX object scanmatcher/CMakeFiles/scanmatcher.dir/eig3.cpp.o[0m
[4.783s] [ 68%] [32mBuilding CXX object scanmatcher/CMakeFiles/scanmatcher.dir/scanmatcherprocessor.cpp.o[0m
[4.785s] [ 72%] [32mBuilding CXX object scanmatcher/CMakeFiles/scanmatcher.dir/smmap.cpp.o[0m
[7.627s] [ 77%] [32m[1mLinking CXX static library libscanmatcher.a[0m
[7.702s] [ 77%] Built target scanmatcher
[7.750s] [ 81%] [32mBuilding CXX object gridfastslam/CMakeFiles/gridfastslam.dir/gridslamprocessor.cpp.o[0m
[7.750s] [ 86%] [32mBuilding CXX object gridfastslam/CMakeFiles/gridfastslam.dir/gfsreader.cpp.o[0m
[7.751s] [ 95%] [32mBuilding CXX object gridfastslam/CMakeFiles/gridfastslam.dir/gridslamprocessor_tree.cpp.o[0m
[7.751s] [ 95%] [32mBuilding CXX object gridfastslam/CMakeFiles/gridfastslam.dir/motionmodel.cpp.o[0m
[11.156s] [100%] [32m[1mLinking CXX static library libgridfastslam.a[0m
[11.229s] [100%] Built target gridfastslam
[11.252s] Invoked command in '/home/spicygen/Desktop/ros_ws/build/openslam_gmapping' returned '0': CMAKE_PREFIX_PATH=${CMAKE_PREFIX_PATH}:/opt/ros/humble /usr/bin/cmake --build /home/spicygen/Desktop/ros_ws/build/openslam_gmapping -- -j8 -l8
[11.255s] Invoking command in '/home/spicygen/Desktop/ros_ws/build/openslam_gmapping': CMAKE_PREFIX_PATH=${CMAKE_PREFIX_PATH}:/opt/ros/humble /usr/bin/cmake --install /home/spicygen/Desktop/ros_ws/build/openslam_gmapping
[11.271s] -- Install configuration: ""
[11.271s] -- Installing: /home/spicygen/Desktop/ros_ws/install/openslam_gmapping/share/openslam_gmapping/environment/library_path.sh
[11.271s] -- Installing: /home/spicygen/Desktop/ros_ws/install/openslam_gmapping/share/openslam_gmapping/environment/library_path.dsv
[11.272s] -- Installing: /home/spicygen/Desktop/ros_ws/install/openslam_gmapping/include/
[11.272s] -- Installing: /home/spicygen/Desktop/ros_ws/install/openslam_gmapping/include//gmapping
[11.272s] -- Installing: /home/spicygen/Desktop/ros_ws/install/openslam_gmapping/include//gmapping/particlefilter
[11.272s] -- Installing: /home/spicygen/Desktop/ros_ws/install/openslam_gmapping/include//gmapping/particlefilter/particlefilter.h
[11.273s] -- Installing: /home/spicygen/Desktop/ros_ws/install/openslam_gmapping/include//gmapping/gridfastslam
[11.273s] -- Installing: /home/spicygen/Desktop/ros_ws/install/openslam_gmapping/include//gmapping/gridfastslam/motionmodel.h
[11.273s] -- Installing: /home/spicygen/Desktop/ros_ws/install/openslam_gmapping/include//gmapping/gridfastslam/gridslamprocessor.hxx
[11.273s] -- Installing: /home/spicygen/Desktop/ros_ws/install/openslam_gmapping/include//gmapping/gridfastslam/gridslamprocessor.h
[11.273s] -- Installing: /home/spicygen/Desktop/ros_ws/install/openslam_gmapping/include//gmapping/utils
[11.274s] -- Installing: /home/spicygen/Desktop/ros_ws/install/openslam_gmapping/include//gmapping/utils/commandline.h
[11.274s] -- Installing: /home/spicygen/Desktop/ros_ws/install/openslam_gmapping/include//gmapping/utils/macro_params.h
[11.274s] -- Installing: /home/spicygen/Desktop/ros_ws/install/openslam_gmapping/include//gmapping/utils/point.h
[11.274s] -- Installing: /home/spicygen/Desktop/ros_ws/install/openslam_gmapping/include//gmapping/utils/gvalues.h
[11.274s] -- Installing: /home/spicygen/Desktop/ros_ws/install/openslam_gmapping/include//gmapping/utils/stat.h
[11.275s] -- Installing: /home/spicygen/Desktop/ros_ws/install/openslam_gmapping/include//gmapping/utils/autoptr.h
[11.275s] -- Installing: /home/spicygen/Desktop/ros_ws/install/openslam_gmapping/include//gmapping/grid
[11.275s] -- Installing: /home/spicygen/Desktop/ros_ws/install/openslam_gmapping/include//gmapping/grid/map.h
[11.275s] -- Installing: /home/spicygen/Desktop/ros_ws/install/openslam_gmapping/include//gmapping/grid/array2d.h
[11.276s] -- Installing: /home/spicygen/Desktop/ros_ws/install/openslam_gmapping/include//gmapping/grid/accessstate.h
[11.276s] -- Installing: /home/spicygen/Desktop/ros_ws/install/openslam_gmapping/include//gmapping/grid/harray2d.h
[11.276s] -- Installing: /home/spicygen/Desktop/ros_ws/install/openslam_gmapping/include//gmapping/scanmatcher
[11.276s] -- Installing: /home/spicygen/Desktop/ros_ws/install/openslam_gmapping/include//gmapping/scanmatcher/icp.h
[11.276s] -- Installing: /home/spicygen/Desktop/ros_ws/install/openslam_gmapping/include//gmapping/scanmatcher/scanmatcher.h
[11.277s] -- Installing: /home/spicygen/Desktop/ros_ws/install/openslam_gmapping/include//gmapping/scanmatcher/smmap.h
[11.277s] -- Installing: /home/spicygen/Desktop/ros_ws/install/openslam_gmapping/include//gmapping/log
[11.277s] -- Installing: /home/spicygen/Desktop/ros_ws/install/openslam_gmapping/include//gmapping/log/sensorlog.h
[11.277s] -- Installing: /home/spicygen/Desktop/ros_ws/install/openslam_gmapping/include//gmapping/log/configuration.h
[11.278s] -- Installing: /home/spicygen/Desktop/ros_ws/install/openslam_gmapping/include//gmapping/sensor
[11.278s] -- Installing: /home/spicygen/Desktop/ros_ws/install/openslam_gmapping/include//gmapping/sensor/sensor_range
[11.278s] -- Installing: /home/spicygen/Desktop/ros_ws/install/openslam_gmapping/include//gmapping/sensor/sensor_range/rangereading.h
[11.278s] -- Installing: /home/spicygen/Desktop/ros_ws/install/openslam_gmapping/include//gmapping/sensor/sensor_range/rangesensor.h
[11.278s] -- Installing: /home/spicygen/Desktop/ros_ws/install/openslam_gmapping/include//gmapping/sensor/sensor_base
[11.278s] -- Installing: /home/spicygen/Desktop/ros_ws/install/openslam_gmapping/include//gmapping/sensor/sensor_base/sensor.h
[11.279s] -- Installing: /home/spicygen/Desktop/ros_ws/install/openslam_gmapping/include//gmapping/sensor/sensor_base/sensorreading.h
[11.279s] -- Installing: /home/spicygen/Desktop/ros_ws/install/openslam_gmapping/include//gmapping/sensor/sensor_odometry
[11.279s] -- Installing: /home/spicygen/Desktop/ros_ws/install/openslam_gmapping/include//gmapping/sensor/sensor_odometry/odometrysensor.h
[11.279s] -- Installing: /home/spicygen/Desktop/ros_ws/install/openslam_gmapping/include//gmapping/sensor/sensor_odometry/odometryreading.h
[11.280s] -- Installing: /home/spicygen/Desktop/ros_ws/install/openslam_gmapping/share/ament_index/resource_index/package_run_dependencies/openslam_gmapping
[11.280s] -- Installing: /home/spicygen/Desktop/ros_ws/install/openslam_gmapping/share/ament_index/resource_index/parent_prefix_path/openslam_gmapping
[11.281s] -- Installing: /home/spicygen/Desktop/ros_ws/install/openslam_gmapping/share/openslam_gmapping/environment/ament_prefix_path.sh
[11.281s] -- Installing: /home/spicygen/Desktop/ros_ws/install/openslam_gmapping/share/openslam_gmapping/environment/ament_prefix_path.dsv
[11.281s] -- Installing: /home/spicygen/Desktop/ros_ws/install/openslam_gmapping/share/openslam_gmapping/environment/path.sh
[11.281s] -- Installing: /home/spicygen/Desktop/ros_ws/install/openslam_gmapping/share/openslam_gmapping/environment/path.dsv
[11.282s] -- Installing: /home/spicygen/Desktop/ros_ws/install/openslam_gmapping/share/openslam_gmapping/local_setup.bash
[11.282s] -- Installing: /home/spicygen/Desktop/ros_ws/install/openslam_gmapping/share/openslam_gmapping/local_setup.sh
[11.282s] -- Installing: /home/spicygen/Desktop/ros_ws/install/openslam_gmapping/share/openslam_gmapping/local_setup.zsh
[11.283s] -- Installing: /home/spicygen/Desktop/ros_ws/install/openslam_gmapping/share/openslam_gmapping/local_setup.dsv
[11.283s] -- Installing: /home/spicygen/Desktop/ros_ws/install/openslam_gmapping/share/openslam_gmapping/package.dsv
[11.283s] -- Installing: /home/spicygen/Desktop/ros_ws/install/openslam_gmapping/share/ament_index/resource_index/packages/openslam_gmapping
[11.283s] -- Installing: /home/spicygen/Desktop/ros_ws/install/openslam_gmapping/share/openslam_gmapping/cmake/ament_cmake_export_libraries-extras.cmake
[11.284s] -- Installing: /home/spicygen/Desktop/ros_ws/install/openslam_gmapping/share/openslam_gmapping/cmake/ament_cmake_export_include_directories-extras.cmake
[11.284s] -- Installing: /home/spicygen/Desktop/ros_ws/install/openslam_gmapping/share/openslam_gmapping/cmake/openslam_gmappingConfig.cmake
[11.284s] -- Installing: /home/spicygen/Desktop/ros_ws/install/openslam_gmapping/share/openslam_gmapping/cmake/openslam_gmappingConfig-version.cmake
[11.285s] -- Installing: /home/spicygen/Desktop/ros_ws/install/openslam_gmapping/share/openslam_gmapping/package.xml
[11.285s] -- Installing: /home/spicygen/Desktop/ros_ws/install/openslam_gmapping/lib/libgridfastslam.a
[11.286s] -- Installing: /home/spicygen/Desktop/ros_ws/install/openslam_gmapping/lib/libscanmatcher.a
[11.287s] -- Up-to-date: /home/spicygen/Desktop/ros_ws/install/openslam_gmapping/share/openslam_gmapping/environment/library_path.sh
[11.287s] -- Up-to-date: /home/spicygen/Desktop/ros_ws/install/openslam_gmapping/share/openslam_gmapping/environment/library_path.dsv
[11.288s] -- Installing: /home/spicygen/Desktop/ros_ws/install/openslam_gmapping/lib/libsensor_base.a
[11.288s] -- Up-to-date: /home/spicygen/Desktop/ros_ws/install/openslam_gmapping/share/openslam_gmapping/environment/library_path.sh
[11.288s] -- Up-to-date: /home/spicygen/Desktop/ros_ws/install/openslam_gmapping/share/openslam_gmapping/environment/library_path.dsv
[11.288s] -- Installing: /home/spicygen/Desktop/ros_ws/install/openslam_gmapping/lib/libsensor_odometry.a
[11.289s] -- Installing: /home/spicygen/Desktop/ros_ws/install/openslam_gmapping/lib/libsensor_range.a
[11.289s] -- Installing: /home/spicygen/Desktop/ros_ws/install/openslam_gmapping/lib/libutils.a
[11.290s] -- Up-to-date: /home/spicygen/Desktop/ros_ws/install/openslam_gmapping/share/openslam_gmapping/environment/library_path.sh
[11.290s] -- Up-to-date: /home/spicygen/Desktop/ros_ws/install/openslam_gmapping/share/openslam_gmapping/environment/library_path.dsv
[11.293s] Invoked command in '/home/spicygen/Desktop/ros_ws/build/openslam_gmapping' returned '0': CMAKE_PREFIX_PATH=${CMAKE_PREFIX_PATH}:/opt/ros/humble /usr/bin/cmake --install /home/spicygen/Desktop/ros_ws/build/openslam_gmapping
